[0.107s] Invoking command in '/home/zhangqi/ros2/ros2_pkgs/build/lidar_reader': CMAKE_PREFIX_PATH=${CMAKE_PREFIX_PATH}:/opt/ros/humble /usr/bin/cmake /home/zhangqi/ros2/ros2_pkgs/src/lidar_reader -DCOMMON_LIB_PATH=~/ros2/libs/ -DCMAKE_EXPORT_COMPILE_COMMANDS=on -DCMAKE_INSTALL_PREFIX=/home/zhangqi/ros2/ros2_pkgs/install/lidar_reader
[0.422s] -- The C compiler identification is GNU 11.3.0
[0.746s] -- The CXX compiler identification is GNU 11.3.0
[0.799s] -- Detecting C compiler ABI info
[1.204s] -- Detecting C compiler ABI info - done
[1.232s] -- Check for working C compiler: /usr/bin/cc - skipped
[1.233s] -- Detecting C compile features
[1.235s] -- Detecting C compile features - done
[1.247s] -- Detecting CXX compiler ABI info
[1.689s] -- Detecting CXX compiler ABI info - done
[1.720s] -- Check for working CXX compiler: /usr/bin/c++ - skipped
[1.721s] -- Detecting CXX compile features
[1.723s] -- Detecting CXX compile features - done
[1.757s] -- Found ament_cmake: 1.3.3 (/opt/ros/humble/share/ament_cmake/cmake)
[2.988s] -- Found Python3: /usr/bin/python3.10 (found version "3.10.6") found components: Interpreter 
[3.822s] -- Found rclcpp: 16.0.3 (/opt/ros/humble/share/rclcpp/cmake)
[4.278s] -- Found rosidl_generator_c: 3.1.4 (/opt/ros/humble/share/rosidl_generator_c/cmake)
[4.344s] -- Found rosidl_adapter: 3.1.4 (/opt/ros/humble/share/rosidl_adapter/cmake)
[4.424s] -- Found rosidl_generator_cpp: 3.1.4 (/opt/ros/humble/share/rosidl_generator_cpp/cmake)
[4.531s] -- Using all available rosidl_typesupport_c: rosidl_typesupport_fastrtps_c;rosidl_typesupport_introspection_c
[4.694s] -- Using all available rosidl_typesupport_cpp: rosidl_typesupport_fastrtps_cpp;rosidl_typesupport_introspection_cpp
[5.211s] -- Found rmw_implementation_cmake: 6.1.1 (/opt/ros/humble/share/rmw_implementation_cmake/cmake)
[5.245s] -- Found rmw_fastrtps_cpp: 6.2.2 (/opt/ros/humble/share/rmw_fastrtps_cpp/cmake)
[5.949s] -- Found OpenSSL: /usr/lib/aarch64-linux-gnu/libcrypto.so (found version "3.0.2")  
[6.206s] -- Found FastRTPS: /opt/ros/humble/include  
[6.626s] -- Using RMW implementation 'rmw_fastrtps_cpp' as default
[6.729s] -- Looking for pthread.h
[7.086s] -- Looking for pthread.h - found
[7.088s] -- Performing Test CMAKE_HAVE_LIBC_PTHREAD
[7.445s] -- Performing Test CMAKE_HAVE_LIBC_PTHREAD - Success
[7.449s] -- Found Threads: TRUE  
[8.207s] -- Found sensor_msgs: 4.2.3 (/opt/ros/humble/share/sensor_msgs/cmake)
[8.753s] -- Found ament_lint_auto: 0.12.5 (/opt/ros/humble/share/ament_lint_auto/cmake)
[9.261s] -- Added test 'cppcheck' to perform static code analysis on C / C++ code
[9.262s] -- Configured cppcheck include dirs: /home/zhangqi/ros2/ros2_pkgs/src/lidar_reader/include
[9.263s] -- Configured cppcheck exclude dirs and/or files: 
[9.266s] -- Added test 'flake8' to check Python code syntax and style conventions
[9.270s] -- Added test 'lint_cmake' to check CMake code style
[9.273s] -- Added test 'pep257' to check Python code against some of the docstring style conventions in PEP 257
[9.282s] -- Added test 'uncrustify' to check C / C++ code style
[9.283s] -- Configured uncrustify additional arguments: 
[9.286s] -- Added test 'xmllint' to check XML markup files
[9.294s] -- Configuring done
[9.358s] -- Generating done
[9.365s] -- Build files have been written to: /home/zhangqi/ros2/ros2_pkgs/build/lidar_reader
[9.403s] Invoked command in '/home/zhangqi/ros2/ros2_pkgs/build/lidar_reader' returned '0': CMAKE_PREFIX_PATH=${CMAKE_PREFIX_PATH}:/opt/ros/humble /usr/bin/cmake /home/zhangqi/ros2/ros2_pkgs/src/lidar_reader -DCOMMON_LIB_PATH=~/ros2/libs/ -DCMAKE_EXPORT_COMPILE_COMMANDS=on -DCMAKE_INSTALL_PREFIX=/home/zhangqi/ros2/ros2_pkgs/install/lidar_reader
[9.411s] Invoking command in '/home/zhangqi/ros2/ros2_pkgs/build/lidar_reader': CMAKE_PREFIX_PATH=${CMAKE_PREFIX_PATH}:/opt/ros/humble /usr/bin/cmake --build /home/zhangqi/ros2/ros2_pkgs/build/lidar_reader -- -j4 -l4
[9.511s] -- Found ament_cmake: 1.3.3 (/opt/ros/humble/share/ament_cmake/cmake)
[10.213s] -- Found rclcpp: 16.0.3 (/opt/ros/humble/share/rclcpp/cmake)
[10.391s] -- Found rosidl_generator_c: 3.1.4 (/opt/ros/humble/share/rosidl_generator_c/cmake)
[10.402s] -- Found rosidl_adapter: 3.1.4 (/opt/ros/humble/share/rosidl_adapter/cmake)
[10.430s] -- Found rosidl_generator_cpp: 3.1.4 (/opt/ros/humble/share/rosidl_generator_cpp/cmake)
[10.485s] -- Using all available rosidl_typesupport_c: rosidl_typesupport_fastrtps_c;rosidl_typesupport_introspection_c
[10.569s] -- Using all available rosidl_typesupport_cpp: rosidl_typesupport_fastrtps_cpp;rosidl_typesupport_introspection_cpp
[10.855s] -- Found rmw_implementation_cmake: 6.1.1 (/opt/ros/humble/share/rmw_implementation_cmake/cmake)
[10.861s] -- Found rmw_fastrtps_cpp: 6.2.2 (/opt/ros/humble/share/rmw_fastrtps_cpp/cmake)
[11.891s] -- Using RMW implementation 'rmw_fastrtps_cpp' as default
[12.531s] -- Found sensor_msgs: 4.2.3 (/opt/ros/humble/share/sensor_msgs/cmake)
[13.005s] -- Found ament_lint_auto: 0.12.5 (/opt/ros/humble/share/ament_lint_auto/cmake)
[13.328s] -- Added test 'cppcheck' to perform static code analysis on C / C++ code
[13.329s] -- Configured cppcheck include dirs: /home/zhangqi/ros2/ros2_pkgs/src/lidar_reader/include
[13.329s] -- Configured cppcheck exclude dirs and/or files: 
[13.331s] -- Added test 'flake8' to check Python code syntax and style conventions
[13.334s] -- Added test 'lint_cmake' to check CMake code style
[13.336s] -- Added test 'pep257' to check Python code against some of the docstring style conventions in PEP 257
[13.343s] -- Added test 'uncrustify' to check C / C++ code style
[13.344s] -- Configured uncrustify additional arguments: 
[13.345s] -- Added test 'xmllint' to check XML markup files
[13.349s] -- Configuring done
[13.410s] -- Generating done
[13.420s] -- Build files have been written to: /home/zhangqi/ros2/ros2_pkgs/build/lidar_reader
[13.530s] gmake[2]: Warning: File '/home/zhangqi/ros2/ros2_pkgs/src/lidar_reader/src/lidar_dev.cc' has modification time 4146324 s in the future
[13.563s] [ 33%] [32mBuilding CXX object CMakeFiles/lidar_reader.dir/src/lidar_dev.cc.o[0m
[13.571s] [ 66%] [32mBuilding CXX object CMakeFiles/lidar_reader.dir/src/lidar_reader.cpp.o[0m
[32.644s] [01m[K/home/zhangqi/ros2/ros2_pkgs/src/lidar_reader/src/lidar_dev.cc:[m[K In function ‘[01m[Kint32_t wheeltec_n10_frame_unpack(uint8_t*, int32_t, WHEELTEC_N10_FRAME**)[m[K’:
[32.645s] [01m[K/home/zhangqi/ros2/ros2_pkgs/src/lidar_reader/src/lidar_dev.cc:94:31:[m[K [01;35m[Kwarning: [m[Kcomparison of integer expressions of different signedness: ‘[01m[Kint32_t[m[K’ {aka ‘[01m[Kint[m[K’} and ‘[01m[Klong unsigned int[m[K’ [[01;35m[K-Wsign-compare[m[K]
[32.646s]    94 |                 if ([01;35m[K(len - i) < sizeof(struct WHEELTEC_N10_FRAME)[m[K)
[32.647s]       |                     [01;35m[K~~~~~~~~~~^~~~~~~~~~~~~~~~~~~~~~~~~~~~~~~~~~~[m[K
[48.279s] [100%] [32m[1mLinking CXX executable lidar_reader[0m
[49.454s] gmake[2]: warning:  Clock skew detected.  Your build may be incomplete.
[49.491s] [100%] Built target lidar_reader
[49.539s] Invoked command in '/home/zhangqi/ros2/ros2_pkgs/build/lidar_reader' returned '0': CMAKE_PREFIX_PATH=${CMAKE_PREFIX_PATH}:/opt/ros/humble /usr/bin/cmake --build /home/zhangqi/ros2/ros2_pkgs/build/lidar_reader -- -j4 -l4
[49.697s] Invoking command in '/home/zhangqi/ros2/ros2_pkgs/build/lidar_reader': CMAKE_PREFIX_PATH=${CMAKE_PREFIX_PATH}:/opt/ros/humble /usr/bin/cmake --install /home/zhangqi/ros2/ros2_pkgs/build/lidar_reader
[49.730s] -- Install configuration: ""
[49.732s] -- Installing: /home/zhangqi/ros2/ros2_pkgs/install/lidar_reader/lib/lidar_reader/lidar_reader
[49.745s] -- Set runtime path of "/home/zhangqi/ros2/ros2_pkgs/install/lidar_reader/lib/lidar_reader/lidar_reader" to ""
[49.746s] -- Up-to-date: /home/zhangqi/ros2/ros2_pkgs/install/lidar_reader/share/lidar_reader//launch
[49.747s] -- Up-to-date: /home/zhangqi/ros2/ros2_pkgs/install/lidar_reader/share/lidar_reader//launch/lidar_launch.py
[49.748s] -- Installing: /home/zhangqi/ros2/ros2_pkgs/install/lidar_reader/share/ament_index/resource_index/package_run_dependencies/lidar_reader
[49.749s] -- Installing: /home/zhangqi/ros2/ros2_pkgs/install/lidar_reader/share/ament_index/resource_index/parent_prefix_path/lidar_reader
[49.752s] -- Up-to-date: /home/zhangqi/ros2/ros2_pkgs/install/lidar_reader/share/lidar_reader/environment/ament_prefix_path.sh
[49.752s] -- Installing: /home/zhangqi/ros2/ros2_pkgs/install/lidar_reader/share/lidar_reader/environment/ament_prefix_path.dsv
[49.754s] -- Up-to-date: /home/zhangqi/ros2/ros2_pkgs/install/lidar_reader/share/lidar_reader/environment/path.sh
[49.755s] -- Installing: /home/zhangqi/ros2/ros2_pkgs/install/lidar_reader/share/lidar_reader/environment/path.dsv
[49.756s] -- Installing: /home/zhangqi/ros2/ros2_pkgs/install/lidar_reader/share/lidar_reader/local_setup.bash
[49.758s] -- Installing: /home/zhangqi/ros2/ros2_pkgs/install/lidar_reader/share/lidar_reader/local_setup.sh
[49.760s] -- Installing: /home/zhangqi/ros2/ros2_pkgs/install/lidar_reader/share/lidar_reader/local_setup.zsh
[49.761s] -- Installing: /home/zhangqi/ros2/ros2_pkgs/install/lidar_reader/share/lidar_reader/local_setup.dsv
[49.763s] -- Installing: /home/zhangqi/ros2/ros2_pkgs/install/lidar_reader/share/lidar_reader/package.dsv
[49.765s] -- Installing: /home/zhangqi/ros2/ros2_pkgs/install/lidar_reader/share/ament_index/resource_index/packages/lidar_reader
[49.767s] -- Installing: /home/zhangqi/ros2/ros2_pkgs/install/lidar_reader/share/lidar_reader/cmake/lidar_readerConfig.cmake
[49.769s] -- Installing: /home/zhangqi/ros2/ros2_pkgs/install/lidar_reader/share/lidar_reader/cmake/lidar_readerConfig-version.cmake
[49.770s] -- Up-to-date: /home/zhangqi/ros2/ros2_pkgs/install/lidar_reader/share/lidar_reader/package.xml
[49.787s] Invoked command in '/home/zhangqi/ros2/ros2_pkgs/build/lidar_reader' returned '0': CMAKE_PREFIX_PATH=${CMAKE_PREFIX_PATH}:/opt/ros/humble /usr/bin/cmake --install /home/zhangqi/ros2/ros2_pkgs/build/lidar_reader
