[0.125s] Invoking command in '/home/zhangqi/ros2/ros2_pkgs/build/lidar_reader': CMAKE_PREFIX_PATH=${CMAKE_PREFIX_PATH}:/opt/ros/humble /usr/bin/cmake --build /home/zhangqi/ros2/ros2_pkgs/build/lidar_reader -- -j4 -l4
[0.323s] [35m[1mConsolidate compiler generated dependencies of target lidar_reader[0m
[0.440s] [100%] Built target lidar_reader
[0.568s] Invoked command in '/home/zhangqi/ros2/ros2_pkgs/build/lidar_reader' returned '0': CMAKE_PREFIX_PATH=${CMAKE_PREFIX_PATH}:/opt/ros/humble /usr/bin/cmake --build /home/zhangqi/ros2/ros2_pkgs/build/lidar_reader -- -j4 -l4
[0.747s] Invoking command in '/home/zhangqi/ros2/ros2_pkgs/build/lidar_reader': CMAKE_PREFIX_PATH=${CMAKE_PREFIX_PATH}:/opt/ros/humble /usr/bin/cmake --install /home/zhangqi/ros2/ros2_pkgs/build/lidar_reader
[0.774s] -- Install configuration: ""
[0.775s] -- Up-to-date: /home/zhangqi/ros2/ros2_pkgs/install/lidar_reader/lib/lidar_reader/lidar_reader
[0.776s] -- Up-to-date: /home/zhangqi/ros2/ros2_pkgs/install/lidar_reader/share/lidar_reader//launch
[0.777s] -- Up-to-date: /home/zhangqi/ros2/ros2_pkgs/install/lidar_reader/share/lidar_reader//launch/lidar_launch.py
[0.778s] -- Up-to-date: /home/zhangqi/ros2/ros2_pkgs/install/lidar_reader/share/ament_index/resource_index/package_run_dependencies/lidar_reader
[0.779s] -- Up-to-date: /home/zhangqi/ros2/ros2_pkgs/install/lidar_reader/share/ament_index/resource_index/parent_prefix_path/lidar_reader
[0.779s] -- Up-to-date: /home/zhangqi/ros2/ros2_pkgs/install/lidar_reader/share/lidar_reader/environment/ament_prefix_path.sh
[0.780s] -- Up-to-date: /home/zhangqi/ros2/ros2_pkgs/install/lidar_reader/share/lidar_reader/environment/ament_prefix_path.dsv
[0.781s] -- Up-to-date: /home/zhangqi/ros2/ros2_pkgs/install/lidar_reader/share/lidar_reader/environment/path.sh
[0.782s] -- Up-to-date: /home/zhangqi/ros2/ros2_pkgs/install/lidar_reader/share/lidar_reader/environment/path.dsv
[0.782s] -- Up-to-date: /home/zhangqi/ros2/ros2_pkgs/install/lidar_reader/share/lidar_reader/local_setup.bash
[0.783s] -- Up-to-date: /home/zhangqi/ros2/ros2_pkgs/install/lidar_reader/share/lidar_reader/local_setup.sh
[0.783s] -- Up-to-date: /home/zhangqi/ros2/ros2_pkgs/install/lidar_reader/share/lidar_reader/local_setup.zsh
[0.784s] -- Up-to-date: /home/zhangqi/ros2/ros2_pkgs/install/lidar_reader/share/lidar_reader/local_setup.dsv
[0.785s] -- Installing: /home/zhangqi/ros2/ros2_pkgs/install/lidar_reader/share/lidar_reader/package.dsv
[0.787s] -- Up-to-date: /home/zhangqi/ros2/ros2_pkgs/install/lidar_reader/share/ament_index/resource_index/packages/lidar_reader
[0.788s] -- Up-to-date: /home/zhangqi/ros2/ros2_pkgs/install/lidar_reader/share/lidar_reader/cmake/lidar_readerConfig.cmake
[0.790s] -- Up-to-date: /home/zhangqi/ros2/ros2_pkgs/install/lidar_reader/share/lidar_reader/cmake/lidar_readerConfig-version.cmake
[0.792s] -- Up-to-date: /home/zhangqi/ros2/ros2_pkgs/install/lidar_reader/share/lidar_reader/package.xml
[0.811s] Invoked command in '/home/zhangqi/ros2/ros2_pkgs/build/lidar_reader' returned '0': CMAKE_PREFIX_PATH=${CMAKE_PREFIX_PATH}:/opt/ros/humble /usr/bin/cmake --install /home/zhangqi/ros2/ros2_pkgs/build/lidar_reader
