[0.162s] Invoking command in '/home/zhangqi/ros2/ros2_pkgs/build/bau_ctrl': CMAKE_PREFIX_PATH=${CMAKE_PREFIX_PATH}:/opt/ros/humble /usr/bin/cmake --build /home/zhangqi/ros2/ros2_pkgs/build/bau_ctrl -- -j4 -l4
[0.436s] [100%] Built target bau_ctrl
[0.511s] Invoked command in '/home/zhangqi/ros2/ros2_pkgs/build/bau_ctrl' returned '0': CMAKE_PREFIX_PATH=${CMAKE_PREFIX_PATH}:/opt/ros/humble /usr/bin/cmake --build /home/zhangqi/ros2/ros2_pkgs/build/bau_ctrl -- -j4 -l4
[0.687s] Invoking command in '/home/zhangqi/ros2/ros2_pkgs/build/bau_ctrl': CMAKE_PREFIX_PATH=${CMAKE_PREFIX_PATH}:/opt/ros/humble /usr/bin/cmake --install /home/zhangqi/ros2/ros2_pkgs/build/bau_ctrl
[0.712s] -- Install configuration: ""
[0.714s] -- Up-to-date: /home/zhangqi/ros2/ros2_pkgs/install/bau_ctrl/lib/bau_ctrl/bau_ctrl
[0.715s] -- Up-to-date: /home/zhangqi/ros2/ros2_pkgs/install/bau_ctrl/share/bau_ctrl//launch
[0.717s] -- Up-to-date: /home/zhangqi/ros2/ros2_pkgs/install/bau_ctrl/share/bau_ctrl//launch/bau_ctrl_launch.py
[0.717s] -- Up-to-date: /home/zhangqi/ros2/ros2_pkgs/install/bau_ctrl/share/ament_index/resource_index/package_run_dependencies/bau_ctrl
[0.718s] -- Up-to-date: /home/zhangqi/ros2/ros2_pkgs/install/bau_ctrl/share/ament_index/resource_index/parent_prefix_path/bau_ctrl
[0.719s] -- Up-to-date: /home/zhangqi/ros2/ros2_pkgs/install/bau_ctrl/share/bau_ctrl/environment/ament_prefix_path.sh
[0.720s] -- Up-to-date: /home/zhangqi/ros2/ros2_pkgs/install/bau_ctrl/share/bau_ctrl/environment/ament_prefix_path.dsv
[0.721s] -- Up-to-date: /home/zhangqi/ros2/ros2_pkgs/install/bau_ctrl/share/bau_ctrl/environment/path.sh
[0.722s] -- Up-to-date: /home/zhangqi/ros2/ros2_pkgs/install/bau_ctrl/share/bau_ctrl/environment/path.dsv
[0.723s] -- Up-to-date: /home/zhangqi/ros2/ros2_pkgs/install/bau_ctrl/share/bau_ctrl/local_setup.bash
[0.723s] -- Up-to-date: /home/zhangqi/ros2/ros2_pkgs/install/bau_ctrl/share/bau_ctrl/local_setup.sh
[0.724s] -- Up-to-date: /home/zhangqi/ros2/ros2_pkgs/install/bau_ctrl/share/bau_ctrl/local_setup.zsh
[0.725s] -- Up-to-date: /home/zhangqi/ros2/ros2_pkgs/install/bau_ctrl/share/bau_ctrl/local_setup.dsv
[0.740s] -- Installing: /home/zhangqi/ros2/ros2_pkgs/install/bau_ctrl/share/bau_ctrl/package.dsv
[0.741s] -- Up-to-date: /home/zhangqi/ros2/ros2_pkgs/install/bau_ctrl/share/ament_index/resource_index/packages/bau_ctrl
[0.742s] -- Up-to-date: /home/zhangqi/ros2/ros2_pkgs/install/bau_ctrl/share/bau_ctrl/cmake/bau_ctrlConfig.cmake
[0.742s] -- Up-to-date: /home/zhangqi/ros2/ros2_pkgs/install/bau_ctrl/share/bau_ctrl/cmake/bau_ctrlConfig-version.cmake
[0.742s] -- Up-to-date: /home/zhangqi/ros2/ros2_pkgs/install/bau_ctrl/share/bau_ctrl/package.xml
[0.743s] Invoked command in '/home/zhangqi/ros2/ros2_pkgs/build/bau_ctrl' returned '0': CMAKE_PREFIX_PATH=${CMAKE_PREFIX_PATH}:/opt/ros/humble /usr/bin/cmake --install /home/zhangqi/ros2/ros2_pkgs/build/bau_ctrl
