[0.144s] Invoking command in '/home/zhangqi/ros2/ros2_pkgs/build/lidar_reader': CMAKE_PREFIX_PATH=${CMAKE_PREFIX_PATH}:/opt/ros/humble /usr/bin/cmake --build /home/zhangqi/ros2/ros2_pkgs/build/lidar_reader -- -j4 -l4
[1.653s] [100%] Built target lidar_reader
[1.736s] Invoked command in '/home/zhangqi/ros2/ros2_pkgs/build/lidar_reader' returned '0': CMAKE_PREFIX_PATH=${CMAKE_PREFIX_PATH}:/opt/ros/humble /usr/bin/cmake --build /home/zhangqi/ros2/ros2_pkgs/build/lidar_reader -- -j4 -l4
[1.928s] Invoking command in '/home/zhangqi/ros2/ros2_pkgs/build/lidar_reader': CMAKE_PREFIX_PATH=${CMAKE_PREFIX_PATH}:/opt/ros/humble /usr/bin/cmake --install /home/zhangqi/ros2/ros2_pkgs/build/lidar_reader
[1.961s] -- Install configuration: ""
[1.965s] -- Up-to-date: /home/zhangqi/ros2/ros2_pkgs/install/lidar_reader/lib/lidar_reader/lidar_reader
[1.967s] -- Up-to-date: /home/zhangqi/ros2/ros2_pkgs/install/lidar_reader/share/lidar_reader//launch
[1.969s] -- Up-to-date: /home/zhangqi/ros2/ros2_pkgs/install/lidar_reader/share/lidar_reader//launch/lidar_launch.py
[1.971s] -- Up-to-date: /home/zhangqi/ros2/ros2_pkgs/install/lidar_reader/share/ament_index/resource_index/package_run_dependencies/lidar_reader
[1.973s] -- Up-to-date: /home/zhangqi/ros2/ros2_pkgs/install/lidar_reader/share/ament_index/resource_index/parent_prefix_path/lidar_reader
[1.973s] -- Up-to-date: /home/zhangqi/ros2/ros2_pkgs/install/lidar_reader/share/lidar_reader/environment/ament_prefix_path.sh
[1.976s] -- Up-to-date: /home/zhangqi/ros2/ros2_pkgs/install/lidar_reader/share/lidar_reader/environment/ament_prefix_path.dsv
[1.981s] -- Up-to-date: /home/zhangqi/ros2/ros2_pkgs/install/lidar_reader/share/lidar_reader/environment/path.sh
[1.993s] -- Up-to-date: /home/zhangqi/ros2/ros2_pkgs/install/lidar_reader/share/lidar_reader/environment/path.dsv
[1.993s] -- Up-to-date: /home/zhangqi/ros2/ros2_pkgs/install/lidar_reader/share/lidar_reader/local_setup.bash
[1.994s] -- Up-to-date: /home/zhangqi/ros2/ros2_pkgs/install/lidar_reader/share/lidar_reader/local_setup.sh
[1.996s] -- Up-to-date: /home/zhangqi/ros2/ros2_pkgs/install/lidar_reader/share/lidar_reader/local_setup.zsh
[1.997s] -- Up-to-date: /home/zhangqi/ros2/ros2_pkgs/install/lidar_reader/share/lidar_reader/local_setup.dsv
[1.997s] -- Installing: /home/zhangqi/ros2/ros2_pkgs/install/lidar_reader/share/lidar_reader/package.dsv
[2.000s] -- Up-to-date: /home/zhangqi/ros2/ros2_pkgs/install/lidar_reader/share/ament_index/resource_index/packages/lidar_reader
[2.002s] -- Up-to-date: /home/zhangqi/ros2/ros2_pkgs/install/lidar_reader/share/lidar_reader/cmake/lidar_readerConfig.cmake
[2.003s] -- Up-to-date: /home/zhangqi/ros2/ros2_pkgs/install/lidar_reader/share/lidar_reader/cmake/lidar_readerConfig-version.cmake
[2.004s] -- Up-to-date: /home/zhangqi/ros2/ros2_pkgs/install/lidar_reader/share/lidar_reader/package.xml
[2.061s] Invoked command in '/home/zhangqi/ros2/ros2_pkgs/build/lidar_reader' returned '0': CMAKE_PREFIX_PATH=${CMAKE_PREFIX_PATH}:/opt/ros/humble /usr/bin/cmake --install /home/zhangqi/ros2/ros2_pkgs/build/lidar_reader
