[0.178s] Invoking command in '/home/zhangqi/ros2/ros2_pkgs/build/bau_ctrl': CMAKE_PREFIX_PATH=${CMAKE_PREFIX_PATH}:/opt/ros/humble /usr/bin/cmake --build /home/zhangqi/ros2/ros2_pkgs/build/bau_ctrl -- -j4 -l4
[0.518s] [100%] Built target bau_ctrl
[0.585s] Invoked command in '/home/zhangqi/ros2/ros2_pkgs/build/bau_ctrl' returned '0': CMAKE_PREFIX_PATH=${CMAKE_PREFIX_PATH}:/opt/ros/humble /usr/bin/cmake --build /home/zhangqi/ros2/ros2_pkgs/build/bau_ctrl -- -j4 -l4
[0.821s] Invoking command in '/home/zhangqi/ros2/ros2_pkgs/build/bau_ctrl': CMAKE_PREFIX_PATH=${CMAKE_PREFIX_PATH}:/opt/ros/humble /usr/bin/cmake --install /home/zhangqi/ros2/ros2_pkgs/build/bau_ctrl
[0.854s] -- Install configuration: ""
[0.856s] -- Up-to-date: /home/zhangqi/ros2/ros2_pkgs/install/bau_ctrl/lib/bau_ctrl/bau_ctrl
[0.857s] -- Up-to-date: /home/zhangqi/ros2/ros2_pkgs/install/bau_ctrl/share/bau_ctrl//launch
[0.858s] -- Up-to-date: /home/zhangqi/ros2/ros2_pkgs/install/bau_ctrl/share/bau_ctrl//launch/bau_ctrl_launch.py
[0.859s] -- Up-to-date: /home/zhangqi/ros2/ros2_pkgs/install/bau_ctrl/share/ament_index/resource_index/package_run_dependencies/bau_ctrl
[0.860s] -- Up-to-date: /home/zhangqi/ros2/ros2_pkgs/install/bau_ctrl/share/ament_index/resource_index/parent_prefix_path/bau_ctrl
[0.861s] -- Up-to-date: /home/zhangqi/ros2/ros2_pkgs/install/bau_ctrl/share/bau_ctrl/environment/ament_prefix_path.sh
[0.863s] -- Up-to-date: /home/zhangqi/ros2/ros2_pkgs/install/bau_ctrl/share/bau_ctrl/environment/ament_prefix_path.dsv
[0.863s] -- Up-to-date: /home/zhangqi/ros2/ros2_pkgs/install/bau_ctrl/share/bau_ctrl/environment/path.sh
[0.864s] -- Up-to-date: /home/zhangqi/ros2/ros2_pkgs/install/bau_ctrl/share/bau_ctrl/environment/path.dsv
[0.865s] -- Up-to-date: /home/zhangqi/ros2/ros2_pkgs/install/bau_ctrl/share/bau_ctrl/local_setup.bash
[0.866s] -- Up-to-date: /home/zhangqi/ros2/ros2_pkgs/install/bau_ctrl/share/bau_ctrl/local_setup.sh
[0.867s] -- Up-to-date: /home/zhangqi/ros2/ros2_pkgs/install/bau_ctrl/share/bau_ctrl/local_setup.zsh
[0.867s] -- Up-to-date: /home/zhangqi/ros2/ros2_pkgs/install/bau_ctrl/share/bau_ctrl/local_setup.dsv
[0.868s] -- Installing: /home/zhangqi/ros2/ros2_pkgs/install/bau_ctrl/share/bau_ctrl/package.dsv
[0.869s] -- Up-to-date: /home/zhangqi/ros2/ros2_pkgs/install/bau_ctrl/share/ament_index/resource_index/packages/bau_ctrl
[0.887s] -- Up-to-date: /home/zhangqi/ros2/ros2_pkgs/install/bau_ctrl/share/bau_ctrl/cmake/bau_ctrlConfig.cmake
[0.887s] -- Up-to-date: /home/zhangqi/ros2/ros2_pkgs/install/bau_ctrl/share/bau_ctrl/cmake/bau_ctrlConfig-version.cmake
[0.888s] -- Up-to-date: /home/zhangqi/ros2/ros2_pkgs/install/bau_ctrl/share/bau_ctrl/package.xml
[0.889s] Invoked command in '/home/zhangqi/ros2/ros2_pkgs/build/bau_ctrl' returned '0': CMAKE_PREFIX_PATH=${CMAKE_PREFIX_PATH}:/opt/ros/humble /usr/bin/cmake --install /home/zhangqi/ros2/ros2_pkgs/build/bau_ctrl
