[0.318s] Invoking command in '/home/zhangqi/ros2/ros2_pkgs/build/sys_dispatcher': CMAKE_PREFIX_PATH=${CMAKE_PREFIX_PATH}:/opt/ros/humble /usr/bin/cmake --build /home/zhangqi/ros2/ros2_pkgs/build/sys_dispatcher -- -j4 -l4
[1.479s] [35m[1mConsolidate compiler generated dependencies of target sys_dispatcher[0m
[1.764s] [100%] Built target sys_dispatcher
[2.062s] Invoked command in '/home/zhangqi/ros2/ros2_pkgs/build/sys_dispatcher' returned '0': CMAKE_PREFIX_PATH=${CMAKE_PREFIX_PATH}:/opt/ros/humble /usr/bin/cmake --build /home/zhangqi/ros2/ros2_pkgs/build/sys_dispatcher -- -j4 -l4
[2.499s] Invoking command in '/home/zhangqi/ros2/ros2_pkgs/build/sys_dispatcher': CMAKE_PREFIX_PATH=${CMAKE_PREFIX_PATH}:/opt/ros/humble /usr/bin/cmake --install /home/zhangqi/ros2/ros2_pkgs/build/sys_dispatcher
[2.573s] -- Install configuration: ""
[2.590s] -- Up-to-date: /home/zhangqi/ros2/ros2_pkgs/install/sys_dispatcher/lib/sys_dispatcher/sys_dispatcher
[2.595s] -- Up-to-date: /home/zhangqi/ros2/ros2_pkgs/install/sys_dispatcher/share/sys_dispatcher//launch
[2.596s] -- Installing: /home/zhangqi/ros2/ros2_pkgs/install/sys_dispatcher/share/sys_dispatcher//launch/sys_dispatcher_launch.py
[2.628s] -- Installing: /home/zhangqi/ros2/ros2_pkgs/install/sys_dispatcher/share/sys_dispatcher//launch/.sys_dispatcher_launch.py.swp
[2.648s] -- Up-to-date: /home/zhangqi/ros2/ros2_pkgs/install/sys_dispatcher/share/sys_dispatcher//params
[2.650s] -- Up-to-date: /home/zhangqi/ros2/ros2_pkgs/install/sys_dispatcher/share/sys_dispatcher//params/nav2_params.yaml
[2.651s] -- Up-to-date: /home/zhangqi/ros2/ros2_pkgs/install/sys_dispatcher/share/sys_dispatcher//params/robot_localization_ekf.yaml.bak
[2.652s] -- Up-to-date: /home/zhangqi/ros2/ros2_pkgs/install/sys_dispatcher/share/sys_dispatcher//params/robot_localization_ekf.yaml
[2.655s] -- Up-to-date: /home/zhangqi/ros2/ros2_pkgs/install/sys_dispatcher/share/ament_index/resource_index/package_run_dependencies/sys_dispatcher
[2.656s] -- Up-to-date: /home/zhangqi/ros2/ros2_pkgs/install/sys_dispatcher/share/ament_index/resource_index/parent_prefix_path/sys_dispatcher
[2.657s] -- Up-to-date: /home/zhangqi/ros2/ros2_pkgs/install/sys_dispatcher/share/sys_dispatcher/environment/ament_prefix_path.sh
[2.659s] -- Up-to-date: /home/zhangqi/ros2/ros2_pkgs/install/sys_dispatcher/share/sys_dispatcher/environment/ament_prefix_path.dsv
[2.663s] -- Up-to-date: /home/zhangqi/ros2/ros2_pkgs/install/sys_dispatcher/share/sys_dispatcher/environment/path.sh
[2.670s] -- Up-to-date: /home/zhangqi/ros2/ros2_pkgs/install/sys_dispatcher/share/sys_dispatcher/environment/path.dsv
[2.671s] -- Up-to-date: /home/zhangqi/ros2/ros2_pkgs/install/sys_dispatcher/share/sys_dispatcher/local_setup.bash
[2.672s] -- Up-to-date: /home/zhangqi/ros2/ros2_pkgs/install/sys_dispatcher/share/sys_dispatcher/local_setup.sh
[2.674s] -- Up-to-date: /home/zhangqi/ros2/ros2_pkgs/install/sys_dispatcher/share/sys_dispatcher/local_setup.zsh
[2.675s] -- Up-to-date: /home/zhangqi/ros2/ros2_pkgs/install/sys_dispatcher/share/sys_dispatcher/local_setup.dsv
[2.676s] -- Installing: /home/zhangqi/ros2/ros2_pkgs/install/sys_dispatcher/share/sys_dispatcher/package.dsv
[2.677s] -- Up-to-date: /home/zhangqi/ros2/ros2_pkgs/install/sys_dispatcher/share/ament_index/resource_index/packages/sys_dispatcher
[2.684s] -- Up-to-date: /home/zhangqi/ros2/ros2_pkgs/install/sys_dispatcher/share/sys_dispatcher/cmake/sys_dispatcherConfig.cmake
[2.685s] -- Up-to-date: /home/zhangqi/ros2/ros2_pkgs/install/sys_dispatcher/share/sys_dispatcher/cmake/sys_dispatcherConfig-version.cmake
[2.686s] -- Up-to-date: /home/zhangqi/ros2/ros2_pkgs/install/sys_dispatcher/share/sys_dispatcher/package.xml
[2.810s] Invoked command in '/home/zhangqi/ros2/ros2_pkgs/build/sys_dispatcher' returned '0': CMAKE_PREFIX_PATH=${CMAKE_PREFIX_PATH}:/opt/ros/humble /usr/bin/cmake --install /home/zhangqi/ros2/ros2_pkgs/build/sys_dispatcher
