[0.153s] Invoking command in '/home/zhangqi/ros2/ros2_pkgs/build/bau_ctrl': CMAKE_PREFIX_PATH=${CMAKE_PREFIX_PATH}:/opt/ros/humble /usr/bin/cmake --build /home/zhangqi/ros2/ros2_pkgs/build/bau_ctrl -- -j4 -l4
[0.377s] [35m[1mConsolidate compiler generated dependencies of target bau_ctrl[0m
[0.502s] [100%] Built target bau_ctrl
[0.557s] Invoked command in '/home/zhangqi/ros2/ros2_pkgs/build/bau_ctrl' returned '0': CMAKE_PREFIX_PATH=${CMAKE_PREFIX_PATH}:/opt/ros/humble /usr/bin/cmake --build /home/zhangqi/ros2/ros2_pkgs/build/bau_ctrl -- -j4 -l4
[0.711s] Invoking command in '/home/zhangqi/ros2/ros2_pkgs/build/bau_ctrl': CMAKE_PREFIX_PATH=${CMAKE_PREFIX_PATH}:/opt/ros/humble /usr/bin/cmake --install /home/zhangqi/ros2/ros2_pkgs/build/bau_ctrl
[0.758s] -- Install configuration: ""
[0.760s] -- Up-to-date: /home/zhangqi/ros2/ros2_pkgs/install/bau_ctrl/lib/bau_ctrl/bau_ctrl
[0.761s] -- Up-to-date: /home/zhangqi/ros2/ros2_pkgs/install/bau_ctrl/share/bau_ctrl//launch
[0.762s] -- Up-to-date: /home/zhangqi/ros2/ros2_pkgs/install/bau_ctrl/share/bau_ctrl//launch/bau_ctrl_launch.py
[0.763s] -- Up-to-date: /home/zhangqi/ros2/ros2_pkgs/install/bau_ctrl/share/ament_index/resource_index/package_run_dependencies/bau_ctrl
[0.763s] -- Up-to-date: /home/zhangqi/ros2/ros2_pkgs/install/bau_ctrl/share/ament_index/resource_index/parent_prefix_path/bau_ctrl
[0.765s] -- Up-to-date: /home/zhangqi/ros2/ros2_pkgs/install/bau_ctrl/share/bau_ctrl/environment/ament_prefix_path.sh
[0.766s] -- Up-to-date: /home/zhangqi/ros2/ros2_pkgs/install/bau_ctrl/share/bau_ctrl/environment/ament_prefix_path.dsv
[0.767s] -- Up-to-date: /home/zhangqi/ros2/ros2_pkgs/install/bau_ctrl/share/bau_ctrl/environment/path.sh
[0.768s] -- Up-to-date: /home/zhangqi/ros2/ros2_pkgs/install/bau_ctrl/share/bau_ctrl/environment/path.dsv
[0.769s] -- Up-to-date: /home/zhangqi/ros2/ros2_pkgs/install/bau_ctrl/share/bau_ctrl/local_setup.bash
[0.770s] -- Up-to-date: /home/zhangqi/ros2/ros2_pkgs/install/bau_ctrl/share/bau_ctrl/local_setup.sh
[0.771s] -- Up-to-date: /home/zhangqi/ros2/ros2_pkgs/install/bau_ctrl/share/bau_ctrl/local_setup.zsh
[0.772s] -- Up-to-date: /home/zhangqi/ros2/ros2_pkgs/install/bau_ctrl/share/bau_ctrl/local_setup.dsv
[0.773s] -- Installing: /home/zhangqi/ros2/ros2_pkgs/install/bau_ctrl/share/bau_ctrl/package.dsv
[0.774s] -- Up-to-date: /home/zhangqi/ros2/ros2_pkgs/install/bau_ctrl/share/ament_index/resource_index/packages/bau_ctrl
[0.775s] -- Up-to-date: /home/zhangqi/ros2/ros2_pkgs/install/bau_ctrl/share/bau_ctrl/cmake/bau_ctrlConfig.cmake
[0.776s] -- Up-to-date: /home/zhangqi/ros2/ros2_pkgs/install/bau_ctrl/share/bau_ctrl/cmake/bau_ctrlConfig-version.cmake
[0.777s] -- Up-to-date: /home/zhangqi/ros2/ros2_pkgs/install/bau_ctrl/share/bau_ctrl/package.xml
[0.815s] Invoked command in '/home/zhangqi/ros2/ros2_pkgs/build/bau_ctrl' returned '0': CMAKE_PREFIX_PATH=${CMAKE_PREFIX_PATH}:/opt/ros/humble /usr/bin/cmake --install /home/zhangqi/ros2/ros2_pkgs/build/bau_ctrl
