[0.154s] Invoking command in '/home/zhangqi/ros2/ros2_pkgs/build/lidar_reader': CMAKE_PREFIX_PATH=/opt/ros/humble /usr/bin/cmake --build /home/zhangqi/ros2/ros2_pkgs/build/lidar_reader -- -j4 -l4
[1.834s] [100%] Built target lidar_reader
[1.919s] Invoked command in '/home/zhangqi/ros2/ros2_pkgs/build/lidar_reader' returned '0': CMAKE_PREFIX_PATH=/opt/ros/humble /usr/bin/cmake --build /home/zhangqi/ros2/ros2_pkgs/build/lidar_reader -- -j4 -l4
[2.120s] Invoking command in '/home/zhangqi/ros2/ros2_pkgs/build/lidar_reader': CMAKE_PREFIX_PATH=/opt/ros/humble /usr/bin/cmake --install /home/zhangqi/ros2/ros2_pkgs/build/lidar_reader
[2.163s] -- Install configuration: ""
[2.175s] -- Up-to-date: /home/zhangqi/ros2/ros2_pkgs/install/lidar_reader/lib/lidar_reader/lidar_reader
[2.180s] -- Up-to-date: /home/zhangqi/ros2/ros2_pkgs/install/lidar_reader/share/lidar_reader//launch
[2.188s] -- Up-to-date: /home/zhangqi/ros2/ros2_pkgs/install/lidar_reader/share/lidar_reader//launch/lidar_launch.py
[2.191s] -- Up-to-date: /home/zhangqi/ros2/ros2_pkgs/install/lidar_reader/share/ament_index/resource_index/package_run_dependencies/lidar_reader
[2.193s] -- Up-to-date: /home/zhangqi/ros2/ros2_pkgs/install/lidar_reader/share/ament_index/resource_index/parent_prefix_path/lidar_reader
[2.195s] -- Up-to-date: /home/zhangqi/ros2/ros2_pkgs/install/lidar_reader/share/lidar_reader/environment/ament_prefix_path.sh
[2.196s] -- Up-to-date: /home/zhangqi/ros2/ros2_pkgs/install/lidar_reader/share/lidar_reader/environment/ament_prefix_path.dsv
[2.199s] -- Up-to-date: /home/zhangqi/ros2/ros2_pkgs/install/lidar_reader/share/lidar_reader/environment/path.sh
[2.200s] -- Up-to-date: /home/zhangqi/ros2/ros2_pkgs/install/lidar_reader/share/lidar_reader/environment/path.dsv
[2.200s] -- Up-to-date: /home/zhangqi/ros2/ros2_pkgs/install/lidar_reader/share/lidar_reader/local_setup.bash
[2.201s] -- Up-to-date: /home/zhangqi/ros2/ros2_pkgs/install/lidar_reader/share/lidar_reader/local_setup.sh
[2.202s] -- Up-to-date: /home/zhangqi/ros2/ros2_pkgs/install/lidar_reader/share/lidar_reader/local_setup.zsh
[2.202s] -- Up-to-date: /home/zhangqi/ros2/ros2_pkgs/install/lidar_reader/share/lidar_reader/local_setup.dsv
[2.202s] -- Installing: /home/zhangqi/ros2/ros2_pkgs/install/lidar_reader/share/lidar_reader/package.dsv
[2.203s] -- Up-to-date: /home/zhangqi/ros2/ros2_pkgs/install/lidar_reader/share/ament_index/resource_index/packages/lidar_reader
[2.229s] -- Up-to-date: /home/zhangqi/ros2/ros2_pkgs/install/lidar_reader/share/lidar_reader/cmake/lidar_readerConfig.cmake
[2.230s] -- Up-to-date: /home/zhangqi/ros2/ros2_pkgs/install/lidar_reader/share/lidar_reader/cmake/lidar_readerConfig-version.cmake
[2.231s] -- Up-to-date: /home/zhangqi/ros2/ros2_pkgs/install/lidar_reader/share/lidar_reader/package.xml
[2.240s] Invoked command in '/home/zhangqi/ros2/ros2_pkgs/build/lidar_reader' returned '0': CMAKE_PREFIX_PATH=/opt/ros/humble /usr/bin/cmake --install /home/zhangqi/ros2/ros2_pkgs/build/lidar_reader
