[0.149s] Invoking command in '/home/zhangqi/ros2/ros2_pkgs/build/car_uart_node': CMAKE_PREFIX_PATH=${CMAKE_PREFIX_PATH}:/opt/ros/humble /usr/bin/cmake --build /home/zhangqi/ros2/ros2_pkgs/build/car_uart_node -- -j4 -l4
[0.357s] Invoked command in '/home/zhangqi/ros2/ros2_pkgs/build/car_uart_node' returned '0': CMAKE_PREFIX_PATH=${CMAKE_PREFIX_PATH}:/opt/ros/humble /usr/bin/cmake --build /home/zhangqi/ros2/ros2_pkgs/build/car_uart_node -- -j4 -l4
[0.589s] Invoking command in '/home/zhangqi/ros2/ros2_pkgs/build/car_uart_node': CMAKE_PREFIX_PATH=${CMAKE_PREFIX_PATH}:/opt/ros/humble /usr/bin/cmake --install /home/zhangqi/ros2/ros2_pkgs/build/car_uart_node
[0.621s] -- Install configuration: ""
[0.622s] -- Up-to-date: /home/zhangqi/ros2/ros2_pkgs/install/car_uart_node/share/ament_index/resource_index/package_run_dependencies/car_uart_node
[0.623s] -- Up-to-date: /home/zhangqi/ros2/ros2_pkgs/install/car_uart_node/share/ament_index/resource_index/parent_prefix_path/car_uart_node
[0.623s] -- Up-to-date: /home/zhangqi/ros2/ros2_pkgs/install/car_uart_node/share/car_uart_node/environment/ament_prefix_path.sh
[0.624s] -- Up-to-date: /home/zhangqi/ros2/ros2_pkgs/install/car_uart_node/share/car_uart_node/environment/ament_prefix_path.dsv
[0.626s] -- Up-to-date: /home/zhangqi/ros2/ros2_pkgs/install/car_uart_node/share/car_uart_node/environment/path.sh
[0.628s] -- Up-to-date: /home/zhangqi/ros2/ros2_pkgs/install/car_uart_node/share/car_uart_node/environment/path.dsv
[0.630s] -- Up-to-date: /home/zhangqi/ros2/ros2_pkgs/install/car_uart_node/share/car_uart_node/local_setup.bash
[0.632s] -- Up-to-date: /home/zhangqi/ros2/ros2_pkgs/install/car_uart_node/share/car_uart_node/local_setup.sh
[0.633s] -- Up-to-date: /home/zhangqi/ros2/ros2_pkgs/install/car_uart_node/share/car_uart_node/local_setup.zsh
[0.635s] -- Up-to-date: /home/zhangqi/ros2/ros2_pkgs/install/car_uart_node/share/car_uart_node/local_setup.dsv
[0.637s] -- Installing: /home/zhangqi/ros2/ros2_pkgs/install/car_uart_node/share/car_uart_node/package.dsv
[0.640s] -- Up-to-date: /home/zhangqi/ros2/ros2_pkgs/install/car_uart_node/share/ament_index/resource_index/packages/car_uart_node
[0.642s] -- Up-to-date: /home/zhangqi/ros2/ros2_pkgs/install/car_uart_node/share/car_uart_node/cmake/car_uart_nodeConfig.cmake
[0.643s] -- Up-to-date: /home/zhangqi/ros2/ros2_pkgs/install/car_uart_node/share/car_uart_node/cmake/car_uart_nodeConfig-version.cmake
[0.646s] -- Up-to-date: /home/zhangqi/ros2/ros2_pkgs/install/car_uart_node/share/car_uart_node/package.xml
[0.658s] Invoked command in '/home/zhangqi/ros2/ros2_pkgs/build/car_uart_node' returned '0': CMAKE_PREFIX_PATH=${CMAKE_PREFIX_PATH}:/opt/ros/humble /usr/bin/cmake --install /home/zhangqi/ros2/ros2_pkgs/build/car_uart_node
