[0.136s] Invoking command in '/home/zhangqi/ros2/ros2_pkgs/build/car_uart_node': CMAKE_PREFIX_PATH=${CMAKE_PREFIX_PATH}:/opt/ros/humble /usr/bin/cmake --build /home/zhangqi/ros2/ros2_pkgs/build/car_uart_node -- -j4 -l4
[0.304s] Invoked command in '/home/zhangqi/ros2/ros2_pkgs/build/car_uart_node' returned '0': CMAKE_PREFIX_PATH=${CMAKE_PREFIX_PATH}:/opt/ros/humble /usr/bin/cmake --build /home/zhangqi/ros2/ros2_pkgs/build/car_uart_node -- -j4 -l4
[0.472s] Invoking command in '/home/zhangqi/ros2/ros2_pkgs/build/car_uart_node': CMAKE_PREFIX_PATH=${CMAKE_PREFIX_PATH}:/opt/ros/humble /usr/bin/cmake --install /home/zhangqi/ros2/ros2_pkgs/build/car_uart_node
[0.502s] -- Install configuration: ""
[0.506s] -- Up-to-date: /home/zhangqi/ros2/ros2_pkgs/install/car_uart_node/share/ament_index/resource_index/package_run_dependencies/car_uart_node
[0.507s] -- Up-to-date: /home/zhangqi/ros2/ros2_pkgs/install/car_uart_node/share/ament_index/resource_index/parent_prefix_path/car_uart_node
[0.508s] -- Up-to-date: /home/zhangqi/ros2/ros2_pkgs/install/car_uart_node/share/car_uart_node/environment/ament_prefix_path.sh
[0.510s] -- Up-to-date: /home/zhangqi/ros2/ros2_pkgs/install/car_uart_node/share/car_uart_node/environment/ament_prefix_path.dsv
[0.512s] -- Up-to-date: /home/zhangqi/ros2/ros2_pkgs/install/car_uart_node/share/car_uart_node/environment/path.sh
[0.514s] -- Up-to-date: /home/zhangqi/ros2/ros2_pkgs/install/car_uart_node/share/car_uart_node/environment/path.dsv
[0.515s] -- Up-to-date: /home/zhangqi/ros2/ros2_pkgs/install/car_uart_node/share/car_uart_node/local_setup.bash
[0.519s] -- Up-to-date: /home/zhangqi/ros2/ros2_pkgs/install/car_uart_node/share/car_uart_node/local_setup.sh
[0.521s] -- Up-to-date: /home/zhangqi/ros2/ros2_pkgs/install/car_uart_node/share/car_uart_node/local_setup.zsh
[0.523s] -- Up-to-date: /home/zhangqi/ros2/ros2_pkgs/install/car_uart_node/share/car_uart_node/local_setup.dsv
[0.529s] -- Installing: /home/zhangqi/ros2/ros2_pkgs/install/car_uart_node/share/car_uart_node/package.dsv
[0.530s] -- Up-to-date: /home/zhangqi/ros2/ros2_pkgs/install/car_uart_node/share/ament_index/resource_index/packages/car_uart_node
[0.530s] -- Up-to-date: /home/zhangqi/ros2/ros2_pkgs/install/car_uart_node/share/car_uart_node/cmake/car_uart_nodeConfig.cmake
[0.531s] -- Up-to-date: /home/zhangqi/ros2/ros2_pkgs/install/car_uart_node/share/car_uart_node/cmake/car_uart_nodeConfig-version.cmake
[0.532s] -- Up-to-date: /home/zhangqi/ros2/ros2_pkgs/install/car_uart_node/share/car_uart_node/package.xml
[0.544s] Invoked command in '/home/zhangqi/ros2/ros2_pkgs/build/car_uart_node' returned '0': CMAKE_PREFIX_PATH=${CMAKE_PREFIX_PATH}:/opt/ros/humble /usr/bin/cmake --install /home/zhangqi/ros2/ros2_pkgs/build/car_uart_node
