[1.373s] DEBUG:colcon:Command line arguments: ['/usr/bin/colcon', 'build', '--cmake-args', '-DCOMMON_LIB_PATH=~/ros2/libs/', '-DCMAKE_EXPORT_COMPILE_COMMANDS=on']
[1.374s] DEBUG:colcon:Parsed command line arguments: Namespace(log_base=None, log_level=None, verb_name='build', build_base='build', install_base='install', merge_install=False, symlink_install=False, test_result_base=None, continue_on_error=False, executor='parallel', parallel_workers=4, event_handlers=None, ignore_user_meta=False, metas=['./colcon.meta'], base_paths=['.'], packages_ignore=None, packages_ignore_regex=None, paths=None, packages_up_to=None, packages_up_to_regex=None, packages_above=None, packages_above_and_dependencies=None, packages_above_depth=None, packages_select_by_dep=None, packages_skip_by_dep=None, packages_skip_up_to=None, packages_select_build_failed=False, packages_skip_build_finished=False, packages_select_test_failures=False, packages_skip_test_passed=False, packages_select=None, packages_skip=None, packages_select_regex=None, packages_skip_regex=None, packages_start=None, packages_end=None, allow_overriding=[], cmake_args=['-DCOMMON_LIB_PATH=~/ros2/libs/', '-DCMAKE_EXPORT_COMPILE_COMMANDS=on'], cmake_target=None, cmake_target_skip_unavailable=False, cmake_clean_cache=False, cmake_clean_first=False, cmake_force_configure=False, ament_cmake_args=None, catkin_cmake_args=None, catkin_skip_building_tests=False, verb_parser=<colcon_defaults.argument_parser.defaults.DefaultArgumentsDecorator object at 0xffff8f48ba90>, verb_extension=<colcon_core.verb.build.BuildVerb object at 0xffff8fd5d300>, main=<bound method BuildVerb.main of <colcon_core.verb.build.BuildVerb object at 0xffff8fd5d300>>)
[1.499s] Level 1:colcon.colcon_core.package_discovery:discover_packages(colcon_meta) check parameters
[1.500s] Level 1:colcon.colcon_core.package_discovery:discover_packages(recursive) check parameters
[1.500s] Level 1:colcon.colcon_core.package_discovery:discover_packages(ignore) check parameters
[1.500s] Level 1:colcon.colcon_core.package_discovery:discover_packages(path) check parameters
[1.500s] Level 1:colcon.colcon_core.package_discovery:discover_packages(colcon_meta) discover
[1.500s] Level 1:colcon.colcon_core.package_discovery:discover_packages(recursive) discover
[1.501s] INFO:colcon.colcon_core.package_discovery:Crawling recursively for packages in '/home/zhangqi/ros2/ros2_pkgs'
[1.501s] Level 1:colcon.colcon_core.package_identification:_identify(.) by extensions ['ignore', 'ignore_ament_install']
[1.501s] Level 1:colcon.colcon_core.package_identification:_identify(.) by extension 'ignore'
[1.501s] Level 1:colcon.colcon_core.package_identification:_identify(.) by extension 'ignore_ament_install'
[1.502s] Level 1:colcon.colcon_core.package_identification:_identify(.) by extensions ['colcon_pkg']
[1.502s] Level 1:colcon.colcon_core.package_identification:_identify(.) by extension 'colcon_pkg'
[1.502s] Level 1:colcon.colcon_core.package_identification:_identify(.) by extensions ['colcon_meta']
[1.502s] Level 1:colcon.colcon_core.package_identification:_identify(.) by extension 'colcon_meta'
[1.502s] Level 1:colcon.colcon_core.package_identification:_identify(.) by extensions ['ros']
[1.502s] Level 1:colcon.colcon_core.package_identification:_identify(.) by extension 'ros'
[1.548s] Level 1:colcon.colcon_core.package_identification:_identify(.) by extensions ['cmake', 'python']
[1.548s] Level 1:colcon.colcon_core.package_identification:_identify(.) by extension 'cmake'
[1.548s] Level 1:colcon.colcon_core.package_identification:_identify(.) by extension 'python'
[1.548s] Level 1:colcon.colcon_core.package_identification:_identify(.) by extensions ['python_setup_py']
[1.548s] Level 1:colcon.colcon_core.package_identification:_identify(.) by extension 'python_setup_py'
[1.549s] Level 1:colcon.colcon_core.package_identification:_identify(build) by extensions ['ignore', 'ignore_ament_install']
[1.549s] Level 1:colcon.colcon_core.package_identification:_identify(build) by extension 'ignore'
[1.549s] Level 1:colcon.colcon_core.package_identification:_identify(build) ignored
[1.550s] Level 1:colcon.colcon_core.package_identification:_identify(install) by extensions ['ignore', 'ignore_ament_install']
[1.551s] Level 1:colcon.colcon_core.package_identification:_identify(install) by extension 'ignore'
[1.551s] Level 1:colcon.colcon_core.package_identification:_identify(install) ignored
[1.552s] Level 1:colcon.colcon_core.package_identification:_identify(log) by extensions ['ignore', 'ignore_ament_install']
[1.552s] Level 1:colcon.colcon_core.package_identification:_identify(log) by extension 'ignore'
[1.552s] Level 1:colcon.colcon_core.package_identification:_identify(log) ignored
[1.553s] Level 1:colcon.colcon_core.package_identification:_identify(src) by extensions ['ignore', 'ignore_ament_install']
[1.553s] Level 1:colcon.colcon_core.package_identification:_identify(src) by extension 'ignore'
[1.553s] Level 1:colcon.colcon_core.package_identification:_identify(src) by extension 'ignore_ament_install'
[1.553s] Level 1:colcon.colcon_core.package_identification:_identify(src) by extensions ['colcon_pkg']
[1.553s] Level 1:colcon.colcon_core.package_identification:_identify(src) by extension 'colcon_pkg'
[1.554s] Level 1:colcon.colcon_core.package_identification:_identify(src) by extensions ['colcon_meta']
[1.554s] Level 1:colcon.colcon_core.package_identification:_identify(src) by extension 'colcon_meta'
[1.554s] Level 1:colcon.colcon_core.package_identification:_identify(src) by extensions ['ros']
[1.554s] Level 1:colcon.colcon_core.package_identification:_identify(src) by extension 'ros'
[1.554s] Level 1:colcon.colcon_core.package_identification:_identify(src) by extensions ['cmake', 'python']
[1.554s] Level 1:colcon.colcon_core.package_identification:_identify(src) by extension 'cmake'
[1.555s] Level 1:colcon.colcon_core.package_identification:_identify(src) by extension 'python'
[1.555s] Level 1:colcon.colcon_core.package_identification:_identify(src) by extensions ['python_setup_py']
[1.555s] Level 1:colcon.colcon_core.package_identification:_identify(src) by extension 'python_setup_py'
[1.555s] Level 1:colcon.colcon_core.package_identification:_identify(src/bau_ctrl) by extensions ['ignore', 'ignore_ament_install']
[1.556s] Level 1:colcon.colcon_core.package_identification:_identify(src/bau_ctrl) by extension 'ignore'
[1.556s] Level 1:colcon.colcon_core.package_identification:_identify(src/bau_ctrl) by extension 'ignore_ament_install'
[1.556s] Level 1:colcon.colcon_core.package_identification:_identify(src/bau_ctrl) by extensions ['colcon_pkg']
[1.556s] Level 1:colcon.colcon_core.package_identification:_identify(src/bau_ctrl) by extension 'colcon_pkg'
[1.556s] Level 1:colcon.colcon_core.package_identification:_identify(src/bau_ctrl) by extensions ['colcon_meta']
[1.556s] Level 1:colcon.colcon_core.package_identification:_identify(src/bau_ctrl) by extension 'colcon_meta'
[1.556s] Level 1:colcon.colcon_core.package_identification:_identify(src/bau_ctrl) by extensions ['ros']
[1.557s] Level 1:colcon.colcon_core.package_identification:_identify(src/bau_ctrl) by extension 'ros'
[1.566s] DEBUG:colcon.colcon_core.package_identification:Package 'src/bau_ctrl' with type 'ros.ament_cmake' and name 'bau_ctrl'
[1.567s] Level 1:colcon.colcon_core.package_identification:_identify(src/car_uart_node) by extensions ['ignore', 'ignore_ament_install']
[1.567s] Level 1:colcon.colcon_core.package_identification:_identify(src/car_uart_node) by extension 'ignore'
[1.568s] Level 1:colcon.colcon_core.package_identification:_identify(src/car_uart_node) by extension 'ignore_ament_install'
[1.568s] Level 1:colcon.colcon_core.package_identification:_identify(src/car_uart_node) by extensions ['colcon_pkg']
[1.568s] Level 1:colcon.colcon_core.package_identification:_identify(src/car_uart_node) by extension 'colcon_pkg'
[1.568s] Level 1:colcon.colcon_core.package_identification:_identify(src/car_uart_node) by extensions ['colcon_meta']
[1.568s] Level 1:colcon.colcon_core.package_identification:_identify(src/car_uart_node) by extension 'colcon_meta'
[1.568s] Level 1:colcon.colcon_core.package_identification:_identify(src/car_uart_node) by extensions ['ros']
[1.569s] Level 1:colcon.colcon_core.package_identification:_identify(src/car_uart_node) by extension 'ros'
[1.570s] DEBUG:colcon.colcon_core.package_identification:Package 'src/car_uart_node' with type 'ros.ament_cmake' and name 'car_uart_node'
[1.571s] Level 1:colcon.colcon_core.package_identification:_identify(src/lidar_reader) by extensions ['ignore', 'ignore_ament_install']
[1.571s] Level 1:colcon.colcon_core.package_identification:_identify(src/lidar_reader) by extension 'ignore'
[1.571s] Level 1:colcon.colcon_core.package_identification:_identify(src/lidar_reader) by extension 'ignore_ament_install'
[1.572s] Level 1:colcon.colcon_core.package_identification:_identify(src/lidar_reader) by extensions ['colcon_pkg']
[1.572s] Level 1:colcon.colcon_core.package_identification:_identify(src/lidar_reader) by extension 'colcon_pkg'
[1.572s] Level 1:colcon.colcon_core.package_identification:_identify(src/lidar_reader) by extensions ['colcon_meta']
[1.572s] Level 1:colcon.colcon_core.package_identification:_identify(src/lidar_reader) by extension 'colcon_meta'
[1.572s] Level 1:colcon.colcon_core.package_identification:_identify(src/lidar_reader) by extensions ['ros']
[1.572s] Level 1:colcon.colcon_core.package_identification:_identify(src/lidar_reader) by extension 'ros'
[1.575s] DEBUG:colcon.colcon_core.package_identification:Package 'src/lidar_reader' with type 'ros.ament_cmake' and name 'lidar_reader'
[1.576s] Level 1:colcon.colcon_core.package_identification:_identify(src/sys_dispatcher) by extensions ['ignore', 'ignore_ament_install']
[1.576s] Level 1:colcon.colcon_core.package_identification:_identify(src/sys_dispatcher) by extension 'ignore'
[1.576s] Level 1:colcon.colcon_core.package_identification:_identify(src/sys_dispatcher) by extension 'ignore_ament_install'
[1.576s] Level 1:colcon.colcon_core.package_identification:_identify(src/sys_dispatcher) by extensions ['colcon_pkg']
[1.576s] Level 1:colcon.colcon_core.package_identification:_identify(src/sys_dispatcher) by extension 'colcon_pkg'
[1.577s] Level 1:colcon.colcon_core.package_identification:_identify(src/sys_dispatcher) by extensions ['colcon_meta']
[1.577s] Level 1:colcon.colcon_core.package_identification:_identify(src/sys_dispatcher) by extension 'colcon_meta'
[1.577s] Level 1:colcon.colcon_core.package_identification:_identify(src/sys_dispatcher) by extensions ['ros']
[1.577s] Level 1:colcon.colcon_core.package_identification:_identify(src/sys_dispatcher) by extension 'ros'
[1.580s] DEBUG:colcon.colcon_core.package_identification:Package 'src/sys_dispatcher' with type 'ros.ament_cmake' and name 'sys_dispatcher'
[1.580s] Level 1:colcon.colcon_core.package_discovery:discover_packages(recursive) using defaults
[1.581s] Level 1:colcon.colcon_core.package_discovery:discover_packages(ignore) discover
[1.581s] Level 1:colcon.colcon_core.package_discovery:discover_packages(ignore) using defaults
[1.581s] Level 1:colcon.colcon_core.package_discovery:discover_packages(path) discover
[1.581s] Level 1:colcon.colcon_core.package_discovery:discover_packages(path) using defaults
[1.669s] Level 1:colcon.colcon_core.package_discovery:discover_packages(prefix_path) check parameters
[1.670s] Level 1:colcon.colcon_core.package_discovery:discover_packages(prefix_path) discover
[1.682s] DEBUG:colcon.colcon_installed_package_information.package_discovery:Found 5 installed packages in /home/zhangqi/ros2/ros2_pkgs/install
[1.694s] DEBUG:colcon.colcon_installed_package_information.package_discovery:Found 318 installed packages in /opt/ros/humble
[1.702s] Level 1:colcon.colcon_core.package_discovery:discover_packages(prefix_path) using defaults
[1.973s] Level 5:colcon.colcon_core.verb:set package 'bau_ctrl' build argument 'cmake_args' from command line to '['-DCOMMON_LIB_PATH=~/ros2/libs/', '-DCMAKE_EXPORT_COMPILE_COMMANDS=on']'
[1.973s] Level 5:colcon.colcon_core.verb:set package 'bau_ctrl' build argument 'cmake_target' from command line to 'None'
[1.973s] Level 5:colcon.colcon_core.verb:set package 'bau_ctrl' build argument 'cmake_target_skip_unavailable' from command line to 'False'
[1.973s] Level 5:colcon.colcon_core.verb:set package 'bau_ctrl' build argument 'cmake_clean_cache' from command line to 'False'
[1.973s] Level 5:colcon.colcon_core.verb:set package 'bau_ctrl' build argument 'cmake_clean_first' from command line to 'False'
[1.973s] Level 5:colcon.colcon_core.verb:set package 'bau_ctrl' build argument 'cmake_force_configure' from command line to 'False'
[1.974s] Level 5:colcon.colcon_core.verb:set package 'bau_ctrl' build argument 'ament_cmake_args' from command line to 'None'
[1.974s] Level 5:colcon.colcon_core.verb:set package 'bau_ctrl' build argument 'catkin_cmake_args' from command line to 'None'
[1.974s] Level 5:colcon.colcon_core.verb:set package 'bau_ctrl' build argument 'catkin_skip_building_tests' from command line to 'False'
[1.974s] DEBUG:colcon.colcon_core.verb:Building package 'bau_ctrl' with the following arguments: {'ament_cmake_args': None, 'build_base': '/home/zhangqi/ros2/ros2_pkgs/build/bau_ctrl', 'catkin_cmake_args': None, 'catkin_skip_building_tests': False, 'cmake_args': ['-DCOMMON_LIB_PATH=~/ros2/libs/', '-DCMAKE_EXPORT_COMPILE_COMMANDS=on'], 'cmake_clean_cache': False, 'cmake_clean_first': False, 'cmake_force_configure': False, 'cmake_target': None, 'cmake_target_skip_unavailable': False, 'install_base': '/home/zhangqi/ros2/ros2_pkgs/install/bau_ctrl', 'merge_install': False, 'path': '/home/zhangqi/ros2/ros2_pkgs/src/bau_ctrl', 'symlink_install': False, 'test_result_base': None}
[1.978s] Level 5:colcon.colcon_core.verb:set package 'car_uart_node' build argument 'cmake_args' from command line to '['-DCOMMON_LIB_PATH=~/ros2/libs/', '-DCMAKE_EXPORT_COMPILE_COMMANDS=on']'
[1.978s] Level 5:colcon.colcon_core.verb:set package 'car_uart_node' build argument 'cmake_target' from command line to 'None'
[1.978s] Level 5:colcon.colcon_core.verb:set package 'car_uart_node' build argument 'cmake_target_skip_unavailable' from command line to 'False'
[1.978s] Level 5:colcon.colcon_core.verb:set package 'car_uart_node' build argument 'cmake_clean_cache' from command line to 'False'
[1.978s] Level 5:colcon.colcon_core.verb:set package 'car_uart_node' build argument 'cmake_clean_first' from command line to 'False'
[1.978s] Level 5:colcon.colcon_core.verb:set package 'car_uart_node' build argument 'cmake_force_configure' from command line to 'False'
[1.979s] Level 5:colcon.colcon_core.verb:set package 'car_uart_node' build argument 'ament_cmake_args' from command line to 'None'
[1.979s] Level 5:colcon.colcon_core.verb:set package 'car_uart_node' build argument 'catkin_cmake_args' from command line to 'None'
[1.979s] Level 5:colcon.colcon_core.verb:set package 'car_uart_node' build argument 'catkin_skip_building_tests' from command line to 'False'
[1.979s] DEBUG:colcon.colcon_core.verb:Building package 'car_uart_node' with the following arguments: {'ament_cmake_args': None, 'build_base': '/home/zhangqi/ros2/ros2_pkgs/build/car_uart_node', 'catkin_cmake_args': None, 'catkin_skip_building_tests': False, 'cmake_args': ['-DCOMMON_LIB_PATH=~/ros2/libs/', '-DCMAKE_EXPORT_COMPILE_COMMANDS=on'], 'cmake_clean_cache': False, 'cmake_clean_first': False, 'cmake_force_configure': False, 'cmake_target': None, 'cmake_target_skip_unavailable': False, 'install_base': '/home/zhangqi/ros2/ros2_pkgs/install/car_uart_node', 'merge_install': False, 'path': '/home/zhangqi/ros2/ros2_pkgs/src/car_uart_node', 'symlink_install': False, 'test_result_base': None}
[1.983s] Level 5:colcon.colcon_core.verb:set package 'lidar_reader' build argument 'cmake_args' from command line to '['-DCOMMON_LIB_PATH=~/ros2/libs/', '-DCMAKE_EXPORT_COMPILE_COMMANDS=on']'
[1.983s] Level 5:colcon.colcon_core.verb:set package 'lidar_reader' build argument 'cmake_target' from command line to 'None'
[1.983s] Level 5:colcon.colcon_core.verb:set package 'lidar_reader' build argument 'cmake_target_skip_unavailable' from command line to 'False'
[1.983s] Level 5:colcon.colcon_core.verb:set package 'lidar_reader' build argument 'cmake_clean_cache' from command line to 'False'
[1.983s] Level 5:colcon.colcon_core.verb:set package 'lidar_reader' build argument 'cmake_clean_first' from command line to 'False'
[1.983s] Level 5:colcon.colcon_core.verb:set package 'lidar_reader' build argument 'cmake_force_configure' from command line to 'False'
[1.983s] Level 5:colcon.colcon_core.verb:set package 'lidar_reader' build argument 'ament_cmake_args' from command line to 'None'
[1.984s] Level 5:colcon.colcon_core.verb:set package 'lidar_reader' build argument 'catkin_cmake_args' from command line to 'None'
[1.984s] Level 5:colcon.colcon_core.verb:set package 'lidar_reader' build argument 'catkin_skip_building_tests' from command line to 'False'
[1.984s] DEBUG:colcon.colcon_core.verb:Building package 'lidar_reader' with the following arguments: {'ament_cmake_args': None, 'build_base': '/home/zhangqi/ros2/ros2_pkgs/build/lidar_reader', 'catkin_cmake_args': None, 'catkin_skip_building_tests': False, 'cmake_args': ['-DCOMMON_LIB_PATH=~/ros2/libs/', '-DCMAKE_EXPORT_COMPILE_COMMANDS=on'], 'cmake_clean_cache': False, 'cmake_clean_first': False, 'cmake_force_configure': False, 'cmake_target': None, 'cmake_target_skip_unavailable': False, 'install_base': '/home/zhangqi/ros2/ros2_pkgs/install/lidar_reader', 'merge_install': False, 'path': '/home/zhangqi/ros2/ros2_pkgs/src/lidar_reader', 'symlink_install': False, 'test_result_base': None}
[1.988s] Level 5:colcon.colcon_core.verb:set package 'sys_dispatcher' build argument 'cmake_args' from command line to '['-DCOMMON_LIB_PATH=~/ros2/libs/', '-DCMAKE_EXPORT_COMPILE_COMMANDS=on']'
[1.988s] Level 5:colcon.colcon_core.verb:set package 'sys_dispatcher' build argument 'cmake_target' from command line to 'None'
[1.988s] Level 5:colcon.colcon_core.verb:set package 'sys_dispatcher' build argument 'cmake_target_skip_unavailable' from command line to 'False'
[1.988s] Level 5:colcon.colcon_core.verb:set package 'sys_dispatcher' build argument 'cmake_clean_cache' from command line to 'False'
[1.988s] Level 5:colcon.colcon_core.verb:set package 'sys_dispatcher' build argument 'cmake_clean_first' from command line to 'False'
[1.988s] Level 5:colcon.colcon_core.verb:set package 'sys_dispatcher' build argument 'cmake_force_configure' from command line to 'False'
[1.988s] Level 5:colcon.colcon_core.verb:set package 'sys_dispatcher' build argument 'ament_cmake_args' from command line to 'None'
[1.988s] Level 5:colcon.colcon_core.verb:set package 'sys_dispatcher' build argument 'catkin_cmake_args' from command line to 'None'
[1.989s] Level 5:colcon.colcon_core.verb:set package 'sys_dispatcher' build argument 'catkin_skip_building_tests' from command line to 'False'
[1.989s] DEBUG:colcon.colcon_core.verb:Building package 'sys_dispatcher' with the following arguments: {'ament_cmake_args': None, 'build_base': '/home/zhangqi/ros2/ros2_pkgs/build/sys_dispatcher', 'catkin_cmake_args': None, 'catkin_skip_building_tests': False, 'cmake_args': ['-DCOMMON_LIB_PATH=~/ros2/libs/', '-DCMAKE_EXPORT_COMPILE_COMMANDS=on'], 'cmake_clean_cache': False, 'cmake_clean_first': False, 'cmake_force_configure': False, 'cmake_target': None, 'cmake_target_skip_unavailable': False, 'install_base': '/home/zhangqi/ros2/ros2_pkgs/install/sys_dispatcher', 'merge_install': False, 'path': '/home/zhangqi/ros2/ros2_pkgs/src/sys_dispatcher', 'symlink_install': False, 'test_result_base': None}
[1.991s] INFO:colcon.colcon_core.executor:Executing jobs using 'parallel' executor
[2.003s] DEBUG:colcon.colcon_parallel_executor.executor.parallel:run_until_complete
[2.008s] INFO:colcon.colcon_ros.task.ament_cmake.build:Building ROS package in '/home/zhangqi/ros2/ros2_pkgs/src/bau_ctrl' with build type 'ament_cmake'
[2.009s] INFO:colcon.colcon_cmake.task.cmake.build:Building CMake package in '/home/zhangqi/ros2/ros2_pkgs/src/bau_ctrl'
[2.030s] INFO:colcon.colcon_core.plugin_system:Skipping extension 'colcon_core.shell.bat': Not used on non-Windows systems
[2.031s] INFO:colcon.colcon_core.shell:Skip shell extension 'powershell' for command environment: Not usable outside of PowerShell
[2.032s] DEBUG:colcon.colcon_core.shell:Skip shell extension 'dsv' for command environment
[2.062s] INFO:colcon.colcon_ros.task.ament_cmake.build:Building ROS package in '/home/zhangqi/ros2/ros2_pkgs/src/car_uart_node' with build type 'ament_cmake'
[2.062s] INFO:colcon.colcon_cmake.task.cmake.build:Building CMake package in '/home/zhangqi/ros2/ros2_pkgs/src/car_uart_node'
[2.069s] INFO:colcon.colcon_core.shell:Skip shell extension 'powershell' for command environment: Not usable outside of PowerShell
[2.069s] DEBUG:colcon.colcon_core.shell:Skip shell extension 'dsv' for command environment
[2.096s] INFO:colcon.colcon_ros.task.ament_cmake.build:Building ROS package in '/home/zhangqi/ros2/ros2_pkgs/src/lidar_reader' with build type 'ament_cmake'
[2.097s] INFO:colcon.colcon_cmake.task.cmake.build:Building CMake package in '/home/zhangqi/ros2/ros2_pkgs/src/lidar_reader'
[2.102s] INFO:colcon.colcon_core.shell:Skip shell extension 'powershell' for command environment: Not usable outside of PowerShell
[2.103s] DEBUG:colcon.colcon_core.shell:Skip shell extension 'dsv' for command environment
[2.128s] INFO:colcon.colcon_ros.task.ament_cmake.build:Building ROS package in '/home/zhangqi/ros2/ros2_pkgs/src/sys_dispatcher' with build type 'ament_cmake'
[2.129s] INFO:colcon.colcon_cmake.task.cmake.build:Building CMake package in '/home/zhangqi/ros2/ros2_pkgs/src/sys_dispatcher'
[2.134s] INFO:colcon.colcon_core.shell:Skip shell extension 'powershell' for command environment: Not usable outside of PowerShell
[2.135s] DEBUG:colcon.colcon_core.shell:Skip shell extension 'dsv' for command environment
[2.184s] DEBUG:colcon.colcon_core.event_handler.log_command:Invoking command in '/home/zhangqi/ros2/ros2_pkgs/build/bau_ctrl': CMAKE_PREFIX_PATH=${CMAKE_PREFIX_PATH}:/opt/ros/humble /usr/bin/cmake --build /home/zhangqi/ros2/ros2_pkgs/build/bau_ctrl -- -j4 -l4
[2.197s] DEBUG:colcon.colcon_core.event_handler.log_command:Invoking command in '/home/zhangqi/ros2/ros2_pkgs/build/car_uart_node': CMAKE_PREFIX_PATH=${CMAKE_PREFIX_PATH}:/opt/ros/humble /usr/bin/cmake --build /home/zhangqi/ros2/ros2_pkgs/build/car_uart_node -- -j4 -l4
[2.216s] DEBUG:colcon.colcon_core.event_handler.log_command:Invoking command in '/home/zhangqi/ros2/ros2_pkgs/build/lidar_reader': CMAKE_PREFIX_PATH=${CMAKE_PREFIX_PATH}:/opt/ros/humble /usr/bin/cmake --build /home/zhangqi/ros2/ros2_pkgs/build/lidar_reader -- -j4 -l4
[2.243s] DEBUG:colcon.colcon_core.event_handler.log_command:Invoking command in '/home/zhangqi/ros2/ros2_pkgs/build/sys_dispatcher': CMAKE_PREFIX_PATH=${CMAKE_PREFIX_PATH}:/opt/ros/humble /usr/bin/cmake --build /home/zhangqi/ros2/ros2_pkgs/build/sys_dispatcher -- -j4 -l4
[2.359s] DEBUG:colcon.colcon_core.event_handler.log_command:Invoked command in '/home/zhangqi/ros2/ros2_pkgs/build/car_uart_node' returned '0': CMAKE_PREFIX_PATH=${CMAKE_PREFIX_PATH}:/opt/ros/humble /usr/bin/cmake --build /home/zhangqi/ros2/ros2_pkgs/build/car_uart_node -- -j4 -l4
[2.539s] DEBUG:colcon.colcon_core.event_handler.log_command:Invoking command in '/home/zhangqi/ros2/ros2_pkgs/build/car_uart_node': CMAKE_PREFIX_PATH=${CMAKE_PREFIX_PATH}:/opt/ros/humble /usr/bin/cmake --install /home/zhangqi/ros2/ros2_pkgs/build/car_uart_node
[2.546s] DEBUG:colcon.colcon_core.event_handler.log_command:Invoked command in '/home/zhangqi/ros2/ros2_pkgs/build/lidar_reader' returned '0': CMAKE_PREFIX_PATH=${CMAKE_PREFIX_PATH}:/opt/ros/humble /usr/bin/cmake --build /home/zhangqi/ros2/ros2_pkgs/build/lidar_reader -- -j4 -l4
[2.566s] DEBUG:colcon.colcon_core.event_handler.log_command:Invoked command in '/home/zhangqi/ros2/ros2_pkgs/build/sys_dispatcher' returned '0': CMAKE_PREFIX_PATH=${CMAKE_PREFIX_PATH}:/opt/ros/humble /usr/bin/cmake --build /home/zhangqi/ros2/ros2_pkgs/build/sys_dispatcher -- -j4 -l4
[2.602s] Level 1:colcon.colcon_core.environment:create_environment_scripts_only(car_uart_node)
[2.606s] DEBUG:colcon.colcon_core.event_handler.log_command:Invoked command in '/home/zhangqi/ros2/ros2_pkgs/build/car_uart_node' returned '0': CMAKE_PREFIX_PATH=${CMAKE_PREFIX_PATH}:/opt/ros/humble /usr/bin/cmake --install /home/zhangqi/ros2/ros2_pkgs/build/car_uart_node
[2.627s] Level 1:colcon.colcon_core.environment:checking '/home/zhangqi/ros2/ros2_pkgs/install/car_uart_node' for CMake module files
[2.632s] Level 1:colcon.colcon_core.environment:checking '/home/zhangqi/ros2/ros2_pkgs/install/car_uart_node' for CMake config files
[2.633s] Level 1:colcon.colcon_core.shell:create_environment_hook('car_uart_node', 'cmake_prefix_path')
[2.639s] INFO:colcon.colcon_core.shell:Creating environment hook '/home/zhangqi/ros2/ros2_pkgs/install/car_uart_node/share/car_uart_node/hook/cmake_prefix_path.ps1'
[2.642s] INFO:colcon.colcon_core.shell:Creating environment descriptor '/home/zhangqi/ros2/ros2_pkgs/install/car_uart_node/share/car_uart_node/hook/cmake_prefix_path.dsv'
[2.644s] INFO:colcon.colcon_core.shell:Creating environment hook '/home/zhangqi/ros2/ros2_pkgs/install/car_uart_node/share/car_uart_node/hook/cmake_prefix_path.sh'
[2.648s] Level 1:colcon.colcon_core.environment:checking '/home/zhangqi/ros2/ros2_pkgs/install/car_uart_node/bin'
[2.649s] Level 1:colcon.colcon_core.environment:checking '/home/zhangqi/ros2/ros2_pkgs/install/car_uart_node/lib/pkgconfig/car_uart_node.pc'
[2.650s] Level 1:colcon.colcon_core.environment:checking '/home/zhangqi/ros2/ros2_pkgs/install/car_uart_node/lib/python3.10/site-packages'
[2.651s] Level 1:colcon.colcon_core.environment:checking '/home/zhangqi/ros2/ros2_pkgs/install/car_uart_node/bin'
[2.657s] INFO:colcon.colcon_core.shell:Creating package script '/home/zhangqi/ros2/ros2_pkgs/install/car_uart_node/share/car_uart_node/package.ps1'
[2.661s] INFO:colcon.colcon_core.shell:Creating package descriptor '/home/zhangqi/ros2/ros2_pkgs/install/car_uart_node/share/car_uart_node/package.dsv'
[2.664s] INFO:colcon.colcon_core.shell:Creating package script '/home/zhangqi/ros2/ros2_pkgs/install/car_uart_node/share/car_uart_node/package.sh'
[2.668s] INFO:colcon.colcon_core.shell:Creating package script '/home/zhangqi/ros2/ros2_pkgs/install/car_uart_node/share/car_uart_node/package.bash'
[2.671s] INFO:colcon.colcon_core.shell:Creating package script '/home/zhangqi/ros2/ros2_pkgs/install/car_uart_node/share/car_uart_node/package.zsh'
[2.674s] Level 1:colcon.colcon_core.environment:create_file_with_runtime_dependencies(/home/zhangqi/ros2/ros2_pkgs/install/car_uart_node/share/colcon-core/packages/car_uart_node)
[2.708s] DEBUG:colcon.colcon_core.event_handler.log_command:Invoking command in '/home/zhangqi/ros2/ros2_pkgs/build/lidar_reader': CMAKE_PREFIX_PATH=${CMAKE_PREFIX_PATH}:/opt/ros/humble /usr/bin/cmake --install /home/zhangqi/ros2/ros2_pkgs/build/lidar_reader
[2.719s] DEBUG:colcon.colcon_core.event_handler.log_command:Invoking command in '/home/zhangqi/ros2/ros2_pkgs/build/sys_dispatcher': CMAKE_PREFIX_PATH=${CMAKE_PREFIX_PATH}:/opt/ros/humble /usr/bin/cmake --install /home/zhangqi/ros2/ros2_pkgs/build/sys_dispatcher
[2.753s] Level 1:colcon.colcon_core.environment:create_environment_scripts_only(lidar_reader)
[2.763s] DEBUG:colcon.colcon_core.event_handler.log_command:Invoked command in '/home/zhangqi/ros2/ros2_pkgs/build/lidar_reader' returned '0': CMAKE_PREFIX_PATH=${CMAKE_PREFIX_PATH}:/opt/ros/humble /usr/bin/cmake --install /home/zhangqi/ros2/ros2_pkgs/build/lidar_reader
[2.776s] Level 1:colcon.colcon_core.environment:checking '/home/zhangqi/ros2/ros2_pkgs/install/lidar_reader' for CMake module files
[2.785s] Level 1:colcon.colcon_core.environment:checking '/home/zhangqi/ros2/ros2_pkgs/install/lidar_reader' for CMake config files
[2.788s] Level 1:colcon.colcon_core.shell:create_environment_hook('lidar_reader', 'cmake_prefix_path')
[2.794s] INFO:colcon.colcon_core.shell:Creating environment hook '/home/zhangqi/ros2/ros2_pkgs/install/lidar_reader/share/lidar_reader/hook/cmake_prefix_path.ps1'
[2.796s] INFO:colcon.colcon_core.shell:Creating environment descriptor '/home/zhangqi/ros2/ros2_pkgs/install/lidar_reader/share/lidar_reader/hook/cmake_prefix_path.dsv'
[2.798s] INFO:colcon.colcon_core.shell:Creating environment hook '/home/zhangqi/ros2/ros2_pkgs/install/lidar_reader/share/lidar_reader/hook/cmake_prefix_path.sh'
[2.800s] Level 1:colcon.colcon_core.environment:checking '/home/zhangqi/ros2/ros2_pkgs/install/lidar_reader/lib'
[2.802s] Level 1:colcon.colcon_core.environment:checking '/home/zhangqi/ros2/ros2_pkgs/install/lidar_reader/bin'
[2.802s] Level 1:colcon.colcon_core.environment:checking '/home/zhangqi/ros2/ros2_pkgs/install/lidar_reader/lib/pkgconfig/lidar_reader.pc'
[2.803s] Level 1:colcon.colcon_core.environment:checking '/home/zhangqi/ros2/ros2_pkgs/install/lidar_reader/lib/python3.10/site-packages'
[2.805s] Level 1:colcon.colcon_core.environment:checking '/home/zhangqi/ros2/ros2_pkgs/install/lidar_reader/bin'
[2.810s] INFO:colcon.colcon_core.shell:Creating package script '/home/zhangqi/ros2/ros2_pkgs/install/lidar_reader/share/lidar_reader/package.ps1'
[2.813s] INFO:colcon.colcon_core.shell:Creating package descriptor '/home/zhangqi/ros2/ros2_pkgs/install/lidar_reader/share/lidar_reader/package.dsv'
[2.816s] INFO:colcon.colcon_core.shell:Creating package script '/home/zhangqi/ros2/ros2_pkgs/install/lidar_reader/share/lidar_reader/package.sh'
[2.818s] INFO:colcon.colcon_core.shell:Creating package script '/home/zhangqi/ros2/ros2_pkgs/install/lidar_reader/share/lidar_reader/package.bash'
[2.820s] INFO:colcon.colcon_core.shell:Creating package script '/home/zhangqi/ros2/ros2_pkgs/install/lidar_reader/share/lidar_reader/package.zsh'
[2.821s] Level 1:colcon.colcon_core.environment:create_file_with_runtime_dependencies(/home/zhangqi/ros2/ros2_pkgs/install/lidar_reader/share/colcon-core/packages/lidar_reader)
[2.834s] Level 1:colcon.colcon_core.environment:create_environment_scripts_only(car_uart_node)
[2.843s] Level 1:colcon.colcon_core.environment:checking '/home/zhangqi/ros2/ros2_pkgs/install/car_uart_node' for CMake module files
[2.846s] Level 1:colcon.colcon_core.environment:checking '/home/zhangqi/ros2/ros2_pkgs/install/car_uart_node' for CMake config files
[2.848s] Level 1:colcon.colcon_core.shell:create_environment_hook('car_uart_node', 'cmake_prefix_path')
[2.854s] INFO:colcon.colcon_core.shell:Creating environment hook '/home/zhangqi/ros2/ros2_pkgs/install/car_uart_node/share/car_uart_node/hook/cmake_prefix_path.ps1'
[2.856s] INFO:colcon.colcon_core.shell:Creating environment descriptor '/home/zhangqi/ros2/ros2_pkgs/install/car_uart_node/share/car_uart_node/hook/cmake_prefix_path.dsv'
[2.858s] INFO:colcon.colcon_core.shell:Creating environment hook '/home/zhangqi/ros2/ros2_pkgs/install/car_uart_node/share/car_uart_node/hook/cmake_prefix_path.sh'
[2.861s] Level 1:colcon.colcon_core.environment:checking '/home/zhangqi/ros2/ros2_pkgs/install/car_uart_node/bin'
[2.861s] Level 1:colcon.colcon_core.environment:checking '/home/zhangqi/ros2/ros2_pkgs/install/car_uart_node/lib/pkgconfig/car_uart_node.pc'
[2.862s] Level 1:colcon.colcon_core.environment:checking '/home/zhangqi/ros2/ros2_pkgs/install/car_uart_node/lib/python3.10/site-packages'
[2.863s] Level 1:colcon.colcon_core.environment:checking '/home/zhangqi/ros2/ros2_pkgs/install/car_uart_node/bin'
[2.869s] INFO:colcon.colcon_core.shell:Creating package script '/home/zhangqi/ros2/ros2_pkgs/install/car_uart_node/share/car_uart_node/package.ps1'
[2.871s] INFO:colcon.colcon_core.shell:Creating package descriptor '/home/zhangqi/ros2/ros2_pkgs/install/car_uart_node/share/car_uart_node/package.dsv'
[2.874s] INFO:colcon.colcon_core.shell:Creating package script '/home/zhangqi/ros2/ros2_pkgs/install/car_uart_node/share/car_uart_node/package.sh'
[2.876s] INFO:colcon.colcon_core.shell:Creating package script '/home/zhangqi/ros2/ros2_pkgs/install/car_uart_node/share/car_uart_node/package.bash'
[2.878s] INFO:colcon.colcon_core.shell:Creating package script '/home/zhangqi/ros2/ros2_pkgs/install/car_uart_node/share/car_uart_node/package.zsh'
[2.881s] Level 1:colcon.colcon_core.environment:create_file_with_runtime_dependencies(/home/zhangqi/ros2/ros2_pkgs/install/car_uart_node/share/colcon-core/packages/car_uart_node)
[2.884s] Level 1:colcon.colcon_core.environment:create_environment_scripts_only(sys_dispatcher)
[2.893s] Level 1:colcon.colcon_core.environment:checking '/home/zhangqi/ros2/ros2_pkgs/install/sys_dispatcher' for CMake module files
[2.894s] DEBUG:colcon.colcon_core.event_handler.log_command:Invoked command in '/home/zhangqi/ros2/ros2_pkgs/build/sys_dispatcher' returned '0': CMAKE_PREFIX_PATH=${CMAKE_PREFIX_PATH}:/opt/ros/humble /usr/bin/cmake --install /home/zhangqi/ros2/ros2_pkgs/build/sys_dispatcher
[2.897s] Level 1:colcon.colcon_core.environment:checking '/home/zhangqi/ros2/ros2_pkgs/install/sys_dispatcher' for CMake config files
[2.900s] Level 1:colcon.colcon_core.shell:create_environment_hook('sys_dispatcher', 'cmake_prefix_path')
[2.905s] INFO:colcon.colcon_core.shell:Creating environment hook '/home/zhangqi/ros2/ros2_pkgs/install/sys_dispatcher/share/sys_dispatcher/hook/cmake_prefix_path.ps1'
[2.907s] INFO:colcon.colcon_core.shell:Creating environment descriptor '/home/zhangqi/ros2/ros2_pkgs/install/sys_dispatcher/share/sys_dispatcher/hook/cmake_prefix_path.dsv'
[2.909s] INFO:colcon.colcon_core.shell:Creating environment hook '/home/zhangqi/ros2/ros2_pkgs/install/sys_dispatcher/share/sys_dispatcher/hook/cmake_prefix_path.sh'
[2.913s] Level 1:colcon.colcon_core.environment:checking '/home/zhangqi/ros2/ros2_pkgs/install/sys_dispatcher/lib'
[2.914s] Level 1:colcon.colcon_core.environment:checking '/home/zhangqi/ros2/ros2_pkgs/install/sys_dispatcher/bin'
[2.914s] Level 1:colcon.colcon_core.environment:checking '/home/zhangqi/ros2/ros2_pkgs/install/sys_dispatcher/lib/pkgconfig/sys_dispatcher.pc'
[2.915s] Level 1:colcon.colcon_core.environment:checking '/home/zhangqi/ros2/ros2_pkgs/install/sys_dispatcher/lib/python3.10/site-packages'
[2.916s] Level 1:colcon.colcon_core.environment:checking '/home/zhangqi/ros2/ros2_pkgs/install/sys_dispatcher/bin'
[2.922s] INFO:colcon.colcon_core.shell:Creating package script '/home/zhangqi/ros2/ros2_pkgs/install/sys_dispatcher/share/sys_dispatcher/package.ps1'
[2.924s] INFO:colcon.colcon_core.shell:Creating package descriptor '/home/zhangqi/ros2/ros2_pkgs/install/sys_dispatcher/share/sys_dispatcher/package.dsv'
[2.926s] INFO:colcon.colcon_core.shell:Creating package script '/home/zhangqi/ros2/ros2_pkgs/install/sys_dispatcher/share/sys_dispatcher/package.sh'
[2.928s] INFO:colcon.colcon_core.shell:Creating package script '/home/zhangqi/ros2/ros2_pkgs/install/sys_dispatcher/share/sys_dispatcher/package.bash'
[2.930s] INFO:colcon.colcon_core.shell:Creating package script '/home/zhangqi/ros2/ros2_pkgs/install/sys_dispatcher/share/sys_dispatcher/package.zsh'
[2.932s] Level 1:colcon.colcon_core.environment:create_file_with_runtime_dependencies(/home/zhangqi/ros2/ros2_pkgs/install/sys_dispatcher/share/colcon-core/packages/sys_dispatcher)
[2.959s] Level 1:colcon.colcon_core.environment:create_environment_scripts_only(lidar_reader)
[2.967s] Level 1:colcon.colcon_core.environment:checking '/home/zhangqi/ros2/ros2_pkgs/install/lidar_reader' for CMake module files
[2.971s] Level 1:colcon.colcon_core.environment:checking '/home/zhangqi/ros2/ros2_pkgs/install/lidar_reader' for CMake config files
[2.973s] Level 1:colcon.colcon_core.shell:create_environment_hook('lidar_reader', 'cmake_prefix_path')
[2.979s] INFO:colcon.colcon_core.shell:Creating environment hook '/home/zhangqi/ros2/ros2_pkgs/install/lidar_reader/share/lidar_reader/hook/cmake_prefix_path.ps1'
[2.981s] INFO:colcon.colcon_core.shell:Creating environment descriptor '/home/zhangqi/ros2/ros2_pkgs/install/lidar_reader/share/lidar_reader/hook/cmake_prefix_path.dsv'
[2.982s] INFO:colcon.colcon_core.shell:Creating environment hook '/home/zhangqi/ros2/ros2_pkgs/install/lidar_reader/share/lidar_reader/hook/cmake_prefix_path.sh'
[2.985s] Level 1:colcon.colcon_core.environment:checking '/home/zhangqi/ros2/ros2_pkgs/install/lidar_reader/lib'
[2.986s] Level 1:colcon.colcon_core.environment:checking '/home/zhangqi/ros2/ros2_pkgs/install/lidar_reader/bin'
[2.986s] Level 1:colcon.colcon_core.environment:checking '/home/zhangqi/ros2/ros2_pkgs/install/lidar_reader/lib/pkgconfig/lidar_reader.pc'
[2.987s] Level 1:colcon.colcon_core.environment:checking '/home/zhangqi/ros2/ros2_pkgs/install/lidar_reader/lib/python3.10/site-packages'
[2.988s] Level 1:colcon.colcon_core.environment:checking '/home/zhangqi/ros2/ros2_pkgs/install/lidar_reader/bin'
[2.994s] INFO:colcon.colcon_core.shell:Creating package script '/home/zhangqi/ros2/ros2_pkgs/install/lidar_reader/share/lidar_reader/package.ps1'
[2.996s] INFO:colcon.colcon_core.shell:Creating package descriptor '/home/zhangqi/ros2/ros2_pkgs/install/lidar_reader/share/lidar_reader/package.dsv'
[2.999s] INFO:colcon.colcon_core.shell:Creating package script '/home/zhangqi/ros2/ros2_pkgs/install/lidar_reader/share/lidar_reader/package.sh'
[3.001s] INFO:colcon.colcon_core.shell:Creating package script '/home/zhangqi/ros2/ros2_pkgs/install/lidar_reader/share/lidar_reader/package.bash'
[3.003s] INFO:colcon.colcon_core.shell:Creating package script '/home/zhangqi/ros2/ros2_pkgs/install/lidar_reader/share/lidar_reader/package.zsh'
[3.005s] Level 1:colcon.colcon_core.environment:create_file_with_runtime_dependencies(/home/zhangqi/ros2/ros2_pkgs/install/lidar_reader/share/colcon-core/packages/lidar_reader)
[3.054s] Level 1:colcon.colcon_core.environment:create_environment_scripts_only(sys_dispatcher)
[3.061s] Level 1:colcon.colcon_core.environment:checking '/home/zhangqi/ros2/ros2_pkgs/install/sys_dispatcher' for CMake module files
[3.064s] Level 1:colcon.colcon_core.environment:checking '/home/zhangqi/ros2/ros2_pkgs/install/sys_dispatcher' for CMake config files
[3.066s] Level 1:colcon.colcon_core.shell:create_environment_hook('sys_dispatcher', 'cmake_prefix_path')
[3.072s] INFO:colcon.colcon_core.shell:Creating environment hook '/home/zhangqi/ros2/ros2_pkgs/install/sys_dispatcher/share/sys_dispatcher/hook/cmake_prefix_path.ps1'
[3.075s] INFO:colcon.colcon_core.shell:Creating environment descriptor '/home/zhangqi/ros2/ros2_pkgs/install/sys_dispatcher/share/sys_dispatcher/hook/cmake_prefix_path.dsv'
[3.076s] INFO:colcon.colcon_core.shell:Creating environment hook '/home/zhangqi/ros2/ros2_pkgs/install/sys_dispatcher/share/sys_dispatcher/hook/cmake_prefix_path.sh'
[3.079s] Level 1:colcon.colcon_core.environment:checking '/home/zhangqi/ros2/ros2_pkgs/install/sys_dispatcher/lib'
[3.079s] Level 1:colcon.colcon_core.environment:checking '/home/zhangqi/ros2/ros2_pkgs/install/sys_dispatcher/bin'
[3.080s] Level 1:colcon.colcon_core.environment:checking '/home/zhangqi/ros2/ros2_pkgs/install/sys_dispatcher/lib/pkgconfig/sys_dispatcher.pc'
[3.081s] Level 1:colcon.colcon_core.environment:checking '/home/zhangqi/ros2/ros2_pkgs/install/sys_dispatcher/lib/python3.10/site-packages'
[3.081s] Level 1:colcon.colcon_core.environment:checking '/home/zhangqi/ros2/ros2_pkgs/install/sys_dispatcher/bin'
[3.087s] INFO:colcon.colcon_core.shell:Creating package script '/home/zhangqi/ros2/ros2_pkgs/install/sys_dispatcher/share/sys_dispatcher/package.ps1'
[3.089s] INFO:colcon.colcon_core.shell:Creating package descriptor '/home/zhangqi/ros2/ros2_pkgs/install/sys_dispatcher/share/sys_dispatcher/package.dsv'
[3.091s] INFO:colcon.colcon_core.shell:Creating package script '/home/zhangqi/ros2/ros2_pkgs/install/sys_dispatcher/share/sys_dispatcher/package.sh'
[3.094s] INFO:colcon.colcon_core.shell:Creating package script '/home/zhangqi/ros2/ros2_pkgs/install/sys_dispatcher/share/sys_dispatcher/package.bash'
[3.096s] INFO:colcon.colcon_core.shell:Creating package script '/home/zhangqi/ros2/ros2_pkgs/install/sys_dispatcher/share/sys_dispatcher/package.zsh'
[3.098s] Level 1:colcon.colcon_core.environment:create_file_with_runtime_dependencies(/home/zhangqi/ros2/ros2_pkgs/install/sys_dispatcher/share/colcon-core/packages/sys_dispatcher)
[40.127s] DEBUG:colcon.colcon_core.event_handler.log_command:Invoked command in '/home/zhangqi/ros2/ros2_pkgs/build/bau_ctrl' returned '0': CMAKE_PREFIX_PATH=${CMAKE_PREFIX_PATH}:/opt/ros/humble /usr/bin/cmake --build /home/zhangqi/ros2/ros2_pkgs/build/bau_ctrl -- -j4 -l4
[40.287s] DEBUG:colcon.colcon_core.event_handler.log_command:Invoking command in '/home/zhangqi/ros2/ros2_pkgs/build/bau_ctrl': CMAKE_PREFIX_PATH=${CMAKE_PREFIX_PATH}:/opt/ros/humble /usr/bin/cmake --install /home/zhangqi/ros2/ros2_pkgs/build/bau_ctrl
[40.354s] Level 1:colcon.colcon_core.environment:create_environment_scripts_only(bau_ctrl)
[40.362s] Level 1:colcon.colcon_core.environment:checking '/home/zhangqi/ros2/ros2_pkgs/install/bau_ctrl' for CMake module files
[40.363s] DEBUG:colcon.colcon_core.event_handler.log_command:Invoked command in '/home/zhangqi/ros2/ros2_pkgs/build/bau_ctrl' returned '0': CMAKE_PREFIX_PATH=${CMAKE_PREFIX_PATH}:/opt/ros/humble /usr/bin/cmake --install /home/zhangqi/ros2/ros2_pkgs/build/bau_ctrl
[40.365s] Level 1:colcon.colcon_core.environment:checking '/home/zhangqi/ros2/ros2_pkgs/install/bau_ctrl' for CMake config files
[40.367s] Level 1:colcon.colcon_core.shell:create_environment_hook('bau_ctrl', 'cmake_prefix_path')
[40.372s] INFO:colcon.colcon_core.shell:Creating environment hook '/home/zhangqi/ros2/ros2_pkgs/install/bau_ctrl/share/bau_ctrl/hook/cmake_prefix_path.ps1'
[40.374s] INFO:colcon.colcon_core.shell:Creating environment descriptor '/home/zhangqi/ros2/ros2_pkgs/install/bau_ctrl/share/bau_ctrl/hook/cmake_prefix_path.dsv'
[40.376s] INFO:colcon.colcon_core.shell:Creating environment hook '/home/zhangqi/ros2/ros2_pkgs/install/bau_ctrl/share/bau_ctrl/hook/cmake_prefix_path.sh'
[40.379s] Level 1:colcon.colcon_core.environment:checking '/home/zhangqi/ros2/ros2_pkgs/install/bau_ctrl/lib'
[40.379s] Level 1:colcon.colcon_core.environment:checking '/home/zhangqi/ros2/ros2_pkgs/install/bau_ctrl/bin'
[40.379s] Level 1:colcon.colcon_core.environment:checking '/home/zhangqi/ros2/ros2_pkgs/install/bau_ctrl/lib/pkgconfig/bau_ctrl.pc'
[40.380s] Level 1:colcon.colcon_core.environment:checking '/home/zhangqi/ros2/ros2_pkgs/install/bau_ctrl/lib/python3.10/site-packages'
[40.381s] Level 1:colcon.colcon_core.environment:checking '/home/zhangqi/ros2/ros2_pkgs/install/bau_ctrl/bin'
[40.386s] INFO:colcon.colcon_core.shell:Creating package script '/home/zhangqi/ros2/ros2_pkgs/install/bau_ctrl/share/bau_ctrl/package.ps1'
[40.388s] INFO:colcon.colcon_core.shell:Creating package descriptor '/home/zhangqi/ros2/ros2_pkgs/install/bau_ctrl/share/bau_ctrl/package.dsv'
[40.390s] INFO:colcon.colcon_core.shell:Creating package script '/home/zhangqi/ros2/ros2_pkgs/install/bau_ctrl/share/bau_ctrl/package.sh'
[40.392s] INFO:colcon.colcon_core.shell:Creating package script '/home/zhangqi/ros2/ros2_pkgs/install/bau_ctrl/share/bau_ctrl/package.bash'
[40.394s] INFO:colcon.colcon_core.shell:Creating package script '/home/zhangqi/ros2/ros2_pkgs/install/bau_ctrl/share/bau_ctrl/package.zsh'
[40.396s] Level 1:colcon.colcon_core.environment:create_file_with_runtime_dependencies(/home/zhangqi/ros2/ros2_pkgs/install/bau_ctrl/share/colcon-core/packages/bau_ctrl)
[40.554s] Level 1:colcon.colcon_core.environment:create_environment_scripts_only(bau_ctrl)
[40.563s] Level 1:colcon.colcon_core.environment:checking '/home/zhangqi/ros2/ros2_pkgs/install/bau_ctrl' for CMake module files
[40.566s] Level 1:colcon.colcon_core.environment:checking '/home/zhangqi/ros2/ros2_pkgs/install/bau_ctrl' for CMake config files
[40.569s] Level 1:colcon.colcon_core.shell:create_environment_hook('bau_ctrl', 'cmake_prefix_path')
[40.574s] INFO:colcon.colcon_core.shell:Creating environment hook '/home/zhangqi/ros2/ros2_pkgs/install/bau_ctrl/share/bau_ctrl/hook/cmake_prefix_path.ps1'
[40.575s] INFO:colcon.colcon_core.shell:Creating environment descriptor '/home/zhangqi/ros2/ros2_pkgs/install/bau_ctrl/share/bau_ctrl/hook/cmake_prefix_path.dsv'
[40.577s] INFO:colcon.colcon_core.shell:Creating environment hook '/home/zhangqi/ros2/ros2_pkgs/install/bau_ctrl/share/bau_ctrl/hook/cmake_prefix_path.sh'
[40.579s] Level 1:colcon.colcon_core.environment:checking '/home/zhangqi/ros2/ros2_pkgs/install/bau_ctrl/lib'
[40.580s] Level 1:colcon.colcon_core.environment:checking '/home/zhangqi/ros2/ros2_pkgs/install/bau_ctrl/bin'
[40.580s] Level 1:colcon.colcon_core.environment:checking '/home/zhangqi/ros2/ros2_pkgs/install/bau_ctrl/lib/pkgconfig/bau_ctrl.pc'
[40.581s] Level 1:colcon.colcon_core.environment:checking '/home/zhangqi/ros2/ros2_pkgs/install/bau_ctrl/lib/python3.10/site-packages'
[40.581s] Level 1:colcon.colcon_core.environment:checking '/home/zhangqi/ros2/ros2_pkgs/install/bau_ctrl/bin'
[40.586s] INFO:colcon.colcon_core.shell:Creating package script '/home/zhangqi/ros2/ros2_pkgs/install/bau_ctrl/share/bau_ctrl/package.ps1'
[40.589s] INFO:colcon.colcon_core.shell:Creating package descriptor '/home/zhangqi/ros2/ros2_pkgs/install/bau_ctrl/share/bau_ctrl/package.dsv'
[40.591s] INFO:colcon.colcon_core.shell:Creating package script '/home/zhangqi/ros2/ros2_pkgs/install/bau_ctrl/share/bau_ctrl/package.sh'
[40.593s] INFO:colcon.colcon_core.shell:Creating package script '/home/zhangqi/ros2/ros2_pkgs/install/bau_ctrl/share/bau_ctrl/package.bash'
[40.595s] INFO:colcon.colcon_core.shell:Creating package script '/home/zhangqi/ros2/ros2_pkgs/install/bau_ctrl/share/bau_ctrl/package.zsh'
[40.597s] Level 1:colcon.colcon_core.environment:create_file_with_runtime_dependencies(/home/zhangqi/ros2/ros2_pkgs/install/bau_ctrl/share/colcon-core/packages/bau_ctrl)
[40.598s] DEBUG:colcon.colcon_parallel_executor.executor.parallel:closing loop
[40.599s] DEBUG:colcon.colcon_parallel_executor.executor.parallel:loop closed
[40.599s] DEBUG:colcon.colcon_parallel_executor.executor.parallel:run_until_complete finished with '0'
[40.600s] DEBUG:colcon.colcon_core.event_reactor:joining thread
[40.621s] INFO:colcon.colcon_core.plugin_system:Skipping extension 'colcon_notification.desktop_notification.terminal_notifier': Not used on non-Darwin systems
[40.622s] INFO:colcon.colcon_core.plugin_system:Skipping extension 'colcon_notification.desktop_notification.win32': Not used on non-Windows systems
[40.622s] INFO:colcon.colcon_notification.desktop_notification:Sending desktop notification using 'notify2'
[40.625s] DEBUG:colcon.colcon_notification.desktop_notification.notify2:Failed to initialize notify2: org.freedesktop.DBus.Error.ServiceUnknown: The name org.freedesktop.Notifications was not provided by any .service files
[40.625s] DEBUG:colcon.colcon_core.event_reactor:joined thread
[40.630s] INFO:colcon.colcon_core.shell:Creating prefix script '/home/zhangqi/ros2/ros2_pkgs/install/local_setup.ps1'
[40.633s] INFO:colcon.colcon_core.shell:Creating prefix util module '/home/zhangqi/ros2/ros2_pkgs/install/_local_setup_util_ps1.py'
[40.640s] INFO:colcon.colcon_core.shell:Creating prefix chain script '/home/zhangqi/ros2/ros2_pkgs/install/setup.ps1'
[40.648s] INFO:colcon.colcon_core.shell:Creating prefix script '/home/zhangqi/ros2/ros2_pkgs/install/local_setup.sh'
[40.650s] INFO:colcon.colcon_core.shell:Creating prefix util module '/home/zhangqi/ros2/ros2_pkgs/install/_local_setup_util_sh.py'
[40.653s] INFO:colcon.colcon_core.shell:Creating prefix chain script '/home/zhangqi/ros2/ros2_pkgs/install/setup.sh'
[40.660s] INFO:colcon.colcon_core.shell:Creating prefix script '/home/zhangqi/ros2/ros2_pkgs/install/local_setup.bash'
[40.663s] INFO:colcon.colcon_core.shell:Creating prefix chain script '/home/zhangqi/ros2/ros2_pkgs/install/setup.bash'
[40.669s] INFO:colcon.colcon_core.shell:Creating prefix script '/home/zhangqi/ros2/ros2_pkgs/install/local_setup.zsh'
[40.672s] INFO:colcon.colcon_core.shell:Creating prefix chain script '/home/zhangqi/ros2/ros2_pkgs/install/setup.zsh'
