[0.092s] Invoking command in '/home/zhangqi/ros2/ros2_pkgs/build/sys_dispatcher': CMAKE_PREFIX_PATH=${CMAKE_PREFIX_PATH}:/opt/ros/humble /usr/bin/cmake /home/zhangqi/ros2/ros2_pkgs/src/sys_dispatcher -DCOMMON_LIB_PATH=~/ros2/libs/ -DCMAKE_EXPORT_COMPILE_COMMANDS=on -DCMAKE_INSTALL_PREFIX=/home/zhangqi/ros2/ros2_pkgs/install/sys_dispatcher
[1.603s] -- The C compiler identification is GNU 11.3.0
[2.613s] -- The CXX compiler identification is GNU 11.3.0
[2.658s] -- Detecting C compiler ABI info
[3.114s] -- Detecting C compiler ABI info - done
[3.142s] -- Check for working C compiler: /usr/bin/cc - skipped
[3.143s] -- Detecting C compile features
[3.145s] -- Detecting C compile features - done
[3.160s] -- Detecting CXX compiler ABI info
[3.621s] -- Detecting CXX compiler ABI info - done
[3.648s] -- Check for working CXX compiler: /usr/bin/c++ - skipped
[3.650s] -- Detecting CXX compile features
[3.651s] -- Detecting CXX compile features - done
[3.687s] -- Found ament_cmake: 1.3.3 (/opt/ros/humble/share/ament_cmake/cmake)
[5.031s] -- Found Python3: /usr/bin/python3.10 (found version "3.10.6") found components: Interpreter 
[5.885s] -- Found rclcpp: 16.0.3 (/opt/ros/humble/share/rclcpp/cmake)
[6.391s] -- Found rosidl_generator_c: 3.1.4 (/opt/ros/humble/share/rosidl_generator_c/cmake)
[6.506s] -- Found rosidl_adapter: 3.1.4 (/opt/ros/humble/share/rosidl_adapter/cmake)
[6.614s] -- Found rosidl_generator_cpp: 3.1.4 (/opt/ros/humble/share/rosidl_generator_cpp/cmake)
[6.740s] -- Using all available rosidl_typesupport_c: rosidl_typesupport_fastrtps_c;rosidl_typesupport_introspection_c
[6.921s] -- Using all available rosidl_typesupport_cpp: rosidl_typesupport_fastrtps_cpp;rosidl_typesupport_introspection_cpp
[7.496s] -- Found rmw_implementation_cmake: 6.1.1 (/opt/ros/humble/share/rmw_implementation_cmake/cmake)
[7.534s] -- Found rmw_fastrtps_cpp: 6.2.2 (/opt/ros/humble/share/rmw_fastrtps_cpp/cmake)
[8.299s] -- Found OpenSSL: /usr/lib/aarch64-linux-gnu/libcrypto.so (found version "3.0.2")  
[8.562s] -- Found FastRTPS: /opt/ros/humble/include  
[8.989s] -- Using RMW implementation 'rmw_fastrtps_cpp' as default
[9.102s] -- Looking for pthread.h
[9.479s] -- Looking for pthread.h - found
[9.483s] -- Performing Test CMAKE_HAVE_LIBC_PTHREAD
[9.853s] -- Performing Test CMAKE_HAVE_LIBC_PTHREAD - Success
[9.858s] -- Found Threads: TRUE  
[10.692s] -- Found sensor_msgs: 4.2.3 (/opt/ros/humble/share/sensor_msgs/cmake)
[11.246s] -- Found tf2_ros: 0.25.2 (/opt/ros/humble/share/tf2_ros/cmake)
[12.942s] -- Found ament_lint_auto: 0.12.5 (/opt/ros/humble/share/ament_lint_auto/cmake)
[13.499s] -- Added test 'cppcheck' to perform static code analysis on C / C++ code
[13.499s] -- Configured cppcheck include dirs: /home/zhangqi/ros2/ros2_pkgs/src/sys_dispatcher/include
[13.500s] -- Configured cppcheck exclude dirs and/or files: 
[13.503s] -- Added test 'flake8' to check Python code syntax and style conventions
[13.508s] -- Added test 'lint_cmake' to check CMake code style
[13.511s] -- Added test 'pep257' to check Python code against some of the docstring style conventions in PEP 257
[13.522s] -- Added test 'uncrustify' to check C / C++ code style
[13.522s] -- Configured uncrustify additional arguments: 
[13.525s] -- Added test 'xmllint' to check XML markup files
[13.534s] -- Configuring done
[13.608s] -- Generating done
[13.617s] -- Build files have been written to: /home/zhangqi/ros2/ros2_pkgs/build/sys_dispatcher
[13.671s] Invoked command in '/home/zhangqi/ros2/ros2_pkgs/build/sys_dispatcher' returned '0': CMAKE_PREFIX_PATH=${CMAKE_PREFIX_PATH}:/opt/ros/humble /usr/bin/cmake /home/zhangqi/ros2/ros2_pkgs/src/sys_dispatcher -DCOMMON_LIB_PATH=~/ros2/libs/ -DCMAKE_EXPORT_COMPILE_COMMANDS=on -DCMAKE_INSTALL_PREFIX=/home/zhangqi/ros2/ros2_pkgs/install/sys_dispatcher
[13.673s] Invoking command in '/home/zhangqi/ros2/ros2_pkgs/build/sys_dispatcher': CMAKE_PREFIX_PATH=${CMAKE_PREFIX_PATH}:/opt/ros/humble /usr/bin/cmake --build /home/zhangqi/ros2/ros2_pkgs/build/sys_dispatcher -- -j4 -l4
[13.776s] -- Found ament_cmake: 1.3.3 (/opt/ros/humble/share/ament_cmake/cmake)
[14.526s] -- Found rclcpp: 16.0.3 (/opt/ros/humble/share/rclcpp/cmake)
[14.715s] -- Found rosidl_generator_c: 3.1.4 (/opt/ros/humble/share/rosidl_generator_c/cmake)
[14.726s] -- Found rosidl_adapter: 3.1.4 (/opt/ros/humble/share/rosidl_adapter/cmake)
[14.752s] -- Found rosidl_generator_cpp: 3.1.4 (/opt/ros/humble/share/rosidl_generator_cpp/cmake)
[14.799s] -- Using all available rosidl_typesupport_c: rosidl_typesupport_fastrtps_c;rosidl_typesupport_introspection_c
[14.867s] -- Using all available rosidl_typesupport_cpp: rosidl_typesupport_fastrtps_cpp;rosidl_typesupport_introspection_cpp
[15.103s] -- Found rmw_implementation_cmake: 6.1.1 (/opt/ros/humble/share/rmw_implementation_cmake/cmake)
[15.110s] -- Found rmw_fastrtps_cpp: 6.2.2 (/opt/ros/humble/share/rmw_fastrtps_cpp/cmake)
[16.092s] -- Using RMW implementation 'rmw_fastrtps_cpp' as default
[16.740s] -- Found sensor_msgs: 4.2.3 (/opt/ros/humble/share/sensor_msgs/cmake)
[17.230s] -- Found tf2_ros: 0.25.2 (/opt/ros/humble/share/tf2_ros/cmake)
[18.609s] -- Found ament_lint_auto: 0.12.5 (/opt/ros/humble/share/ament_lint_auto/cmake)
[19.113s] -- Added test 'cppcheck' to perform static code analysis on C / C++ code
[19.115s] -- Configured cppcheck include dirs: /home/zhangqi/ros2/ros2_pkgs/src/sys_dispatcher/include
[19.116s] -- Configured cppcheck exclude dirs and/or files: 
[19.118s] -- Added test 'flake8' to check Python code syntax and style conventions
[19.123s] -- Added test 'lint_cmake' to check CMake code style
[19.126s] -- Added test 'pep257' to check Python code against some of the docstring style conventions in PEP 257
[19.138s] -- Added test 'uncrustify' to check C / C++ code style
[19.139s] -- Configured uncrustify additional arguments: 
[19.141s] -- Added test 'xmllint' to check XML markup files
[19.147s] -- Configuring done
[19.252s] -- Generating done
[19.275s] -- Build files have been written to: /home/zhangqi/ros2/ros2_pkgs/build/sys_dispatcher
[19.441s] gmake[2]: Warning: File '/home/zhangqi/ros2/ros2_pkgs/src/sys_dispatcher/src/sys_dispatcher.cc' has modification time 4148438 s in the future
[19.482s] [ 50%] [32mBuilding CXX object CMakeFiles/sys_dispatcher.dir/src/sys_dispatcher.cc.o[0m
[52.327s] [100%] [32m[1mLinking CXX executable sys_dispatcher[0m
[53.865s] gmake[2]: warning:  Clock skew detected.  Your build may be incomplete.
[53.901s] [100%] Built target sys_dispatcher
[53.947s] Invoked command in '/home/zhangqi/ros2/ros2_pkgs/build/sys_dispatcher' returned '0': CMAKE_PREFIX_PATH=${CMAKE_PREFIX_PATH}:/opt/ros/humble /usr/bin/cmake --build /home/zhangqi/ros2/ros2_pkgs/build/sys_dispatcher -- -j4 -l4
[54.093s] Invoking command in '/home/zhangqi/ros2/ros2_pkgs/build/sys_dispatcher': CMAKE_PREFIX_PATH=${CMAKE_PREFIX_PATH}:/opt/ros/humble /usr/bin/cmake --install /home/zhangqi/ros2/ros2_pkgs/build/sys_dispatcher
[54.122s] -- Install configuration: ""
[54.123s] -- Installing: /home/zhangqi/ros2/ros2_pkgs/install/sys_dispatcher/lib/sys_dispatcher/sys_dispatcher
[54.134s] -- Set runtime path of "/home/zhangqi/ros2/ros2_pkgs/install/sys_dispatcher/lib/sys_dispatcher/sys_dispatcher" to ""
[54.135s] -- Up-to-date: /home/zhangqi/ros2/ros2_pkgs/install/sys_dispatcher/share/sys_dispatcher//launch
[54.138s] -- Up-to-date: /home/zhangqi/ros2/ros2_pkgs/install/sys_dispatcher/share/sys_dispatcher//launch/sys_dispatcher_launch.py
[54.138s] -- Up-to-date: /home/zhangqi/ros2/ros2_pkgs/install/sys_dispatcher/share/sys_dispatcher//launch/.sys_dispatcher_launch.py.swp
[54.139s] -- Up-to-date: /home/zhangqi/ros2/ros2_pkgs/install/sys_dispatcher/share/sys_dispatcher//params
[54.140s] -- Up-to-date: /home/zhangqi/ros2/ros2_pkgs/install/sys_dispatcher/share/sys_dispatcher//params/nav2_params.yaml
[54.140s] -- Up-to-date: /home/zhangqi/ros2/ros2_pkgs/install/sys_dispatcher/share/sys_dispatcher//params/robot_localization_ekf.yaml
[54.143s] -- Installing: /home/zhangqi/ros2/ros2_pkgs/install/sys_dispatcher/share/ament_index/resource_index/package_run_dependencies/sys_dispatcher
[54.143s] -- Installing: /home/zhangqi/ros2/ros2_pkgs/install/sys_dispatcher/share/ament_index/resource_index/parent_prefix_path/sys_dispatcher
[54.144s] -- Up-to-date: /home/zhangqi/ros2/ros2_pkgs/install/sys_dispatcher/share/sys_dispatcher/environment/ament_prefix_path.sh
[54.145s] -- Installing: /home/zhangqi/ros2/ros2_pkgs/install/sys_dispatcher/share/sys_dispatcher/environment/ament_prefix_path.dsv
[54.147s] -- Up-to-date: /home/zhangqi/ros2/ros2_pkgs/install/sys_dispatcher/share/sys_dispatcher/environment/path.sh
[54.148s] -- Installing: /home/zhangqi/ros2/ros2_pkgs/install/sys_dispatcher/share/sys_dispatcher/environment/path.dsv
[54.149s] -- Installing: /home/zhangqi/ros2/ros2_pkgs/install/sys_dispatcher/share/sys_dispatcher/local_setup.bash
[54.150s] -- Installing: /home/zhangqi/ros2/ros2_pkgs/install/sys_dispatcher/share/sys_dispatcher/local_setup.sh
[54.152s] -- Installing: /home/zhangqi/ros2/ros2_pkgs/install/sys_dispatcher/share/sys_dispatcher/local_setup.zsh
[54.153s] -- Installing: /home/zhangqi/ros2/ros2_pkgs/install/sys_dispatcher/share/sys_dispatcher/local_setup.dsv
[54.155s] -- Installing: /home/zhangqi/ros2/ros2_pkgs/install/sys_dispatcher/share/sys_dispatcher/package.dsv
[54.157s] -- Installing: /home/zhangqi/ros2/ros2_pkgs/install/sys_dispatcher/share/ament_index/resource_index/packages/sys_dispatcher
[54.158s] -- Installing: /home/zhangqi/ros2/ros2_pkgs/install/sys_dispatcher/share/sys_dispatcher/cmake/sys_dispatcherConfig.cmake
[54.160s] -- Installing: /home/zhangqi/ros2/ros2_pkgs/install/sys_dispatcher/share/sys_dispatcher/cmake/sys_dispatcherConfig-version.cmake
[54.162s] -- Up-to-date: /home/zhangqi/ros2/ros2_pkgs/install/sys_dispatcher/share/sys_dispatcher/package.xml
[54.178s] Invoked command in '/home/zhangqi/ros2/ros2_pkgs/build/sys_dispatcher' returned '0': CMAKE_PREFIX_PATH=${CMAKE_PREFIX_PATH}:/opt/ros/humble /usr/bin/cmake --install /home/zhangqi/ros2/ros2_pkgs/build/sys_dispatcher
