-- Found ament_cmake: 1.3.3 (/opt/ros/humble/share/ament_cmake/cmake)
-- Found rclcpp: 16.0.3 (/opt/ros/humble/share/rclcpp/cmake)
-- Found rosidl_generator_c: 3.1.4 (/opt/ros/humble/share/rosidl_generator_c/cmake)
-- Found rosidl_adapter: 3.1.4 (/opt/ros/humble/share/rosidl_adapter/cmake)
-- Found rosidl_generator_cpp: 3.1.4 (/opt/ros/humble/share/rosidl_generator_cpp/cmake)
-- Using all available rosidl_typesupport_c: rosidl_typesupport_fastrtps_c;rosidl_typesupport_introspection_c
-- Using all available rosidl_typesupport_cpp: rosidl_typesupport_fastrtps_cpp;rosidl_typesupport_introspection_cpp
-- Found rmw_implementation_cmake: 6.1.1 (/opt/ros/humble/share/rmw_implementation_cmake/cmake)
-- Found rmw_fastrtps_cpp: 6.2.2 (/opt/ros/humble/share/rmw_fastrtps_cpp/cmake)
-- Using RMW implementation 'rmw_fastrtps_cpp' as default
-- Found sensor_msgs: 4.2.3 (/opt/ros/humble/share/sensor_msgs/cmake)
-- Found ament_lint_auto: 0.12.5 (/opt/ros/humble/share/ament_lint_auto/cmake)
-- Added test 'cppcheck' to perform static code analysis on C / C++ code
-- Configured cppcheck include dirs: /home/zhangqi/ros2/ros2_pkgs/src/lidar_reader/include
-- Configured cppcheck exclude dirs and/or files: 
-- Added test 'flake8' to check Python code syntax and style conventions
-- Added test 'lint_cmake' to check CMake code style
-- Added test 'pep257' to check Python code against some of the docstring style conventions in PEP 257
-- Added test 'uncrustify' to check C / C++ code style
-- Configured uncrustify additional arguments: 
-- Added test 'xmllint' to check XML markup files
-- Configuring done
-- Generating done
-- Build files have been written to: /home/zhangqi/ros2/ros2_pkgs/build/lidar_reader
[35m[1mConsolidate compiler generated dependencies of target lidar_reader[0m
gmake[2]: Warning: File '/home/zhangqi/ros2/ros2_pkgs/src/lidar_reader/src/lidar_dev.cc' has modification time 4145418 s in the future
[ 33%] [32mBuilding CXX object CMakeFiles/lidar_reader.dir/src/lidar_dev.cc.o[0m
[ 66%] [32mBuilding CXX object CMakeFiles/lidar_reader.dir/src/lidar_reader.cpp.o[0m
gmake[2]: *** [CMakeFiles/lidar_reader.dir/build.make:90: CMakeFiles/lidar_reader.dir/src/lidar_reader.cpp.o] Interrupt
gmake[2]: *** [CMakeFiles/lidar_reader.dir/build.make:76: CMakeFiles/lidar_reader.dir/src/lidar_dev.cc.o] Interrupt
gmake[1]: *** [CMakeFiles/Makefile2:137: CMakeFiles/lidar_reader.dir/all] Interrupt
gmake: *** [Makefile:146: all] Interrupt
