[0.119s] Invoking command in '/home/zhangqi/ros2/ros2_pkgs/build/lidar_reader': CMAKE_PREFIX_PATH=${CMAKE_PREFIX_PATH}:/opt/ros/humble /usr/bin/cmake --build /home/zhangqi/ros2/ros2_pkgs/build/lidar_reader -- -j4 -l4
[0.230s] -- Found ament_cmake: 1.3.3 (/opt/ros/humble/share/ament_cmake/cmake)
[1.222s] -- Found rclcpp: 16.0.3 (/opt/ros/humble/share/rclcpp/cmake)
[1.417s] -- Found rosidl_generator_c: 3.1.4 (/opt/ros/humble/share/rosidl_generator_c/cmake)
[1.432s] -- Found rosidl_adapter: 3.1.4 (/opt/ros/humble/share/rosidl_adapter/cmake)
[1.473s] -- Found rosidl_generator_cpp: 3.1.4 (/opt/ros/humble/share/rosidl_generator_cpp/cmake)
[1.535s] -- Using all available rosidl_typesupport_c: rosidl_typesupport_fastrtps_c;rosidl_typesupport_introspection_c
[1.617s] -- Using all available rosidl_typesupport_cpp: rosidl_typesupport_fastrtps_cpp;rosidl_typesupport_introspection_cpp
[1.881s] -- Found rmw_implementation_cmake: 6.1.1 (/opt/ros/humble/share/rmw_implementation_cmake/cmake)
[1.890s] -- Found rmw_fastrtps_cpp: 6.2.2 (/opt/ros/humble/share/rmw_fastrtps_cpp/cmake)
[2.866s] -- Using RMW implementation 'rmw_fastrtps_cpp' as default
[3.492s] -- Found sensor_msgs: 4.2.3 (/opt/ros/humble/share/sensor_msgs/cmake)
[3.971s] -- Found ament_lint_auto: 0.12.5 (/opt/ros/humble/share/ament_lint_auto/cmake)
[4.325s] -- Added test 'cppcheck' to perform static code analysis on C / C++ code
[4.325s] -- Configured cppcheck include dirs: /home/zhangqi/ros2/ros2_pkgs/src/lidar_reader/include
[4.326s] -- Configured cppcheck exclude dirs and/or files: 
[4.327s] -- Added test 'flake8' to check Python code syntax and style conventions
[4.330s] -- Added test 'lint_cmake' to check CMake code style
[4.332s] -- Added test 'pep257' to check Python code against some of the docstring style conventions in PEP 257
[4.340s] -- Added test 'uncrustify' to check C / C++ code style
[4.340s] -- Configured uncrustify additional arguments: 
[4.342s] -- Added test 'xmllint' to check XML markup files
[4.346s] -- Configuring done
[4.410s] -- Generating done
[4.419s] -- Build files have been written to: /home/zhangqi/ros2/ros2_pkgs/build/lidar_reader
[4.527s] [35m[1mConsolidate compiler generated dependencies of target lidar_reader[0m
[4.585s] gmake[2]: Warning: File '/home/zhangqi/ros2/ros2_pkgs/src/lidar_reader/src/lidar_dev.cc' has modification time 4145418 s in the future
[4.632s] [ 33%] [32mBuilding CXX object CMakeFiles/lidar_reader.dir/src/lidar_dev.cc.o[0m
[4.638s] [ 66%] [32mBuilding CXX object CMakeFiles/lidar_reader.dir/src/lidar_reader.cpp.o[0m
[21.526s] gmake[2]: *** [CMakeFiles/lidar_reader.dir/build.make:90: CMakeFiles/lidar_reader.dir/src/lidar_reader.cpp.o] Interrupt
[21.534s] gmake[2]: *** [CMakeFiles/lidar_reader.dir/build.make:76: CMakeFiles/lidar_reader.dir/src/lidar_dev.cc.o] Interrupt
[21.539s] gmake[1]: *** [CMakeFiles/Makefile2:137: CMakeFiles/lidar_reader.dir/all] Interrupt
[21.570s] gmake: *** [Makefile:146: all] Interrupt
[21.650s] Invoked command in '/home/zhangqi/ros2/ros2_pkgs/build/lidar_reader' returned '-2': CMAKE_PREFIX_PATH=${CMAKE_PREFIX_PATH}:/opt/ros/humble /usr/bin/cmake --build /home/zhangqi/ros2/ros2_pkgs/build/lidar_reader -- -j4 -l4
