[0.154s] Invoking command in '/home/zhangqi/ros2/ros2_pkgs/build/bau_ctrl': CMAKE_PREFIX_PATH=${CMAKE_PREFIX_PATH}:/opt/ros/humble /usr/bin/cmake --build /home/zhangqi/ros2/ros2_pkgs/build/bau_ctrl -- -j4 -l4
[0.282s] -- Found ament_cmake: 1.3.3 (/opt/ros/humble/share/ament_cmake/cmake)
[1.246s] -- Found rclcpp: 16.0.3 (/opt/ros/humble/share/rclcpp/cmake)
[1.458s] -- Found rosidl_generator_c: 3.1.4 (/opt/ros/humble/share/rosidl_generator_c/cmake)
[1.470s] -- Found rosidl_adapter: 3.1.4 (/opt/ros/humble/share/rosidl_adapter/cmake)
[1.500s] -- Found rosidl_generator_cpp: 3.1.4 (/opt/ros/humble/share/rosidl_generator_cpp/cmake)
[1.566s] -- Using all available rosidl_typesupport_c: rosidl_typesupport_fastrtps_c;rosidl_typesupport_introspection_c
[1.643s] -- Using all available rosidl_typesupport_cpp: rosidl_typesupport_fastrtps_cpp;rosidl_typesupport_introspection_cpp
[1.903s] -- Found rmw_implementation_cmake: 6.1.1 (/opt/ros/humble/share/rmw_implementation_cmake/cmake)
[1.912s] -- Found rmw_fastrtps_cpp: 6.2.2 (/opt/ros/humble/share/rmw_fastrtps_cpp/cmake)
[2.912s] -- Using RMW implementation 'rmw_fastrtps_cpp' as default
[3.532s] -- Found geometry_msgs: 4.2.3 (/opt/ros/humble/share/geometry_msgs/cmake)
[3.700s] -- Found tf2_ros: 0.25.2 (/opt/ros/humble/share/tf2_ros/cmake)
[4.983s] -- Found nav_msgs: 4.2.3 (/opt/ros/humble/share/nav_msgs/cmake)
[5.306s] -- Found ament_lint_auto: 0.12.5 (/opt/ros/humble/share/ament_lint_auto/cmake)
[5.673s] -- Added test 'cppcheck' to perform static code analysis on C / C++ code
[5.675s] -- Configured cppcheck include dirs: /home/zhangqi/ros2/ros2_pkgs/src/bau_ctrl/include;$<BUILD_INTERFACE:/home/zhangqi/ros2/ros2_pkgs/src/bau_ctrl/include>
[5.677s] -- Configured cppcheck exclude dirs and/or files: 
[5.680s] -- Added test 'flake8' to check Python code syntax and style conventions
[5.684s] -- Added test 'lint_cmake' to check CMake code style
[5.688s] -- Added test 'pep257' to check Python code against some of the docstring style conventions in PEP 257
[5.697s] -- Added test 'uncrustify' to check C / C++ code style
[5.699s] -- Configured uncrustify additional arguments: 
[5.701s] -- Added test 'xmllint' to check XML markup files
[5.708s] -- Configuring done
[5.787s] -- Generating done
[5.796s] -- Build files have been written to: /home/zhangqi/ros2/ros2_pkgs/build/bau_ctrl
[5.919s] [35m[1mConsolidate compiler generated dependencies of target bau_ctrl[0m
[5.981s] gmake[2]: Warning: File '/home/zhangqi/ros2/ros2_pkgs/src/bau_ctrl/src/bau_ctrl.cpp' has modification time 4230443 s in the future
[6.037s] [ 33%] [32mBuilding CXX object CMakeFiles/bau_ctrl.dir/src/bau_dev.cc.o[0m
[6.057s] [ 66%] [32mBuilding CXX object CMakeFiles/bau_ctrl.dir/src/bau_ctrl.cpp.o[0m
[21.611s] gmake[2]: *** [CMakeFiles/bau_ctrl.dir/build.make:76: CMakeFiles/bau_ctrl.dir/src/bau_ctrl.cpp.o] Interrupt
[21.639s] gmake[2]: *** [CMakeFiles/bau_ctrl.dir/build.make:90: CMakeFiles/bau_ctrl.dir/src/bau_dev.cc.o] Interrupt
[21.646s] gmake[1]: *** [CMakeFiles/Makefile2:137: CMakeFiles/bau_ctrl.dir/all] Interrupt
[21.648s] gmake: *** [Makefile:146: all] Interrupt
[21.717s] Invoked command in '/home/zhangqi/ros2/ros2_pkgs/build/bau_ctrl' returned '-2': CMAKE_PREFIX_PATH=${CMAKE_PREFIX_PATH}:/opt/ros/humble /usr/bin/cmake --build /home/zhangqi/ros2/ros2_pkgs/build/bau_ctrl -- -j4 -l4
