[0.117s] Invoking command in '/home/zhangqi/ros2/ros2_pkgs/build/lidar_reader': CMAKE_PREFIX_PATH=${CMAKE_PREFIX_PATH}:/opt/ros/humble /usr/bin/cmake --build /home/zhangqi/ros2/ros2_pkgs/build/lidar_reader -- -j4 -l4
[0.231s] -- Found ament_cmake: 1.3.3 (/opt/ros/humble/share/ament_cmake/cmake)
[1.238s] -- Found rclcpp: 16.0.3 (/opt/ros/humble/share/rclcpp/cmake)
[1.431s] -- Found rosidl_generator_c: 3.1.4 (/opt/ros/humble/share/rosidl_generator_c/cmake)
[1.447s] -- Found rosidl_adapter: 3.1.4 (/opt/ros/humble/share/rosidl_adapter/cmake)
[1.491s] -- Found rosidl_generator_cpp: 3.1.4 (/opt/ros/humble/share/rosidl_generator_cpp/cmake)
[1.550s] -- Using all available rosidl_typesupport_c: rosidl_typesupport_fastrtps_c;rosidl_typesupport_introspection_c
[1.631s] -- Using all available rosidl_typesupport_cpp: rosidl_typesupport_fastrtps_cpp;rosidl_typesupport_introspection_cpp
[1.920s] -- Found rmw_implementation_cmake: 6.1.1 (/opt/ros/humble/share/rmw_implementation_cmake/cmake)
[1.931s] -- Found rmw_fastrtps_cpp: 6.2.2 (/opt/ros/humble/share/rmw_fastrtps_cpp/cmake)
[2.903s] -- Using RMW implementation 'rmw_fastrtps_cpp' as default
[3.519s] -- Found sensor_msgs: 4.2.3 (/opt/ros/humble/share/sensor_msgs/cmake)
[3.996s] -- Found ament_lint_auto: 0.12.5 (/opt/ros/humble/share/ament_lint_auto/cmake)
[4.341s] -- Added test 'cppcheck' to perform static code analysis on C / C++ code
[4.342s] -- Configured cppcheck include dirs: /home/zhangqi/ros2/ros2_pkgs/src/lidar_reader/include
[4.342s] -- Configured cppcheck exclude dirs and/or files: 
[4.344s] -- Added test 'flake8' to check Python code syntax and style conventions
[4.347s] -- Added test 'lint_cmake' to check CMake code style
[4.349s] -- Added test 'pep257' to check Python code against some of the docstring style conventions in PEP 257
[4.356s] -- Added test 'uncrustify' to check C / C++ code style
[4.357s] -- Configured uncrustify additional arguments: 
[4.358s] -- Added test 'xmllint' to check XML markup files
[4.363s] -- Configuring done
[4.427s] -- Generating done
[4.438s] -- Build files have been written to: /home/zhangqi/ros2/ros2_pkgs/build/lidar_reader
[4.548s] [35m[1mConsolidate compiler generated dependencies of target lidar_reader[0m
[4.609s] gmake[2]: Warning: File '/usr/include/linux/errno.h' has modification time 1307500 s in the future
[4.653s] [ 33%] [32mBuilding CXX object CMakeFiles/lidar_reader.dir/src/lidar_dev.cc.o[0m
[4.660s] [ 66%] [32mBuilding CXX object CMakeFiles/lidar_reader.dir/src/lidar_reader.cpp.o[0m
[26.279s] [01m[K/home/zhangqi/ros2/ros2_pkgs/src/lidar_reader/src/lidar_dev.cc:[m[K In function ‘[01m[Kint32_t wheeltec_n10_frame_unpack(uint8_t*, int32_t, WHEELTEC_N10_FRAME**)[m[K’:
[26.281s] [01m[K/home/zhangqi/ros2/ros2_pkgs/src/lidar_reader/src/lidar_dev.cc:94:31:[m[K [01;35m[Kwarning: [m[Kcomparison of integer expressions of different signedness: ‘[01m[Kint32_t[m[K’ {aka ‘[01m[Kint[m[K’} and ‘[01m[Klong unsigned int[m[K’ [[01;35m[K-Wsign-compare[m[K]
[26.282s]    94 |                 if ([01;35m[K(len - i) < sizeof(struct WHEELTEC_N10_FRAME)[m[K)
[26.283s]       |                     [01;35m[K~~~~~~~~~~^~~~~~~~~~~~~~~~~~~~~~~~~~~~~~~~~~~[m[K
[38.840s] [100%] [32m[1mLinking CXX executable lidar_reader[0m
[40.003s] gmake[2]: warning:  Clock skew detected.  Your build may be incomplete.
[40.039s] [100%] Built target lidar_reader
[40.082s] Invoked command in '/home/zhangqi/ros2/ros2_pkgs/build/lidar_reader' returned '0': CMAKE_PREFIX_PATH=${CMAKE_PREFIX_PATH}:/opt/ros/humble /usr/bin/cmake --build /home/zhangqi/ros2/ros2_pkgs/build/lidar_reader -- -j4 -l4
[40.237s] Invoking command in '/home/zhangqi/ros2/ros2_pkgs/build/lidar_reader': CMAKE_PREFIX_PATH=${CMAKE_PREFIX_PATH}:/opt/ros/humble /usr/bin/cmake --install /home/zhangqi/ros2/ros2_pkgs/build/lidar_reader
[40.276s] -- Install configuration: ""
[40.279s] -- Installing: /home/zhangqi/ros2/ros2_pkgs/install/lidar_reader/lib/lidar_reader/lidar_reader
[40.294s] -- Set runtime path of "/home/zhangqi/ros2/ros2_pkgs/install/lidar_reader/lib/lidar_reader/lidar_reader" to ""
[40.296s] -- Up-to-date: /home/zhangqi/ros2/ros2_pkgs/install/lidar_reader/share/lidar_reader//launch
[40.297s] -- Up-to-date: /home/zhangqi/ros2/ros2_pkgs/install/lidar_reader/share/lidar_reader//launch/lidar_launch.py
[40.299s] -- Up-to-date: /home/zhangqi/ros2/ros2_pkgs/install/lidar_reader/share/ament_index/resource_index/package_run_dependencies/lidar_reader
[40.300s] -- Up-to-date: /home/zhangqi/ros2/ros2_pkgs/install/lidar_reader/share/ament_index/resource_index/parent_prefix_path/lidar_reader
[40.301s] -- Up-to-date: /home/zhangqi/ros2/ros2_pkgs/install/lidar_reader/share/lidar_reader/environment/ament_prefix_path.sh
[40.303s] -- Installing: /home/zhangqi/ros2/ros2_pkgs/install/lidar_reader/share/lidar_reader/environment/ament_prefix_path.dsv
[40.304s] -- Up-to-date: /home/zhangqi/ros2/ros2_pkgs/install/lidar_reader/share/lidar_reader/environment/path.sh
[40.305s] -- Installing: /home/zhangqi/ros2/ros2_pkgs/install/lidar_reader/share/lidar_reader/environment/path.dsv
[40.307s] -- Up-to-date: /home/zhangqi/ros2/ros2_pkgs/install/lidar_reader/share/lidar_reader/local_setup.bash
[40.308s] -- Up-to-date: /home/zhangqi/ros2/ros2_pkgs/install/lidar_reader/share/lidar_reader/local_setup.sh
[40.308s] -- Up-to-date: /home/zhangqi/ros2/ros2_pkgs/install/lidar_reader/share/lidar_reader/local_setup.zsh
[40.309s] -- Installing: /home/zhangqi/ros2/ros2_pkgs/install/lidar_reader/share/lidar_reader/local_setup.dsv
[40.311s] -- Installing: /home/zhangqi/ros2/ros2_pkgs/install/lidar_reader/share/lidar_reader/package.dsv
[40.313s] -- Up-to-date: /home/zhangqi/ros2/ros2_pkgs/install/lidar_reader/share/ament_index/resource_index/packages/lidar_reader
[40.314s] -- Up-to-date: /home/zhangqi/ros2/ros2_pkgs/install/lidar_reader/share/lidar_reader/cmake/lidar_readerConfig.cmake
[40.315s] -- Up-to-date: /home/zhangqi/ros2/ros2_pkgs/install/lidar_reader/share/lidar_reader/cmake/lidar_readerConfig-version.cmake
[40.316s] -- Up-to-date: /home/zhangqi/ros2/ros2_pkgs/install/lidar_reader/share/lidar_reader/package.xml
[40.335s] Invoked command in '/home/zhangqi/ros2/ros2_pkgs/build/lidar_reader' returned '0': CMAKE_PREFIX_PATH=${CMAKE_PREFIX_PATH}:/opt/ros/humble /usr/bin/cmake --install /home/zhangqi/ros2/ros2_pkgs/build/lidar_reader
