[0.128s] Invoking command in '/home/zhangqi/ros2/ros2_pkgs/build/sys_dispatcher': CMAKE_PREFIX_PATH=${CMAKE_PREFIX_PATH}:/opt/ros/humble /usr/bin/cmake --build /home/zhangqi/ros2/ros2_pkgs/build/sys_dispatcher -- -j4 -l4
[0.412s] [100%] Built target sys_dispatcher
[0.486s] Invoked command in '/home/zhangqi/ros2/ros2_pkgs/build/sys_dispatcher' returned '0': CMAKE_PREFIX_PATH=${CMAKE_PREFIX_PATH}:/opt/ros/humble /usr/bin/cmake --build /home/zhangqi/ros2/ros2_pkgs/build/sys_dispatcher -- -j4 -l4
[0.681s] Invoking command in '/home/zhangqi/ros2/ros2_pkgs/build/sys_dispatcher': CMAKE_PREFIX_PATH=${CMAKE_PREFIX_PATH}:/opt/ros/humble /usr/bin/cmake --install /home/zhangqi/ros2/ros2_pkgs/build/sys_dispatcher
[0.722s] -- Install configuration: ""
[0.723s] -- Up-to-date: /home/zhangqi/ros2/ros2_pkgs/install/sys_dispatcher/lib/sys_dispatcher/sys_dispatcher
[0.723s] -- Up-to-date: /home/zhangqi/ros2/ros2_pkgs/install/sys_dispatcher/share/sys_dispatcher//launch
[0.724s] -- Up-to-date: /home/zhangqi/ros2/ros2_pkgs/install/sys_dispatcher/share/sys_dispatcher//launch/sys_dispatcher_launch.py
[0.724s] -- Up-to-date: /home/zhangqi/ros2/ros2_pkgs/install/sys_dispatcher/share/sys_dispatcher//params
[0.725s] -- Up-to-date: /home/zhangqi/ros2/ros2_pkgs/install/sys_dispatcher/share/sys_dispatcher//params/nav2_params.yaml
[0.725s] -- Up-to-date: /home/zhangqi/ros2/ros2_pkgs/install/sys_dispatcher/share/sys_dispatcher//params/robot_localization_ekf.yaml.bak
[0.726s] -- Up-to-date: /home/zhangqi/ros2/ros2_pkgs/install/sys_dispatcher/share/sys_dispatcher//params/.robot_localization_ekf.yaml.swp
[0.726s] -- Up-to-date: /home/zhangqi/ros2/ros2_pkgs/install/sys_dispatcher/share/sys_dispatcher//params/robot_localization_ekf.yaml
[0.727s] -- Up-to-date: /home/zhangqi/ros2/ros2_pkgs/install/sys_dispatcher/share/ament_index/resource_index/package_run_dependencies/sys_dispatcher
[0.727s] -- Up-to-date: /home/zhangqi/ros2/ros2_pkgs/install/sys_dispatcher/share/ament_index/resource_index/parent_prefix_path/sys_dispatcher
[0.727s] -- Up-to-date: /home/zhangqi/ros2/ros2_pkgs/install/sys_dispatcher/share/sys_dispatcher/environment/ament_prefix_path.sh
[0.729s] -- Up-to-date: /home/zhangqi/ros2/ros2_pkgs/install/sys_dispatcher/share/sys_dispatcher/environment/ament_prefix_path.dsv
[0.729s] -- Up-to-date: /home/zhangqi/ros2/ros2_pkgs/install/sys_dispatcher/share/sys_dispatcher/environment/path.sh
[0.730s] -- Up-to-date: /home/zhangqi/ros2/ros2_pkgs/install/sys_dispatcher/share/sys_dispatcher/environment/path.dsv
[0.730s] -- Up-to-date: /home/zhangqi/ros2/ros2_pkgs/install/sys_dispatcher/share/sys_dispatcher/local_setup.bash
[0.731s] -- Up-to-date: /home/zhangqi/ros2/ros2_pkgs/install/sys_dispatcher/share/sys_dispatcher/local_setup.sh
[0.733s] -- Up-to-date: /home/zhangqi/ros2/ros2_pkgs/install/sys_dispatcher/share/sys_dispatcher/local_setup.zsh
[0.734s] -- Up-to-date: /home/zhangqi/ros2/ros2_pkgs/install/sys_dispatcher/share/sys_dispatcher/local_setup.dsv
[0.734s] -- Installing: /home/zhangqi/ros2/ros2_pkgs/install/sys_dispatcher/share/sys_dispatcher/package.dsv
[0.741s] -- Up-to-date: /home/zhangqi/ros2/ros2_pkgs/install/sys_dispatcher/share/ament_index/resource_index/packages/sys_dispatcher
[0.742s] -- Up-to-date: /home/zhangqi/ros2/ros2_pkgs/install/sys_dispatcher/share/sys_dispatcher/cmake/sys_dispatcherConfig.cmake
[0.743s] -- Up-to-date: /home/zhangqi/ros2/ros2_pkgs/install/sys_dispatcher/share/sys_dispatcher/cmake/sys_dispatcherConfig-version.cmake
[0.743s] -- Up-to-date: /home/zhangqi/ros2/ros2_pkgs/install/sys_dispatcher/share/sys_dispatcher/package.xml
[0.802s] Invoked command in '/home/zhangqi/ros2/ros2_pkgs/build/sys_dispatcher' returned '0': CMAKE_PREFIX_PATH=${CMAKE_PREFIX_PATH}:/opt/ros/humble /usr/bin/cmake --install /home/zhangqi/ros2/ros2_pkgs/build/sys_dispatcher
