[0.104s] Invoking command in '/home/zhangqi/ros2/ros2_pkgs/build/lidar_reader': CMAKE_PREFIX_PATH=${CMAKE_PREFIX_PATH}:/opt/ros/humble /usr/bin/cmake /home/zhangqi/ros2/ros2_pkgs/src/lidar_reader -DCOMMON_LIB_PATH=~/ros2/libs/ -DCMAKE_EXPORT_COMPILE_COMMANDS=on -DCMAKE_INSTALL_PREFIX=/home/zhangqi/ros2/ros2_pkgs/install/lidar_reader
[1.639s] -- The C compiler identification is GNU 11.3.0
[2.646s] -- The CXX compiler identification is GNU 11.3.0
[2.685s] -- Detecting C compiler ABI info
[3.150s] -- Detecting C compiler ABI info - done
[3.172s] -- Check for working C compiler: /usr/bin/cc - skipped
[3.175s] -- Detecting C compile features
[3.176s] -- Detecting C compile features - done
[3.192s] -- Detecting CXX compiler ABI info
[3.649s] -- Detecting CXX compiler ABI info - done
[3.675s] -- Check for working CXX compiler: /usr/bin/c++ - skipped
[3.677s] -- Detecting CXX compile features
[3.678s] -- Detecting CXX compile features - done
[3.718s] -- Found ament_cmake: 1.3.3 (/opt/ros/humble/share/ament_cmake/cmake)
[5.027s] -- Found Python3: /usr/bin/python3.10 (found version "3.10.6") found components: Interpreter 
[5.919s] -- Found rclcpp: 16.0.3 (/opt/ros/humble/share/rclcpp/cmake)
[6.423s] -- Found rosidl_generator_c: 3.1.4 (/opt/ros/humble/share/rosidl_generator_c/cmake)
[6.539s] -- Found rosidl_adapter: 3.1.4 (/opt/ros/humble/share/rosidl_adapter/cmake)
[6.647s] -- Found rosidl_generator_cpp: 3.1.4 (/opt/ros/humble/share/rosidl_generator_cpp/cmake)
[6.772s] -- Using all available rosidl_typesupport_c: rosidl_typesupport_fastrtps_c;rosidl_typesupport_introspection_c
[6.954s] -- Using all available rosidl_typesupport_cpp: rosidl_typesupport_fastrtps_cpp;rosidl_typesupport_introspection_cpp
[7.527s] -- Found rmw_implementation_cmake: 6.1.1 (/opt/ros/humble/share/rmw_implementation_cmake/cmake)
[7.566s] -- Found rmw_fastrtps_cpp: 6.2.2 (/opt/ros/humble/share/rmw_fastrtps_cpp/cmake)
[8.333s] -- Found OpenSSL: /usr/lib/aarch64-linux-gnu/libcrypto.so (found version "3.0.2")  
[8.595s] -- Found FastRTPS: /opt/ros/humble/include  
[9.022s] -- Using RMW implementation 'rmw_fastrtps_cpp' as default
[9.136s] -- Looking for pthread.h
[9.512s] -- Looking for pthread.h - found
[9.515s] -- Performing Test CMAKE_HAVE_LIBC_PTHREAD
[9.886s] -- Performing Test CMAKE_HAVE_LIBC_PTHREAD - Success
[9.892s] -- Found Threads: TRUE  
[10.725s] -- Found sensor_msgs: 4.2.3 (/opt/ros/humble/share/sensor_msgs/cmake)
[11.284s] -- Found ament_lint_auto: 0.12.5 (/opt/ros/humble/share/ament_lint_auto/cmake)
[11.803s] -- Added test 'cppcheck' to perform static code analysis on C / C++ code
[11.804s] -- Configured cppcheck include dirs: /home/zhangqi/ros2/ros2_pkgs/src/lidar_reader/include
[11.805s] -- Configured cppcheck exclude dirs and/or files: 
[11.808s] -- Added test 'flake8' to check Python code syntax and style conventions
[11.812s] -- Added test 'lint_cmake' to check CMake code style
[11.816s] -- Added test 'pep257' to check Python code against some of the docstring style conventions in PEP 257
[11.825s] -- Added test 'uncrustify' to check C / C++ code style
[11.825s] -- Configured uncrustify additional arguments: 
[11.828s] -- Added test 'xmllint' to check XML markup files
[11.837s] -- Configuring done
[11.903s] -- Generating done
[11.911s] -- Build files have been written to: /home/zhangqi/ros2/ros2_pkgs/build/lidar_reader
[11.949s] Invoked command in '/home/zhangqi/ros2/ros2_pkgs/build/lidar_reader' returned '0': CMAKE_PREFIX_PATH=${CMAKE_PREFIX_PATH}:/opt/ros/humble /usr/bin/cmake /home/zhangqi/ros2/ros2_pkgs/src/lidar_reader -DCOMMON_LIB_PATH=~/ros2/libs/ -DCMAKE_EXPORT_COMPILE_COMMANDS=on -DCMAKE_INSTALL_PREFIX=/home/zhangqi/ros2/ros2_pkgs/install/lidar_reader
[11.958s] Invoking command in '/home/zhangqi/ros2/ros2_pkgs/build/lidar_reader': CMAKE_PREFIX_PATH=${CMAKE_PREFIX_PATH}:/opt/ros/humble /usr/bin/cmake --build /home/zhangqi/ros2/ros2_pkgs/build/lidar_reader -- -j4 -l4
[12.059s] -- Found ament_cmake: 1.3.3 (/opt/ros/humble/share/ament_cmake/cmake)
[12.775s] -- Found rclcpp: 16.0.3 (/opt/ros/humble/share/rclcpp/cmake)
[12.953s] -- Found rosidl_generator_c: 3.1.4 (/opt/ros/humble/share/rosidl_generator_c/cmake)
[12.963s] -- Found rosidl_adapter: 3.1.4 (/opt/ros/humble/share/rosidl_adapter/cmake)
[12.991s] -- Found rosidl_generator_cpp: 3.1.4 (/opt/ros/humble/share/rosidl_generator_cpp/cmake)
[13.044s] -- Using all available rosidl_typesupport_c: rosidl_typesupport_fastrtps_c;rosidl_typesupport_introspection_c
[13.123s] -- Using all available rosidl_typesupport_cpp: rosidl_typesupport_fastrtps_cpp;rosidl_typesupport_introspection_cpp
[13.406s] -- Found rmw_implementation_cmake: 6.1.1 (/opt/ros/humble/share/rmw_implementation_cmake/cmake)
[13.414s] -- Found rmw_fastrtps_cpp: 6.2.2 (/opt/ros/humble/share/rmw_fastrtps_cpp/cmake)
[14.439s] -- Using RMW implementation 'rmw_fastrtps_cpp' as default
[15.106s] -- Found sensor_msgs: 4.2.3 (/opt/ros/humble/share/sensor_msgs/cmake)
[15.581s] -- Found ament_lint_auto: 0.12.5 (/opt/ros/humble/share/ament_lint_auto/cmake)
[15.905s] -- Added test 'cppcheck' to perform static code analysis on C / C++ code
[15.906s] -- Configured cppcheck include dirs: /home/zhangqi/ros2/ros2_pkgs/src/lidar_reader/include
[15.906s] -- Configured cppcheck exclude dirs and/or files: 
[15.908s] -- Added test 'flake8' to check Python code syntax and style conventions
[15.911s] -- Added test 'lint_cmake' to check CMake code style
[15.913s] -- Added test 'pep257' to check Python code against some of the docstring style conventions in PEP 257
[15.921s] -- Added test 'uncrustify' to check C / C++ code style
[15.922s] -- Configured uncrustify additional arguments: 
[15.923s] -- Added test 'xmllint' to check XML markup files
[15.927s] -- Configuring done
[15.987s] -- Generating done
[15.995s] -- Build files have been written to: /home/zhangqi/ros2/ros2_pkgs/build/lidar_reader
[16.105s] gmake[2]: Warning: File '/home/zhangqi/ros2/ros2_pkgs/src/lidar_reader/src/lidar_dev.cc' has modification time 4147410 s in the future
[16.138s] [ 33%] [32mBuilding CXX object CMakeFiles/lidar_reader.dir/src/lidar_dev.cc.o[0m
[16.142s] [ 66%] [32mBuilding CXX object CMakeFiles/lidar_reader.dir/src/lidar_reader.cpp.o[0m
[36.614s] [01m[K/home/zhangqi/ros2/ros2_pkgs/src/lidar_reader/src/lidar_dev.cc:[m[K In function ‘[01m[Kint32_t wheeltec_n10_frame_unpack(uint8_t*, int32_t, WHEELTEC_N10_FRAME**)[m[K’:
[36.615s] [01m[K/home/zhangqi/ros2/ros2_pkgs/src/lidar_reader/src/lidar_dev.cc:94:31:[m[K [01;35m[Kwarning: [m[Kcomparison of integer expressions of different signedness: ‘[01m[Kint32_t[m[K’ {aka ‘[01m[Kint[m[K’} and ‘[01m[Klong unsigned int[m[K’ [[01;35m[K-Wsign-compare[m[K]
[36.616s]    94 |                 if ([01;35m[K(len - i) < sizeof(struct WHEELTEC_N10_FRAME)[m[K)
[36.617s]       |                     [01;35m[K~~~~~~~~~~^~~~~~~~~~~~~~~~~~~~~~~~~~~~~~~~~~~[m[K
[52.677s] [100%] [32m[1mLinking CXX executable lidar_reader[0m
[54.012s] gmake[2]: warning:  Clock skew detected.  Your build may be incomplete.
[54.048s] [100%] Built target lidar_reader
[54.096s] Invoked command in '/home/zhangqi/ros2/ros2_pkgs/build/lidar_reader' returned '0': CMAKE_PREFIX_PATH=${CMAKE_PREFIX_PATH}:/opt/ros/humble /usr/bin/cmake --build /home/zhangqi/ros2/ros2_pkgs/build/lidar_reader -- -j4 -l4
[54.269s] Invoking command in '/home/zhangqi/ros2/ros2_pkgs/build/lidar_reader': CMAKE_PREFIX_PATH=${CMAKE_PREFIX_PATH}:/opt/ros/humble /usr/bin/cmake --install /home/zhangqi/ros2/ros2_pkgs/build/lidar_reader
[54.299s] -- Install configuration: ""
[54.301s] -- Installing: /home/zhangqi/ros2/ros2_pkgs/install/lidar_reader/lib/lidar_reader/lidar_reader
[54.312s] -- Set runtime path of "/home/zhangqi/ros2/ros2_pkgs/install/lidar_reader/lib/lidar_reader/lidar_reader" to ""
[54.313s] -- Up-to-date: /home/zhangqi/ros2/ros2_pkgs/install/lidar_reader/share/lidar_reader//launch
[54.314s] -- Up-to-date: /home/zhangqi/ros2/ros2_pkgs/install/lidar_reader/share/lidar_reader//launch/lidar_launch.py
[54.314s] -- Installing: /home/zhangqi/ros2/ros2_pkgs/install/lidar_reader/share/ament_index/resource_index/package_run_dependencies/lidar_reader
[54.316s] -- Installing: /home/zhangqi/ros2/ros2_pkgs/install/lidar_reader/share/ament_index/resource_index/parent_prefix_path/lidar_reader
[54.318s] -- Up-to-date: /home/zhangqi/ros2/ros2_pkgs/install/lidar_reader/share/lidar_reader/environment/ament_prefix_path.sh
[54.318s] -- Installing: /home/zhangqi/ros2/ros2_pkgs/install/lidar_reader/share/lidar_reader/environment/ament_prefix_path.dsv
[54.320s] -- Up-to-date: /home/zhangqi/ros2/ros2_pkgs/install/lidar_reader/share/lidar_reader/environment/path.sh
[54.321s] -- Installing: /home/zhangqi/ros2/ros2_pkgs/install/lidar_reader/share/lidar_reader/environment/path.dsv
[54.323s] -- Installing: /home/zhangqi/ros2/ros2_pkgs/install/lidar_reader/share/lidar_reader/local_setup.bash
[54.324s] -- Installing: /home/zhangqi/ros2/ros2_pkgs/install/lidar_reader/share/lidar_reader/local_setup.sh
[54.326s] -- Installing: /home/zhangqi/ros2/ros2_pkgs/install/lidar_reader/share/lidar_reader/local_setup.zsh
[54.328s] -- Installing: /home/zhangqi/ros2/ros2_pkgs/install/lidar_reader/share/lidar_reader/local_setup.dsv
[54.330s] -- Installing: /home/zhangqi/ros2/ros2_pkgs/install/lidar_reader/share/lidar_reader/package.dsv
[54.332s] -- Installing: /home/zhangqi/ros2/ros2_pkgs/install/lidar_reader/share/ament_index/resource_index/packages/lidar_reader
[54.334s] -- Installing: /home/zhangqi/ros2/ros2_pkgs/install/lidar_reader/share/lidar_reader/cmake/lidar_readerConfig.cmake
[54.335s] -- Installing: /home/zhangqi/ros2/ros2_pkgs/install/lidar_reader/share/lidar_reader/cmake/lidar_readerConfig-version.cmake
[54.337s] -- Up-to-date: /home/zhangqi/ros2/ros2_pkgs/install/lidar_reader/share/lidar_reader/package.xml
[54.354s] Invoked command in '/home/zhangqi/ros2/ros2_pkgs/build/lidar_reader' returned '0': CMAKE_PREFIX_PATH=${CMAKE_PREFIX_PATH}:/opt/ros/humble /usr/bin/cmake --install /home/zhangqi/ros2/ros2_pkgs/build/lidar_reader
