[0.340s] Invoking command in '/home/zhangqi/ros2/ros2_pkgs/build/car_uart_node': CMAKE_PREFIX_PATH=${CMAKE_PREFIX_PATH}:/opt/ros/humble /usr/bin/cmake --build /home/zhangqi/ros2/ros2_pkgs/build/car_uart_node -- -j4 -l4
[0.722s] Invoked command in '/home/zhangqi/ros2/ros2_pkgs/build/car_uart_node' returned '0': CMAKE_PREFIX_PATH=${CMAKE_PREFIX_PATH}:/opt/ros/humble /usr/bin/cmake --build /home/zhangqi/ros2/ros2_pkgs/build/car_uart_node -- -j4 -l4
[1.091s] Invoking command in '/home/zhangqi/ros2/ros2_pkgs/build/car_uart_node': CMAKE_PREFIX_PATH=${CMAKE_PREFIX_PATH}:/opt/ros/humble /usr/bin/cmake --install /home/zhangqi/ros2/ros2_pkgs/build/car_uart_node
[1.195s] -- Install configuration: ""
[1.197s] -- Up-to-date: /home/zhangqi/ros2/ros2_pkgs/install/car_uart_node/share/ament_index/resource_index/package_run_dependencies/car_uart_node
[1.198s] -- Up-to-date: /home/zhangqi/ros2/ros2_pkgs/install/car_uart_node/share/ament_index/resource_index/parent_prefix_path/car_uart_node
[1.201s] -- Up-to-date: /home/zhangqi/ros2/ros2_pkgs/install/car_uart_node/share/car_uart_node/environment/ament_prefix_path.sh
[1.210s] -- Up-to-date: /home/zhangqi/ros2/ros2_pkgs/install/car_uart_node/share/car_uart_node/environment/ament_prefix_path.dsv
[1.215s] -- Up-to-date: /home/zhangqi/ros2/ros2_pkgs/install/car_uart_node/share/car_uart_node/environment/path.sh
[1.216s] -- Up-to-date: /home/zhangqi/ros2/ros2_pkgs/install/car_uart_node/share/car_uart_node/environment/path.dsv
[1.217s] -- Up-to-date: /home/zhangqi/ros2/ros2_pkgs/install/car_uart_node/share/car_uart_node/local_setup.bash
[1.218s] -- Up-to-date: /home/zhangqi/ros2/ros2_pkgs/install/car_uart_node/share/car_uart_node/local_setup.sh
[1.220s] -- Up-to-date: /home/zhangqi/ros2/ros2_pkgs/install/car_uart_node/share/car_uart_node/local_setup.zsh
[1.222s] -- Up-to-date: /home/zhangqi/ros2/ros2_pkgs/install/car_uart_node/share/car_uart_node/local_setup.dsv
[1.223s] -- Installing: /home/zhangqi/ros2/ros2_pkgs/install/car_uart_node/share/car_uart_node/package.dsv
[1.233s] -- Up-to-date: /home/zhangqi/ros2/ros2_pkgs/install/car_uart_node/share/ament_index/resource_index/packages/car_uart_node
[1.235s] -- Up-to-date: /home/zhangqi/ros2/ros2_pkgs/install/car_uart_node/share/car_uart_node/cmake/car_uart_nodeConfig.cmake
[1.236s] -- Up-to-date: /home/zhangqi/ros2/ros2_pkgs/install/car_uart_node/share/car_uart_node/cmake/car_uart_nodeConfig-version.cmake
[1.237s] -- Up-to-date: /home/zhangqi/ros2/ros2_pkgs/install/car_uart_node/share/car_uart_node/package.xml
[1.252s] Invoked command in '/home/zhangqi/ros2/ros2_pkgs/build/car_uart_node' returned '0': CMAKE_PREFIX_PATH=${CMAKE_PREFIX_PATH}:/opt/ros/humble /usr/bin/cmake --install /home/zhangqi/ros2/ros2_pkgs/build/car_uart_node
