[2.373s] DEBUG:colcon:Command line arguments: ['/usr/bin/colcon', 'build', '--cmake-args', '-DCOMMON_LIB_PATH=~/ros2/libs/', '-DCMAKE_EXPORT_COMPILE_COMMANDS=on']
[2.374s] DEBUG:colcon:Parsed command line arguments: Namespace(log_base=None, log_level=None, verb_name='build', build_base='build', install_base='install', merge_install=False, symlink_install=False, test_result_base=None, continue_on_error=False, executor='parallel', parallel_workers=4, event_handlers=None, ignore_user_meta=False, metas=['./colcon.meta'], base_paths=['.'], packages_ignore=None, packages_ignore_regex=None, paths=None, packages_up_to=None, packages_up_to_regex=None, packages_above=None, packages_above_and_dependencies=None, packages_above_depth=None, packages_select_by_dep=None, packages_skip_by_dep=None, packages_skip_up_to=None, packages_select_build_failed=False, packages_skip_build_finished=False, packages_select_test_failures=False, packages_skip_test_passed=False, packages_select=None, packages_skip=None, packages_select_regex=None, packages_skip_regex=None, packages_start=None, packages_end=None, allow_overriding=[], cmake_args=['-DCOMMON_LIB_PATH=~/ros2/libs/', '-DCMAKE_EXPORT_COMPILE_COMMANDS=on'], cmake_target=None, cmake_target_skip_unavailable=False, cmake_clean_cache=False, cmake_clean_first=False, cmake_force_configure=False, ament_cmake_args=None, catkin_cmake_args=None, catkin_skip_building_tests=False, verb_parser=<colcon_defaults.argument_parser.defaults.DefaultArgumentsDecorator object at 0xffffb575bac0>, verb_extension=<colcon_core.verb.build.BuildVerb object at 0xffffb602d390>, main=<bound method BuildVerb.main of <colcon_core.verb.build.BuildVerb object at 0xffffb602d390>>)
[2.625s] Level 1:colcon.colcon_core.package_discovery:discover_packages(colcon_meta) check parameters
[2.626s] Level 1:colcon.colcon_core.package_discovery:discover_packages(recursive) check parameters
[2.626s] Level 1:colcon.colcon_core.package_discovery:discover_packages(ignore) check parameters
[2.626s] Level 1:colcon.colcon_core.package_discovery:discover_packages(path) check parameters
[2.627s] Level 1:colcon.colcon_core.package_discovery:discover_packages(colcon_meta) discover
[2.627s] Level 1:colcon.colcon_core.package_discovery:discover_packages(recursive) discover
[2.627s] INFO:colcon.colcon_core.package_discovery:Crawling recursively for packages in '/home/zhangqi/ros2/ros2_pkgs'
[2.628s] Level 1:colcon.colcon_core.package_identification:_identify(.) by extensions ['ignore', 'ignore_ament_install']
[2.629s] Level 1:colcon.colcon_core.package_identification:_identify(.) by extension 'ignore'
[2.629s] Level 1:colcon.colcon_core.package_identification:_identify(.) by extension 'ignore_ament_install'
[2.629s] Level 1:colcon.colcon_core.package_identification:_identify(.) by extensions ['colcon_pkg']
[2.630s] Level 1:colcon.colcon_core.package_identification:_identify(.) by extension 'colcon_pkg'
[2.630s] Level 1:colcon.colcon_core.package_identification:_identify(.) by extensions ['colcon_meta']
[2.630s] Level 1:colcon.colcon_core.package_identification:_identify(.) by extension 'colcon_meta'
[2.630s] Level 1:colcon.colcon_core.package_identification:_identify(.) by extensions ['ros']
[2.631s] Level 1:colcon.colcon_core.package_identification:_identify(.) by extension 'ros'
[2.760s] Level 1:colcon.colcon_core.package_identification:_identify(.) by extensions ['cmake', 'python']
[2.761s] Level 1:colcon.colcon_core.package_identification:_identify(.) by extension 'cmake'
[2.761s] Level 1:colcon.colcon_core.package_identification:_identify(.) by extension 'python'
[2.761s] Level 1:colcon.colcon_core.package_identification:_identify(.) by extensions ['python_setup_py']
[2.761s] Level 1:colcon.colcon_core.package_identification:_identify(.) by extension 'python_setup_py'
[2.762s] Level 1:colcon.colcon_core.package_identification:_identify(build) by extensions ['ignore', 'ignore_ament_install']
[2.762s] Level 1:colcon.colcon_core.package_identification:_identify(build) by extension 'ignore'
[2.762s] Level 1:colcon.colcon_core.package_identification:_identify(build) ignored
[2.763s] Level 1:colcon.colcon_core.package_identification:_identify(install) by extensions ['ignore', 'ignore_ament_install']
[2.763s] Level 1:colcon.colcon_core.package_identification:_identify(install) by extension 'ignore'
[2.763s] Level 1:colcon.colcon_core.package_identification:_identify(install) ignored
[2.765s] Level 1:colcon.colcon_core.package_identification:_identify(log) by extensions ['ignore', 'ignore_ament_install']
[2.765s] Level 1:colcon.colcon_core.package_identification:_identify(log) by extension 'ignore'
[2.765s] Level 1:colcon.colcon_core.package_identification:_identify(log) ignored
[2.766s] Level 1:colcon.colcon_core.package_identification:_identify(src) by extensions ['ignore', 'ignore_ament_install']
[2.766s] Level 1:colcon.colcon_core.package_identification:_identify(src) by extension 'ignore'
[2.766s] Level 1:colcon.colcon_core.package_identification:_identify(src) by extension 'ignore_ament_install'
[2.766s] Level 1:colcon.colcon_core.package_identification:_identify(src) by extensions ['colcon_pkg']
[2.766s] Level 1:colcon.colcon_core.package_identification:_identify(src) by extension 'colcon_pkg'
[2.767s] Level 1:colcon.colcon_core.package_identification:_identify(src) by extensions ['colcon_meta']
[2.767s] Level 1:colcon.colcon_core.package_identification:_identify(src) by extension 'colcon_meta'
[2.767s] Level 1:colcon.colcon_core.package_identification:_identify(src) by extensions ['ros']
[2.767s] Level 1:colcon.colcon_core.package_identification:_identify(src) by extension 'ros'
[2.767s] Level 1:colcon.colcon_core.package_identification:_identify(src) by extensions ['cmake', 'python']
[2.767s] Level 1:colcon.colcon_core.package_identification:_identify(src) by extension 'cmake'
[2.768s] Level 1:colcon.colcon_core.package_identification:_identify(src) by extension 'python'
[2.768s] Level 1:colcon.colcon_core.package_identification:_identify(src) by extensions ['python_setup_py']
[2.768s] Level 1:colcon.colcon_core.package_identification:_identify(src) by extension 'python_setup_py'
[2.768s] Level 1:colcon.colcon_core.package_identification:_identify(src/bau_ctrl) by extensions ['ignore', 'ignore_ament_install']
[2.769s] Level 1:colcon.colcon_core.package_identification:_identify(src/bau_ctrl) by extension 'ignore'
[2.769s] Level 1:colcon.colcon_core.package_identification:_identify(src/bau_ctrl) by extension 'ignore_ament_install'
[2.769s] Level 1:colcon.colcon_core.package_identification:_identify(src/bau_ctrl) by extensions ['colcon_pkg']
[2.769s] Level 1:colcon.colcon_core.package_identification:_identify(src/bau_ctrl) by extension 'colcon_pkg'
[2.769s] Level 1:colcon.colcon_core.package_identification:_identify(src/bau_ctrl) by extensions ['colcon_meta']
[2.769s] Level 1:colcon.colcon_core.package_identification:_identify(src/bau_ctrl) by extension 'colcon_meta'
[2.770s] Level 1:colcon.colcon_core.package_identification:_identify(src/bau_ctrl) by extensions ['ros']
[2.770s] Level 1:colcon.colcon_core.package_identification:_identify(src/bau_ctrl) by extension 'ros'
[2.783s] DEBUG:colcon.colcon_core.package_identification:Package 'src/bau_ctrl' with type 'ros.ament_cmake' and name 'bau_ctrl'
[2.784s] Level 1:colcon.colcon_core.package_identification:_identify(src/car_uart_node) by extensions ['ignore', 'ignore_ament_install']
[2.784s] Level 1:colcon.colcon_core.package_identification:_identify(src/car_uart_node) by extension 'ignore'
[2.785s] Level 1:colcon.colcon_core.package_identification:_identify(src/car_uart_node) by extension 'ignore_ament_install'
[2.785s] Level 1:colcon.colcon_core.package_identification:_identify(src/car_uart_node) by extensions ['colcon_pkg']
[2.785s] Level 1:colcon.colcon_core.package_identification:_identify(src/car_uart_node) by extension 'colcon_pkg'
[2.785s] Level 1:colcon.colcon_core.package_identification:_identify(src/car_uart_node) by extensions ['colcon_meta']
[2.785s] Level 1:colcon.colcon_core.package_identification:_identify(src/car_uart_node) by extension 'colcon_meta'
[2.786s] Level 1:colcon.colcon_core.package_identification:_identify(src/car_uart_node) by extensions ['ros']
[2.786s] Level 1:colcon.colcon_core.package_identification:_identify(src/car_uart_node) by extension 'ros'
[2.788s] DEBUG:colcon.colcon_core.package_identification:Package 'src/car_uart_node' with type 'ros.ament_cmake' and name 'car_uart_node'
[2.789s] Level 1:colcon.colcon_core.package_identification:_identify(src/lidar_reader) by extensions ['ignore', 'ignore_ament_install']
[2.789s] Level 1:colcon.colcon_core.package_identification:_identify(src/lidar_reader) by extension 'ignore'
[2.790s] Level 1:colcon.colcon_core.package_identification:_identify(src/lidar_reader) by extension 'ignore_ament_install'
[2.790s] Level 1:colcon.colcon_core.package_identification:_identify(src/lidar_reader) by extensions ['colcon_pkg']
[2.790s] Level 1:colcon.colcon_core.package_identification:_identify(src/lidar_reader) by extension 'colcon_pkg'
[2.790s] Level 1:colcon.colcon_core.package_identification:_identify(src/lidar_reader) by extensions ['colcon_meta']
[2.790s] Level 1:colcon.colcon_core.package_identification:_identify(src/lidar_reader) by extension 'colcon_meta'
[2.791s] Level 1:colcon.colcon_core.package_identification:_identify(src/lidar_reader) by extensions ['ros']
[2.791s] Level 1:colcon.colcon_core.package_identification:_identify(src/lidar_reader) by extension 'ros'
[2.794s] DEBUG:colcon.colcon_core.package_identification:Package 'src/lidar_reader' with type 'ros.ament_cmake' and name 'lidar_reader'
[2.795s] Level 1:colcon.colcon_core.package_identification:_identify(src/sys_dispatcher) by extensions ['ignore', 'ignore_ament_install']
[2.795s] Level 1:colcon.colcon_core.package_identification:_identify(src/sys_dispatcher) by extension 'ignore'
[2.795s] Level 1:colcon.colcon_core.package_identification:_identify(src/sys_dispatcher) by extension 'ignore_ament_install'
[2.796s] Level 1:colcon.colcon_core.package_identification:_identify(src/sys_dispatcher) by extensions ['colcon_pkg']
[2.796s] Level 1:colcon.colcon_core.package_identification:_identify(src/sys_dispatcher) by extension 'colcon_pkg'
[2.796s] Level 1:colcon.colcon_core.package_identification:_identify(src/sys_dispatcher) by extensions ['colcon_meta']
[2.796s] Level 1:colcon.colcon_core.package_identification:_identify(src/sys_dispatcher) by extension 'colcon_meta'
[2.796s] Level 1:colcon.colcon_core.package_identification:_identify(src/sys_dispatcher) by extensions ['ros']
[2.796s] Level 1:colcon.colcon_core.package_identification:_identify(src/sys_dispatcher) by extension 'ros'
[2.800s] DEBUG:colcon.colcon_core.package_identification:Package 'src/sys_dispatcher' with type 'ros.ament_cmake' and name 'sys_dispatcher'
[2.800s] Level 1:colcon.colcon_core.package_discovery:discover_packages(recursive) using defaults
[2.801s] Level 1:colcon.colcon_core.package_discovery:discover_packages(ignore) discover
[2.801s] Level 1:colcon.colcon_core.package_discovery:discover_packages(ignore) using defaults
[2.801s] Level 1:colcon.colcon_core.package_discovery:discover_packages(path) discover
[2.801s] Level 1:colcon.colcon_core.package_discovery:discover_packages(path) using defaults
[2.998s] Level 1:colcon.colcon_core.package_discovery:discover_packages(prefix_path) check parameters
[2.998s] Level 1:colcon.colcon_core.package_discovery:discover_packages(prefix_path) discover
[3.023s] DEBUG:colcon.colcon_installed_package_information.package_discovery:Found 318 installed packages in /opt/ros/humble
[3.030s] Level 1:colcon.colcon_core.package_discovery:discover_packages(prefix_path) using defaults
[3.306s] Level 5:colcon.colcon_core.verb:set package 'bau_ctrl' build argument 'cmake_args' from command line to '['-DCOMMON_LIB_PATH=~/ros2/libs/', '-DCMAKE_EXPORT_COMPILE_COMMANDS=on']'
[3.306s] Level 5:colcon.colcon_core.verb:set package 'bau_ctrl' build argument 'cmake_target' from command line to 'None'
[3.306s] Level 5:colcon.colcon_core.verb:set package 'bau_ctrl' build argument 'cmake_target_skip_unavailable' from command line to 'False'
[3.306s] Level 5:colcon.colcon_core.verb:set package 'bau_ctrl' build argument 'cmake_clean_cache' from command line to 'False'
[3.306s] Level 5:colcon.colcon_core.verb:set package 'bau_ctrl' build argument 'cmake_clean_first' from command line to 'False'
[3.306s] Level 5:colcon.colcon_core.verb:set package 'bau_ctrl' build argument 'cmake_force_configure' from command line to 'False'
[3.306s] Level 5:colcon.colcon_core.verb:set package 'bau_ctrl' build argument 'ament_cmake_args' from command line to 'None'
[3.306s] Level 5:colcon.colcon_core.verb:set package 'bau_ctrl' build argument 'catkin_cmake_args' from command line to 'None'
[3.307s] Level 5:colcon.colcon_core.verb:set package 'bau_ctrl' build argument 'catkin_skip_building_tests' from command line to 'False'
[3.307s] DEBUG:colcon.colcon_core.verb:Building package 'bau_ctrl' with the following arguments: {'ament_cmake_args': None, 'build_base': '/home/zhangqi/ros2/ros2_pkgs/build/bau_ctrl', 'catkin_cmake_args': None, 'catkin_skip_building_tests': False, 'cmake_args': ['-DCOMMON_LIB_PATH=~/ros2/libs/', '-DCMAKE_EXPORT_COMPILE_COMMANDS=on'], 'cmake_clean_cache': False, 'cmake_clean_first': False, 'cmake_force_configure': False, 'cmake_target': None, 'cmake_target_skip_unavailable': False, 'install_base': '/home/zhangqi/ros2/ros2_pkgs/install/bau_ctrl', 'merge_install': False, 'path': '/home/zhangqi/ros2/ros2_pkgs/src/bau_ctrl', 'symlink_install': False, 'test_result_base': None}
[3.311s] Level 5:colcon.colcon_core.verb:set package 'car_uart_node' build argument 'cmake_args' from command line to '['-DCOMMON_LIB_PATH=~/ros2/libs/', '-DCMAKE_EXPORT_COMPILE_COMMANDS=on']'
[3.311s] Level 5:colcon.colcon_core.verb:set package 'car_uart_node' build argument 'cmake_target' from command line to 'None'
[3.311s] Level 5:colcon.colcon_core.verb:set package 'car_uart_node' build argument 'cmake_target_skip_unavailable' from command line to 'False'
[3.311s] Level 5:colcon.colcon_core.verb:set package 'car_uart_node' build argument 'cmake_clean_cache' from command line to 'False'
[3.311s] Level 5:colcon.colcon_core.verb:set package 'car_uart_node' build argument 'cmake_clean_first' from command line to 'False'
[3.311s] Level 5:colcon.colcon_core.verb:set package 'car_uart_node' build argument 'cmake_force_configure' from command line to 'False'
[3.311s] Level 5:colcon.colcon_core.verb:set package 'car_uart_node' build argument 'ament_cmake_args' from command line to 'None'
[3.311s] Level 5:colcon.colcon_core.verb:set package 'car_uart_node' build argument 'catkin_cmake_args' from command line to 'None'
[3.312s] Level 5:colcon.colcon_core.verb:set package 'car_uart_node' build argument 'catkin_skip_building_tests' from command line to 'False'
[3.312s] DEBUG:colcon.colcon_core.verb:Building package 'car_uart_node' with the following arguments: {'ament_cmake_args': None, 'build_base': '/home/zhangqi/ros2/ros2_pkgs/build/car_uart_node', 'catkin_cmake_args': None, 'catkin_skip_building_tests': False, 'cmake_args': ['-DCOMMON_LIB_PATH=~/ros2/libs/', '-DCMAKE_EXPORT_COMPILE_COMMANDS=on'], 'cmake_clean_cache': False, 'cmake_clean_first': False, 'cmake_force_configure': False, 'cmake_target': None, 'cmake_target_skip_unavailable': False, 'install_base': '/home/zhangqi/ros2/ros2_pkgs/install/car_uart_node', 'merge_install': False, 'path': '/home/zhangqi/ros2/ros2_pkgs/src/car_uart_node', 'symlink_install': False, 'test_result_base': None}
[3.315s] Level 5:colcon.colcon_core.verb:set package 'lidar_reader' build argument 'cmake_args' from command line to '['-DCOMMON_LIB_PATH=~/ros2/libs/', '-DCMAKE_EXPORT_COMPILE_COMMANDS=on']'
[3.316s] Level 5:colcon.colcon_core.verb:set package 'lidar_reader' build argument 'cmake_target' from command line to 'None'
[3.316s] Level 5:colcon.colcon_core.verb:set package 'lidar_reader' build argument 'cmake_target_skip_unavailable' from command line to 'False'
[3.316s] Level 5:colcon.colcon_core.verb:set package 'lidar_reader' build argument 'cmake_clean_cache' from command line to 'False'
[3.316s] Level 5:colcon.colcon_core.verb:set package 'lidar_reader' build argument 'cmake_clean_first' from command line to 'False'
[3.316s] Level 5:colcon.colcon_core.verb:set package 'lidar_reader' build argument 'cmake_force_configure' from command line to 'False'
[3.316s] Level 5:colcon.colcon_core.verb:set package 'lidar_reader' build argument 'ament_cmake_args' from command line to 'None'
[3.316s] Level 5:colcon.colcon_core.verb:set package 'lidar_reader' build argument 'catkin_cmake_args' from command line to 'None'
[3.316s] Level 5:colcon.colcon_core.verb:set package 'lidar_reader' build argument 'catkin_skip_building_tests' from command line to 'False'
[3.317s] DEBUG:colcon.colcon_core.verb:Building package 'lidar_reader' with the following arguments: {'ament_cmake_args': None, 'build_base': '/home/zhangqi/ros2/ros2_pkgs/build/lidar_reader', 'catkin_cmake_args': None, 'catkin_skip_building_tests': False, 'cmake_args': ['-DCOMMON_LIB_PATH=~/ros2/libs/', '-DCMAKE_EXPORT_COMPILE_COMMANDS=on'], 'cmake_clean_cache': False, 'cmake_clean_first': False, 'cmake_force_configure': False, 'cmake_target': None, 'cmake_target_skip_unavailable': False, 'install_base': '/home/zhangqi/ros2/ros2_pkgs/install/lidar_reader', 'merge_install': False, 'path': '/home/zhangqi/ros2/ros2_pkgs/src/lidar_reader', 'symlink_install': False, 'test_result_base': None}
[3.320s] Level 5:colcon.colcon_core.verb:set package 'sys_dispatcher' build argument 'cmake_args' from command line to '['-DCOMMON_LIB_PATH=~/ros2/libs/', '-DCMAKE_EXPORT_COMPILE_COMMANDS=on']'
[3.321s] Level 5:colcon.colcon_core.verb:set package 'sys_dispatcher' build argument 'cmake_target' from command line to 'None'
[3.321s] Level 5:colcon.colcon_core.verb:set package 'sys_dispatcher' build argument 'cmake_target_skip_unavailable' from command line to 'False'
[3.321s] Level 5:colcon.colcon_core.verb:set package 'sys_dispatcher' build argument 'cmake_clean_cache' from command line to 'False'
[3.321s] Level 5:colcon.colcon_core.verb:set package 'sys_dispatcher' build argument 'cmake_clean_first' from command line to 'False'
[3.321s] Level 5:colcon.colcon_core.verb:set package 'sys_dispatcher' build argument 'cmake_force_configure' from command line to 'False'
[3.321s] Level 5:colcon.colcon_core.verb:set package 'sys_dispatcher' build argument 'ament_cmake_args' from command line to 'None'
[3.321s] Level 5:colcon.colcon_core.verb:set package 'sys_dispatcher' build argument 'catkin_cmake_args' from command line to 'None'
[3.321s] Level 5:colcon.colcon_core.verb:set package 'sys_dispatcher' build argument 'catkin_skip_building_tests' from command line to 'False'
[3.322s] DEBUG:colcon.colcon_core.verb:Building package 'sys_dispatcher' with the following arguments: {'ament_cmake_args': None, 'build_base': '/home/zhangqi/ros2/ros2_pkgs/build/sys_dispatcher', 'catkin_cmake_args': None, 'catkin_skip_building_tests': False, 'cmake_args': ['-DCOMMON_LIB_PATH=~/ros2/libs/', '-DCMAKE_EXPORT_COMPILE_COMMANDS=on'], 'cmake_clean_cache': False, 'cmake_clean_first': False, 'cmake_force_configure': False, 'cmake_target': None, 'cmake_target_skip_unavailable': False, 'install_base': '/home/zhangqi/ros2/ros2_pkgs/install/sys_dispatcher', 'merge_install': False, 'path': '/home/zhangqi/ros2/ros2_pkgs/src/sys_dispatcher', 'symlink_install': False, 'test_result_base': None}
[3.324s] INFO:colcon.colcon_core.executor:Executing jobs using 'parallel' executor
[3.336s] DEBUG:colcon.colcon_parallel_executor.executor.parallel:run_until_complete
[3.337s] INFO:colcon.colcon_ros.task.ament_cmake.build:Building ROS package in '/home/zhangqi/ros2/ros2_pkgs/src/bau_ctrl' with build type 'ament_cmake'
[3.338s] INFO:colcon.colcon_cmake.task.cmake.build:Building CMake package in '/home/zhangqi/ros2/ros2_pkgs/src/bau_ctrl'
[3.366s] INFO:colcon.colcon_core.plugin_system:Skipping extension 'colcon_core.shell.bat': Not used on non-Windows systems
[3.367s] INFO:colcon.colcon_core.shell:Skip shell extension 'powershell' for command environment: Not usable outside of PowerShell
[3.367s] DEBUG:colcon.colcon_core.shell:Skip shell extension 'dsv' for command environment
[3.390s] INFO:colcon.colcon_ros.task.ament_cmake.build:Building ROS package in '/home/zhangqi/ros2/ros2_pkgs/src/car_uart_node' with build type 'ament_cmake'
[3.390s] INFO:colcon.colcon_cmake.task.cmake.build:Building CMake package in '/home/zhangqi/ros2/ros2_pkgs/src/car_uart_node'
[3.396s] INFO:colcon.colcon_core.shell:Skip shell extension 'powershell' for command environment: Not usable outside of PowerShell
[3.396s] DEBUG:colcon.colcon_core.shell:Skip shell extension 'dsv' for command environment
[3.416s] INFO:colcon.colcon_ros.task.ament_cmake.build:Building ROS package in '/home/zhangqi/ros2/ros2_pkgs/src/lidar_reader' with build type 'ament_cmake'
[3.417s] INFO:colcon.colcon_cmake.task.cmake.build:Building CMake package in '/home/zhangqi/ros2/ros2_pkgs/src/lidar_reader'
[3.423s] INFO:colcon.colcon_core.shell:Skip shell extension 'powershell' for command environment: Not usable outside of PowerShell
[3.423s] DEBUG:colcon.colcon_core.shell:Skip shell extension 'dsv' for command environment
[3.444s] INFO:colcon.colcon_ros.task.ament_cmake.build:Building ROS package in '/home/zhangqi/ros2/ros2_pkgs/src/sys_dispatcher' with build type 'ament_cmake'
[3.444s] INFO:colcon.colcon_cmake.task.cmake.build:Building CMake package in '/home/zhangqi/ros2/ros2_pkgs/src/sys_dispatcher'
[3.450s] INFO:colcon.colcon_core.shell:Skip shell extension 'powershell' for command environment: Not usable outside of PowerShell
[3.450s] DEBUG:colcon.colcon_core.shell:Skip shell extension 'dsv' for command environment
[3.499s] DEBUG:colcon.colcon_core.event_handler.log_command:Invoking command in '/home/zhangqi/ros2/ros2_pkgs/build/bau_ctrl': CMAKE_PREFIX_PATH=/opt/ros/humble /usr/bin/cmake --build /home/zhangqi/ros2/ros2_pkgs/build/bau_ctrl -- -j4 -l4
[3.535s] DEBUG:colcon.colcon_core.event_handler.log_command:Invoking command in '/home/zhangqi/ros2/ros2_pkgs/build/car_uart_node': CMAKE_PREFIX_PATH=/opt/ros/humble /usr/bin/cmake --build /home/zhangqi/ros2/ros2_pkgs/build/car_uart_node -- -j4 -l4
[3.563s] DEBUG:colcon.colcon_core.event_handler.log_command:Invoking command in '/home/zhangqi/ros2/ros2_pkgs/build/lidar_reader': CMAKE_PREFIX_PATH=/opt/ros/humble /usr/bin/cmake --build /home/zhangqi/ros2/ros2_pkgs/build/lidar_reader -- -j4 -l4
[3.615s] DEBUG:colcon.colcon_core.event_handler.log_command:Invoking command in '/home/zhangqi/ros2/ros2_pkgs/build/sys_dispatcher': CMAKE_PREFIX_PATH=/opt/ros/humble /usr/bin/cmake --build /home/zhangqi/ros2/ros2_pkgs/build/sys_dispatcher -- -j4 -l4
[4.687s] DEBUG:colcon.colcon_core.event_handler.log_command:Invoked command in '/home/zhangqi/ros2/ros2_pkgs/build/car_uart_node' returned '0': CMAKE_PREFIX_PATH=/opt/ros/humble /usr/bin/cmake --build /home/zhangqi/ros2/ros2_pkgs/build/car_uart_node -- -j4 -l4
[4.832s] DEBUG:colcon.colcon_core.event_handler.log_command:Invoking command in '/home/zhangqi/ros2/ros2_pkgs/build/car_uart_node': CMAKE_PREFIX_PATH=/opt/ros/humble /usr/bin/cmake --install /home/zhangqi/ros2/ros2_pkgs/build/car_uart_node
[4.945s] Level 1:colcon.colcon_core.environment:create_environment_scripts_only(car_uart_node)
[4.950s] DEBUG:colcon.colcon_core.event_handler.log_command:Invoked command in '/home/zhangqi/ros2/ros2_pkgs/build/car_uart_node' returned '0': CMAKE_PREFIX_PATH=/opt/ros/humble /usr/bin/cmake --install /home/zhangqi/ros2/ros2_pkgs/build/car_uart_node
[5.071s] Level 1:colcon.colcon_core.environment:checking '/home/zhangqi/ros2/ros2_pkgs/install/car_uart_node' for CMake module files
[5.078s] Level 1:colcon.colcon_core.environment:checking '/home/zhangqi/ros2/ros2_pkgs/install/car_uart_node' for CMake config files
[5.085s] Level 1:colcon.colcon_core.shell:create_environment_hook('car_uart_node', 'cmake_prefix_path')
[5.093s] INFO:colcon.colcon_core.shell:Creating environment hook '/home/zhangqi/ros2/ros2_pkgs/install/car_uart_node/share/car_uart_node/hook/cmake_prefix_path.ps1'
[5.103s] INFO:colcon.colcon_core.shell:Creating environment descriptor '/home/zhangqi/ros2/ros2_pkgs/install/car_uart_node/share/car_uart_node/hook/cmake_prefix_path.dsv'
[5.108s] INFO:colcon.colcon_core.shell:Creating environment hook '/home/zhangqi/ros2/ros2_pkgs/install/car_uart_node/share/car_uart_node/hook/cmake_prefix_path.sh'
[5.117s] Level 1:colcon.colcon_core.environment:checking '/home/zhangqi/ros2/ros2_pkgs/install/car_uart_node/bin'
[5.117s] Level 1:colcon.colcon_core.environment:checking '/home/zhangqi/ros2/ros2_pkgs/install/car_uart_node/lib/pkgconfig/car_uart_node.pc'
[5.118s] Level 1:colcon.colcon_core.environment:checking '/home/zhangqi/ros2/ros2_pkgs/install/car_uart_node/lib/python3.10/site-packages'
[5.120s] Level 1:colcon.colcon_core.environment:checking '/home/zhangqi/ros2/ros2_pkgs/install/car_uart_node/bin'
[5.126s] INFO:colcon.colcon_core.shell:Creating package script '/home/zhangqi/ros2/ros2_pkgs/install/car_uart_node/share/car_uart_node/package.ps1'
[5.131s] INFO:colcon.colcon_core.shell:Creating package descriptor '/home/zhangqi/ros2/ros2_pkgs/install/car_uart_node/share/car_uart_node/package.dsv'
[5.137s] INFO:colcon.colcon_core.shell:Creating package script '/home/zhangqi/ros2/ros2_pkgs/install/car_uart_node/share/car_uart_node/package.sh'
[5.144s] INFO:colcon.colcon_core.shell:Creating package script '/home/zhangqi/ros2/ros2_pkgs/install/car_uart_node/share/car_uart_node/package.bash'
[5.158s] INFO:colcon.colcon_core.shell:Creating package script '/home/zhangqi/ros2/ros2_pkgs/install/car_uart_node/share/car_uart_node/package.zsh'
[5.170s] Level 1:colcon.colcon_core.environment:create_file_with_runtime_dependencies(/home/zhangqi/ros2/ros2_pkgs/install/car_uart_node/share/colcon-core/packages/car_uart_node)
[5.182s] DEBUG:colcon.colcon_core.event_handler.log_command:Invoked command in '/home/zhangqi/ros2/ros2_pkgs/build/sys_dispatcher' returned '0': CMAKE_PREFIX_PATH=/opt/ros/humble /usr/bin/cmake --build /home/zhangqi/ros2/ros2_pkgs/build/sys_dispatcher -- -j4 -l4
[5.188s] DEBUG:colcon.colcon_core.event_handler.log_command:Invoked command in '/home/zhangqi/ros2/ros2_pkgs/build/lidar_reader' returned '0': CMAKE_PREFIX_PATH=/opt/ros/humble /usr/bin/cmake --build /home/zhangqi/ros2/ros2_pkgs/build/lidar_reader -- -j4 -l4
[5.278s] Level 1:colcon.colcon_core.environment:create_environment_scripts_only(car_uart_node)
[5.286s] Level 1:colcon.colcon_core.environment:checking '/home/zhangqi/ros2/ros2_pkgs/install/car_uart_node' for CMake module files
[5.289s] Level 1:colcon.colcon_core.environment:checking '/home/zhangqi/ros2/ros2_pkgs/install/car_uart_node' for CMake config files
[5.290s] Level 1:colcon.colcon_core.shell:create_environment_hook('car_uart_node', 'cmake_prefix_path')
[5.298s] INFO:colcon.colcon_core.shell:Creating environment hook '/home/zhangqi/ros2/ros2_pkgs/install/car_uart_node/share/car_uart_node/hook/cmake_prefix_path.ps1'
[5.300s] INFO:colcon.colcon_core.shell:Creating environment descriptor '/home/zhangqi/ros2/ros2_pkgs/install/car_uart_node/share/car_uart_node/hook/cmake_prefix_path.dsv'
[5.302s] INFO:colcon.colcon_core.shell:Creating environment hook '/home/zhangqi/ros2/ros2_pkgs/install/car_uart_node/share/car_uart_node/hook/cmake_prefix_path.sh'
[5.304s] Level 1:colcon.colcon_core.environment:checking '/home/zhangqi/ros2/ros2_pkgs/install/car_uart_node/bin'
[5.305s] Level 1:colcon.colcon_core.environment:checking '/home/zhangqi/ros2/ros2_pkgs/install/car_uart_node/lib/pkgconfig/car_uart_node.pc'
[5.306s] Level 1:colcon.colcon_core.environment:checking '/home/zhangqi/ros2/ros2_pkgs/install/car_uart_node/lib/python3.10/site-packages'
[5.306s] Level 1:colcon.colcon_core.environment:checking '/home/zhangqi/ros2/ros2_pkgs/install/car_uart_node/bin'
[5.314s] INFO:colcon.colcon_core.shell:Creating package script '/home/zhangqi/ros2/ros2_pkgs/install/car_uart_node/share/car_uart_node/package.ps1'
[5.316s] INFO:colcon.colcon_core.shell:Creating package descriptor '/home/zhangqi/ros2/ros2_pkgs/install/car_uart_node/share/car_uart_node/package.dsv'
[5.319s] INFO:colcon.colcon_core.shell:Creating package script '/home/zhangqi/ros2/ros2_pkgs/install/car_uart_node/share/car_uart_node/package.sh'
[5.321s] INFO:colcon.colcon_core.shell:Creating package script '/home/zhangqi/ros2/ros2_pkgs/install/car_uart_node/share/car_uart_node/package.bash'
[5.323s] INFO:colcon.colcon_core.shell:Creating package script '/home/zhangqi/ros2/ros2_pkgs/install/car_uart_node/share/car_uart_node/package.zsh'
[5.325s] Level 1:colcon.colcon_core.environment:create_file_with_runtime_dependencies(/home/zhangqi/ros2/ros2_pkgs/install/car_uart_node/share/colcon-core/packages/car_uart_node)
[5.337s] DEBUG:colcon.colcon_core.event_handler.log_command:Invoking command in '/home/zhangqi/ros2/ros2_pkgs/build/lidar_reader': CMAKE_PREFIX_PATH=/opt/ros/humble /usr/bin/cmake --install /home/zhangqi/ros2/ros2_pkgs/build/lidar_reader
[5.345s] DEBUG:colcon.colcon_core.event_handler.log_command:Invoking command in '/home/zhangqi/ros2/ros2_pkgs/build/sys_dispatcher': CMAKE_PREFIX_PATH=/opt/ros/humble /usr/bin/cmake --install /home/zhangqi/ros2/ros2_pkgs/build/sys_dispatcher
[5.512s] Level 1:colcon.colcon_core.environment:create_environment_scripts_only(lidar_reader)
[5.520s] Level 1:colcon.colcon_core.environment:checking '/home/zhangqi/ros2/ros2_pkgs/install/lidar_reader' for CMake module files
[5.522s] DEBUG:colcon.colcon_core.event_handler.log_command:Invoked command in '/home/zhangqi/ros2/ros2_pkgs/build/lidar_reader' returned '0': CMAKE_PREFIX_PATH=/opt/ros/humble /usr/bin/cmake --install /home/zhangqi/ros2/ros2_pkgs/build/lidar_reader
[5.527s] Level 1:colcon.colcon_core.environment:checking '/home/zhangqi/ros2/ros2_pkgs/install/lidar_reader' for CMake config files
[5.534s] Level 1:colcon.colcon_core.shell:create_environment_hook('lidar_reader', 'cmake_prefix_path')
[5.540s] INFO:colcon.colcon_core.shell:Creating environment hook '/home/zhangqi/ros2/ros2_pkgs/install/lidar_reader/share/lidar_reader/hook/cmake_prefix_path.ps1'
[5.543s] INFO:colcon.colcon_core.shell:Creating environment descriptor '/home/zhangqi/ros2/ros2_pkgs/install/lidar_reader/share/lidar_reader/hook/cmake_prefix_path.dsv'
[5.545s] INFO:colcon.colcon_core.shell:Creating environment hook '/home/zhangqi/ros2/ros2_pkgs/install/lidar_reader/share/lidar_reader/hook/cmake_prefix_path.sh'
[5.548s] Level 1:colcon.colcon_core.environment:checking '/home/zhangqi/ros2/ros2_pkgs/install/lidar_reader/lib'
[5.549s] Level 1:colcon.colcon_core.environment:checking '/home/zhangqi/ros2/ros2_pkgs/install/lidar_reader/bin'
[5.549s] Level 1:colcon.colcon_core.environment:checking '/home/zhangqi/ros2/ros2_pkgs/install/lidar_reader/lib/pkgconfig/lidar_reader.pc'
[5.551s] Level 1:colcon.colcon_core.environment:checking '/home/zhangqi/ros2/ros2_pkgs/install/lidar_reader/lib/python3.10/site-packages'
[5.552s] Level 1:colcon.colcon_core.environment:checking '/home/zhangqi/ros2/ros2_pkgs/install/lidar_reader/bin'
[5.558s] INFO:colcon.colcon_core.shell:Creating package script '/home/zhangqi/ros2/ros2_pkgs/install/lidar_reader/share/lidar_reader/package.ps1'
[5.560s] INFO:colcon.colcon_core.shell:Creating package descriptor '/home/zhangqi/ros2/ros2_pkgs/install/lidar_reader/share/lidar_reader/package.dsv'
[5.562s] INFO:colcon.colcon_core.shell:Creating package script '/home/zhangqi/ros2/ros2_pkgs/install/lidar_reader/share/lidar_reader/package.sh'
[5.564s] INFO:colcon.colcon_core.shell:Creating package script '/home/zhangqi/ros2/ros2_pkgs/install/lidar_reader/share/lidar_reader/package.bash'
[5.566s] INFO:colcon.colcon_core.shell:Creating package script '/home/zhangqi/ros2/ros2_pkgs/install/lidar_reader/share/lidar_reader/package.zsh'
[5.568s] Level 1:colcon.colcon_core.environment:create_file_with_runtime_dependencies(/home/zhangqi/ros2/ros2_pkgs/install/lidar_reader/share/colcon-core/packages/lidar_reader)
[5.575s] Level 1:colcon.colcon_core.environment:create_environment_scripts_only(sys_dispatcher)
[5.584s] Level 1:colcon.colcon_core.environment:checking '/home/zhangqi/ros2/ros2_pkgs/install/sys_dispatcher' for CMake module files
[5.585s] DEBUG:colcon.colcon_core.event_handler.log_command:Invoked command in '/home/zhangqi/ros2/ros2_pkgs/build/sys_dispatcher' returned '0': CMAKE_PREFIX_PATH=/opt/ros/humble /usr/bin/cmake --install /home/zhangqi/ros2/ros2_pkgs/build/sys_dispatcher
[5.589s] Level 1:colcon.colcon_core.environment:checking '/home/zhangqi/ros2/ros2_pkgs/install/sys_dispatcher' for CMake config files
[5.594s] Level 1:colcon.colcon_core.shell:create_environment_hook('sys_dispatcher', 'cmake_prefix_path')
[5.600s] INFO:colcon.colcon_core.shell:Creating environment hook '/home/zhangqi/ros2/ros2_pkgs/install/sys_dispatcher/share/sys_dispatcher/hook/cmake_prefix_path.ps1'
[5.602s] INFO:colcon.colcon_core.shell:Creating environment descriptor '/home/zhangqi/ros2/ros2_pkgs/install/sys_dispatcher/share/sys_dispatcher/hook/cmake_prefix_path.dsv'
[5.604s] INFO:colcon.colcon_core.shell:Creating environment hook '/home/zhangqi/ros2/ros2_pkgs/install/sys_dispatcher/share/sys_dispatcher/hook/cmake_prefix_path.sh'
[5.607s] Level 1:colcon.colcon_core.environment:checking '/home/zhangqi/ros2/ros2_pkgs/install/sys_dispatcher/lib'
[5.608s] Level 1:colcon.colcon_core.environment:checking '/home/zhangqi/ros2/ros2_pkgs/install/sys_dispatcher/bin'
[5.608s] Level 1:colcon.colcon_core.environment:checking '/home/zhangqi/ros2/ros2_pkgs/install/sys_dispatcher/lib/pkgconfig/sys_dispatcher.pc'
[5.609s] Level 1:colcon.colcon_core.environment:checking '/home/zhangqi/ros2/ros2_pkgs/install/sys_dispatcher/lib/python3.10/site-packages'
[5.610s] Level 1:colcon.colcon_core.environment:checking '/home/zhangqi/ros2/ros2_pkgs/install/sys_dispatcher/bin'
[5.616s] INFO:colcon.colcon_core.shell:Creating package script '/home/zhangqi/ros2/ros2_pkgs/install/sys_dispatcher/share/sys_dispatcher/package.ps1'
[5.619s] INFO:colcon.colcon_core.shell:Creating package descriptor '/home/zhangqi/ros2/ros2_pkgs/install/sys_dispatcher/share/sys_dispatcher/package.dsv'
[5.621s] INFO:colcon.colcon_core.shell:Creating package script '/home/zhangqi/ros2/ros2_pkgs/install/sys_dispatcher/share/sys_dispatcher/package.sh'
[5.623s] INFO:colcon.colcon_core.shell:Creating package script '/home/zhangqi/ros2/ros2_pkgs/install/sys_dispatcher/share/sys_dispatcher/package.bash'
[5.625s] INFO:colcon.colcon_core.shell:Creating package script '/home/zhangqi/ros2/ros2_pkgs/install/sys_dispatcher/share/sys_dispatcher/package.zsh'
[5.627s] Level 1:colcon.colcon_core.environment:create_file_with_runtime_dependencies(/home/zhangqi/ros2/ros2_pkgs/install/sys_dispatcher/share/colcon-core/packages/sys_dispatcher)
[5.699s] Level 1:colcon.colcon_core.environment:create_environment_scripts_only(lidar_reader)
[5.707s] Level 1:colcon.colcon_core.environment:checking '/home/zhangqi/ros2/ros2_pkgs/install/lidar_reader' for CMake module files
[5.710s] Level 1:colcon.colcon_core.environment:checking '/home/zhangqi/ros2/ros2_pkgs/install/lidar_reader' for CMake config files
[5.712s] Level 1:colcon.colcon_core.shell:create_environment_hook('lidar_reader', 'cmake_prefix_path')
[5.718s] INFO:colcon.colcon_core.shell:Creating environment hook '/home/zhangqi/ros2/ros2_pkgs/install/lidar_reader/share/lidar_reader/hook/cmake_prefix_path.ps1'
[5.720s] INFO:colcon.colcon_core.shell:Creating environment descriptor '/home/zhangqi/ros2/ros2_pkgs/install/lidar_reader/share/lidar_reader/hook/cmake_prefix_path.dsv'
[5.721s] INFO:colcon.colcon_core.shell:Creating environment hook '/home/zhangqi/ros2/ros2_pkgs/install/lidar_reader/share/lidar_reader/hook/cmake_prefix_path.sh'
[5.724s] Level 1:colcon.colcon_core.environment:checking '/home/zhangqi/ros2/ros2_pkgs/install/lidar_reader/lib'
[5.725s] Level 1:colcon.colcon_core.environment:checking '/home/zhangqi/ros2/ros2_pkgs/install/lidar_reader/bin'
[5.725s] Level 1:colcon.colcon_core.environment:checking '/home/zhangqi/ros2/ros2_pkgs/install/lidar_reader/lib/pkgconfig/lidar_reader.pc'
[5.726s] Level 1:colcon.colcon_core.environment:checking '/home/zhangqi/ros2/ros2_pkgs/install/lidar_reader/lib/python3.10/site-packages'
[5.727s] Level 1:colcon.colcon_core.environment:checking '/home/zhangqi/ros2/ros2_pkgs/install/lidar_reader/bin'
[5.733s] INFO:colcon.colcon_core.shell:Creating package script '/home/zhangqi/ros2/ros2_pkgs/install/lidar_reader/share/lidar_reader/package.ps1'
[5.735s] INFO:colcon.colcon_core.shell:Creating package descriptor '/home/zhangqi/ros2/ros2_pkgs/install/lidar_reader/share/lidar_reader/package.dsv'
[5.737s] INFO:colcon.colcon_core.shell:Creating package script '/home/zhangqi/ros2/ros2_pkgs/install/lidar_reader/share/lidar_reader/package.sh'
[5.740s] INFO:colcon.colcon_core.shell:Creating package script '/home/zhangqi/ros2/ros2_pkgs/install/lidar_reader/share/lidar_reader/package.bash'
[5.743s] INFO:colcon.colcon_core.shell:Creating package script '/home/zhangqi/ros2/ros2_pkgs/install/lidar_reader/share/lidar_reader/package.zsh'
[5.745s] Level 1:colcon.colcon_core.environment:create_file_with_runtime_dependencies(/home/zhangqi/ros2/ros2_pkgs/install/lidar_reader/share/colcon-core/packages/lidar_reader)
[5.753s] Level 1:colcon.colcon_core.environment:create_environment_scripts_only(sys_dispatcher)
[5.761s] Level 1:colcon.colcon_core.environment:checking '/home/zhangqi/ros2/ros2_pkgs/install/sys_dispatcher' for CMake module files
[5.765s] Level 1:colcon.colcon_core.environment:checking '/home/zhangqi/ros2/ros2_pkgs/install/sys_dispatcher' for CMake config files
[5.767s] Level 1:colcon.colcon_core.shell:create_environment_hook('sys_dispatcher', 'cmake_prefix_path')
[5.772s] INFO:colcon.colcon_core.shell:Creating environment hook '/home/zhangqi/ros2/ros2_pkgs/install/sys_dispatcher/share/sys_dispatcher/hook/cmake_prefix_path.ps1'
[5.774s] INFO:colcon.colcon_core.shell:Creating environment descriptor '/home/zhangqi/ros2/ros2_pkgs/install/sys_dispatcher/share/sys_dispatcher/hook/cmake_prefix_path.dsv'
[5.775s] INFO:colcon.colcon_core.shell:Creating environment hook '/home/zhangqi/ros2/ros2_pkgs/install/sys_dispatcher/share/sys_dispatcher/hook/cmake_prefix_path.sh'
[5.778s] Level 1:colcon.colcon_core.environment:checking '/home/zhangqi/ros2/ros2_pkgs/install/sys_dispatcher/lib'
[5.778s] Level 1:colcon.colcon_core.environment:checking '/home/zhangqi/ros2/ros2_pkgs/install/sys_dispatcher/bin'
[5.779s] Level 1:colcon.colcon_core.environment:checking '/home/zhangqi/ros2/ros2_pkgs/install/sys_dispatcher/lib/pkgconfig/sys_dispatcher.pc'
[5.779s] Level 1:colcon.colcon_core.environment:checking '/home/zhangqi/ros2/ros2_pkgs/install/sys_dispatcher/lib/python3.10/site-packages'
[5.780s] Level 1:colcon.colcon_core.environment:checking '/home/zhangqi/ros2/ros2_pkgs/install/sys_dispatcher/bin'
[5.785s] INFO:colcon.colcon_core.shell:Creating package script '/home/zhangqi/ros2/ros2_pkgs/install/sys_dispatcher/share/sys_dispatcher/package.ps1'
[5.788s] INFO:colcon.colcon_core.shell:Creating package descriptor '/home/zhangqi/ros2/ros2_pkgs/install/sys_dispatcher/share/sys_dispatcher/package.dsv'
[5.790s] INFO:colcon.colcon_core.shell:Creating package script '/home/zhangqi/ros2/ros2_pkgs/install/sys_dispatcher/share/sys_dispatcher/package.sh'
[5.792s] INFO:colcon.colcon_core.shell:Creating package script '/home/zhangqi/ros2/ros2_pkgs/install/sys_dispatcher/share/sys_dispatcher/package.bash'
[5.795s] INFO:colcon.colcon_core.shell:Creating package script '/home/zhangqi/ros2/ros2_pkgs/install/sys_dispatcher/share/sys_dispatcher/package.zsh'
[5.797s] Level 1:colcon.colcon_core.environment:create_file_with_runtime_dependencies(/home/zhangqi/ros2/ros2_pkgs/install/sys_dispatcher/share/colcon-core/packages/sys_dispatcher)
[44.493s] DEBUG:colcon.colcon_core.event_handler.log_command:Invoked command in '/home/zhangqi/ros2/ros2_pkgs/build/bau_ctrl' returned '0': CMAKE_PREFIX_PATH=/opt/ros/humble /usr/bin/cmake --build /home/zhangqi/ros2/ros2_pkgs/build/bau_ctrl -- -j4 -l4
[44.648s] DEBUG:colcon.colcon_core.event_handler.log_command:Invoking command in '/home/zhangqi/ros2/ros2_pkgs/build/bau_ctrl': CMAKE_PREFIX_PATH=/opt/ros/humble /usr/bin/cmake --install /home/zhangqi/ros2/ros2_pkgs/build/bau_ctrl
[44.726s] Level 1:colcon.colcon_core.environment:create_environment_scripts_only(bau_ctrl)
[44.736s] Level 1:colcon.colcon_core.environment:checking '/home/zhangqi/ros2/ros2_pkgs/install/bau_ctrl' for CMake module files
[44.737s] DEBUG:colcon.colcon_core.event_handler.log_command:Invoked command in '/home/zhangqi/ros2/ros2_pkgs/build/bau_ctrl' returned '0': CMAKE_PREFIX_PATH=/opt/ros/humble /usr/bin/cmake --install /home/zhangqi/ros2/ros2_pkgs/build/bau_ctrl
[44.740s] Level 1:colcon.colcon_core.environment:checking '/home/zhangqi/ros2/ros2_pkgs/install/bau_ctrl' for CMake config files
[44.745s] Level 1:colcon.colcon_core.shell:create_environment_hook('bau_ctrl', 'cmake_prefix_path')
[44.750s] INFO:colcon.colcon_core.shell:Creating environment hook '/home/zhangqi/ros2/ros2_pkgs/install/bau_ctrl/share/bau_ctrl/hook/cmake_prefix_path.ps1'
[44.753s] INFO:colcon.colcon_core.shell:Creating environment descriptor '/home/zhangqi/ros2/ros2_pkgs/install/bau_ctrl/share/bau_ctrl/hook/cmake_prefix_path.dsv'
[44.755s] INFO:colcon.colcon_core.shell:Creating environment hook '/home/zhangqi/ros2/ros2_pkgs/install/bau_ctrl/share/bau_ctrl/hook/cmake_prefix_path.sh'
[44.757s] Level 1:colcon.colcon_core.environment:checking '/home/zhangqi/ros2/ros2_pkgs/install/bau_ctrl/lib'
[44.758s] Level 1:colcon.colcon_core.environment:checking '/home/zhangqi/ros2/ros2_pkgs/install/bau_ctrl/bin'
[44.758s] Level 1:colcon.colcon_core.environment:checking '/home/zhangqi/ros2/ros2_pkgs/install/bau_ctrl/lib/pkgconfig/bau_ctrl.pc'
[44.759s] Level 1:colcon.colcon_core.environment:checking '/home/zhangqi/ros2/ros2_pkgs/install/bau_ctrl/lib/python3.10/site-packages'
[44.760s] Level 1:colcon.colcon_core.environment:checking '/home/zhangqi/ros2/ros2_pkgs/install/bau_ctrl/bin'
[44.765s] INFO:colcon.colcon_core.shell:Creating package script '/home/zhangqi/ros2/ros2_pkgs/install/bau_ctrl/share/bau_ctrl/package.ps1'
[44.767s] INFO:colcon.colcon_core.shell:Creating package descriptor '/home/zhangqi/ros2/ros2_pkgs/install/bau_ctrl/share/bau_ctrl/package.dsv'
[44.769s] INFO:colcon.colcon_core.shell:Creating package script '/home/zhangqi/ros2/ros2_pkgs/install/bau_ctrl/share/bau_ctrl/package.sh'
[44.770s] INFO:colcon.colcon_core.shell:Creating package script '/home/zhangqi/ros2/ros2_pkgs/install/bau_ctrl/share/bau_ctrl/package.bash'
[44.772s] INFO:colcon.colcon_core.shell:Creating package script '/home/zhangqi/ros2/ros2_pkgs/install/bau_ctrl/share/bau_ctrl/package.zsh'
[44.773s] Level 1:colcon.colcon_core.environment:create_file_with_runtime_dependencies(/home/zhangqi/ros2/ros2_pkgs/install/bau_ctrl/share/colcon-core/packages/bau_ctrl)
[44.923s] Level 1:colcon.colcon_core.environment:create_environment_scripts_only(bau_ctrl)
[44.931s] Level 1:colcon.colcon_core.environment:checking '/home/zhangqi/ros2/ros2_pkgs/install/bau_ctrl' for CMake module files
[44.934s] Level 1:colcon.colcon_core.environment:checking '/home/zhangqi/ros2/ros2_pkgs/install/bau_ctrl' for CMake config files
[44.936s] Level 1:colcon.colcon_core.shell:create_environment_hook('bau_ctrl', 'cmake_prefix_path')
[44.941s] INFO:colcon.colcon_core.shell:Creating environment hook '/home/zhangqi/ros2/ros2_pkgs/install/bau_ctrl/share/bau_ctrl/hook/cmake_prefix_path.ps1'
[44.943s] INFO:colcon.colcon_core.shell:Creating environment descriptor '/home/zhangqi/ros2/ros2_pkgs/install/bau_ctrl/share/bau_ctrl/hook/cmake_prefix_path.dsv'
[44.944s] INFO:colcon.colcon_core.shell:Creating environment hook '/home/zhangqi/ros2/ros2_pkgs/install/bau_ctrl/share/bau_ctrl/hook/cmake_prefix_path.sh'
[44.947s] Level 1:colcon.colcon_core.environment:checking '/home/zhangqi/ros2/ros2_pkgs/install/bau_ctrl/lib'
[44.947s] Level 1:colcon.colcon_core.environment:checking '/home/zhangqi/ros2/ros2_pkgs/install/bau_ctrl/bin'
[44.948s] Level 1:colcon.colcon_core.environment:checking '/home/zhangqi/ros2/ros2_pkgs/install/bau_ctrl/lib/pkgconfig/bau_ctrl.pc'
[44.948s] Level 1:colcon.colcon_core.environment:checking '/home/zhangqi/ros2/ros2_pkgs/install/bau_ctrl/lib/python3.10/site-packages'
[44.949s] Level 1:colcon.colcon_core.environment:checking '/home/zhangqi/ros2/ros2_pkgs/install/bau_ctrl/bin'
[44.954s] INFO:colcon.colcon_core.shell:Creating package script '/home/zhangqi/ros2/ros2_pkgs/install/bau_ctrl/share/bau_ctrl/package.ps1'
[44.957s] INFO:colcon.colcon_core.shell:Creating package descriptor '/home/zhangqi/ros2/ros2_pkgs/install/bau_ctrl/share/bau_ctrl/package.dsv'
[44.959s] INFO:colcon.colcon_core.shell:Creating package script '/home/zhangqi/ros2/ros2_pkgs/install/bau_ctrl/share/bau_ctrl/package.sh'
[44.961s] INFO:colcon.colcon_core.shell:Creating package script '/home/zhangqi/ros2/ros2_pkgs/install/bau_ctrl/share/bau_ctrl/package.bash'
[44.963s] INFO:colcon.colcon_core.shell:Creating package script '/home/zhangqi/ros2/ros2_pkgs/install/bau_ctrl/share/bau_ctrl/package.zsh'
[44.965s] Level 1:colcon.colcon_core.environment:create_file_with_runtime_dependencies(/home/zhangqi/ros2/ros2_pkgs/install/bau_ctrl/share/colcon-core/packages/bau_ctrl)
[44.966s] DEBUG:colcon.colcon_parallel_executor.executor.parallel:closing loop
[44.968s] DEBUG:colcon.colcon_parallel_executor.executor.parallel:loop closed
[44.968s] DEBUG:colcon.colcon_parallel_executor.executor.parallel:run_until_complete finished with '0'
[44.969s] DEBUG:colcon.colcon_core.event_reactor:joining thread
[44.995s] INFO:colcon.colcon_core.plugin_system:Skipping extension 'colcon_notification.desktop_notification.terminal_notifier': Not used on non-Darwin systems
[44.995s] INFO:colcon.colcon_core.plugin_system:Skipping extension 'colcon_notification.desktop_notification.win32': Not used on non-Windows systems
[44.995s] INFO:colcon.colcon_notification.desktop_notification:Sending desktop notification using 'notify2'
[45.100s] DEBUG:colcon.colcon_notification.desktop_notification.notify2:Failed to initialize notify2: org.freedesktop.DBus.Error.ServiceUnknown: The name org.freedesktop.Notifications was not provided by any .service files
[45.100s] DEBUG:colcon.colcon_core.event_reactor:joined thread
[45.106s] INFO:colcon.colcon_core.shell:Creating prefix script '/home/zhangqi/ros2/ros2_pkgs/install/local_setup.ps1'
[45.111s] INFO:colcon.colcon_core.shell:Creating prefix util module '/home/zhangqi/ros2/ros2_pkgs/install/_local_setup_util_ps1.py'
[45.119s] INFO:colcon.colcon_core.shell:Creating prefix chain script '/home/zhangqi/ros2/ros2_pkgs/install/setup.ps1'
[45.127s] INFO:colcon.colcon_core.shell:Creating prefix script '/home/zhangqi/ros2/ros2_pkgs/install/local_setup.sh'
[45.130s] INFO:colcon.colcon_core.shell:Creating prefix util module '/home/zhangqi/ros2/ros2_pkgs/install/_local_setup_util_sh.py'
[45.132s] INFO:colcon.colcon_core.shell:Creating prefix chain script '/home/zhangqi/ros2/ros2_pkgs/install/setup.sh'
[45.139s] INFO:colcon.colcon_core.shell:Creating prefix script '/home/zhangqi/ros2/ros2_pkgs/install/local_setup.bash'
[45.143s] INFO:colcon.colcon_core.shell:Creating prefix chain script '/home/zhangqi/ros2/ros2_pkgs/install/setup.bash'
[45.150s] INFO:colcon.colcon_core.shell:Creating prefix script '/home/zhangqi/ros2/ros2_pkgs/install/local_setup.zsh'
[45.153s] INFO:colcon.colcon_core.shell:Creating prefix chain script '/home/zhangqi/ros2/ros2_pkgs/install/setup.zsh'
