[0.123s] Invoking command in '/home/zhangqi/ros2/ros2_pkgs/build/car_uart_node': CMAKE_PREFIX_PATH=${CMAKE_PREFIX_PATH}:/opt/ros/humble /usr/bin/cmake /home/zhangqi/ros2/ros2_pkgs/src/car_uart_node -DCOMMON_LIB_PATH=~/ros2/libs/ -DCMAKE_EXPORT_COMPILE_COMMANDS=on -DCMAKE_INSTALL_PREFIX=/home/zhangqi/ros2/ros2_pkgs/install/car_uart_node
[1.669s] -- The C compiler identification is GNU 11.3.0
[2.685s] -- The CXX compiler identification is GNU 11.3.0
[2.716s] -- Detecting C compiler ABI info
[3.185s] -- Detecting C compiler ABI info - done
[3.211s] -- Check for working C compiler: /usr/bin/cc - skipped
[3.212s] -- Detecting C compile features
[3.214s] -- Detecting C compile features - done
[3.232s] -- Detecting CXX compiler ABI info
[3.679s] -- Detecting CXX compiler ABI info - done
[3.708s] -- Check for working CXX compiler: /usr/bin/c++ - skipped
[3.709s] -- Detecting CXX compile features
[3.711s] -- Detecting CXX compile features - done
[3.751s] -- Found ament_cmake: 1.3.3 (/opt/ros/humble/share/ament_cmake/cmake)
[5.041s] -- Found Python3: /usr/bin/python3.10 (found version "3.10.6") found components: Interpreter 
[5.948s] -- Found ament_lint_auto: 0.12.5 (/opt/ros/humble/share/ament_lint_auto/cmake)
[6.547s] -- Added test 'cppcheck' to perform static code analysis on C / C++ code
[6.547s] -- Configured cppcheck include dirs: 
[6.547s] -- Configured cppcheck exclude dirs and/or files: 
[6.559s] -- Added test 'lint_cmake' to check CMake code style
[6.580s] -- Added test 'uncrustify' to check C / C++ code style
[6.580s] -- Configured uncrustify additional arguments: 
[6.585s] -- Added test 'xmllint' to check XML markup files
[6.597s] -- Configuring done
[6.619s] -- Generating done
[6.622s] [33mCMake Warning:
[6.623s]   Manually-specified variables were not used by the project:
[6.623s] 
[6.623s]     CMAKE_EXPORT_COMPILE_COMMANDS
[6.624s]     COMMON_LIB_PATH
[6.624s] 
[6.624s] [0m
[6.625s] -- Build files have been written to: /home/zhangqi/ros2/ros2_pkgs/build/car_uart_node
[6.640s] Invoked command in '/home/zhangqi/ros2/ros2_pkgs/build/car_uart_node' returned '0': CMAKE_PREFIX_PATH=${CMAKE_PREFIX_PATH}:/opt/ros/humble /usr/bin/cmake /home/zhangqi/ros2/ros2_pkgs/src/car_uart_node -DCOMMON_LIB_PATH=~/ros2/libs/ -DCMAKE_EXPORT_COMPILE_COMMANDS=on -DCMAKE_INSTALL_PREFIX=/home/zhangqi/ros2/ros2_pkgs/install/car_uart_node
[6.646s] Invoking command in '/home/zhangqi/ros2/ros2_pkgs/build/car_uart_node': CMAKE_PREFIX_PATH=${CMAKE_PREFIX_PATH}:/opt/ros/humble /usr/bin/cmake --build /home/zhangqi/ros2/ros2_pkgs/build/car_uart_node -- -j4 -l4
[6.741s] -- Found ament_cmake: 1.3.3 (/opt/ros/humble/share/ament_cmake/cmake)
[7.460s] -- Found ament_lint_auto: 0.12.5 (/opt/ros/humble/share/ament_lint_auto/cmake)
[7.792s] -- Added test 'cppcheck' to perform static code analysis on C / C++ code
[7.793s] -- Configured cppcheck include dirs: 
[7.794s] -- Configured cppcheck exclude dirs and/or files: 
[7.796s] -- Added test 'lint_cmake' to check CMake code style
[7.803s] -- Added test 'uncrustify' to check C / C++ code style
[7.803s] -- Configured uncrustify additional arguments: 
[7.804s] -- Added test 'xmllint' to check XML markup files
[7.809s] -- Configuring done
[7.828s] -- Generating done
[7.834s] -- Build files have been written to: /home/zhangqi/ros2/ros2_pkgs/build/car_uart_node
[7.916s] Invoked command in '/home/zhangqi/ros2/ros2_pkgs/build/car_uart_node' returned '0': CMAKE_PREFIX_PATH=${CMAKE_PREFIX_PATH}:/opt/ros/humble /usr/bin/cmake --build /home/zhangqi/ros2/ros2_pkgs/build/car_uart_node -- -j4 -l4
[8.053s] Invoking command in '/home/zhangqi/ros2/ros2_pkgs/build/car_uart_node': CMAKE_PREFIX_PATH=${CMAKE_PREFIX_PATH}:/opt/ros/humble /usr/bin/cmake --install /home/zhangqi/ros2/ros2_pkgs/build/car_uart_node
[8.083s] -- Install configuration: ""
[8.083s] -- Installing: /home/zhangqi/ros2/ros2_pkgs/install/car_uart_node/share/ament_index/resource_index/package_run_dependencies/car_uart_node
[8.085s] -- Installing: /home/zhangqi/ros2/ros2_pkgs/install/car_uart_node/share/ament_index/resource_index/parent_prefix_path/car_uart_node
[8.086s] -- Up-to-date: /home/zhangqi/ros2/ros2_pkgs/install/car_uart_node/share/car_uart_node/environment/ament_prefix_path.sh
[8.087s] -- Installing: /home/zhangqi/ros2/ros2_pkgs/install/car_uart_node/share/car_uart_node/environment/ament_prefix_path.dsv
[8.088s] -- Up-to-date: /home/zhangqi/ros2/ros2_pkgs/install/car_uart_node/share/car_uart_node/environment/path.sh
[8.089s] -- Installing: /home/zhangqi/ros2/ros2_pkgs/install/car_uart_node/share/car_uart_node/environment/path.dsv
[8.090s] -- Installing: /home/zhangqi/ros2/ros2_pkgs/install/car_uart_node/share/car_uart_node/local_setup.bash
[8.091s] -- Installing: /home/zhangqi/ros2/ros2_pkgs/install/car_uart_node/share/car_uart_node/local_setup.sh
[8.093s] -- Installing: /home/zhangqi/ros2/ros2_pkgs/install/car_uart_node/share/car_uart_node/local_setup.zsh
[8.094s] -- Installing: /home/zhangqi/ros2/ros2_pkgs/install/car_uart_node/share/car_uart_node/local_setup.dsv
[8.096s] -- Installing: /home/zhangqi/ros2/ros2_pkgs/install/car_uart_node/share/car_uart_node/package.dsv
[8.097s] -- Installing: /home/zhangqi/ros2/ros2_pkgs/install/car_uart_node/share/ament_index/resource_index/packages/car_uart_node
[8.099s] -- Installing: /home/zhangqi/ros2/ros2_pkgs/install/car_uart_node/share/car_uart_node/cmake/car_uart_nodeConfig.cmake
[8.100s] -- Installing: /home/zhangqi/ros2/ros2_pkgs/install/car_uart_node/share/car_uart_node/cmake/car_uart_nodeConfig-version.cmake
[8.102s] -- Up-to-date: /home/zhangqi/ros2/ros2_pkgs/install/car_uart_node/share/car_uart_node/package.xml
[8.117s] Invoked command in '/home/zhangqi/ros2/ros2_pkgs/build/car_uart_node' returned '0': CMAKE_PREFIX_PATH=${CMAKE_PREFIX_PATH}:/opt/ros/humble /usr/bin/cmake --install /home/zhangqi/ros2/ros2_pkgs/build/car_uart_node
