[0.135s] Invoking command in '/home/zhangqi/ros2/ros2_pkgs/build/sys_dispatcher': CMAKE_PREFIX_PATH=${CMAKE_PREFIX_PATH}:/opt/ros/humble /usr/bin/cmake --build /home/zhangqi/ros2/ros2_pkgs/build/sys_dispatcher -- -j4 -l4
[0.421s] [ 50%] [32mBuilding CXX object CMakeFiles/sys_dispatcher.dir/src/sys_dispatcher.cc.o[0m
[25.160s] [100%] [32m[1mLinking CXX executable sys_dispatcher[0m
[26.290s] [100%] Built target sys_dispatcher
[26.330s] Invoked command in '/home/zhangqi/ros2/ros2_pkgs/build/sys_dispatcher' returned '0': CMAKE_PREFIX_PATH=${CMAKE_PREFIX_PATH}:/opt/ros/humble /usr/bin/cmake --build /home/zhangqi/ros2/ros2_pkgs/build/sys_dispatcher -- -j4 -l4
[26.457s] Invoking command in '/home/zhangqi/ros2/ros2_pkgs/build/sys_dispatcher': CMAKE_PREFIX_PATH=${CMAKE_PREFIX_PATH}:/opt/ros/humble /usr/bin/cmake --install /home/zhangqi/ros2/ros2_pkgs/build/sys_dispatcher
[26.483s] -- Install configuration: ""
[26.485s] -- Installing: /home/zhangqi/ros2/ros2_pkgs/install/sys_dispatcher/lib/sys_dispatcher/sys_dispatcher
[26.495s] -- Set runtime path of "/home/zhangqi/ros2/ros2_pkgs/install/sys_dispatcher/lib/sys_dispatcher/sys_dispatcher" to ""
[26.496s] -- Up-to-date: /home/zhangqi/ros2/ros2_pkgs/install/sys_dispatcher/share/sys_dispatcher//launch
[26.496s] -- Installing: /home/zhangqi/ros2/ros2_pkgs/install/sys_dispatcher/share/sys_dispatcher//launch/sys_dispatcher_launch.py
[26.497s] -- Up-to-date: /home/zhangqi/ros2/ros2_pkgs/install/sys_dispatcher/share/sys_dispatcher//params
[26.498s] -- Up-to-date: /home/zhangqi/ros2/ros2_pkgs/install/sys_dispatcher/share/sys_dispatcher//params/nav2_params.yaml
[26.499s] -- Up-to-date: /home/zhangqi/ros2/ros2_pkgs/install/sys_dispatcher/share/sys_dispatcher//params/robot_localization_ekf.yaml.bak
[26.499s] -- Up-to-date: /home/zhangqi/ros2/ros2_pkgs/install/sys_dispatcher/share/sys_dispatcher//params/robot_localization_ekf.yaml
[26.500s] -- Up-to-date: /home/zhangqi/ros2/ros2_pkgs/install/sys_dispatcher/share/ament_index/resource_index/package_run_dependencies/sys_dispatcher
[26.501s] -- Up-to-date: /home/zhangqi/ros2/ros2_pkgs/install/sys_dispatcher/share/ament_index/resource_index/parent_prefix_path/sys_dispatcher
[26.501s] -- Up-to-date: /home/zhangqi/ros2/ros2_pkgs/install/sys_dispatcher/share/sys_dispatcher/environment/ament_prefix_path.sh
[26.502s] -- Up-to-date: /home/zhangqi/ros2/ros2_pkgs/install/sys_dispatcher/share/sys_dispatcher/environment/ament_prefix_path.dsv
[26.503s] -- Up-to-date: /home/zhangqi/ros2/ros2_pkgs/install/sys_dispatcher/share/sys_dispatcher/environment/path.sh
[26.503s] -- Up-to-date: /home/zhangqi/ros2/ros2_pkgs/install/sys_dispatcher/share/sys_dispatcher/environment/path.dsv
[26.504s] -- Up-to-date: /home/zhangqi/ros2/ros2_pkgs/install/sys_dispatcher/share/sys_dispatcher/local_setup.bash
[26.504s] -- Up-to-date: /home/zhangqi/ros2/ros2_pkgs/install/sys_dispatcher/share/sys_dispatcher/local_setup.sh
[26.505s] -- Up-to-date: /home/zhangqi/ros2/ros2_pkgs/install/sys_dispatcher/share/sys_dispatcher/local_setup.zsh
[26.505s] -- Up-to-date: /home/zhangqi/ros2/ros2_pkgs/install/sys_dispatcher/share/sys_dispatcher/local_setup.dsv
[26.506s] -- Installing: /home/zhangqi/ros2/ros2_pkgs/install/sys_dispatcher/share/sys_dispatcher/package.dsv
[26.506s] -- Up-to-date: /home/zhangqi/ros2/ros2_pkgs/install/sys_dispatcher/share/ament_index/resource_index/packages/sys_dispatcher
[26.507s] -- Up-to-date: /home/zhangqi/ros2/ros2_pkgs/install/sys_dispatcher/share/sys_dispatcher/cmake/sys_dispatcherConfig.cmake
[26.508s] -- Up-to-date: /home/zhangqi/ros2/ros2_pkgs/install/sys_dispatcher/share/sys_dispatcher/cmake/sys_dispatcherConfig-version.cmake
[26.508s] -- Up-to-date: /home/zhangqi/ros2/ros2_pkgs/install/sys_dispatcher/share/sys_dispatcher/package.xml
[26.522s] Invoked command in '/home/zhangqi/ros2/ros2_pkgs/build/sys_dispatcher' returned '0': CMAKE_PREFIX_PATH=${CMAKE_PREFIX_PATH}:/opt/ros/humble /usr/bin/cmake --install /home/zhangqi/ros2/ros2_pkgs/build/sys_dispatcher
