[0.144s] Invoking command in '/home/zhangqi/ros2/ros2_pkgs/build/car_uart_node': CMAKE_PREFIX_PATH=/opt/ros/humble /usr/bin/cmake --build /home/zhangqi/ros2/ros2_pkgs/build/car_uart_node -- -j4 -l4
[1.296s] Invoked command in '/home/zhangqi/ros2/ros2_pkgs/build/car_uart_node' returned '0': CMAKE_PREFIX_PATH=/opt/ros/humble /usr/bin/cmake --build /home/zhangqi/ros2/ros2_pkgs/build/car_uart_node -- -j4 -l4
[1.440s] Invoking command in '/home/zhangqi/ros2/ros2_pkgs/build/car_uart_node': CMAKE_PREFIX_PATH=/opt/ros/humble /usr/bin/cmake --install /home/zhangqi/ros2/ros2_pkgs/build/car_uart_node
[1.472s] -- Install configuration: ""
[1.480s] -- Up-to-date: /home/zhangqi/ros2/ros2_pkgs/install/car_uart_node/share/ament_index/resource_index/package_run_dependencies/car_uart_node
[1.482s] -- Up-to-date: /home/zhangqi/ros2/ros2_pkgs/install/car_uart_node/share/ament_index/resource_index/parent_prefix_path/car_uart_node
[1.484s] -- Up-to-date: /home/zhangqi/ros2/ros2_pkgs/install/car_uart_node/share/car_uart_node/environment/ament_prefix_path.sh
[1.485s] -- Up-to-date: /home/zhangqi/ros2/ros2_pkgs/install/car_uart_node/share/car_uart_node/environment/ament_prefix_path.dsv
[1.487s] -- Up-to-date: /home/zhangqi/ros2/ros2_pkgs/install/car_uart_node/share/car_uart_node/environment/path.sh
[1.488s] -- Up-to-date: /home/zhangqi/ros2/ros2_pkgs/install/car_uart_node/share/car_uart_node/environment/path.dsv
[1.489s] -- Up-to-date: /home/zhangqi/ros2/ros2_pkgs/install/car_uart_node/share/car_uart_node/local_setup.bash
[1.490s] -- Up-to-date: /home/zhangqi/ros2/ros2_pkgs/install/car_uart_node/share/car_uart_node/local_setup.sh
[1.491s] -- Up-to-date: /home/zhangqi/ros2/ros2_pkgs/install/car_uart_node/share/car_uart_node/local_setup.zsh
[1.493s] -- Up-to-date: /home/zhangqi/ros2/ros2_pkgs/install/car_uart_node/share/car_uart_node/local_setup.dsv
[1.494s] -- Installing: /home/zhangqi/ros2/ros2_pkgs/install/car_uart_node/share/car_uart_node/package.dsv
[1.521s] -- Up-to-date: /home/zhangqi/ros2/ros2_pkgs/install/car_uart_node/share/ament_index/resource_index/packages/car_uart_node
[1.524s] -- Up-to-date: /home/zhangqi/ros2/ros2_pkgs/install/car_uart_node/share/car_uart_node/cmake/car_uart_nodeConfig.cmake
[1.525s] -- Up-to-date: /home/zhangqi/ros2/ros2_pkgs/install/car_uart_node/share/car_uart_node/cmake/car_uart_nodeConfig-version.cmake
[1.531s] -- Up-to-date: /home/zhangqi/ros2/ros2_pkgs/install/car_uart_node/share/car_uart_node/package.xml
[1.558s] Invoked command in '/home/zhangqi/ros2/ros2_pkgs/build/car_uart_node' returned '0': CMAKE_PREFIX_PATH=/opt/ros/humble /usr/bin/cmake --install /home/zhangqi/ros2/ros2_pkgs/build/car_uart_node
