[0.150s] Invoking command in '/home/zhangqi/ros2/ros2_pkgs/build/sys_dispatcher': CMAKE_PREFIX_PATH=${CMAKE_PREFIX_PATH}:/opt/ros/humble /usr/bin/cmake --build /home/zhangqi/ros2/ros2_pkgs/build/sys_dispatcher -- -j4 -l4
[0.266s] -- Found ament_cmake: 1.3.3 (/opt/ros/humble/share/ament_cmake/cmake)
[1.239s] -- Found rclcpp: 16.0.3 (/opt/ros/humble/share/rclcpp/cmake)
[1.443s] -- Found rosidl_generator_c: 3.1.4 (/opt/ros/humble/share/rosidl_generator_c/cmake)
[1.456s] -- Found rosidl_adapter: 3.1.4 (/opt/ros/humble/share/rosidl_adapter/cmake)
[1.483s] -- Found rosidl_generator_cpp: 3.1.4 (/opt/ros/humble/share/rosidl_generator_cpp/cmake)
[1.536s] -- Using all available rosidl_typesupport_c: rosidl_typesupport_fastrtps_c;rosidl_typesupport_introspection_c
[1.611s] -- Using all available rosidl_typesupport_cpp: rosidl_typesupport_fastrtps_cpp;rosidl_typesupport_introspection_cpp
[1.873s] -- Found rmw_implementation_cmake: 6.1.1 (/opt/ros/humble/share/rmw_implementation_cmake/cmake)
[1.881s] -- Found rmw_fastrtps_cpp: 6.2.2 (/opt/ros/humble/share/rmw_fastrtps_cpp/cmake)
[2.859s] -- Using RMW implementation 'rmw_fastrtps_cpp' as default
[3.482s] -- Found sensor_msgs: 4.2.3 (/opt/ros/humble/share/sensor_msgs/cmake)
[3.961s] -- Found tf2_ros: 0.25.2 (/opt/ros/humble/share/tf2_ros/cmake)
[5.271s] -- Found ament_lint_auto: 0.12.5 (/opt/ros/humble/share/ament_lint_auto/cmake)
[5.651s] -- Added test 'cppcheck' to perform static code analysis on C / C++ code
[5.652s] -- Configured cppcheck include dirs: /home/zhangqi/ros2/ros2_pkgs/src/sys_dispatcher/include
[5.653s] -- Configured cppcheck exclude dirs and/or files: 
[5.655s] -- Added test 'flake8' to check Python code syntax and style conventions
[5.658s] -- Added test 'lint_cmake' to check CMake code style
[5.661s] -- Added test 'pep257' to check Python code against some of the docstring style conventions in PEP 257
[5.670s] -- Added test 'uncrustify' to check C / C++ code style
[5.670s] -- Configured uncrustify additional arguments: 
[5.672s] -- Added test 'xmllint' to check XML markup files
[5.677s] -- Configuring done
[5.763s] -- Generating done
[5.774s] -- Build files have been written to: /home/zhangqi/ros2/ros2_pkgs/build/sys_dispatcher
[5.904s] [35m[1mConsolidate compiler generated dependencies of target sys_dispatcher[0m
[5.957s] gmake[2]: Warning: File '/home/zhangqi/ros2/ros2_pkgs/src/sys_dispatcher/src/sys_dispatcher.cc' has modification time 4146448 s in the future
[6.057s] [ 50%] [32mBuilding CXX object CMakeFiles/sys_dispatcher.dir/src/sys_dispatcher.cc.o[0m
[21.504s] gmake[2]: *** [CMakeFiles/sys_dispatcher.dir/build.make:76: CMakeFiles/sys_dispatcher.dir/src/sys_dispatcher.cc.o] Interrupt
[21.536s] gmake[1]: *** [CMakeFiles/Makefile2:137: CMakeFiles/sys_dispatcher.dir/all] Interrupt
[21.539s] gmake: *** [Makefile:146: all] Interrupt
[21.604s] Invoked command in '/home/zhangqi/ros2/ros2_pkgs/build/sys_dispatcher' returned '-2': CMAKE_PREFIX_PATH=${CMAKE_PREFIX_PATH}:/opt/ros/humble /usr/bin/cmake --build /home/zhangqi/ros2/ros2_pkgs/build/sys_dispatcher -- -j4 -l4
