[0.129s] Invoking command in '/home/zhangqi/ros2/ros2_pkgs/build/sys_dispatcher': CMAKE_PREFIX_PATH=${CMAKE_PREFIX_PATH}:/opt/ros/humble /usr/bin/cmake --build /home/zhangqi/ros2/ros2_pkgs/build/sys_dispatcher -- -j4 -l4
[0.245s] -- Found ament_cmake: 1.3.3 (/opt/ros/humble/share/ament_cmake/cmake)
[1.213s] -- Found rclcpp: 16.0.3 (/opt/ros/humble/share/rclcpp/cmake)
[1.409s] -- Found rosidl_generator_c: 3.1.4 (/opt/ros/humble/share/rosidl_generator_c/cmake)
[1.429s] -- Found rosidl_adapter: 3.1.4 (/opt/ros/humble/share/rosidl_adapter/cmake)
[1.466s] -- Found rosidl_generator_cpp: 3.1.4 (/opt/ros/humble/share/rosidl_generator_cpp/cmake)
[1.524s] -- Using all available rosidl_typesupport_c: rosidl_typesupport_fastrtps_c;rosidl_typesupport_introspection_c
[1.601s] -- Using all available rosidl_typesupport_cpp: rosidl_typesupport_fastrtps_cpp;rosidl_typesupport_introspection_cpp
[1.891s] -- Found rmw_implementation_cmake: 6.1.1 (/opt/ros/humble/share/rmw_implementation_cmake/cmake)
[1.894s] -- Found rmw_fastrtps_cpp: 6.2.2 (/opt/ros/humble/share/rmw_fastrtps_cpp/cmake)
[2.866s] -- Using RMW implementation 'rmw_fastrtps_cpp' as default
[3.482s] -- Found sensor_msgs: 4.2.3 (/opt/ros/humble/share/sensor_msgs/cmake)
[3.956s] -- Found tf2_ros: 0.25.2 (/opt/ros/humble/share/tf2_ros/cmake)
[5.249s] -- Found ament_lint_auto: 0.12.5 (/opt/ros/humble/share/ament_lint_auto/cmake)
[5.626s] -- Added test 'cppcheck' to perform static code analysis on C / C++ code
[5.627s] -- Configured cppcheck include dirs: /home/zhangqi/ros2/ros2_pkgs/src/sys_dispatcher/include
[5.627s] -- Configured cppcheck exclude dirs and/or files: 
[5.629s] -- Added test 'flake8' to check Python code syntax and style conventions
[5.633s] -- Added test 'lint_cmake' to check CMake code style
[5.635s] -- Added test 'pep257' to check Python code against some of the docstring style conventions in PEP 257
[5.645s] -- Added test 'uncrustify' to check C / C++ code style
[5.645s] -- Configured uncrustify additional arguments: 
[5.647s] -- Added test 'xmllint' to check XML markup files
[5.651s] -- Configuring done
[5.737s] -- Generating done
[5.749s] -- Build files have been written to: /home/zhangqi/ros2/ros2_pkgs/build/sys_dispatcher
[5.862s] [35m[1mConsolidate compiler generated dependencies of target sys_dispatcher[0m
[6.016s] [ 50%] [32mBuilding CXX object CMakeFiles/sys_dispatcher.dir/src/sys_dispatcher.cc.o[0m
[38.414s] [100%] [32m[1mLinking CXX executable sys_dispatcher[0m
[39.715s] [100%] Built target sys_dispatcher
[39.781s] Invoked command in '/home/zhangqi/ros2/ros2_pkgs/build/sys_dispatcher' returned '0': CMAKE_PREFIX_PATH=${CMAKE_PREFIX_PATH}:/opt/ros/humble /usr/bin/cmake --build /home/zhangqi/ros2/ros2_pkgs/build/sys_dispatcher -- -j4 -l4
[39.946s] Invoking command in '/home/zhangqi/ros2/ros2_pkgs/build/sys_dispatcher': CMAKE_PREFIX_PATH=${CMAKE_PREFIX_PATH}:/opt/ros/humble /usr/bin/cmake --install /home/zhangqi/ros2/ros2_pkgs/build/sys_dispatcher
[39.979s] -- Install configuration: ""
[39.981s] -- Installing: /home/zhangqi/ros2/ros2_pkgs/install/sys_dispatcher/lib/sys_dispatcher/sys_dispatcher
[39.992s] -- Set runtime path of "/home/zhangqi/ros2/ros2_pkgs/install/sys_dispatcher/lib/sys_dispatcher/sys_dispatcher" to ""
[39.993s] -- Up-to-date: /home/zhangqi/ros2/ros2_pkgs/install/sys_dispatcher/share/sys_dispatcher//launch
[39.993s] -- Up-to-date: /home/zhangqi/ros2/ros2_pkgs/install/sys_dispatcher/share/sys_dispatcher//launch/sys_dispatcher_launch.py
[39.994s] -- Up-to-date: /home/zhangqi/ros2/ros2_pkgs/install/sys_dispatcher/share/sys_dispatcher//launch/.sys_dispatcher_launch.py.swp
[39.994s] -- Up-to-date: /home/zhangqi/ros2/ros2_pkgs/install/sys_dispatcher/share/sys_dispatcher//params
[39.995s] -- Up-to-date: /home/zhangqi/ros2/ros2_pkgs/install/sys_dispatcher/share/sys_dispatcher//params/nav2_params.yaml
[39.996s] -- Up-to-date: /home/zhangqi/ros2/ros2_pkgs/install/sys_dispatcher/share/sys_dispatcher//params/robot_localization_ekf.yaml
[39.996s] -- Up-to-date: /home/zhangqi/ros2/ros2_pkgs/install/sys_dispatcher/share/ament_index/resource_index/package_run_dependencies/sys_dispatcher
[39.997s] -- Up-to-date: /home/zhangqi/ros2/ros2_pkgs/install/sys_dispatcher/share/ament_index/resource_index/parent_prefix_path/sys_dispatcher
[39.998s] -- Up-to-date: /home/zhangqi/ros2/ros2_pkgs/install/sys_dispatcher/share/sys_dispatcher/environment/ament_prefix_path.sh
[39.999s] -- Installing: /home/zhangqi/ros2/ros2_pkgs/install/sys_dispatcher/share/sys_dispatcher/environment/ament_prefix_path.dsv
[40.000s] -- Up-to-date: /home/zhangqi/ros2/ros2_pkgs/install/sys_dispatcher/share/sys_dispatcher/environment/path.sh
[40.001s] -- Installing: /home/zhangqi/ros2/ros2_pkgs/install/sys_dispatcher/share/sys_dispatcher/environment/path.dsv
[40.003s] -- Up-to-date: /home/zhangqi/ros2/ros2_pkgs/install/sys_dispatcher/share/sys_dispatcher/local_setup.bash
[40.004s] -- Up-to-date: /home/zhangqi/ros2/ros2_pkgs/install/sys_dispatcher/share/sys_dispatcher/local_setup.sh
[40.005s] -- Up-to-date: /home/zhangqi/ros2/ros2_pkgs/install/sys_dispatcher/share/sys_dispatcher/local_setup.zsh
[40.006s] -- Installing: /home/zhangqi/ros2/ros2_pkgs/install/sys_dispatcher/share/sys_dispatcher/local_setup.dsv
[40.007s] -- Installing: /home/zhangqi/ros2/ros2_pkgs/install/sys_dispatcher/share/sys_dispatcher/package.dsv
[40.010s] -- Up-to-date: /home/zhangqi/ros2/ros2_pkgs/install/sys_dispatcher/share/ament_index/resource_index/packages/sys_dispatcher
[40.011s] -- Up-to-date: /home/zhangqi/ros2/ros2_pkgs/install/sys_dispatcher/share/sys_dispatcher/cmake/sys_dispatcherConfig.cmake
[40.012s] -- Up-to-date: /home/zhangqi/ros2/ros2_pkgs/install/sys_dispatcher/share/sys_dispatcher/cmake/sys_dispatcherConfig-version.cmake
[40.012s] -- Up-to-date: /home/zhangqi/ros2/ros2_pkgs/install/sys_dispatcher/share/sys_dispatcher/package.xml
[40.032s] Invoked command in '/home/zhangqi/ros2/ros2_pkgs/build/sys_dispatcher' returned '0': CMAKE_PREFIX_PATH=${CMAKE_PREFIX_PATH}:/opt/ros/humble /usr/bin/cmake --install /home/zhangqi/ros2/ros2_pkgs/build/sys_dispatcher
