[0.127s] Invoking command in '/home/zhangqi/ros2/ros2_pkgs/build/sys_dispatcher': CMAKE_PREFIX_PATH=${CMAKE_PREFIX_PATH}:/opt/ros/humble /usr/bin/cmake --build /home/zhangqi/ros2/ros2_pkgs/build/sys_dispatcher -- -j4 -l4
[0.399s] [100%] Built target sys_dispatcher
[0.529s] Invoked command in '/home/zhangqi/ros2/ros2_pkgs/build/sys_dispatcher' returned '0': CMAKE_PREFIX_PATH=${CMAKE_PREFIX_PATH}:/opt/ros/humble /usr/bin/cmake --build /home/zhangqi/ros2/ros2_pkgs/build/sys_dispatcher -- -j4 -l4
[0.786s] Invoking command in '/home/zhangqi/ros2/ros2_pkgs/build/sys_dispatcher': CMAKE_PREFIX_PATH=${CMAKE_PREFIX_PATH}:/opt/ros/humble /usr/bin/cmake --install /home/zhangqi/ros2/ros2_pkgs/build/sys_dispatcher
[0.813s] -- Install configuration: ""
[0.815s] -- Up-to-date: /home/zhangqi/ros2/ros2_pkgs/install/sys_dispatcher/lib/sys_dispatcher/sys_dispatcher
[0.816s] -- Up-to-date: /home/zhangqi/ros2/ros2_pkgs/install/sys_dispatcher/share/sys_dispatcher//launch
[0.817s] -- Up-to-date: /home/zhangqi/ros2/ros2_pkgs/install/sys_dispatcher/share/sys_dispatcher//launch/sys_dispatcher_launch.py
[0.818s] -- Up-to-date: /home/zhangqi/ros2/ros2_pkgs/install/sys_dispatcher/share/sys_dispatcher//params
[0.819s] -- Up-to-date: /home/zhangqi/ros2/ros2_pkgs/install/sys_dispatcher/share/sys_dispatcher//params/nav2_params.yaml
[0.820s] -- Up-to-date: /home/zhangqi/ros2/ros2_pkgs/install/sys_dispatcher/share/sys_dispatcher//params/robot_localization_ekf.yaml.bak
[0.821s] -- Installing: /home/zhangqi/ros2/ros2_pkgs/install/sys_dispatcher/share/sys_dispatcher//params/.robot_localization_ekf.yaml.swp
[0.822s] -- Installing: /home/zhangqi/ros2/ros2_pkgs/install/sys_dispatcher/share/sys_dispatcher//params/robot_localization_ekf.yaml
[0.823s] -- Up-to-date: /home/zhangqi/ros2/ros2_pkgs/install/sys_dispatcher/share/ament_index/resource_index/package_run_dependencies/sys_dispatcher
[0.824s] -- Up-to-date: /home/zhangqi/ros2/ros2_pkgs/install/sys_dispatcher/share/ament_index/resource_index/parent_prefix_path/sys_dispatcher
[0.825s] -- Up-to-date: /home/zhangqi/ros2/ros2_pkgs/install/sys_dispatcher/share/sys_dispatcher/environment/ament_prefix_path.sh
[0.826s] -- Up-to-date: /home/zhangqi/ros2/ros2_pkgs/install/sys_dispatcher/share/sys_dispatcher/environment/ament_prefix_path.dsv
[0.827s] -- Up-to-date: /home/zhangqi/ros2/ros2_pkgs/install/sys_dispatcher/share/sys_dispatcher/environment/path.sh
[0.828s] -- Up-to-date: /home/zhangqi/ros2/ros2_pkgs/install/sys_dispatcher/share/sys_dispatcher/environment/path.dsv
[0.828s] -- Up-to-date: /home/zhangqi/ros2/ros2_pkgs/install/sys_dispatcher/share/sys_dispatcher/local_setup.bash
[0.828s] -- Up-to-date: /home/zhangqi/ros2/ros2_pkgs/install/sys_dispatcher/share/sys_dispatcher/local_setup.sh
[0.829s] -- Up-to-date: /home/zhangqi/ros2/ros2_pkgs/install/sys_dispatcher/share/sys_dispatcher/local_setup.zsh
[0.831s] -- Up-to-date: /home/zhangqi/ros2/ros2_pkgs/install/sys_dispatcher/share/sys_dispatcher/local_setup.dsv
[0.831s] -- Installing: /home/zhangqi/ros2/ros2_pkgs/install/sys_dispatcher/share/sys_dispatcher/package.dsv
[0.832s] -- Up-to-date: /home/zhangqi/ros2/ros2_pkgs/install/sys_dispatcher/share/ament_index/resource_index/packages/sys_dispatcher
[0.832s] -- Up-to-date: /home/zhangqi/ros2/ros2_pkgs/install/sys_dispatcher/share/sys_dispatcher/cmake/sys_dispatcherConfig.cmake
[0.833s] -- Up-to-date: /home/zhangqi/ros2/ros2_pkgs/install/sys_dispatcher/share/sys_dispatcher/cmake/sys_dispatcherConfig-version.cmake
[0.833s] -- Up-to-date: /home/zhangqi/ros2/ros2_pkgs/install/sys_dispatcher/share/sys_dispatcher/package.xml
[0.927s] Invoked command in '/home/zhangqi/ros2/ros2_pkgs/build/sys_dispatcher' returned '0': CMAKE_PREFIX_PATH=${CMAKE_PREFIX_PATH}:/opt/ros/humble /usr/bin/cmake --install /home/zhangqi/ros2/ros2_pkgs/build/sys_dispatcher
