[1.377s] DEBUG:colcon:Command line arguments: ['/usr/bin/colcon', 'build', '--cmake-args', '-DCOMMON_LIB_PATH=~/ros2/libs/', '-DCMAKE_EXPORT_COMPILE_COMMANDS=on']
[1.378s] DEBUG:colcon:Parsed command line arguments: Namespace(log_base=None, log_level=None, verb_name='build', build_base='build', install_base='install', merge_install=False, symlink_install=False, test_result_base=None, continue_on_error=False, executor='parallel', parallel_workers=4, event_handlers=None, ignore_user_meta=False, metas=['./colcon.meta'], base_paths=['.'], packages_ignore=None, packages_ignore_regex=None, paths=None, packages_up_to=None, packages_up_to_regex=None, packages_above=None, packages_above_and_dependencies=None, packages_above_depth=None, packages_select_by_dep=None, packages_skip_by_dep=None, packages_skip_up_to=None, packages_select_build_failed=False, packages_skip_build_finished=False, packages_select_test_failures=False, packages_skip_test_passed=False, packages_select=None, packages_skip=None, packages_select_regex=None, packages_skip_regex=None, packages_start=None, packages_end=None, allow_overriding=[], cmake_args=['-DCOMMON_LIB_PATH=~/ros2/libs/', '-DCMAKE_EXPORT_COMPILE_COMMANDS=on'], cmake_target=None, cmake_target_skip_unavailable=False, cmake_clean_cache=False, cmake_clean_first=False, cmake_force_configure=False, ament_cmake_args=None, catkin_cmake_args=None, catkin_skip_building_tests=False, verb_parser=<colcon_defaults.argument_parser.defaults.DefaultArgumentsDecorator object at 0xffff81bf7c10>, verb_extension=<colcon_core.verb.build.BuildVerb object at 0xffff824ce500>, main=<bound method BuildVerb.main of <colcon_core.verb.build.BuildVerb object at 0xffff824ce500>>)
[1.505s] Level 1:colcon.colcon_core.package_discovery:discover_packages(colcon_meta) check parameters
[1.505s] Level 1:colcon.colcon_core.package_discovery:discover_packages(recursive) check parameters
[1.505s] Level 1:colcon.colcon_core.package_discovery:discover_packages(ignore) check parameters
[1.505s] Level 1:colcon.colcon_core.package_discovery:discover_packages(path) check parameters
[1.505s] Level 1:colcon.colcon_core.package_discovery:discover_packages(colcon_meta) discover
[1.506s] Level 1:colcon.colcon_core.package_discovery:discover_packages(recursive) discover
[1.506s] INFO:colcon.colcon_core.package_discovery:Crawling recursively for packages in '/home/zhangqi/ros2/ros2_pkgs'
[1.506s] Level 1:colcon.colcon_core.package_identification:_identify(.) by extensions ['ignore', 'ignore_ament_install']
[1.507s] Level 1:colcon.colcon_core.package_identification:_identify(.) by extension 'ignore'
[1.507s] Level 1:colcon.colcon_core.package_identification:_identify(.) by extension 'ignore_ament_install'
[1.507s] Level 1:colcon.colcon_core.package_identification:_identify(.) by extensions ['colcon_pkg']
[1.507s] Level 1:colcon.colcon_core.package_identification:_identify(.) by extension 'colcon_pkg'
[1.507s] Level 1:colcon.colcon_core.package_identification:_identify(.) by extensions ['colcon_meta']
[1.507s] Level 1:colcon.colcon_core.package_identification:_identify(.) by extension 'colcon_meta'
[1.507s] Level 1:colcon.colcon_core.package_identification:_identify(.) by extensions ['ros']
[1.508s] Level 1:colcon.colcon_core.package_identification:_identify(.) by extension 'ros'
[1.553s] Level 1:colcon.colcon_core.package_identification:_identify(.) by extensions ['cmake', 'python']
[1.554s] Level 1:colcon.colcon_core.package_identification:_identify(.) by extension 'cmake'
[1.554s] Level 1:colcon.colcon_core.package_identification:_identify(.) by extension 'python'
[1.554s] Level 1:colcon.colcon_core.package_identification:_identify(.) by extensions ['python_setup_py']
[1.554s] Level 1:colcon.colcon_core.package_identification:_identify(.) by extension 'python_setup_py'
[1.555s] Level 1:colcon.colcon_core.package_identification:_identify(build) by extensions ['ignore', 'ignore_ament_install']
[1.555s] Level 1:colcon.colcon_core.package_identification:_identify(build) by extension 'ignore'
[1.555s] Level 1:colcon.colcon_core.package_identification:_identify(build) ignored
[1.556s] Level 1:colcon.colcon_core.package_identification:_identify(install) by extensions ['ignore', 'ignore_ament_install']
[1.556s] Level 1:colcon.colcon_core.package_identification:_identify(install) by extension 'ignore'
[1.556s] Level 1:colcon.colcon_core.package_identification:_identify(install) ignored
[1.557s] Level 1:colcon.colcon_core.package_identification:_identify(log) by extensions ['ignore', 'ignore_ament_install']
[1.557s] Level 1:colcon.colcon_core.package_identification:_identify(log) by extension 'ignore'
[1.557s] Level 1:colcon.colcon_core.package_identification:_identify(log) ignored
[1.558s] Level 1:colcon.colcon_core.package_identification:_identify(src) by extensions ['ignore', 'ignore_ament_install']
[1.558s] Level 1:colcon.colcon_core.package_identification:_identify(src) by extension 'ignore'
[1.558s] Level 1:colcon.colcon_core.package_identification:_identify(src) by extension 'ignore_ament_install'
[1.558s] Level 1:colcon.colcon_core.package_identification:_identify(src) by extensions ['colcon_pkg']
[1.558s] Level 1:colcon.colcon_core.package_identification:_identify(src) by extension 'colcon_pkg'
[1.558s] Level 1:colcon.colcon_core.package_identification:_identify(src) by extensions ['colcon_meta']
[1.559s] Level 1:colcon.colcon_core.package_identification:_identify(src) by extension 'colcon_meta'
[1.559s] Level 1:colcon.colcon_core.package_identification:_identify(src) by extensions ['ros']
[1.559s] Level 1:colcon.colcon_core.package_identification:_identify(src) by extension 'ros'
[1.559s] Level 1:colcon.colcon_core.package_identification:_identify(src) by extensions ['cmake', 'python']
[1.559s] Level 1:colcon.colcon_core.package_identification:_identify(src) by extension 'cmake'
[1.559s] Level 1:colcon.colcon_core.package_identification:_identify(src) by extension 'python'
[1.560s] Level 1:colcon.colcon_core.package_identification:_identify(src) by extensions ['python_setup_py']
[1.560s] Level 1:colcon.colcon_core.package_identification:_identify(src) by extension 'python_setup_py'
[1.560s] Level 1:colcon.colcon_core.package_identification:_identify(src/bau_ctrl) by extensions ['ignore', 'ignore_ament_install']
[1.560s] Level 1:colcon.colcon_core.package_identification:_identify(src/bau_ctrl) by extension 'ignore'
[1.561s] Level 1:colcon.colcon_core.package_identification:_identify(src/bau_ctrl) by extension 'ignore_ament_install'
[1.561s] Level 1:colcon.colcon_core.package_identification:_identify(src/bau_ctrl) by extensions ['colcon_pkg']
[1.561s] Level 1:colcon.colcon_core.package_identification:_identify(src/bau_ctrl) by extension 'colcon_pkg'
[1.561s] Level 1:colcon.colcon_core.package_identification:_identify(src/bau_ctrl) by extensions ['colcon_meta']
[1.561s] Level 1:colcon.colcon_core.package_identification:_identify(src/bau_ctrl) by extension 'colcon_meta'
[1.561s] Level 1:colcon.colcon_core.package_identification:_identify(src/bau_ctrl) by extensions ['ros']
[1.561s] Level 1:colcon.colcon_core.package_identification:_identify(src/bau_ctrl) by extension 'ros'
[1.571s] DEBUG:colcon.colcon_core.package_identification:Package 'src/bau_ctrl' with type 'ros.ament_cmake' and name 'bau_ctrl'
[1.572s] Level 1:colcon.colcon_core.package_identification:_identify(src/car_uart_node) by extensions ['ignore', 'ignore_ament_install']
[1.572s] Level 1:colcon.colcon_core.package_identification:_identify(src/car_uart_node) by extension 'ignore'
[1.572s] Level 1:colcon.colcon_core.package_identification:_identify(src/car_uart_node) by extension 'ignore_ament_install'
[1.573s] Level 1:colcon.colcon_core.package_identification:_identify(src/car_uart_node) by extensions ['colcon_pkg']
[1.573s] Level 1:colcon.colcon_core.package_identification:_identify(src/car_uart_node) by extension 'colcon_pkg'
[1.573s] Level 1:colcon.colcon_core.package_identification:_identify(src/car_uart_node) by extensions ['colcon_meta']
[1.573s] Level 1:colcon.colcon_core.package_identification:_identify(src/car_uart_node) by extension 'colcon_meta'
[1.573s] Level 1:colcon.colcon_core.package_identification:_identify(src/car_uart_node) by extensions ['ros']
[1.573s] Level 1:colcon.colcon_core.package_identification:_identify(src/car_uart_node) by extension 'ros'
[1.575s] DEBUG:colcon.colcon_core.package_identification:Package 'src/car_uart_node' with type 'ros.ament_cmake' and name 'car_uart_node'
[1.576s] Level 1:colcon.colcon_core.package_identification:_identify(src/lidar_reader) by extensions ['ignore', 'ignore_ament_install']
[1.576s] Level 1:colcon.colcon_core.package_identification:_identify(src/lidar_reader) by extension 'ignore'
[1.576s] Level 1:colcon.colcon_core.package_identification:_identify(src/lidar_reader) by extension 'ignore_ament_install'
[1.577s] Level 1:colcon.colcon_core.package_identification:_identify(src/lidar_reader) by extensions ['colcon_pkg']
[1.577s] Level 1:colcon.colcon_core.package_identification:_identify(src/lidar_reader) by extension 'colcon_pkg'
[1.577s] Level 1:colcon.colcon_core.package_identification:_identify(src/lidar_reader) by extensions ['colcon_meta']
[1.577s] Level 1:colcon.colcon_core.package_identification:_identify(src/lidar_reader) by extension 'colcon_meta'
[1.577s] Level 1:colcon.colcon_core.package_identification:_identify(src/lidar_reader) by extensions ['ros']
[1.577s] Level 1:colcon.colcon_core.package_identification:_identify(src/lidar_reader) by extension 'ros'
[1.580s] DEBUG:colcon.colcon_core.package_identification:Package 'src/lidar_reader' with type 'ros.ament_cmake' and name 'lidar_reader'
[1.580s] Level 1:colcon.colcon_core.package_identification:_identify(src/sys_dispatcher) by extensions ['ignore', 'ignore_ament_install']
[1.581s] Level 1:colcon.colcon_core.package_identification:_identify(src/sys_dispatcher) by extension 'ignore'
[1.581s] Level 1:colcon.colcon_core.package_identification:_identify(src/sys_dispatcher) by extension 'ignore_ament_install'
[1.581s] Level 1:colcon.colcon_core.package_identification:_identify(src/sys_dispatcher) by extensions ['colcon_pkg']
[1.581s] Level 1:colcon.colcon_core.package_identification:_identify(src/sys_dispatcher) by extension 'colcon_pkg'
[1.581s] Level 1:colcon.colcon_core.package_identification:_identify(src/sys_dispatcher) by extensions ['colcon_meta']
[1.581s] Level 1:colcon.colcon_core.package_identification:_identify(src/sys_dispatcher) by extension 'colcon_meta'
[1.582s] Level 1:colcon.colcon_core.package_identification:_identify(src/sys_dispatcher) by extensions ['ros']
[1.582s] Level 1:colcon.colcon_core.package_identification:_identify(src/sys_dispatcher) by extension 'ros'
[1.585s] DEBUG:colcon.colcon_core.package_identification:Package 'src/sys_dispatcher' with type 'ros.ament_cmake' and name 'sys_dispatcher'
[1.585s] Level 1:colcon.colcon_core.package_discovery:discover_packages(recursive) using defaults
[1.585s] Level 1:colcon.colcon_core.package_discovery:discover_packages(ignore) discover
[1.585s] Level 1:colcon.colcon_core.package_discovery:discover_packages(ignore) using defaults
[1.585s] Level 1:colcon.colcon_core.package_discovery:discover_packages(path) discover
[1.586s] Level 1:colcon.colcon_core.package_discovery:discover_packages(path) using defaults
[1.675s] Level 1:colcon.colcon_core.package_discovery:discover_packages(prefix_path) check parameters
[1.675s] Level 1:colcon.colcon_core.package_discovery:discover_packages(prefix_path) discover
[1.688s] DEBUG:colcon.colcon_installed_package_information.package_discovery:Found 5 installed packages in /home/zhangqi/ros2/ros2_pkgs/install
[1.700s] DEBUG:colcon.colcon_installed_package_information.package_discovery:Found 318 installed packages in /opt/ros/humble
[1.707s] Level 1:colcon.colcon_core.package_discovery:discover_packages(prefix_path) using defaults
[1.979s] Level 5:colcon.colcon_core.verb:set package 'bau_ctrl' build argument 'cmake_args' from command line to '['-DCOMMON_LIB_PATH=~/ros2/libs/', '-DCMAKE_EXPORT_COMPILE_COMMANDS=on']'
[1.979s] Level 5:colcon.colcon_core.verb:set package 'bau_ctrl' build argument 'cmake_target' from command line to 'None'
[1.979s] Level 5:colcon.colcon_core.verb:set package 'bau_ctrl' build argument 'cmake_target_skip_unavailable' from command line to 'False'
[1.979s] Level 5:colcon.colcon_core.verb:set package 'bau_ctrl' build argument 'cmake_clean_cache' from command line to 'False'
[1.979s] Level 5:colcon.colcon_core.verb:set package 'bau_ctrl' build argument 'cmake_clean_first' from command line to 'False'
[1.979s] Level 5:colcon.colcon_core.verb:set package 'bau_ctrl' build argument 'cmake_force_configure' from command line to 'False'
[1.979s] Level 5:colcon.colcon_core.verb:set package 'bau_ctrl' build argument 'ament_cmake_args' from command line to 'None'
[1.980s] Level 5:colcon.colcon_core.verb:set package 'bau_ctrl' build argument 'catkin_cmake_args' from command line to 'None'
[1.980s] Level 5:colcon.colcon_core.verb:set package 'bau_ctrl' build argument 'catkin_skip_building_tests' from command line to 'False'
[1.980s] DEBUG:colcon.colcon_core.verb:Building package 'bau_ctrl' with the following arguments: {'ament_cmake_args': None, 'build_base': '/home/zhangqi/ros2/ros2_pkgs/build/bau_ctrl', 'catkin_cmake_args': None, 'catkin_skip_building_tests': False, 'cmake_args': ['-DCOMMON_LIB_PATH=~/ros2/libs/', '-DCMAKE_EXPORT_COMPILE_COMMANDS=on'], 'cmake_clean_cache': False, 'cmake_clean_first': False, 'cmake_force_configure': False, 'cmake_target': None, 'cmake_target_skip_unavailable': False, 'install_base': '/home/zhangqi/ros2/ros2_pkgs/install/bau_ctrl', 'merge_install': False, 'path': '/home/zhangqi/ros2/ros2_pkgs/src/bau_ctrl', 'symlink_install': False, 'test_result_base': None}
[1.984s] Level 5:colcon.colcon_core.verb:set package 'car_uart_node' build argument 'cmake_args' from command line to '['-DCOMMON_LIB_PATH=~/ros2/libs/', '-DCMAKE_EXPORT_COMPILE_COMMANDS=on']'
[1.984s] Level 5:colcon.colcon_core.verb:set package 'car_uart_node' build argument 'cmake_target' from command line to 'None'
[1.984s] Level 5:colcon.colcon_core.verb:set package 'car_uart_node' build argument 'cmake_target_skip_unavailable' from command line to 'False'
[1.984s] Level 5:colcon.colcon_core.verb:set package 'car_uart_node' build argument 'cmake_clean_cache' from command line to 'False'
[1.984s] Level 5:colcon.colcon_core.verb:set package 'car_uart_node' build argument 'cmake_clean_first' from command line to 'False'
[1.984s] Level 5:colcon.colcon_core.verb:set package 'car_uart_node' build argument 'cmake_force_configure' from command line to 'False'
[1.984s] Level 5:colcon.colcon_core.verb:set package 'car_uart_node' build argument 'ament_cmake_args' from command line to 'None'
[1.985s] Level 5:colcon.colcon_core.verb:set package 'car_uart_node' build argument 'catkin_cmake_args' from command line to 'None'
[1.985s] Level 5:colcon.colcon_core.verb:set package 'car_uart_node' build argument 'catkin_skip_building_tests' from command line to 'False'
[1.985s] DEBUG:colcon.colcon_core.verb:Building package 'car_uart_node' with the following arguments: {'ament_cmake_args': None, 'build_base': '/home/zhangqi/ros2/ros2_pkgs/build/car_uart_node', 'catkin_cmake_args': None, 'catkin_skip_building_tests': False, 'cmake_args': ['-DCOMMON_LIB_PATH=~/ros2/libs/', '-DCMAKE_EXPORT_COMPILE_COMMANDS=on'], 'cmake_clean_cache': False, 'cmake_clean_first': False, 'cmake_force_configure': False, 'cmake_target': None, 'cmake_target_skip_unavailable': False, 'install_base': '/home/zhangqi/ros2/ros2_pkgs/install/car_uart_node', 'merge_install': False, 'path': '/home/zhangqi/ros2/ros2_pkgs/src/car_uart_node', 'symlink_install': False, 'test_result_base': None}
[1.989s] Level 5:colcon.colcon_core.verb:set package 'lidar_reader' build argument 'cmake_args' from command line to '['-DCOMMON_LIB_PATH=~/ros2/libs/', '-DCMAKE_EXPORT_COMPILE_COMMANDS=on']'
[1.989s] Level 5:colcon.colcon_core.verb:set package 'lidar_reader' build argument 'cmake_target' from command line to 'None'
[1.989s] Level 5:colcon.colcon_core.verb:set package 'lidar_reader' build argument 'cmake_target_skip_unavailable' from command line to 'False'
[1.989s] Level 5:colcon.colcon_core.verb:set package 'lidar_reader' build argument 'cmake_clean_cache' from command line to 'False'
[1.989s] Level 5:colcon.colcon_core.verb:set package 'lidar_reader' build argument 'cmake_clean_first' from command line to 'False'
[1.989s] Level 5:colcon.colcon_core.verb:set package 'lidar_reader' build argument 'cmake_force_configure' from command line to 'False'
[1.989s] Level 5:colcon.colcon_core.verb:set package 'lidar_reader' build argument 'ament_cmake_args' from command line to 'None'
[1.989s] Level 5:colcon.colcon_core.verb:set package 'lidar_reader' build argument 'catkin_cmake_args' from command line to 'None'
[1.990s] Level 5:colcon.colcon_core.verb:set package 'lidar_reader' build argument 'catkin_skip_building_tests' from command line to 'False'
[1.990s] DEBUG:colcon.colcon_core.verb:Building package 'lidar_reader' with the following arguments: {'ament_cmake_args': None, 'build_base': '/home/zhangqi/ros2/ros2_pkgs/build/lidar_reader', 'catkin_cmake_args': None, 'catkin_skip_building_tests': False, 'cmake_args': ['-DCOMMON_LIB_PATH=~/ros2/libs/', '-DCMAKE_EXPORT_COMPILE_COMMANDS=on'], 'cmake_clean_cache': False, 'cmake_clean_first': False, 'cmake_force_configure': False, 'cmake_target': None, 'cmake_target_skip_unavailable': False, 'install_base': '/home/zhangqi/ros2/ros2_pkgs/install/lidar_reader', 'merge_install': False, 'path': '/home/zhangqi/ros2/ros2_pkgs/src/lidar_reader', 'symlink_install': False, 'test_result_base': None}
[1.993s] Level 5:colcon.colcon_core.verb:set package 'sys_dispatcher' build argument 'cmake_args' from command line to '['-DCOMMON_LIB_PATH=~/ros2/libs/', '-DCMAKE_EXPORT_COMPILE_COMMANDS=on']'
[1.994s] Level 5:colcon.colcon_core.verb:set package 'sys_dispatcher' build argument 'cmake_target' from command line to 'None'
[1.994s] Level 5:colcon.colcon_core.verb:set package 'sys_dispatcher' build argument 'cmake_target_skip_unavailable' from command line to 'False'
[1.994s] Level 5:colcon.colcon_core.verb:set package 'sys_dispatcher' build argument 'cmake_clean_cache' from command line to 'False'
[1.994s] Level 5:colcon.colcon_core.verb:set package 'sys_dispatcher' build argument 'cmake_clean_first' from command line to 'False'
[1.994s] Level 5:colcon.colcon_core.verb:set package 'sys_dispatcher' build argument 'cmake_force_configure' from command line to 'False'
[1.994s] Level 5:colcon.colcon_core.verb:set package 'sys_dispatcher' build argument 'ament_cmake_args' from command line to 'None'
[1.994s] Level 5:colcon.colcon_core.verb:set package 'sys_dispatcher' build argument 'catkin_cmake_args' from command line to 'None'
[1.994s] Level 5:colcon.colcon_core.verb:set package 'sys_dispatcher' build argument 'catkin_skip_building_tests' from command line to 'False'
[1.994s] DEBUG:colcon.colcon_core.verb:Building package 'sys_dispatcher' with the following arguments: {'ament_cmake_args': None, 'build_base': '/home/zhangqi/ros2/ros2_pkgs/build/sys_dispatcher', 'catkin_cmake_args': None, 'catkin_skip_building_tests': False, 'cmake_args': ['-DCOMMON_LIB_PATH=~/ros2/libs/', '-DCMAKE_EXPORT_COMPILE_COMMANDS=on'], 'cmake_clean_cache': False, 'cmake_clean_first': False, 'cmake_force_configure': False, 'cmake_target': None, 'cmake_target_skip_unavailable': False, 'install_base': '/home/zhangqi/ros2/ros2_pkgs/install/sys_dispatcher', 'merge_install': False, 'path': '/home/zhangqi/ros2/ros2_pkgs/src/sys_dispatcher', 'symlink_install': False, 'test_result_base': None}
[1.997s] INFO:colcon.colcon_core.executor:Executing jobs using 'parallel' executor
[2.009s] DEBUG:colcon.colcon_parallel_executor.executor.parallel:run_until_complete
[2.011s] INFO:colcon.colcon_ros.task.ament_cmake.build:Building ROS package in '/home/zhangqi/ros2/ros2_pkgs/src/bau_ctrl' with build type 'ament_cmake'
[2.011s] INFO:colcon.colcon_cmake.task.cmake.build:Building CMake package in '/home/zhangqi/ros2/ros2_pkgs/src/bau_ctrl'
[2.028s] INFO:colcon.colcon_core.plugin_system:Skipping extension 'colcon_core.shell.bat': Not used on non-Windows systems
[2.029s] INFO:colcon.colcon_core.shell:Skip shell extension 'powershell' for command environment: Not usable outside of PowerShell
[2.029s] DEBUG:colcon.colcon_core.shell:Skip shell extension 'dsv' for command environment
[2.056s] INFO:colcon.colcon_ros.task.ament_cmake.build:Building ROS package in '/home/zhangqi/ros2/ros2_pkgs/src/car_uart_node' with build type 'ament_cmake'
[2.056s] INFO:colcon.colcon_cmake.task.cmake.build:Building CMake package in '/home/zhangqi/ros2/ros2_pkgs/src/car_uart_node'
[2.062s] INFO:colcon.colcon_core.shell:Skip shell extension 'powershell' for command environment: Not usable outside of PowerShell
[2.062s] DEBUG:colcon.colcon_core.shell:Skip shell extension 'dsv' for command environment
[2.087s] INFO:colcon.colcon_ros.task.ament_cmake.build:Building ROS package in '/home/zhangqi/ros2/ros2_pkgs/src/lidar_reader' with build type 'ament_cmake'
[2.088s] INFO:colcon.colcon_cmake.task.cmake.build:Building CMake package in '/home/zhangqi/ros2/ros2_pkgs/src/lidar_reader'
[2.094s] INFO:colcon.colcon_core.shell:Skip shell extension 'powershell' for command environment: Not usable outside of PowerShell
[2.094s] DEBUG:colcon.colcon_core.shell:Skip shell extension 'dsv' for command environment
[2.120s] INFO:colcon.colcon_ros.task.ament_cmake.build:Building ROS package in '/home/zhangqi/ros2/ros2_pkgs/src/sys_dispatcher' with build type 'ament_cmake'
[2.120s] INFO:colcon.colcon_cmake.task.cmake.build:Building CMake package in '/home/zhangqi/ros2/ros2_pkgs/src/sys_dispatcher'
[2.125s] INFO:colcon.colcon_core.shell:Skip shell extension 'powershell' for command environment: Not usable outside of PowerShell
[2.126s] DEBUG:colcon.colcon_core.shell:Skip shell extension 'dsv' for command environment
[2.169s] DEBUG:colcon.colcon_core.event_handler.log_command:Invoking command in '/home/zhangqi/ros2/ros2_pkgs/build/bau_ctrl': CMAKE_PREFIX_PATH=${CMAKE_PREFIX_PATH}:/opt/ros/humble /usr/bin/cmake --build /home/zhangqi/ros2/ros2_pkgs/build/bau_ctrl -- -j4 -l4
[2.194s] DEBUG:colcon.colcon_core.event_handler.log_command:Invoking command in '/home/zhangqi/ros2/ros2_pkgs/build/car_uart_node': CMAKE_PREFIX_PATH=${CMAKE_PREFIX_PATH}:/opt/ros/humble /usr/bin/cmake --build /home/zhangqi/ros2/ros2_pkgs/build/car_uart_node -- -j4 -l4
[2.207s] DEBUG:colcon.colcon_core.event_handler.log_command:Invoking command in '/home/zhangqi/ros2/ros2_pkgs/build/lidar_reader': CMAKE_PREFIX_PATH=${CMAKE_PREFIX_PATH}:/opt/ros/humble /usr/bin/cmake --build /home/zhangqi/ros2/ros2_pkgs/build/lidar_reader -- -j4 -l4
[2.246s] DEBUG:colcon.colcon_core.event_handler.log_command:Invoking command in '/home/zhangqi/ros2/ros2_pkgs/build/sys_dispatcher': CMAKE_PREFIX_PATH=${CMAKE_PREFIX_PATH}:/opt/ros/humble /usr/bin/cmake --build /home/zhangqi/ros2/ros2_pkgs/build/sys_dispatcher -- -j4 -l4
[3.768s] DEBUG:colcon.colcon_core.event_handler.log_command:Invoked command in '/home/zhangqi/ros2/ros2_pkgs/build/car_uart_node' returned '0': CMAKE_PREFIX_PATH=${CMAKE_PREFIX_PATH}:/opt/ros/humble /usr/bin/cmake --build /home/zhangqi/ros2/ros2_pkgs/build/car_uart_node -- -j4 -l4
[3.928s] DEBUG:colcon.colcon_core.event_handler.log_command:Invoking command in '/home/zhangqi/ros2/ros2_pkgs/build/car_uart_node': CMAKE_PREFIX_PATH=${CMAKE_PREFIX_PATH}:/opt/ros/humble /usr/bin/cmake --install /home/zhangqi/ros2/ros2_pkgs/build/car_uart_node
[3.982s] Level 1:colcon.colcon_core.environment:create_environment_scripts_only(car_uart_node)
[3.988s] DEBUG:colcon.colcon_core.event_handler.log_command:Invoked command in '/home/zhangqi/ros2/ros2_pkgs/build/car_uart_node' returned '0': CMAKE_PREFIX_PATH=${CMAKE_PREFIX_PATH}:/opt/ros/humble /usr/bin/cmake --install /home/zhangqi/ros2/ros2_pkgs/build/car_uart_node
[4.012s] Level 1:colcon.colcon_core.environment:checking '/home/zhangqi/ros2/ros2_pkgs/install/car_uart_node' for CMake module files
[4.015s] Level 1:colcon.colcon_core.environment:checking '/home/zhangqi/ros2/ros2_pkgs/install/car_uart_node' for CMake config files
[4.017s] Level 1:colcon.colcon_core.shell:create_environment_hook('car_uart_node', 'cmake_prefix_path')
[4.023s] INFO:colcon.colcon_core.shell:Creating environment hook '/home/zhangqi/ros2/ros2_pkgs/install/car_uart_node/share/car_uart_node/hook/cmake_prefix_path.ps1'
[4.026s] INFO:colcon.colcon_core.shell:Creating environment descriptor '/home/zhangqi/ros2/ros2_pkgs/install/car_uart_node/share/car_uart_node/hook/cmake_prefix_path.dsv'
[4.030s] INFO:colcon.colcon_core.shell:Creating environment hook '/home/zhangqi/ros2/ros2_pkgs/install/car_uart_node/share/car_uart_node/hook/cmake_prefix_path.sh'
[4.035s] Level 1:colcon.colcon_core.environment:checking '/home/zhangqi/ros2/ros2_pkgs/install/car_uart_node/bin'
[4.036s] Level 1:colcon.colcon_core.environment:checking '/home/zhangqi/ros2/ros2_pkgs/install/car_uart_node/lib/pkgconfig/car_uart_node.pc'
[4.037s] Level 1:colcon.colcon_core.environment:checking '/home/zhangqi/ros2/ros2_pkgs/install/car_uart_node/lib/python3.10/site-packages'
[4.038s] Level 1:colcon.colcon_core.environment:checking '/home/zhangqi/ros2/ros2_pkgs/install/car_uart_node/bin'
[4.045s] INFO:colcon.colcon_core.shell:Creating package script '/home/zhangqi/ros2/ros2_pkgs/install/car_uart_node/share/car_uart_node/package.ps1'
[4.048s] INFO:colcon.colcon_core.shell:Creating package descriptor '/home/zhangqi/ros2/ros2_pkgs/install/car_uart_node/share/car_uart_node/package.dsv'
[4.051s] INFO:colcon.colcon_core.shell:Creating package script '/home/zhangqi/ros2/ros2_pkgs/install/car_uart_node/share/car_uart_node/package.sh'
[4.055s] INFO:colcon.colcon_core.shell:Creating package script '/home/zhangqi/ros2/ros2_pkgs/install/car_uart_node/share/car_uart_node/package.bash'
[4.058s] INFO:colcon.colcon_core.shell:Creating package script '/home/zhangqi/ros2/ros2_pkgs/install/car_uart_node/share/car_uart_node/package.zsh'
[4.062s] Level 1:colcon.colcon_core.environment:create_file_with_runtime_dependencies(/home/zhangqi/ros2/ros2_pkgs/install/car_uart_node/share/colcon-core/packages/car_uart_node)
[4.178s] Level 1:colcon.colcon_core.environment:create_environment_scripts_only(car_uart_node)
[4.186s] Level 1:colcon.colcon_core.environment:checking '/home/zhangqi/ros2/ros2_pkgs/install/car_uart_node' for CMake module files
[4.189s] Level 1:colcon.colcon_core.environment:checking '/home/zhangqi/ros2/ros2_pkgs/install/car_uart_node' for CMake config files
[4.190s] Level 1:colcon.colcon_core.shell:create_environment_hook('car_uart_node', 'cmake_prefix_path')
[4.196s] INFO:colcon.colcon_core.shell:Creating environment hook '/home/zhangqi/ros2/ros2_pkgs/install/car_uart_node/share/car_uart_node/hook/cmake_prefix_path.ps1'
[4.198s] INFO:colcon.colcon_core.shell:Creating environment descriptor '/home/zhangqi/ros2/ros2_pkgs/install/car_uart_node/share/car_uart_node/hook/cmake_prefix_path.dsv'
[4.200s] INFO:colcon.colcon_core.shell:Creating environment hook '/home/zhangqi/ros2/ros2_pkgs/install/car_uart_node/share/car_uart_node/hook/cmake_prefix_path.sh'
[4.202s] Level 1:colcon.colcon_core.environment:checking '/home/zhangqi/ros2/ros2_pkgs/install/car_uart_node/bin'
[4.203s] Level 1:colcon.colcon_core.environment:checking '/home/zhangqi/ros2/ros2_pkgs/install/car_uart_node/lib/pkgconfig/car_uart_node.pc'
[4.203s] Level 1:colcon.colcon_core.environment:checking '/home/zhangqi/ros2/ros2_pkgs/install/car_uart_node/lib/python3.10/site-packages'
[4.204s] Level 1:colcon.colcon_core.environment:checking '/home/zhangqi/ros2/ros2_pkgs/install/car_uart_node/bin'
[4.210s] INFO:colcon.colcon_core.shell:Creating package script '/home/zhangqi/ros2/ros2_pkgs/install/car_uart_node/share/car_uart_node/package.ps1'
[4.213s] INFO:colcon.colcon_core.shell:Creating package descriptor '/home/zhangqi/ros2/ros2_pkgs/install/car_uart_node/share/car_uart_node/package.dsv'
[4.215s] INFO:colcon.colcon_core.shell:Creating package script '/home/zhangqi/ros2/ros2_pkgs/install/car_uart_node/share/car_uart_node/package.sh'
[4.218s] INFO:colcon.colcon_core.shell:Creating package script '/home/zhangqi/ros2/ros2_pkgs/install/car_uart_node/share/car_uart_node/package.bash'
[4.220s] INFO:colcon.colcon_core.shell:Creating package script '/home/zhangqi/ros2/ros2_pkgs/install/car_uart_node/share/car_uart_node/package.zsh'
[4.222s] Level 1:colcon.colcon_core.environment:create_file_with_runtime_dependencies(/home/zhangqi/ros2/ros2_pkgs/install/car_uart_node/share/colcon-core/packages/car_uart_node)
[42.215s] DEBUG:colcon.colcon_core.event_handler.log_command:Invoked command in '/home/zhangqi/ros2/ros2_pkgs/build/sys_dispatcher' returned '0': CMAKE_PREFIX_PATH=${CMAKE_PREFIX_PATH}:/opt/ros/humble /usr/bin/cmake --build /home/zhangqi/ros2/ros2_pkgs/build/sys_dispatcher -- -j4 -l4
[42.373s] DEBUG:colcon.colcon_core.event_handler.log_command:Invoking command in '/home/zhangqi/ros2/ros2_pkgs/build/sys_dispatcher': CMAKE_PREFIX_PATH=${CMAKE_PREFIX_PATH}:/opt/ros/humble /usr/bin/cmake --install /home/zhangqi/ros2/ros2_pkgs/build/sys_dispatcher
[42.465s] Level 1:colcon.colcon_core.environment:create_environment_scripts_only(sys_dispatcher)
[42.478s] Level 1:colcon.colcon_core.environment:checking '/home/zhangqi/ros2/ros2_pkgs/install/sys_dispatcher' for CMake module files
[42.480s] DEBUG:colcon.colcon_core.event_handler.log_command:Invoked command in '/home/zhangqi/ros2/ros2_pkgs/build/sys_dispatcher' returned '0': CMAKE_PREFIX_PATH=${CMAKE_PREFIX_PATH}:/opt/ros/humble /usr/bin/cmake --install /home/zhangqi/ros2/ros2_pkgs/build/sys_dispatcher
[42.485s] Level 1:colcon.colcon_core.environment:checking '/home/zhangqi/ros2/ros2_pkgs/install/sys_dispatcher' for CMake config files
[42.488s] Level 1:colcon.colcon_core.shell:create_environment_hook('sys_dispatcher', 'cmake_prefix_path')
[42.498s] INFO:colcon.colcon_core.shell:Creating environment hook '/home/zhangqi/ros2/ros2_pkgs/install/sys_dispatcher/share/sys_dispatcher/hook/cmake_prefix_path.ps1'
[42.500s] INFO:colcon.colcon_core.shell:Creating environment descriptor '/home/zhangqi/ros2/ros2_pkgs/install/sys_dispatcher/share/sys_dispatcher/hook/cmake_prefix_path.dsv'
[42.504s] INFO:colcon.colcon_core.shell:Creating environment hook '/home/zhangqi/ros2/ros2_pkgs/install/sys_dispatcher/share/sys_dispatcher/hook/cmake_prefix_path.sh'
[42.507s] Level 1:colcon.colcon_core.environment:checking '/home/zhangqi/ros2/ros2_pkgs/install/sys_dispatcher/lib'
[42.509s] Level 1:colcon.colcon_core.environment:checking '/home/zhangqi/ros2/ros2_pkgs/install/sys_dispatcher/bin'
[42.509s] Level 1:colcon.colcon_core.environment:checking '/home/zhangqi/ros2/ros2_pkgs/install/sys_dispatcher/lib/pkgconfig/sys_dispatcher.pc'
[42.511s] Level 1:colcon.colcon_core.environment:checking '/home/zhangqi/ros2/ros2_pkgs/install/sys_dispatcher/lib/python3.10/site-packages'
[42.512s] Level 1:colcon.colcon_core.environment:checking '/home/zhangqi/ros2/ros2_pkgs/install/sys_dispatcher/bin'
[42.520s] INFO:colcon.colcon_core.shell:Creating package script '/home/zhangqi/ros2/ros2_pkgs/install/sys_dispatcher/share/sys_dispatcher/package.ps1'
[42.523s] INFO:colcon.colcon_core.shell:Creating package descriptor '/home/zhangqi/ros2/ros2_pkgs/install/sys_dispatcher/share/sys_dispatcher/package.dsv'
[42.526s] INFO:colcon.colcon_core.shell:Creating package script '/home/zhangqi/ros2/ros2_pkgs/install/sys_dispatcher/share/sys_dispatcher/package.sh'
[42.529s] INFO:colcon.colcon_core.shell:Creating package script '/home/zhangqi/ros2/ros2_pkgs/install/sys_dispatcher/share/sys_dispatcher/package.bash'
[42.532s] INFO:colcon.colcon_core.shell:Creating package script '/home/zhangqi/ros2/ros2_pkgs/install/sys_dispatcher/share/sys_dispatcher/package.zsh'
[42.534s] Level 1:colcon.colcon_core.environment:create_file_with_runtime_dependencies(/home/zhangqi/ros2/ros2_pkgs/install/sys_dispatcher/share/colcon-core/packages/sys_dispatcher)
[42.684s] Level 1:colcon.colcon_core.environment:create_environment_scripts_only(sys_dispatcher)
[42.697s] Level 1:colcon.colcon_core.environment:checking '/home/zhangqi/ros2/ros2_pkgs/install/sys_dispatcher' for CMake module files
[42.702s] Level 1:colcon.colcon_core.environment:checking '/home/zhangqi/ros2/ros2_pkgs/install/sys_dispatcher' for CMake config files
[42.705s] Level 1:colcon.colcon_core.shell:create_environment_hook('sys_dispatcher', 'cmake_prefix_path')
[42.713s] INFO:colcon.colcon_core.shell:Creating environment hook '/home/zhangqi/ros2/ros2_pkgs/install/sys_dispatcher/share/sys_dispatcher/hook/cmake_prefix_path.ps1'
[42.716s] INFO:colcon.colcon_core.shell:Creating environment descriptor '/home/zhangqi/ros2/ros2_pkgs/install/sys_dispatcher/share/sys_dispatcher/hook/cmake_prefix_path.dsv'
[42.719s] INFO:colcon.colcon_core.shell:Creating environment hook '/home/zhangqi/ros2/ros2_pkgs/install/sys_dispatcher/share/sys_dispatcher/hook/cmake_prefix_path.sh'
[42.723s] Level 1:colcon.colcon_core.environment:checking '/home/zhangqi/ros2/ros2_pkgs/install/sys_dispatcher/lib'
[42.724s] Level 1:colcon.colcon_core.environment:checking '/home/zhangqi/ros2/ros2_pkgs/install/sys_dispatcher/bin'
[42.725s] Level 1:colcon.colcon_core.environment:checking '/home/zhangqi/ros2/ros2_pkgs/install/sys_dispatcher/lib/pkgconfig/sys_dispatcher.pc'
[42.726s] Level 1:colcon.colcon_core.environment:checking '/home/zhangqi/ros2/ros2_pkgs/install/sys_dispatcher/lib/python3.10/site-packages'
[42.727s] Level 1:colcon.colcon_core.environment:checking '/home/zhangqi/ros2/ros2_pkgs/install/sys_dispatcher/bin'
[42.735s] INFO:colcon.colcon_core.shell:Creating package script '/home/zhangqi/ros2/ros2_pkgs/install/sys_dispatcher/share/sys_dispatcher/package.ps1'
[42.738s] INFO:colcon.colcon_core.shell:Creating package descriptor '/home/zhangqi/ros2/ros2_pkgs/install/sys_dispatcher/share/sys_dispatcher/package.dsv'
[42.742s] INFO:colcon.colcon_core.shell:Creating package script '/home/zhangqi/ros2/ros2_pkgs/install/sys_dispatcher/share/sys_dispatcher/package.sh'
[42.746s] INFO:colcon.colcon_core.shell:Creating package script '/home/zhangqi/ros2/ros2_pkgs/install/sys_dispatcher/share/sys_dispatcher/package.bash'
[42.750s] INFO:colcon.colcon_core.shell:Creating package script '/home/zhangqi/ros2/ros2_pkgs/install/sys_dispatcher/share/sys_dispatcher/package.zsh'
[42.753s] Level 1:colcon.colcon_core.environment:create_file_with_runtime_dependencies(/home/zhangqi/ros2/ros2_pkgs/install/sys_dispatcher/share/colcon-core/packages/sys_dispatcher)
[43.711s] DEBUG:colcon.colcon_core.event_handler.log_command:Invoked command in '/home/zhangqi/ros2/ros2_pkgs/build/lidar_reader' returned '0': CMAKE_PREFIX_PATH=${CMAKE_PREFIX_PATH}:/opt/ros/humble /usr/bin/cmake --build /home/zhangqi/ros2/ros2_pkgs/build/lidar_reader -- -j4 -l4
[43.852s] DEBUG:colcon.colcon_core.event_handler.log_command:Invoking command in '/home/zhangqi/ros2/ros2_pkgs/build/lidar_reader': CMAKE_PREFIX_PATH=${CMAKE_PREFIX_PATH}:/opt/ros/humble /usr/bin/cmake --install /home/zhangqi/ros2/ros2_pkgs/build/lidar_reader
[43.908s] Level 1:colcon.colcon_core.environment:create_environment_scripts_only(lidar_reader)
[43.917s] Level 1:colcon.colcon_core.environment:checking '/home/zhangqi/ros2/ros2_pkgs/install/lidar_reader' for CMake module files
[43.919s] DEBUG:colcon.colcon_core.event_handler.log_command:Invoked command in '/home/zhangqi/ros2/ros2_pkgs/build/lidar_reader' returned '0': CMAKE_PREFIX_PATH=${CMAKE_PREFIX_PATH}:/opt/ros/humble /usr/bin/cmake --install /home/zhangqi/ros2/ros2_pkgs/build/lidar_reader
[43.922s] Level 1:colcon.colcon_core.environment:checking '/home/zhangqi/ros2/ros2_pkgs/install/lidar_reader' for CMake config files
[43.924s] Level 1:colcon.colcon_core.shell:create_environment_hook('lidar_reader', 'cmake_prefix_path')
[43.930s] INFO:colcon.colcon_core.shell:Creating environment hook '/home/zhangqi/ros2/ros2_pkgs/install/lidar_reader/share/lidar_reader/hook/cmake_prefix_path.ps1'
[43.932s] INFO:colcon.colcon_core.shell:Creating environment descriptor '/home/zhangqi/ros2/ros2_pkgs/install/lidar_reader/share/lidar_reader/hook/cmake_prefix_path.dsv'
[43.935s] INFO:colcon.colcon_core.shell:Creating environment hook '/home/zhangqi/ros2/ros2_pkgs/install/lidar_reader/share/lidar_reader/hook/cmake_prefix_path.sh'
[43.938s] Level 1:colcon.colcon_core.environment:checking '/home/zhangqi/ros2/ros2_pkgs/install/lidar_reader/lib'
[43.939s] Level 1:colcon.colcon_core.environment:checking '/home/zhangqi/ros2/ros2_pkgs/install/lidar_reader/bin'
[43.939s] Level 1:colcon.colcon_core.environment:checking '/home/zhangqi/ros2/ros2_pkgs/install/lidar_reader/lib/pkgconfig/lidar_reader.pc'
[43.940s] Level 1:colcon.colcon_core.environment:checking '/home/zhangqi/ros2/ros2_pkgs/install/lidar_reader/lib/python3.10/site-packages'
[43.941s] Level 1:colcon.colcon_core.environment:checking '/home/zhangqi/ros2/ros2_pkgs/install/lidar_reader/bin'
[43.947s] INFO:colcon.colcon_core.shell:Creating package script '/home/zhangqi/ros2/ros2_pkgs/install/lidar_reader/share/lidar_reader/package.ps1'
[43.950s] INFO:colcon.colcon_core.shell:Creating package descriptor '/home/zhangqi/ros2/ros2_pkgs/install/lidar_reader/share/lidar_reader/package.dsv'
[43.953s] INFO:colcon.colcon_core.shell:Creating package script '/home/zhangqi/ros2/ros2_pkgs/install/lidar_reader/share/lidar_reader/package.sh'
[43.955s] INFO:colcon.colcon_core.shell:Creating package script '/home/zhangqi/ros2/ros2_pkgs/install/lidar_reader/share/lidar_reader/package.bash'
[43.958s] INFO:colcon.colcon_core.shell:Creating package script '/home/zhangqi/ros2/ros2_pkgs/install/lidar_reader/share/lidar_reader/package.zsh'
[43.960s] Level 1:colcon.colcon_core.environment:create_file_with_runtime_dependencies(/home/zhangqi/ros2/ros2_pkgs/install/lidar_reader/share/colcon-core/packages/lidar_reader)
[44.100s] Level 1:colcon.colcon_core.environment:create_environment_scripts_only(lidar_reader)
[44.109s] Level 1:colcon.colcon_core.environment:checking '/home/zhangqi/ros2/ros2_pkgs/install/lidar_reader' for CMake module files
[44.113s] Level 1:colcon.colcon_core.environment:checking '/home/zhangqi/ros2/ros2_pkgs/install/lidar_reader' for CMake config files
[44.116s] Level 1:colcon.colcon_core.shell:create_environment_hook('lidar_reader', 'cmake_prefix_path')
[44.121s] INFO:colcon.colcon_core.shell:Creating environment hook '/home/zhangqi/ros2/ros2_pkgs/install/lidar_reader/share/lidar_reader/hook/cmake_prefix_path.ps1'
[44.124s] INFO:colcon.colcon_core.shell:Creating environment descriptor '/home/zhangqi/ros2/ros2_pkgs/install/lidar_reader/share/lidar_reader/hook/cmake_prefix_path.dsv'
[44.126s] INFO:colcon.colcon_core.shell:Creating environment hook '/home/zhangqi/ros2/ros2_pkgs/install/lidar_reader/share/lidar_reader/hook/cmake_prefix_path.sh'
[44.129s] Level 1:colcon.colcon_core.environment:checking '/home/zhangqi/ros2/ros2_pkgs/install/lidar_reader/lib'
[44.130s] Level 1:colcon.colcon_core.environment:checking '/home/zhangqi/ros2/ros2_pkgs/install/lidar_reader/bin'
[44.131s] Level 1:colcon.colcon_core.environment:checking '/home/zhangqi/ros2/ros2_pkgs/install/lidar_reader/lib/pkgconfig/lidar_reader.pc'
[44.132s] Level 1:colcon.colcon_core.environment:checking '/home/zhangqi/ros2/ros2_pkgs/install/lidar_reader/lib/python3.10/site-packages'
[44.133s] Level 1:colcon.colcon_core.environment:checking '/home/zhangqi/ros2/ros2_pkgs/install/lidar_reader/bin'
[44.139s] INFO:colcon.colcon_core.shell:Creating package script '/home/zhangqi/ros2/ros2_pkgs/install/lidar_reader/share/lidar_reader/package.ps1'
[44.141s] INFO:colcon.colcon_core.shell:Creating package descriptor '/home/zhangqi/ros2/ros2_pkgs/install/lidar_reader/share/lidar_reader/package.dsv'
[44.144s] INFO:colcon.colcon_core.shell:Creating package script '/home/zhangqi/ros2/ros2_pkgs/install/lidar_reader/share/lidar_reader/package.sh'
[44.147s] INFO:colcon.colcon_core.shell:Creating package script '/home/zhangqi/ros2/ros2_pkgs/install/lidar_reader/share/lidar_reader/package.bash'
[44.150s] INFO:colcon.colcon_core.shell:Creating package script '/home/zhangqi/ros2/ros2_pkgs/install/lidar_reader/share/lidar_reader/package.zsh'
[44.152s] Level 1:colcon.colcon_core.environment:create_file_with_runtime_dependencies(/home/zhangqi/ros2/ros2_pkgs/install/lidar_reader/share/colcon-core/packages/lidar_reader)
[63.069s] DEBUG:colcon.colcon_core.event_handler.log_command:Invoked command in '/home/zhangqi/ros2/ros2_pkgs/build/bau_ctrl' returned '0': CMAKE_PREFIX_PATH=${CMAKE_PREFIX_PATH}:/opt/ros/humble /usr/bin/cmake --build /home/zhangqi/ros2/ros2_pkgs/build/bau_ctrl -- -j4 -l4
[63.227s] DEBUG:colcon.colcon_core.event_handler.log_command:Invoking command in '/home/zhangqi/ros2/ros2_pkgs/build/bau_ctrl': CMAKE_PREFIX_PATH=${CMAKE_PREFIX_PATH}:/opt/ros/humble /usr/bin/cmake --install /home/zhangqi/ros2/ros2_pkgs/build/bau_ctrl
[63.299s] Level 1:colcon.colcon_core.environment:create_environment_scripts_only(bau_ctrl)
[63.306s] Level 1:colcon.colcon_core.environment:checking '/home/zhangqi/ros2/ros2_pkgs/install/bau_ctrl' for CMake module files
[63.308s] DEBUG:colcon.colcon_core.event_handler.log_command:Invoked command in '/home/zhangqi/ros2/ros2_pkgs/build/bau_ctrl' returned '0': CMAKE_PREFIX_PATH=${CMAKE_PREFIX_PATH}:/opt/ros/humble /usr/bin/cmake --install /home/zhangqi/ros2/ros2_pkgs/build/bau_ctrl
[63.310s] Level 1:colcon.colcon_core.environment:checking '/home/zhangqi/ros2/ros2_pkgs/install/bau_ctrl' for CMake config files
[63.313s] Level 1:colcon.colcon_core.shell:create_environment_hook('bau_ctrl', 'cmake_prefix_path')
[63.318s] INFO:colcon.colcon_core.shell:Creating environment hook '/home/zhangqi/ros2/ros2_pkgs/install/bau_ctrl/share/bau_ctrl/hook/cmake_prefix_path.ps1'
[63.320s] INFO:colcon.colcon_core.shell:Creating environment descriptor '/home/zhangqi/ros2/ros2_pkgs/install/bau_ctrl/share/bau_ctrl/hook/cmake_prefix_path.dsv'
[63.322s] INFO:colcon.colcon_core.shell:Creating environment hook '/home/zhangqi/ros2/ros2_pkgs/install/bau_ctrl/share/bau_ctrl/hook/cmake_prefix_path.sh'
[63.324s] Level 1:colcon.colcon_core.environment:checking '/home/zhangqi/ros2/ros2_pkgs/install/bau_ctrl/lib'
[63.325s] Level 1:colcon.colcon_core.environment:checking '/home/zhangqi/ros2/ros2_pkgs/install/bau_ctrl/bin'
[63.325s] Level 1:colcon.colcon_core.environment:checking '/home/zhangqi/ros2/ros2_pkgs/install/bau_ctrl/lib/pkgconfig/bau_ctrl.pc'
[63.326s] Level 1:colcon.colcon_core.environment:checking '/home/zhangqi/ros2/ros2_pkgs/install/bau_ctrl/lib/python3.10/site-packages'
[63.327s] Level 1:colcon.colcon_core.environment:checking '/home/zhangqi/ros2/ros2_pkgs/install/bau_ctrl/bin'
[63.332s] INFO:colcon.colcon_core.shell:Creating package script '/home/zhangqi/ros2/ros2_pkgs/install/bau_ctrl/share/bau_ctrl/package.ps1'
[63.334s] INFO:colcon.colcon_core.shell:Creating package descriptor '/home/zhangqi/ros2/ros2_pkgs/install/bau_ctrl/share/bau_ctrl/package.dsv'
[63.335s] INFO:colcon.colcon_core.shell:Creating package script '/home/zhangqi/ros2/ros2_pkgs/install/bau_ctrl/share/bau_ctrl/package.sh'
[63.337s] INFO:colcon.colcon_core.shell:Creating package script '/home/zhangqi/ros2/ros2_pkgs/install/bau_ctrl/share/bau_ctrl/package.bash'
[63.339s] INFO:colcon.colcon_core.shell:Creating package script '/home/zhangqi/ros2/ros2_pkgs/install/bau_ctrl/share/bau_ctrl/package.zsh'
[63.340s] Level 1:colcon.colcon_core.environment:create_file_with_runtime_dependencies(/home/zhangqi/ros2/ros2_pkgs/install/bau_ctrl/share/colcon-core/packages/bau_ctrl)
[63.498s] Level 1:colcon.colcon_core.environment:create_environment_scripts_only(bau_ctrl)
[63.506s] Level 1:colcon.colcon_core.environment:checking '/home/zhangqi/ros2/ros2_pkgs/install/bau_ctrl' for CMake module files
[63.509s] Level 1:colcon.colcon_core.environment:checking '/home/zhangqi/ros2/ros2_pkgs/install/bau_ctrl' for CMake config files
[63.511s] Level 1:colcon.colcon_core.shell:create_environment_hook('bau_ctrl', 'cmake_prefix_path')
[63.516s] INFO:colcon.colcon_core.shell:Creating environment hook '/home/zhangqi/ros2/ros2_pkgs/install/bau_ctrl/share/bau_ctrl/hook/cmake_prefix_path.ps1'
[63.517s] INFO:colcon.colcon_core.shell:Creating environment descriptor '/home/zhangqi/ros2/ros2_pkgs/install/bau_ctrl/share/bau_ctrl/hook/cmake_prefix_path.dsv'
[63.519s] INFO:colcon.colcon_core.shell:Creating environment hook '/home/zhangqi/ros2/ros2_pkgs/install/bau_ctrl/share/bau_ctrl/hook/cmake_prefix_path.sh'
[63.522s] Level 1:colcon.colcon_core.environment:checking '/home/zhangqi/ros2/ros2_pkgs/install/bau_ctrl/lib'
[63.522s] Level 1:colcon.colcon_core.environment:checking '/home/zhangqi/ros2/ros2_pkgs/install/bau_ctrl/bin'
[63.522s] Level 1:colcon.colcon_core.environment:checking '/home/zhangqi/ros2/ros2_pkgs/install/bau_ctrl/lib/pkgconfig/bau_ctrl.pc'
[63.523s] Level 1:colcon.colcon_core.environment:checking '/home/zhangqi/ros2/ros2_pkgs/install/bau_ctrl/lib/python3.10/site-packages'
[63.524s] Level 1:colcon.colcon_core.environment:checking '/home/zhangqi/ros2/ros2_pkgs/install/bau_ctrl/bin'
[63.529s] INFO:colcon.colcon_core.shell:Creating package script '/home/zhangqi/ros2/ros2_pkgs/install/bau_ctrl/share/bau_ctrl/package.ps1'
[63.532s] INFO:colcon.colcon_core.shell:Creating package descriptor '/home/zhangqi/ros2/ros2_pkgs/install/bau_ctrl/share/bau_ctrl/package.dsv'
[63.534s] INFO:colcon.colcon_core.shell:Creating package script '/home/zhangqi/ros2/ros2_pkgs/install/bau_ctrl/share/bau_ctrl/package.sh'
[63.536s] INFO:colcon.colcon_core.shell:Creating package script '/home/zhangqi/ros2/ros2_pkgs/install/bau_ctrl/share/bau_ctrl/package.bash'
[63.537s] INFO:colcon.colcon_core.shell:Creating package script '/home/zhangqi/ros2/ros2_pkgs/install/bau_ctrl/share/bau_ctrl/package.zsh'
[63.539s] Level 1:colcon.colcon_core.environment:create_file_with_runtime_dependencies(/home/zhangqi/ros2/ros2_pkgs/install/bau_ctrl/share/colcon-core/packages/bau_ctrl)
[63.541s] DEBUG:colcon.colcon_parallel_executor.executor.parallel:closing loop
[63.542s] DEBUG:colcon.colcon_parallel_executor.executor.parallel:loop closed
[63.542s] DEBUG:colcon.colcon_parallel_executor.executor.parallel:run_until_complete finished with '0'
[63.543s] DEBUG:colcon.colcon_core.event_reactor:joining thread
[63.565s] INFO:colcon.colcon_core.plugin_system:Skipping extension 'colcon_notification.desktop_notification.terminal_notifier': Not used on non-Darwin systems
[63.565s] INFO:colcon.colcon_core.plugin_system:Skipping extension 'colcon_notification.desktop_notification.win32': Not used on non-Windows systems
[63.565s] INFO:colcon.colcon_notification.desktop_notification:Sending desktop notification using 'notify2'
[63.568s] DEBUG:colcon.colcon_notification.desktop_notification.notify2:Failed to initialize notify2: org.freedesktop.DBus.Error.ServiceUnknown: The name org.freedesktop.Notifications was not provided by any .service files
[63.568s] DEBUG:colcon.colcon_core.event_reactor:joined thread
[63.573s] INFO:colcon.colcon_core.shell:Creating prefix script '/home/zhangqi/ros2/ros2_pkgs/install/local_setup.ps1'
[63.577s] INFO:colcon.colcon_core.shell:Creating prefix util module '/home/zhangqi/ros2/ros2_pkgs/install/_local_setup_util_ps1.py'
[63.582s] INFO:colcon.colcon_core.shell:Creating prefix chain script '/home/zhangqi/ros2/ros2_pkgs/install/setup.ps1'
[63.589s] INFO:colcon.colcon_core.shell:Creating prefix script '/home/zhangqi/ros2/ros2_pkgs/install/local_setup.sh'
[63.592s] INFO:colcon.colcon_core.shell:Creating prefix util module '/home/zhangqi/ros2/ros2_pkgs/install/_local_setup_util_sh.py'
[63.594s] INFO:colcon.colcon_core.shell:Creating prefix chain script '/home/zhangqi/ros2/ros2_pkgs/install/setup.sh'
[63.601s] INFO:colcon.colcon_core.shell:Creating prefix script '/home/zhangqi/ros2/ros2_pkgs/install/local_setup.bash'
[63.603s] INFO:colcon.colcon_core.shell:Creating prefix chain script '/home/zhangqi/ros2/ros2_pkgs/install/setup.bash'
[63.610s] INFO:colcon.colcon_core.shell:Creating prefix script '/home/zhangqi/ros2/ros2_pkgs/install/local_setup.zsh'
[63.612s] INFO:colcon.colcon_core.shell:Creating prefix chain script '/home/zhangqi/ros2/ros2_pkgs/install/setup.zsh'
