[0.342s] Invoking command in '/home/zhangqi/ros2/ros2_pkgs/build/car_uart_node': CMAKE_PREFIX_PATH=${CMAKE_PREFIX_PATH}:/opt/ros/humble /usr/bin/cmake --build /home/zhangqi/ros2/ros2_pkgs/build/car_uart_node -- -j4 -l4
[0.736s] Invoked command in '/home/zhangqi/ros2/ros2_pkgs/build/car_uart_node' returned '0': CMAKE_PREFIX_PATH=${CMAKE_PREFIX_PATH}:/opt/ros/humble /usr/bin/cmake --build /home/zhangqi/ros2/ros2_pkgs/build/car_uart_node -- -j4 -l4
[1.144s] Invoking command in '/home/zhangqi/ros2/ros2_pkgs/build/car_uart_node': CMAKE_PREFIX_PATH=${CMAKE_PREFIX_PATH}:/opt/ros/humble /usr/bin/cmake --install /home/zhangqi/ros2/ros2_pkgs/build/car_uart_node
[1.215s] -- Install configuration: ""
[1.218s] -- Up-to-date: /home/zhangqi/ros2/ros2_pkgs/install/car_uart_node/share/ament_index/resource_index/package_run_dependencies/car_uart_node
[1.221s] -- Up-to-date: /home/zhangqi/ros2/ros2_pkgs/install/car_uart_node/share/ament_index/resource_index/parent_prefix_path/car_uart_node
[1.235s] -- Up-to-date: /home/zhangqi/ros2/ros2_pkgs/install/car_uart_node/share/car_uart_node/environment/ament_prefix_path.sh
[1.238s] -- Up-to-date: /home/zhangqi/ros2/ros2_pkgs/install/car_uart_node/share/car_uart_node/environment/ament_prefix_path.dsv
[1.240s] -- Up-to-date: /home/zhangqi/ros2/ros2_pkgs/install/car_uart_node/share/car_uart_node/environment/path.sh
[1.241s] -- Up-to-date: /home/zhangqi/ros2/ros2_pkgs/install/car_uart_node/share/car_uart_node/environment/path.dsv
[1.243s] -- Up-to-date: /home/zhangqi/ros2/ros2_pkgs/install/car_uart_node/share/car_uart_node/local_setup.bash
[1.244s] -- Up-to-date: /home/zhangqi/ros2/ros2_pkgs/install/car_uart_node/share/car_uart_node/local_setup.sh
[1.249s] -- Up-to-date: /home/zhangqi/ros2/ros2_pkgs/install/car_uart_node/share/car_uart_node/local_setup.zsh
[1.252s] -- Up-to-date: /home/zhangqi/ros2/ros2_pkgs/install/car_uart_node/share/car_uart_node/local_setup.dsv
[1.256s] -- Installing: /home/zhangqi/ros2/ros2_pkgs/install/car_uart_node/share/car_uart_node/package.dsv
[1.265s] -- Up-to-date: /home/zhangqi/ros2/ros2_pkgs/install/car_uart_node/share/ament_index/resource_index/packages/car_uart_node
[1.267s] -- Up-to-date: /home/zhangqi/ros2/ros2_pkgs/install/car_uart_node/share/car_uart_node/cmake/car_uart_nodeConfig.cmake
[1.268s] -- Up-to-date: /home/zhangqi/ros2/ros2_pkgs/install/car_uart_node/share/car_uart_node/cmake/car_uart_nodeConfig-version.cmake
[1.273s] -- Up-to-date: /home/zhangqi/ros2/ros2_pkgs/install/car_uart_node/share/car_uart_node/package.xml
[1.275s] Invoked command in '/home/zhangqi/ros2/ros2_pkgs/build/car_uart_node' returned '0': CMAKE_PREFIX_PATH=${CMAKE_PREFIX_PATH}:/opt/ros/humble /usr/bin/cmake --install /home/zhangqi/ros2/ros2_pkgs/build/car_uart_node
