[1.374s] DEBUG:colcon:Command line arguments: ['/usr/bin/colcon', 'build', '--cmake-args', '-DCOMMON_LIB_PATH=~/ros2/libs/', '-DCMAKE_EXPORT_COMPILE_COMMANDS=on']
[1.374s] DEBUG:colcon:Parsed command line arguments: Namespace(log_base=None, log_level=None, verb_name='build', build_base='build', install_base='install', merge_install=False, symlink_install=False, test_result_base=None, continue_on_error=False, executor='parallel', parallel_workers=4, event_handlers=None, ignore_user_meta=False, metas=['./colcon.meta'], base_paths=['.'], packages_ignore=None, packages_ignore_regex=None, paths=None, packages_up_to=None, packages_up_to_regex=None, packages_above=None, packages_above_and_dependencies=None, packages_above_depth=None, packages_select_by_dep=None, packages_skip_by_dep=None, packages_skip_up_to=None, packages_select_build_failed=False, packages_skip_build_finished=False, packages_select_test_failures=False, packages_skip_test_passed=False, packages_select=None, packages_skip=None, packages_select_regex=None, packages_skip_regex=None, packages_start=None, packages_end=None, allow_overriding=[], cmake_args=['-DCOMMON_LIB_PATH=~/ros2/libs/', '-DCMAKE_EXPORT_COMPILE_COMMANDS=on'], cmake_target=None, cmake_target_skip_unavailable=False, cmake_clean_cache=False, cmake_clean_first=False, cmake_force_configure=False, ament_cmake_args=None, catkin_cmake_args=None, catkin_skip_building_tests=False, verb_parser=<colcon_defaults.argument_parser.defaults.DefaultArgumentsDecorator object at 0xffff8f10f940>, verb_extension=<colcon_core.verb.build.BuildVerb object at 0xffff8f9de440>, main=<bound method BuildVerb.main of <colcon_core.verb.build.BuildVerb object at 0xffff8f9de440>>)
[1.501s] Level 1:colcon.colcon_core.package_discovery:discover_packages(colcon_meta) check parameters
[1.501s] Level 1:colcon.colcon_core.package_discovery:discover_packages(recursive) check parameters
[1.501s] Level 1:colcon.colcon_core.package_discovery:discover_packages(ignore) check parameters
[1.501s] Level 1:colcon.colcon_core.package_discovery:discover_packages(path) check parameters
[1.501s] Level 1:colcon.colcon_core.package_discovery:discover_packages(colcon_meta) discover
[1.502s] Level 1:colcon.colcon_core.package_discovery:discover_packages(recursive) discover
[1.502s] INFO:colcon.colcon_core.package_discovery:Crawling recursively for packages in '/home/zhangqi/ros2/ros2_pkgs'
[1.502s] Level 1:colcon.colcon_core.package_identification:_identify(.) by extensions ['ignore', 'ignore_ament_install']
[1.502s] Level 1:colcon.colcon_core.package_identification:_identify(.) by extension 'ignore'
[1.503s] Level 1:colcon.colcon_core.package_identification:_identify(.) by extension 'ignore_ament_install'
[1.503s] Level 1:colcon.colcon_core.package_identification:_identify(.) by extensions ['colcon_pkg']
[1.503s] Level 1:colcon.colcon_core.package_identification:_identify(.) by extension 'colcon_pkg'
[1.503s] Level 1:colcon.colcon_core.package_identification:_identify(.) by extensions ['colcon_meta']
[1.503s] Level 1:colcon.colcon_core.package_identification:_identify(.) by extension 'colcon_meta'
[1.503s] Level 1:colcon.colcon_core.package_identification:_identify(.) by extensions ['ros']
[1.504s] Level 1:colcon.colcon_core.package_identification:_identify(.) by extension 'ros'
[1.549s] Level 1:colcon.colcon_core.package_identification:_identify(.) by extensions ['cmake', 'python']
[1.550s] Level 1:colcon.colcon_core.package_identification:_identify(.) by extension 'cmake'
[1.550s] Level 1:colcon.colcon_core.package_identification:_identify(.) by extension 'python'
[1.550s] Level 1:colcon.colcon_core.package_identification:_identify(.) by extensions ['python_setup_py']
[1.550s] Level 1:colcon.colcon_core.package_identification:_identify(.) by extension 'python_setup_py'
[1.551s] Level 1:colcon.colcon_core.package_identification:_identify(build) by extensions ['ignore', 'ignore_ament_install']
[1.551s] Level 1:colcon.colcon_core.package_identification:_identify(build) by extension 'ignore'
[1.551s] Level 1:colcon.colcon_core.package_identification:_identify(build) ignored
[1.552s] Level 1:colcon.colcon_core.package_identification:_identify(install) by extensions ['ignore', 'ignore_ament_install']
[1.552s] Level 1:colcon.colcon_core.package_identification:_identify(install) by extension 'ignore'
[1.552s] Level 1:colcon.colcon_core.package_identification:_identify(install) ignored
[1.553s] Level 1:colcon.colcon_core.package_identification:_identify(log) by extensions ['ignore', 'ignore_ament_install']
[1.553s] Level 1:colcon.colcon_core.package_identification:_identify(log) by extension 'ignore'
[1.553s] Level 1:colcon.colcon_core.package_identification:_identify(log) ignored
[1.554s] Level 1:colcon.colcon_core.package_identification:_identify(src) by extensions ['ignore', 'ignore_ament_install']
[1.554s] Level 1:colcon.colcon_core.package_identification:_identify(src) by extension 'ignore'
[1.554s] Level 1:colcon.colcon_core.package_identification:_identify(src) by extension 'ignore_ament_install'
[1.554s] Level 1:colcon.colcon_core.package_identification:_identify(src) by extensions ['colcon_pkg']
[1.554s] Level 1:colcon.colcon_core.package_identification:_identify(src) by extension 'colcon_pkg'
[1.555s] Level 1:colcon.colcon_core.package_identification:_identify(src) by extensions ['colcon_meta']
[1.555s] Level 1:colcon.colcon_core.package_identification:_identify(src) by extension 'colcon_meta'
[1.555s] Level 1:colcon.colcon_core.package_identification:_identify(src) by extensions ['ros']
[1.555s] Level 1:colcon.colcon_core.package_identification:_identify(src) by extension 'ros'
[1.555s] Level 1:colcon.colcon_core.package_identification:_identify(src) by extensions ['cmake', 'python']
[1.555s] Level 1:colcon.colcon_core.package_identification:_identify(src) by extension 'cmake'
[1.556s] Level 1:colcon.colcon_core.package_identification:_identify(src) by extension 'python'
[1.556s] Level 1:colcon.colcon_core.package_identification:_identify(src) by extensions ['python_setup_py']
[1.556s] Level 1:colcon.colcon_core.package_identification:_identify(src) by extension 'python_setup_py'
[1.556s] Level 1:colcon.colcon_core.package_identification:_identify(src/bau_ctrl) by extensions ['ignore', 'ignore_ament_install']
[1.557s] Level 1:colcon.colcon_core.package_identification:_identify(src/bau_ctrl) by extension 'ignore'
[1.557s] Level 1:colcon.colcon_core.package_identification:_identify(src/bau_ctrl) by extension 'ignore_ament_install'
[1.557s] Level 1:colcon.colcon_core.package_identification:_identify(src/bau_ctrl) by extensions ['colcon_pkg']
[1.557s] Level 1:colcon.colcon_core.package_identification:_identify(src/bau_ctrl) by extension 'colcon_pkg'
[1.557s] Level 1:colcon.colcon_core.package_identification:_identify(src/bau_ctrl) by extensions ['colcon_meta']
[1.557s] Level 1:colcon.colcon_core.package_identification:_identify(src/bau_ctrl) by extension 'colcon_meta'
[1.558s] Level 1:colcon.colcon_core.package_identification:_identify(src/bau_ctrl) by extensions ['ros']
[1.558s] Level 1:colcon.colcon_core.package_identification:_identify(src/bau_ctrl) by extension 'ros'
[1.568s] DEBUG:colcon.colcon_core.package_identification:Package 'src/bau_ctrl' with type 'ros.ament_cmake' and name 'bau_ctrl'
[1.568s] Level 1:colcon.colcon_core.package_identification:_identify(src/car_uart_node) by extensions ['ignore', 'ignore_ament_install']
[1.569s] Level 1:colcon.colcon_core.package_identification:_identify(src/car_uart_node) by extension 'ignore'
[1.569s] Level 1:colcon.colcon_core.package_identification:_identify(src/car_uart_node) by extension 'ignore_ament_install'
[1.569s] Level 1:colcon.colcon_core.package_identification:_identify(src/car_uart_node) by extensions ['colcon_pkg']
[1.569s] Level 1:colcon.colcon_core.package_identification:_identify(src/car_uart_node) by extension 'colcon_pkg'
[1.569s] Level 1:colcon.colcon_core.package_identification:_identify(src/car_uart_node) by extensions ['colcon_meta']
[1.569s] Level 1:colcon.colcon_core.package_identification:_identify(src/car_uart_node) by extension 'colcon_meta'
[1.570s] Level 1:colcon.colcon_core.package_identification:_identify(src/car_uart_node) by extensions ['ros']
[1.570s] Level 1:colcon.colcon_core.package_identification:_identify(src/car_uart_node) by extension 'ros'
[1.571s] DEBUG:colcon.colcon_core.package_identification:Package 'src/car_uart_node' with type 'ros.ament_cmake' and name 'car_uart_node'
[1.572s] Level 1:colcon.colcon_core.package_identification:_identify(src/lidar_reader) by extensions ['ignore', 'ignore_ament_install']
[1.572s] Level 1:colcon.colcon_core.package_identification:_identify(src/lidar_reader) by extension 'ignore'
[1.573s] Level 1:colcon.colcon_core.package_identification:_identify(src/lidar_reader) by extension 'ignore_ament_install'
[1.573s] Level 1:colcon.colcon_core.package_identification:_identify(src/lidar_reader) by extensions ['colcon_pkg']
[1.573s] Level 1:colcon.colcon_core.package_identification:_identify(src/lidar_reader) by extension 'colcon_pkg'
[1.573s] Level 1:colcon.colcon_core.package_identification:_identify(src/lidar_reader) by extensions ['colcon_meta']
[1.573s] Level 1:colcon.colcon_core.package_identification:_identify(src/lidar_reader) by extension 'colcon_meta'
[1.573s] Level 1:colcon.colcon_core.package_identification:_identify(src/lidar_reader) by extensions ['ros']
[1.573s] Level 1:colcon.colcon_core.package_identification:_identify(src/lidar_reader) by extension 'ros'
[1.576s] DEBUG:colcon.colcon_core.package_identification:Package 'src/lidar_reader' with type 'ros.ament_cmake' and name 'lidar_reader'
[1.577s] Level 1:colcon.colcon_core.package_identification:_identify(src/sys_dispatcher) by extensions ['ignore', 'ignore_ament_install']
[1.577s] Level 1:colcon.colcon_core.package_identification:_identify(src/sys_dispatcher) by extension 'ignore'
[1.577s] Level 1:colcon.colcon_core.package_identification:_identify(src/sys_dispatcher) by extension 'ignore_ament_install'
[1.577s] Level 1:colcon.colcon_core.package_identification:_identify(src/sys_dispatcher) by extensions ['colcon_pkg']
[1.578s] Level 1:colcon.colcon_core.package_identification:_identify(src/sys_dispatcher) by extension 'colcon_pkg'
[1.578s] Level 1:colcon.colcon_core.package_identification:_identify(src/sys_dispatcher) by extensions ['colcon_meta']
[1.578s] Level 1:colcon.colcon_core.package_identification:_identify(src/sys_dispatcher) by extension 'colcon_meta'
[1.578s] Level 1:colcon.colcon_core.package_identification:_identify(src/sys_dispatcher) by extensions ['ros']
[1.578s] Level 1:colcon.colcon_core.package_identification:_identify(src/sys_dispatcher) by extension 'ros'
[1.581s] DEBUG:colcon.colcon_core.package_identification:Package 'src/sys_dispatcher' with type 'ros.ament_cmake' and name 'sys_dispatcher'
[1.581s] Level 1:colcon.colcon_core.package_discovery:discover_packages(recursive) using defaults
[1.582s] Level 1:colcon.colcon_core.package_discovery:discover_packages(ignore) discover
[1.582s] Level 1:colcon.colcon_core.package_discovery:discover_packages(ignore) using defaults
[1.582s] Level 1:colcon.colcon_core.package_discovery:discover_packages(path) discover
[1.582s] Level 1:colcon.colcon_core.package_discovery:discover_packages(path) using defaults
[1.671s] Level 1:colcon.colcon_core.package_discovery:discover_packages(prefix_path) check parameters
[1.671s] Level 1:colcon.colcon_core.package_discovery:discover_packages(prefix_path) discover
[1.684s] DEBUG:colcon.colcon_installed_package_information.package_discovery:Found 5 installed packages in /home/zhangqi/ros2/ros2_pkgs/install
[1.696s] DEBUG:colcon.colcon_installed_package_information.package_discovery:Found 318 installed packages in /opt/ros/humble
[1.703s] Level 1:colcon.colcon_core.package_discovery:discover_packages(prefix_path) using defaults
[1.975s] Level 5:colcon.colcon_core.verb:set package 'bau_ctrl' build argument 'cmake_args' from command line to '['-DCOMMON_LIB_PATH=~/ros2/libs/', '-DCMAKE_EXPORT_COMPILE_COMMANDS=on']'
[1.975s] Level 5:colcon.colcon_core.verb:set package 'bau_ctrl' build argument 'cmake_target' from command line to 'None'
[1.975s] Level 5:colcon.colcon_core.verb:set package 'bau_ctrl' build argument 'cmake_target_skip_unavailable' from command line to 'False'
[1.975s] Level 5:colcon.colcon_core.verb:set package 'bau_ctrl' build argument 'cmake_clean_cache' from command line to 'False'
[1.976s] Level 5:colcon.colcon_core.verb:set package 'bau_ctrl' build argument 'cmake_clean_first' from command line to 'False'
[1.976s] Level 5:colcon.colcon_core.verb:set package 'bau_ctrl' build argument 'cmake_force_configure' from command line to 'False'
[1.976s] Level 5:colcon.colcon_core.verb:set package 'bau_ctrl' build argument 'ament_cmake_args' from command line to 'None'
[1.976s] Level 5:colcon.colcon_core.verb:set package 'bau_ctrl' build argument 'catkin_cmake_args' from command line to 'None'
[1.976s] Level 5:colcon.colcon_core.verb:set package 'bau_ctrl' build argument 'catkin_skip_building_tests' from command line to 'False'
[1.976s] DEBUG:colcon.colcon_core.verb:Building package 'bau_ctrl' with the following arguments: {'ament_cmake_args': None, 'build_base': '/home/zhangqi/ros2/ros2_pkgs/build/bau_ctrl', 'catkin_cmake_args': None, 'catkin_skip_building_tests': False, 'cmake_args': ['-DCOMMON_LIB_PATH=~/ros2/libs/', '-DCMAKE_EXPORT_COMPILE_COMMANDS=on'], 'cmake_clean_cache': False, 'cmake_clean_first': False, 'cmake_force_configure': False, 'cmake_target': None, 'cmake_target_skip_unavailable': False, 'install_base': '/home/zhangqi/ros2/ros2_pkgs/install/bau_ctrl', 'merge_install': False, 'path': '/home/zhangqi/ros2/ros2_pkgs/src/bau_ctrl', 'symlink_install': False, 'test_result_base': None}
[1.980s] Level 5:colcon.colcon_core.verb:set package 'car_uart_node' build argument 'cmake_args' from command line to '['-DCOMMON_LIB_PATH=~/ros2/libs/', '-DCMAKE_EXPORT_COMPILE_COMMANDS=on']'
[1.980s] Level 5:colcon.colcon_core.verb:set package 'car_uart_node' build argument 'cmake_target' from command line to 'None'
[1.980s] Level 5:colcon.colcon_core.verb:set package 'car_uart_node' build argument 'cmake_target_skip_unavailable' from command line to 'False'
[1.980s] Level 5:colcon.colcon_core.verb:set package 'car_uart_node' build argument 'cmake_clean_cache' from command line to 'False'
[1.981s] Level 5:colcon.colcon_core.verb:set package 'car_uart_node' build argument 'cmake_clean_first' from command line to 'False'
[1.981s] Level 5:colcon.colcon_core.verb:set package 'car_uart_node' build argument 'cmake_force_configure' from command line to 'False'
[1.981s] Level 5:colcon.colcon_core.verb:set package 'car_uart_node' build argument 'ament_cmake_args' from command line to 'None'
[1.981s] Level 5:colcon.colcon_core.verb:set package 'car_uart_node' build argument 'catkin_cmake_args' from command line to 'None'
[1.981s] Level 5:colcon.colcon_core.verb:set package 'car_uart_node' build argument 'catkin_skip_building_tests' from command line to 'False'
[1.981s] DEBUG:colcon.colcon_core.verb:Building package 'car_uart_node' with the following arguments: {'ament_cmake_args': None, 'build_base': '/home/zhangqi/ros2/ros2_pkgs/build/car_uart_node', 'catkin_cmake_args': None, 'catkin_skip_building_tests': False, 'cmake_args': ['-DCOMMON_LIB_PATH=~/ros2/libs/', '-DCMAKE_EXPORT_COMPILE_COMMANDS=on'], 'cmake_clean_cache': False, 'cmake_clean_first': False, 'cmake_force_configure': False, 'cmake_target': None, 'cmake_target_skip_unavailable': False, 'install_base': '/home/zhangqi/ros2/ros2_pkgs/install/car_uart_node', 'merge_install': False, 'path': '/home/zhangqi/ros2/ros2_pkgs/src/car_uart_node', 'symlink_install': False, 'test_result_base': None}
[1.985s] Level 5:colcon.colcon_core.verb:set package 'lidar_reader' build argument 'cmake_args' from command line to '['-DCOMMON_LIB_PATH=~/ros2/libs/', '-DCMAKE_EXPORT_COMPILE_COMMANDS=on']'
[1.985s] Level 5:colcon.colcon_core.verb:set package 'lidar_reader' build argument 'cmake_target' from command line to 'None'
[1.985s] Level 5:colcon.colcon_core.verb:set package 'lidar_reader' build argument 'cmake_target_skip_unavailable' from command line to 'False'
[1.985s] Level 5:colcon.colcon_core.verb:set package 'lidar_reader' build argument 'cmake_clean_cache' from command line to 'False'
[1.985s] Level 5:colcon.colcon_core.verb:set package 'lidar_reader' build argument 'cmake_clean_first' from command line to 'False'
[1.985s] Level 5:colcon.colcon_core.verb:set package 'lidar_reader' build argument 'cmake_force_configure' from command line to 'False'
[1.986s] Level 5:colcon.colcon_core.verb:set package 'lidar_reader' build argument 'ament_cmake_args' from command line to 'None'
[1.986s] Level 5:colcon.colcon_core.verb:set package 'lidar_reader' build argument 'catkin_cmake_args' from command line to 'None'
[1.986s] Level 5:colcon.colcon_core.verb:set package 'lidar_reader' build argument 'catkin_skip_building_tests' from command line to 'False'
[1.986s] DEBUG:colcon.colcon_core.verb:Building package 'lidar_reader' with the following arguments: {'ament_cmake_args': None, 'build_base': '/home/zhangqi/ros2/ros2_pkgs/build/lidar_reader', 'catkin_cmake_args': None, 'catkin_skip_building_tests': False, 'cmake_args': ['-DCOMMON_LIB_PATH=~/ros2/libs/', '-DCMAKE_EXPORT_COMPILE_COMMANDS=on'], 'cmake_clean_cache': False, 'cmake_clean_first': False, 'cmake_force_configure': False, 'cmake_target': None, 'cmake_target_skip_unavailable': False, 'install_base': '/home/zhangqi/ros2/ros2_pkgs/install/lidar_reader', 'merge_install': False, 'path': '/home/zhangqi/ros2/ros2_pkgs/src/lidar_reader', 'symlink_install': False, 'test_result_base': None}
[1.990s] Level 5:colcon.colcon_core.verb:set package 'sys_dispatcher' build argument 'cmake_args' from command line to '['-DCOMMON_LIB_PATH=~/ros2/libs/', '-DCMAKE_EXPORT_COMPILE_COMMANDS=on']'
[1.990s] Level 5:colcon.colcon_core.verb:set package 'sys_dispatcher' build argument 'cmake_target' from command line to 'None'
[1.990s] Level 5:colcon.colcon_core.verb:set package 'sys_dispatcher' build argument 'cmake_target_skip_unavailable' from command line to 'False'
[1.990s] Level 5:colcon.colcon_core.verb:set package 'sys_dispatcher' build argument 'cmake_clean_cache' from command line to 'False'
[1.990s] Level 5:colcon.colcon_core.verb:set package 'sys_dispatcher' build argument 'cmake_clean_first' from command line to 'False'
[1.990s] Level 5:colcon.colcon_core.verb:set package 'sys_dispatcher' build argument 'cmake_force_configure' from command line to 'False'
[1.990s] Level 5:colcon.colcon_core.verb:set package 'sys_dispatcher' build argument 'ament_cmake_args' from command line to 'None'
[1.991s] Level 5:colcon.colcon_core.verb:set package 'sys_dispatcher' build argument 'catkin_cmake_args' from command line to 'None'
[1.991s] Level 5:colcon.colcon_core.verb:set package 'sys_dispatcher' build argument 'catkin_skip_building_tests' from command line to 'False'
[1.991s] DEBUG:colcon.colcon_core.verb:Building package 'sys_dispatcher' with the following arguments: {'ament_cmake_args': None, 'build_base': '/home/zhangqi/ros2/ros2_pkgs/build/sys_dispatcher', 'catkin_cmake_args': None, 'catkin_skip_building_tests': False, 'cmake_args': ['-DCOMMON_LIB_PATH=~/ros2/libs/', '-DCMAKE_EXPORT_COMPILE_COMMANDS=on'], 'cmake_clean_cache': False, 'cmake_clean_first': False, 'cmake_force_configure': False, 'cmake_target': None, 'cmake_target_skip_unavailable': False, 'install_base': '/home/zhangqi/ros2/ros2_pkgs/install/sys_dispatcher', 'merge_install': False, 'path': '/home/zhangqi/ros2/ros2_pkgs/src/sys_dispatcher', 'symlink_install': False, 'test_result_base': None}
[1.993s] INFO:colcon.colcon_core.executor:Executing jobs using 'parallel' executor
[2.005s] DEBUG:colcon.colcon_parallel_executor.executor.parallel:run_until_complete
[2.007s] INFO:colcon.colcon_ros.task.ament_cmake.build:Building ROS package in '/home/zhangqi/ros2/ros2_pkgs/src/bau_ctrl' with build type 'ament_cmake'
[2.007s] INFO:colcon.colcon_cmake.task.cmake.build:Building CMake package in '/home/zhangqi/ros2/ros2_pkgs/src/bau_ctrl'
[2.024s] INFO:colcon.colcon_core.plugin_system:Skipping extension 'colcon_core.shell.bat': Not used on non-Windows systems
[2.025s] INFO:colcon.colcon_core.shell:Skip shell extension 'powershell' for command environment: Not usable outside of PowerShell
[2.025s] DEBUG:colcon.colcon_core.shell:Skip shell extension 'dsv' for command environment
[2.051s] INFO:colcon.colcon_ros.task.ament_cmake.build:Building ROS package in '/home/zhangqi/ros2/ros2_pkgs/src/car_uart_node' with build type 'ament_cmake'
[2.052s] INFO:colcon.colcon_cmake.task.cmake.build:Building CMake package in '/home/zhangqi/ros2/ros2_pkgs/src/car_uart_node'
[2.057s] INFO:colcon.colcon_core.shell:Skip shell extension 'powershell' for command environment: Not usable outside of PowerShell
[2.057s] DEBUG:colcon.colcon_core.shell:Skip shell extension 'dsv' for command environment
[2.083s] INFO:colcon.colcon_ros.task.ament_cmake.build:Building ROS package in '/home/zhangqi/ros2/ros2_pkgs/src/lidar_reader' with build type 'ament_cmake'
[2.084s] INFO:colcon.colcon_cmake.task.cmake.build:Building CMake package in '/home/zhangqi/ros2/ros2_pkgs/src/lidar_reader'
[2.090s] INFO:colcon.colcon_core.shell:Skip shell extension 'powershell' for command environment: Not usable outside of PowerShell
[2.090s] DEBUG:colcon.colcon_core.shell:Skip shell extension 'dsv' for command environment
[2.118s] INFO:colcon.colcon_ros.task.ament_cmake.build:Building ROS package in '/home/zhangqi/ros2/ros2_pkgs/src/sys_dispatcher' with build type 'ament_cmake'
[2.119s] INFO:colcon.colcon_cmake.task.cmake.build:Building CMake package in '/home/zhangqi/ros2/ros2_pkgs/src/sys_dispatcher'
[2.125s] INFO:colcon.colcon_core.shell:Skip shell extension 'powershell' for command environment: Not usable outside of PowerShell
[2.126s] DEBUG:colcon.colcon_core.shell:Skip shell extension 'dsv' for command environment
[2.175s] DEBUG:colcon.colcon_core.event_handler.log_command:Invoking command in '/home/zhangqi/ros2/ros2_pkgs/build/bau_ctrl': CMAKE_PREFIX_PATH=${CMAKE_PREFIX_PATH}:/opt/ros/humble /usr/bin/cmake --build /home/zhangqi/ros2/ros2_pkgs/build/bau_ctrl -- -j4 -l4
[2.194s] DEBUG:colcon.colcon_core.event_handler.log_command:Invoking command in '/home/zhangqi/ros2/ros2_pkgs/build/car_uart_node': CMAKE_PREFIX_PATH=${CMAKE_PREFIX_PATH}:/opt/ros/humble /usr/bin/cmake --build /home/zhangqi/ros2/ros2_pkgs/build/car_uart_node -- -j4 -l4
[2.207s] DEBUG:colcon.colcon_core.event_handler.log_command:Invoking command in '/home/zhangqi/ros2/ros2_pkgs/build/lidar_reader': CMAKE_PREFIX_PATH=${CMAKE_PREFIX_PATH}:/opt/ros/humble /usr/bin/cmake --build /home/zhangqi/ros2/ros2_pkgs/build/lidar_reader -- -j4 -l4
[2.248s] DEBUG:colcon.colcon_core.event_handler.log_command:Invoking command in '/home/zhangqi/ros2/ros2_pkgs/build/sys_dispatcher': CMAKE_PREFIX_PATH=${CMAKE_PREFIX_PATH}:/opt/ros/humble /usr/bin/cmake --build /home/zhangqi/ros2/ros2_pkgs/build/sys_dispatcher -- -j4 -l4
[2.368s] DEBUG:colcon.colcon_core.event_handler.log_command:Invoked command in '/home/zhangqi/ros2/ros2_pkgs/build/car_uart_node' returned '0': CMAKE_PREFIX_PATH=${CMAKE_PREFIX_PATH}:/opt/ros/humble /usr/bin/cmake --build /home/zhangqi/ros2/ros2_pkgs/build/car_uart_node -- -j4 -l4
[2.526s] DEBUG:colcon.colcon_core.event_handler.log_command:Invoking command in '/home/zhangqi/ros2/ros2_pkgs/build/car_uart_node': CMAKE_PREFIX_PATH=${CMAKE_PREFIX_PATH}:/opt/ros/humble /usr/bin/cmake --install /home/zhangqi/ros2/ros2_pkgs/build/car_uart_node
[2.535s] DEBUG:colcon.colcon_core.event_handler.log_command:Invoked command in '/home/zhangqi/ros2/ros2_pkgs/build/bau_ctrl' returned '0': CMAKE_PREFIX_PATH=${CMAKE_PREFIX_PATH}:/opt/ros/humble /usr/bin/cmake --build /home/zhangqi/ros2/ros2_pkgs/build/bau_ctrl -- -j4 -l4
[2.544s] DEBUG:colcon.colcon_core.event_handler.log_command:Invoked command in '/home/zhangqi/ros2/ros2_pkgs/build/lidar_reader' returned '0': CMAKE_PREFIX_PATH=${CMAKE_PREFIX_PATH}:/opt/ros/humble /usr/bin/cmake --build /home/zhangqi/ros2/ros2_pkgs/build/lidar_reader -- -j4 -l4
[2.578s] DEBUG:colcon.colcon_core.event_handler.log_command:Invoked command in '/home/zhangqi/ros2/ros2_pkgs/build/sys_dispatcher' returned '0': CMAKE_PREFIX_PATH=${CMAKE_PREFIX_PATH}:/opt/ros/humble /usr/bin/cmake --build /home/zhangqi/ros2/ros2_pkgs/build/sys_dispatcher -- -j4 -l4
[2.587s] Level 1:colcon.colcon_core.environment:create_environment_scripts_only(car_uart_node)
[2.597s] DEBUG:colcon.colcon_core.event_handler.log_command:Invoked command in '/home/zhangqi/ros2/ros2_pkgs/build/car_uart_node' returned '0': CMAKE_PREFIX_PATH=${CMAKE_PREFIX_PATH}:/opt/ros/humble /usr/bin/cmake --install /home/zhangqi/ros2/ros2_pkgs/build/car_uart_node
[2.617s] Level 1:colcon.colcon_core.environment:checking '/home/zhangqi/ros2/ros2_pkgs/install/car_uart_node' for CMake module files
[2.620s] Level 1:colcon.colcon_core.environment:checking '/home/zhangqi/ros2/ros2_pkgs/install/car_uart_node' for CMake config files
[2.622s] Level 1:colcon.colcon_core.shell:create_environment_hook('car_uart_node', 'cmake_prefix_path')
[2.629s] INFO:colcon.colcon_core.shell:Creating environment hook '/home/zhangqi/ros2/ros2_pkgs/install/car_uart_node/share/car_uart_node/hook/cmake_prefix_path.ps1'
[2.632s] INFO:colcon.colcon_core.shell:Creating environment descriptor '/home/zhangqi/ros2/ros2_pkgs/install/car_uart_node/share/car_uart_node/hook/cmake_prefix_path.dsv'
[2.635s] INFO:colcon.colcon_core.shell:Creating environment hook '/home/zhangqi/ros2/ros2_pkgs/install/car_uart_node/share/car_uart_node/hook/cmake_prefix_path.sh'
[2.639s] Level 1:colcon.colcon_core.environment:checking '/home/zhangqi/ros2/ros2_pkgs/install/car_uart_node/bin'
[2.640s] Level 1:colcon.colcon_core.environment:checking '/home/zhangqi/ros2/ros2_pkgs/install/car_uart_node/lib/pkgconfig/car_uart_node.pc'
[2.641s] Level 1:colcon.colcon_core.environment:checking '/home/zhangqi/ros2/ros2_pkgs/install/car_uart_node/lib/python3.10/site-packages'
[2.642s] Level 1:colcon.colcon_core.environment:checking '/home/zhangqi/ros2/ros2_pkgs/install/car_uart_node/bin'
[2.648s] INFO:colcon.colcon_core.shell:Creating package script '/home/zhangqi/ros2/ros2_pkgs/install/car_uart_node/share/car_uart_node/package.ps1'
[2.651s] INFO:colcon.colcon_core.shell:Creating package descriptor '/home/zhangqi/ros2/ros2_pkgs/install/car_uart_node/share/car_uart_node/package.dsv'
[2.654s] INFO:colcon.colcon_core.shell:Creating package script '/home/zhangqi/ros2/ros2_pkgs/install/car_uart_node/share/car_uart_node/package.sh'
[2.658s] INFO:colcon.colcon_core.shell:Creating package script '/home/zhangqi/ros2/ros2_pkgs/install/car_uart_node/share/car_uart_node/package.bash'
[2.661s] INFO:colcon.colcon_core.shell:Creating package script '/home/zhangqi/ros2/ros2_pkgs/install/car_uart_node/share/car_uart_node/package.zsh'
[2.664s] Level 1:colcon.colcon_core.environment:create_file_with_runtime_dependencies(/home/zhangqi/ros2/ros2_pkgs/install/car_uart_node/share/colcon-core/packages/car_uart_node)
[2.681s] DEBUG:colcon.colcon_core.event_handler.log_command:Invoking command in '/home/zhangqi/ros2/ros2_pkgs/build/bau_ctrl': CMAKE_PREFIX_PATH=${CMAKE_PREFIX_PATH}:/opt/ros/humble /usr/bin/cmake --install /home/zhangqi/ros2/ros2_pkgs/build/bau_ctrl
[2.703s] DEBUG:colcon.colcon_core.event_handler.log_command:Invoking command in '/home/zhangqi/ros2/ros2_pkgs/build/lidar_reader': CMAKE_PREFIX_PATH=${CMAKE_PREFIX_PATH}:/opt/ros/humble /usr/bin/cmake --install /home/zhangqi/ros2/ros2_pkgs/build/lidar_reader
[2.715s] DEBUG:colcon.colcon_core.event_handler.log_command:Invoking command in '/home/zhangqi/ros2/ros2_pkgs/build/sys_dispatcher': CMAKE_PREFIX_PATH=${CMAKE_PREFIX_PATH}:/opt/ros/humble /usr/bin/cmake --install /home/zhangqi/ros2/ros2_pkgs/build/sys_dispatcher
[2.742s] Level 1:colcon.colcon_core.environment:create_environment_scripts_only(bau_ctrl)
[2.753s] DEBUG:colcon.colcon_core.event_handler.log_command:Invoked command in '/home/zhangqi/ros2/ros2_pkgs/build/bau_ctrl' returned '0': CMAKE_PREFIX_PATH=${CMAKE_PREFIX_PATH}:/opt/ros/humble /usr/bin/cmake --install /home/zhangqi/ros2/ros2_pkgs/build/bau_ctrl
[2.759s] Level 1:colcon.colcon_core.environment:checking '/home/zhangqi/ros2/ros2_pkgs/install/bau_ctrl' for CMake module files
[2.774s] Level 1:colcon.colcon_core.environment:checking '/home/zhangqi/ros2/ros2_pkgs/install/bau_ctrl' for CMake config files
[2.783s] Level 1:colcon.colcon_core.shell:create_environment_hook('bau_ctrl', 'cmake_prefix_path')
[2.789s] INFO:colcon.colcon_core.shell:Creating environment hook '/home/zhangqi/ros2/ros2_pkgs/install/bau_ctrl/share/bau_ctrl/hook/cmake_prefix_path.ps1'
[2.792s] INFO:colcon.colcon_core.shell:Creating environment descriptor '/home/zhangqi/ros2/ros2_pkgs/install/bau_ctrl/share/bau_ctrl/hook/cmake_prefix_path.dsv'
[2.794s] INFO:colcon.colcon_core.shell:Creating environment hook '/home/zhangqi/ros2/ros2_pkgs/install/bau_ctrl/share/bau_ctrl/hook/cmake_prefix_path.sh'
[2.797s] Level 1:colcon.colcon_core.environment:checking '/home/zhangqi/ros2/ros2_pkgs/install/bau_ctrl/lib'
[2.797s] Level 1:colcon.colcon_core.environment:checking '/home/zhangqi/ros2/ros2_pkgs/install/bau_ctrl/bin'
[2.798s] Level 1:colcon.colcon_core.environment:checking '/home/zhangqi/ros2/ros2_pkgs/install/bau_ctrl/lib/pkgconfig/bau_ctrl.pc'
[2.799s] Level 1:colcon.colcon_core.environment:checking '/home/zhangqi/ros2/ros2_pkgs/install/bau_ctrl/lib/python3.10/site-packages'
[2.800s] Level 1:colcon.colcon_core.environment:checking '/home/zhangqi/ros2/ros2_pkgs/install/bau_ctrl/bin'
[2.805s] INFO:colcon.colcon_core.shell:Creating package script '/home/zhangqi/ros2/ros2_pkgs/install/bau_ctrl/share/bau_ctrl/package.ps1'
[2.807s] INFO:colcon.colcon_core.shell:Creating package descriptor '/home/zhangqi/ros2/ros2_pkgs/install/bau_ctrl/share/bau_ctrl/package.dsv'
[2.809s] INFO:colcon.colcon_core.shell:Creating package script '/home/zhangqi/ros2/ros2_pkgs/install/bau_ctrl/share/bau_ctrl/package.sh'
[2.811s] INFO:colcon.colcon_core.shell:Creating package script '/home/zhangqi/ros2/ros2_pkgs/install/bau_ctrl/share/bau_ctrl/package.bash'
[2.812s] INFO:colcon.colcon_core.shell:Creating package script '/home/zhangqi/ros2/ros2_pkgs/install/bau_ctrl/share/bau_ctrl/package.zsh'
[2.814s] Level 1:colcon.colcon_core.environment:create_file_with_runtime_dependencies(/home/zhangqi/ros2/ros2_pkgs/install/bau_ctrl/share/colcon-core/packages/bau_ctrl)
[2.823s] Level 1:colcon.colcon_core.environment:create_environment_scripts_only(lidar_reader)
[2.832s] Level 1:colcon.colcon_core.environment:checking '/home/zhangqi/ros2/ros2_pkgs/install/lidar_reader' for CMake module files
[2.834s] DEBUG:colcon.colcon_core.event_handler.log_command:Invoked command in '/home/zhangqi/ros2/ros2_pkgs/build/lidar_reader' returned '0': CMAKE_PREFIX_PATH=${CMAKE_PREFIX_PATH}:/opt/ros/humble /usr/bin/cmake --install /home/zhangqi/ros2/ros2_pkgs/build/lidar_reader
[2.837s] Level 1:colcon.colcon_core.environment:checking '/home/zhangqi/ros2/ros2_pkgs/install/lidar_reader' for CMake config files
[2.840s] Level 1:colcon.colcon_core.shell:create_environment_hook('lidar_reader', 'cmake_prefix_path')
[2.845s] INFO:colcon.colcon_core.shell:Creating environment hook '/home/zhangqi/ros2/ros2_pkgs/install/lidar_reader/share/lidar_reader/hook/cmake_prefix_path.ps1'
[2.847s] INFO:colcon.colcon_core.shell:Creating environment descriptor '/home/zhangqi/ros2/ros2_pkgs/install/lidar_reader/share/lidar_reader/hook/cmake_prefix_path.dsv'
[2.849s] INFO:colcon.colcon_core.shell:Creating environment hook '/home/zhangqi/ros2/ros2_pkgs/install/lidar_reader/share/lidar_reader/hook/cmake_prefix_path.sh'
[2.852s] Level 1:colcon.colcon_core.environment:checking '/home/zhangqi/ros2/ros2_pkgs/install/lidar_reader/lib'
[2.853s] Level 1:colcon.colcon_core.environment:checking '/home/zhangqi/ros2/ros2_pkgs/install/lidar_reader/bin'
[2.853s] Level 1:colcon.colcon_core.environment:checking '/home/zhangqi/ros2/ros2_pkgs/install/lidar_reader/lib/pkgconfig/lidar_reader.pc'
[2.854s] Level 1:colcon.colcon_core.environment:checking '/home/zhangqi/ros2/ros2_pkgs/install/lidar_reader/lib/python3.10/site-packages'
[2.855s] Level 1:colcon.colcon_core.environment:checking '/home/zhangqi/ros2/ros2_pkgs/install/lidar_reader/bin'
[2.860s] INFO:colcon.colcon_core.shell:Creating package script '/home/zhangqi/ros2/ros2_pkgs/install/lidar_reader/share/lidar_reader/package.ps1'
[2.862s] INFO:colcon.colcon_core.shell:Creating package descriptor '/home/zhangqi/ros2/ros2_pkgs/install/lidar_reader/share/lidar_reader/package.dsv'
[2.864s] INFO:colcon.colcon_core.shell:Creating package script '/home/zhangqi/ros2/ros2_pkgs/install/lidar_reader/share/lidar_reader/package.sh'
[2.867s] INFO:colcon.colcon_core.shell:Creating package script '/home/zhangqi/ros2/ros2_pkgs/install/lidar_reader/share/lidar_reader/package.bash'
[2.868s] INFO:colcon.colcon_core.shell:Creating package script '/home/zhangqi/ros2/ros2_pkgs/install/lidar_reader/share/lidar_reader/package.zsh'
[2.870s] Level 1:colcon.colcon_core.environment:create_file_with_runtime_dependencies(/home/zhangqi/ros2/ros2_pkgs/install/lidar_reader/share/colcon-core/packages/lidar_reader)
[2.875s] Level 1:colcon.colcon_core.environment:create_environment_scripts_only(sys_dispatcher)
[2.885s] Level 1:colcon.colcon_core.environment:checking '/home/zhangqi/ros2/ros2_pkgs/install/sys_dispatcher' for CMake module files
[2.886s] DEBUG:colcon.colcon_core.event_handler.log_command:Invoked command in '/home/zhangqi/ros2/ros2_pkgs/build/sys_dispatcher' returned '0': CMAKE_PREFIX_PATH=${CMAKE_PREFIX_PATH}:/opt/ros/humble /usr/bin/cmake --install /home/zhangqi/ros2/ros2_pkgs/build/sys_dispatcher
[2.889s] Level 1:colcon.colcon_core.environment:checking '/home/zhangqi/ros2/ros2_pkgs/install/sys_dispatcher' for CMake config files
[2.892s] Level 1:colcon.colcon_core.shell:create_environment_hook('sys_dispatcher', 'cmake_prefix_path')
[2.899s] INFO:colcon.colcon_core.shell:Creating environment hook '/home/zhangqi/ros2/ros2_pkgs/install/sys_dispatcher/share/sys_dispatcher/hook/cmake_prefix_path.ps1'
[2.901s] INFO:colcon.colcon_core.shell:Creating environment descriptor '/home/zhangqi/ros2/ros2_pkgs/install/sys_dispatcher/share/sys_dispatcher/hook/cmake_prefix_path.dsv'
[2.903s] INFO:colcon.colcon_core.shell:Creating environment hook '/home/zhangqi/ros2/ros2_pkgs/install/sys_dispatcher/share/sys_dispatcher/hook/cmake_prefix_path.sh'
[2.906s] Level 1:colcon.colcon_core.environment:checking '/home/zhangqi/ros2/ros2_pkgs/install/sys_dispatcher/lib'
[2.907s] Level 1:colcon.colcon_core.environment:checking '/home/zhangqi/ros2/ros2_pkgs/install/sys_dispatcher/bin'
[2.907s] Level 1:colcon.colcon_core.environment:checking '/home/zhangqi/ros2/ros2_pkgs/install/sys_dispatcher/lib/pkgconfig/sys_dispatcher.pc'
[2.908s] Level 1:colcon.colcon_core.environment:checking '/home/zhangqi/ros2/ros2_pkgs/install/sys_dispatcher/lib/python3.10/site-packages'
[2.909s] Level 1:colcon.colcon_core.environment:checking '/home/zhangqi/ros2/ros2_pkgs/install/sys_dispatcher/bin'
[2.915s] INFO:colcon.colcon_core.shell:Creating package script '/home/zhangqi/ros2/ros2_pkgs/install/sys_dispatcher/share/sys_dispatcher/package.ps1'
[2.917s] INFO:colcon.colcon_core.shell:Creating package descriptor '/home/zhangqi/ros2/ros2_pkgs/install/sys_dispatcher/share/sys_dispatcher/package.dsv'
[2.920s] INFO:colcon.colcon_core.shell:Creating package script '/home/zhangqi/ros2/ros2_pkgs/install/sys_dispatcher/share/sys_dispatcher/package.sh'
[2.923s] INFO:colcon.colcon_core.shell:Creating package script '/home/zhangqi/ros2/ros2_pkgs/install/sys_dispatcher/share/sys_dispatcher/package.bash'
[2.925s] INFO:colcon.colcon_core.shell:Creating package script '/home/zhangqi/ros2/ros2_pkgs/install/sys_dispatcher/share/sys_dispatcher/package.zsh'
[2.927s] Level 1:colcon.colcon_core.environment:create_file_with_runtime_dependencies(/home/zhangqi/ros2/ros2_pkgs/install/sys_dispatcher/share/colcon-core/packages/sys_dispatcher)
[2.938s] Level 1:colcon.colcon_core.environment:create_environment_scripts_only(car_uart_node)
[2.948s] Level 1:colcon.colcon_core.environment:checking '/home/zhangqi/ros2/ros2_pkgs/install/car_uart_node' for CMake module files
[2.952s] Level 1:colcon.colcon_core.environment:checking '/home/zhangqi/ros2/ros2_pkgs/install/car_uart_node' for CMake config files
[2.953s] Level 1:colcon.colcon_core.shell:create_environment_hook('car_uart_node', 'cmake_prefix_path')
[2.959s] INFO:colcon.colcon_core.shell:Creating environment hook '/home/zhangqi/ros2/ros2_pkgs/install/car_uart_node/share/car_uart_node/hook/cmake_prefix_path.ps1'
[2.962s] INFO:colcon.colcon_core.shell:Creating environment descriptor '/home/zhangqi/ros2/ros2_pkgs/install/car_uart_node/share/car_uart_node/hook/cmake_prefix_path.dsv'
[2.964s] INFO:colcon.colcon_core.shell:Creating environment hook '/home/zhangqi/ros2/ros2_pkgs/install/car_uart_node/share/car_uart_node/hook/cmake_prefix_path.sh'
[2.967s] Level 1:colcon.colcon_core.environment:checking '/home/zhangqi/ros2/ros2_pkgs/install/car_uart_node/bin'
[2.967s] Level 1:colcon.colcon_core.environment:checking '/home/zhangqi/ros2/ros2_pkgs/install/car_uart_node/lib/pkgconfig/car_uart_node.pc'
[2.968s] Level 1:colcon.colcon_core.environment:checking '/home/zhangqi/ros2/ros2_pkgs/install/car_uart_node/lib/python3.10/site-packages'
[2.969s] Level 1:colcon.colcon_core.environment:checking '/home/zhangqi/ros2/ros2_pkgs/install/car_uart_node/bin'
[2.975s] INFO:colcon.colcon_core.shell:Creating package script '/home/zhangqi/ros2/ros2_pkgs/install/car_uart_node/share/car_uart_node/package.ps1'
[2.978s] INFO:colcon.colcon_core.shell:Creating package descriptor '/home/zhangqi/ros2/ros2_pkgs/install/car_uart_node/share/car_uart_node/package.dsv'
[2.980s] INFO:colcon.colcon_core.shell:Creating package script '/home/zhangqi/ros2/ros2_pkgs/install/car_uart_node/share/car_uart_node/package.sh'
[2.983s] INFO:colcon.colcon_core.shell:Creating package script '/home/zhangqi/ros2/ros2_pkgs/install/car_uart_node/share/car_uart_node/package.bash'
[2.985s] INFO:colcon.colcon_core.shell:Creating package script '/home/zhangqi/ros2/ros2_pkgs/install/car_uart_node/share/car_uart_node/package.zsh'
[2.987s] Level 1:colcon.colcon_core.environment:create_file_with_runtime_dependencies(/home/zhangqi/ros2/ros2_pkgs/install/car_uart_node/share/colcon-core/packages/car_uart_node)
[2.999s] Level 1:colcon.colcon_core.environment:create_environment_scripts_only(bau_ctrl)
[3.007s] Level 1:colcon.colcon_core.environment:checking '/home/zhangqi/ros2/ros2_pkgs/install/bau_ctrl' for CMake module files
[3.011s] Level 1:colcon.colcon_core.environment:checking '/home/zhangqi/ros2/ros2_pkgs/install/bau_ctrl' for CMake config files
[3.013s] Level 1:colcon.colcon_core.shell:create_environment_hook('bau_ctrl', 'cmake_prefix_path')
[3.018s] INFO:colcon.colcon_core.shell:Creating environment hook '/home/zhangqi/ros2/ros2_pkgs/install/bau_ctrl/share/bau_ctrl/hook/cmake_prefix_path.ps1'
[3.021s] INFO:colcon.colcon_core.shell:Creating environment descriptor '/home/zhangqi/ros2/ros2_pkgs/install/bau_ctrl/share/bau_ctrl/hook/cmake_prefix_path.dsv'
[3.023s] INFO:colcon.colcon_core.shell:Creating environment hook '/home/zhangqi/ros2/ros2_pkgs/install/bau_ctrl/share/bau_ctrl/hook/cmake_prefix_path.sh'
[3.026s] Level 1:colcon.colcon_core.environment:checking '/home/zhangqi/ros2/ros2_pkgs/install/bau_ctrl/lib'
[3.026s] Level 1:colcon.colcon_core.environment:checking '/home/zhangqi/ros2/ros2_pkgs/install/bau_ctrl/bin'
[3.026s] Level 1:colcon.colcon_core.environment:checking '/home/zhangqi/ros2/ros2_pkgs/install/bau_ctrl/lib/pkgconfig/bau_ctrl.pc'
[3.027s] Level 1:colcon.colcon_core.environment:checking '/home/zhangqi/ros2/ros2_pkgs/install/bau_ctrl/lib/python3.10/site-packages'
[3.028s] Level 1:colcon.colcon_core.environment:checking '/home/zhangqi/ros2/ros2_pkgs/install/bau_ctrl/bin'
[3.034s] INFO:colcon.colcon_core.shell:Creating package script '/home/zhangqi/ros2/ros2_pkgs/install/bau_ctrl/share/bau_ctrl/package.ps1'
[3.036s] INFO:colcon.colcon_core.shell:Creating package descriptor '/home/zhangqi/ros2/ros2_pkgs/install/bau_ctrl/share/bau_ctrl/package.dsv'
[3.038s] INFO:colcon.colcon_core.shell:Creating package script '/home/zhangqi/ros2/ros2_pkgs/install/bau_ctrl/share/bau_ctrl/package.sh'
[3.040s] INFO:colcon.colcon_core.shell:Creating package script '/home/zhangqi/ros2/ros2_pkgs/install/bau_ctrl/share/bau_ctrl/package.bash'
[3.043s] INFO:colcon.colcon_core.shell:Creating package script '/home/zhangqi/ros2/ros2_pkgs/install/bau_ctrl/share/bau_ctrl/package.zsh'
[3.045s] Level 1:colcon.colcon_core.environment:create_file_with_runtime_dependencies(/home/zhangqi/ros2/ros2_pkgs/install/bau_ctrl/share/colcon-core/packages/bau_ctrl)
[3.054s] Level 1:colcon.colcon_core.environment:create_environment_scripts_only(lidar_reader)
[3.062s] Level 1:colcon.colcon_core.environment:checking '/home/zhangqi/ros2/ros2_pkgs/install/lidar_reader' for CMake module files
[3.065s] Level 1:colcon.colcon_core.environment:checking '/home/zhangqi/ros2/ros2_pkgs/install/lidar_reader' for CMake config files
[3.067s] Level 1:colcon.colcon_core.shell:create_environment_hook('lidar_reader', 'cmake_prefix_path')
[3.072s] INFO:colcon.colcon_core.shell:Creating environment hook '/home/zhangqi/ros2/ros2_pkgs/install/lidar_reader/share/lidar_reader/hook/cmake_prefix_path.ps1'
[3.074s] INFO:colcon.colcon_core.shell:Creating environment descriptor '/home/zhangqi/ros2/ros2_pkgs/install/lidar_reader/share/lidar_reader/hook/cmake_prefix_path.dsv'
[3.075s] INFO:colcon.colcon_core.shell:Creating environment hook '/home/zhangqi/ros2/ros2_pkgs/install/lidar_reader/share/lidar_reader/hook/cmake_prefix_path.sh'
[3.078s] Level 1:colcon.colcon_core.environment:checking '/home/zhangqi/ros2/ros2_pkgs/install/lidar_reader/lib'
[3.078s] Level 1:colcon.colcon_core.environment:checking '/home/zhangqi/ros2/ros2_pkgs/install/lidar_reader/bin'
[3.078s] Level 1:colcon.colcon_core.environment:checking '/home/zhangqi/ros2/ros2_pkgs/install/lidar_reader/lib/pkgconfig/lidar_reader.pc'
[3.079s] Level 1:colcon.colcon_core.environment:checking '/home/zhangqi/ros2/ros2_pkgs/install/lidar_reader/lib/python3.10/site-packages'
[3.080s] Level 1:colcon.colcon_core.environment:checking '/home/zhangqi/ros2/ros2_pkgs/install/lidar_reader/bin'
[3.085s] INFO:colcon.colcon_core.shell:Creating package script '/home/zhangqi/ros2/ros2_pkgs/install/lidar_reader/share/lidar_reader/package.ps1'
[3.087s] INFO:colcon.colcon_core.shell:Creating package descriptor '/home/zhangqi/ros2/ros2_pkgs/install/lidar_reader/share/lidar_reader/package.dsv'
[3.089s] INFO:colcon.colcon_core.shell:Creating package script '/home/zhangqi/ros2/ros2_pkgs/install/lidar_reader/share/lidar_reader/package.sh'
[3.091s] INFO:colcon.colcon_core.shell:Creating package script '/home/zhangqi/ros2/ros2_pkgs/install/lidar_reader/share/lidar_reader/package.bash'
[3.093s] INFO:colcon.colcon_core.shell:Creating package script '/home/zhangqi/ros2/ros2_pkgs/install/lidar_reader/share/lidar_reader/package.zsh'
[3.095s] Level 1:colcon.colcon_core.environment:create_file_with_runtime_dependencies(/home/zhangqi/ros2/ros2_pkgs/install/lidar_reader/share/colcon-core/packages/lidar_reader)
[3.103s] Level 1:colcon.colcon_core.environment:create_environment_scripts_only(sys_dispatcher)
[3.110s] Level 1:colcon.colcon_core.environment:checking '/home/zhangqi/ros2/ros2_pkgs/install/sys_dispatcher' for CMake module files
[3.114s] Level 1:colcon.colcon_core.environment:checking '/home/zhangqi/ros2/ros2_pkgs/install/sys_dispatcher' for CMake config files
[3.116s] Level 1:colcon.colcon_core.shell:create_environment_hook('sys_dispatcher', 'cmake_prefix_path')
[3.122s] INFO:colcon.colcon_core.shell:Creating environment hook '/home/zhangqi/ros2/ros2_pkgs/install/sys_dispatcher/share/sys_dispatcher/hook/cmake_prefix_path.ps1'
[3.124s] INFO:colcon.colcon_core.shell:Creating environment descriptor '/home/zhangqi/ros2/ros2_pkgs/install/sys_dispatcher/share/sys_dispatcher/hook/cmake_prefix_path.dsv'
[3.126s] INFO:colcon.colcon_core.shell:Creating environment hook '/home/zhangqi/ros2/ros2_pkgs/install/sys_dispatcher/share/sys_dispatcher/hook/cmake_prefix_path.sh'
[3.128s] Level 1:colcon.colcon_core.environment:checking '/home/zhangqi/ros2/ros2_pkgs/install/sys_dispatcher/lib'
[3.129s] Level 1:colcon.colcon_core.environment:checking '/home/zhangqi/ros2/ros2_pkgs/install/sys_dispatcher/bin'
[3.129s] Level 1:colcon.colcon_core.environment:checking '/home/zhangqi/ros2/ros2_pkgs/install/sys_dispatcher/lib/pkgconfig/sys_dispatcher.pc'
[3.130s] Level 1:colcon.colcon_core.environment:checking '/home/zhangqi/ros2/ros2_pkgs/install/sys_dispatcher/lib/python3.10/site-packages'
[3.130s] Level 1:colcon.colcon_core.environment:checking '/home/zhangqi/ros2/ros2_pkgs/install/sys_dispatcher/bin'
[3.135s] INFO:colcon.colcon_core.shell:Creating package script '/home/zhangqi/ros2/ros2_pkgs/install/sys_dispatcher/share/sys_dispatcher/package.ps1'
[3.138s] INFO:colcon.colcon_core.shell:Creating package descriptor '/home/zhangqi/ros2/ros2_pkgs/install/sys_dispatcher/share/sys_dispatcher/package.dsv'
[3.140s] INFO:colcon.colcon_core.shell:Creating package script '/home/zhangqi/ros2/ros2_pkgs/install/sys_dispatcher/share/sys_dispatcher/package.sh'
[3.142s] INFO:colcon.colcon_core.shell:Creating package script '/home/zhangqi/ros2/ros2_pkgs/install/sys_dispatcher/share/sys_dispatcher/package.bash'
[3.144s] INFO:colcon.colcon_core.shell:Creating package script '/home/zhangqi/ros2/ros2_pkgs/install/sys_dispatcher/share/sys_dispatcher/package.zsh'
[3.146s] Level 1:colcon.colcon_core.environment:create_file_with_runtime_dependencies(/home/zhangqi/ros2/ros2_pkgs/install/sys_dispatcher/share/colcon-core/packages/sys_dispatcher)
[3.147s] DEBUG:colcon.colcon_parallel_executor.executor.parallel:closing loop
[3.148s] DEBUG:colcon.colcon_parallel_executor.executor.parallel:loop closed
[3.149s] DEBUG:colcon.colcon_parallel_executor.executor.parallel:run_until_complete finished with '0'
[3.149s] DEBUG:colcon.colcon_core.event_reactor:joining thread
[3.172s] INFO:colcon.colcon_core.plugin_system:Skipping extension 'colcon_notification.desktop_notification.terminal_notifier': Not used on non-Darwin systems
[3.172s] INFO:colcon.colcon_core.plugin_system:Skipping extension 'colcon_notification.desktop_notification.win32': Not used on non-Windows systems
[3.172s] INFO:colcon.colcon_notification.desktop_notification:Sending desktop notification using 'notify2'
[3.175s] DEBUG:colcon.colcon_notification.desktop_notification.notify2:Failed to initialize notify2: org.freedesktop.DBus.Error.ServiceUnknown: The name org.freedesktop.Notifications was not provided by any .service files
[3.175s] DEBUG:colcon.colcon_core.event_reactor:joined thread
[3.180s] INFO:colcon.colcon_core.shell:Creating prefix script '/home/zhangqi/ros2/ros2_pkgs/install/local_setup.ps1'
[3.185s] INFO:colcon.colcon_core.shell:Creating prefix util module '/home/zhangqi/ros2/ros2_pkgs/install/_local_setup_util_ps1.py'
[3.192s] INFO:colcon.colcon_core.shell:Creating prefix chain script '/home/zhangqi/ros2/ros2_pkgs/install/setup.ps1'
[3.199s] INFO:colcon.colcon_core.shell:Creating prefix script '/home/zhangqi/ros2/ros2_pkgs/install/local_setup.sh'
[3.201s] INFO:colcon.colcon_core.shell:Creating prefix util module '/home/zhangqi/ros2/ros2_pkgs/install/_local_setup_util_sh.py'
[3.204s] INFO:colcon.colcon_core.shell:Creating prefix chain script '/home/zhangqi/ros2/ros2_pkgs/install/setup.sh'
[3.211s] INFO:colcon.colcon_core.shell:Creating prefix script '/home/zhangqi/ros2/ros2_pkgs/install/local_setup.bash'
[3.214s] INFO:colcon.colcon_core.shell:Creating prefix chain script '/home/zhangqi/ros2/ros2_pkgs/install/setup.bash'
[3.220s] INFO:colcon.colcon_core.shell:Creating prefix script '/home/zhangqi/ros2/ros2_pkgs/install/local_setup.zsh'
[3.223s] INFO:colcon.colcon_core.shell:Creating prefix chain script '/home/zhangqi/ros2/ros2_pkgs/install/setup.zsh'
