[0.160s] Invoking command in '/home/zhangqi/ros2/ros2_pkgs/build/bau_ctrl': CMAKE_PREFIX_PATH=${CMAKE_PREFIX_PATH}:/opt/ros/humble /usr/bin/cmake --build /home/zhangqi/ros2/ros2_pkgs/build/bau_ctrl -- -j4 -l4
[0.421s] [100%] Built target bau_ctrl
[0.504s] Invoked command in '/home/zhangqi/ros2/ros2_pkgs/build/bau_ctrl' returned '0': CMAKE_PREFIX_PATH=${CMAKE_PREFIX_PATH}:/opt/ros/humble /usr/bin/cmake --build /home/zhangqi/ros2/ros2_pkgs/build/bau_ctrl -- -j4 -l4
[0.672s] Invoking command in '/home/zhangqi/ros2/ros2_pkgs/build/bau_ctrl': CMAKE_PREFIX_PATH=${CMAKE_PREFIX_PATH}:/opt/ros/humble /usr/bin/cmake --install /home/zhangqi/ros2/ros2_pkgs/build/bau_ctrl
[0.702s] -- Install configuration: ""
[0.703s] -- Up-to-date: /home/zhangqi/ros2/ros2_pkgs/install/bau_ctrl/lib/bau_ctrl/bau_ctrl
[0.705s] -- Up-to-date: /home/zhangqi/ros2/ros2_pkgs/install/bau_ctrl/share/bau_ctrl//launch
[0.707s] -- Up-to-date: /home/zhangqi/ros2/ros2_pkgs/install/bau_ctrl/share/bau_ctrl//launch/bau_ctrl_launch.py
[0.708s] -- Up-to-date: /home/zhangqi/ros2/ros2_pkgs/install/bau_ctrl/share/ament_index/resource_index/package_run_dependencies/bau_ctrl
[0.710s] -- Up-to-date: /home/zhangqi/ros2/ros2_pkgs/install/bau_ctrl/share/ament_index/resource_index/parent_prefix_path/bau_ctrl
[0.712s] -- Up-to-date: /home/zhangqi/ros2/ros2_pkgs/install/bau_ctrl/share/bau_ctrl/environment/ament_prefix_path.sh
[0.713s] -- Up-to-date: /home/zhangqi/ros2/ros2_pkgs/install/bau_ctrl/share/bau_ctrl/environment/ament_prefix_path.dsv
[0.715s] -- Up-to-date: /home/zhangqi/ros2/ros2_pkgs/install/bau_ctrl/share/bau_ctrl/environment/path.sh
[0.730s] -- Up-to-date: /home/zhangqi/ros2/ros2_pkgs/install/bau_ctrl/share/bau_ctrl/environment/path.dsv
[0.732s] -- Up-to-date: /home/zhangqi/ros2/ros2_pkgs/install/bau_ctrl/share/bau_ctrl/local_setup.bash
[0.733s] -- Up-to-date: /home/zhangqi/ros2/ros2_pkgs/install/bau_ctrl/share/bau_ctrl/local_setup.sh
[0.735s] -- Up-to-date: /home/zhangqi/ros2/ros2_pkgs/install/bau_ctrl/share/bau_ctrl/local_setup.zsh
[0.739s] -- Up-to-date: /home/zhangqi/ros2/ros2_pkgs/install/bau_ctrl/share/bau_ctrl/local_setup.dsv
[0.739s] -- Installing: /home/zhangqi/ros2/ros2_pkgs/install/bau_ctrl/share/bau_ctrl/package.dsv
[0.741s] -- Up-to-date: /home/zhangqi/ros2/ros2_pkgs/install/bau_ctrl/share/ament_index/resource_index/packages/bau_ctrl
[0.741s] -- Up-to-date: /home/zhangqi/ros2/ros2_pkgs/install/bau_ctrl/share/bau_ctrl/cmake/bau_ctrlConfig.cmake
[0.742s] -- Up-to-date: /home/zhangqi/ros2/ros2_pkgs/install/bau_ctrl/share/bau_ctrl/cmake/bau_ctrlConfig-version.cmake
[0.742s] -- Up-to-date: /home/zhangqi/ros2/ros2_pkgs/install/bau_ctrl/share/bau_ctrl/package.xml
[0.795s] Invoked command in '/home/zhangqi/ros2/ros2_pkgs/build/bau_ctrl' returned '0': CMAKE_PREFIX_PATH=${CMAKE_PREFIX_PATH}:/opt/ros/humble /usr/bin/cmake --install /home/zhangqi/ros2/ros2_pkgs/build/bau_ctrl
