[1.960s] DEBUG:colcon:Command line arguments: ['/usr/bin/colcon', 'build', '--cmake-args', '-DCOMMON_LIB_PATH=~/ros2/libs/', '-DCMAKE_EXPORT_COMPILE_COMMANDS=on']
[1.961s] DEBUG:colcon:Parsed command line arguments: Namespace(log_base=None, log_level=None, verb_name='build', build_base='build', install_base='install', merge_install=False, symlink_install=False, test_result_base=None, continue_on_error=False, executor='parallel', parallel_workers=4, event_handlers=None, ignore_user_meta=False, metas=['./colcon.meta'], base_paths=['.'], packages_ignore=None, packages_ignore_regex=None, paths=None, packages_up_to=None, packages_up_to_regex=None, packages_above=None, packages_above_and_dependencies=None, packages_above_depth=None, packages_select_by_dep=None, packages_skip_by_dep=None, packages_skip_up_to=None, packages_select_build_failed=False, packages_skip_build_finished=False, packages_select_test_failures=False, packages_skip_test_passed=False, packages_select=None, packages_skip=None, packages_select_regex=None, packages_skip_regex=None, packages_start=None, packages_end=None, allow_overriding=[], cmake_args=['-DCOMMON_LIB_PATH=~/ros2/libs/', '-DCMAKE_EXPORT_COMPILE_COMMANDS=on'], cmake_target=None, cmake_target_skip_unavailable=False, cmake_clean_cache=False, cmake_clean_first=False, cmake_force_configure=False, ament_cmake_args=None, catkin_cmake_args=None, catkin_skip_building_tests=False, verb_parser=<colcon_defaults.argument_parser.defaults.DefaultArgumentsDecorator object at 0xffffa8b2bca0>, verb_extension=<colcon_core.verb.build.BuildVerb object at 0xffffa940e530>, main=<bound method BuildVerb.main of <colcon_core.verb.build.BuildVerb object at 0xffffa940e530>>)
[2.204s] Level 1:colcon.colcon_core.package_discovery:discover_packages(colcon_meta) check parameters
[2.205s] Level 1:colcon.colcon_core.package_discovery:discover_packages(recursive) check parameters
[2.205s] Level 1:colcon.colcon_core.package_discovery:discover_packages(ignore) check parameters
[2.205s] Level 1:colcon.colcon_core.package_discovery:discover_packages(path) check parameters
[2.205s] Level 1:colcon.colcon_core.package_discovery:discover_packages(colcon_meta) discover
[2.205s] Level 1:colcon.colcon_core.package_discovery:discover_packages(recursive) discover
[2.206s] INFO:colcon.colcon_core.package_discovery:Crawling recursively for packages in '/home/zhangqi/ros2/ros2_pkgs'
[2.206s] Level 1:colcon.colcon_core.package_identification:_identify(.) by extensions ['ignore', 'ignore_ament_install']
[2.206s] Level 1:colcon.colcon_core.package_identification:_identify(.) by extension 'ignore'
[2.207s] Level 1:colcon.colcon_core.package_identification:_identify(.) by extension 'ignore_ament_install'
[2.207s] Level 1:colcon.colcon_core.package_identification:_identify(.) by extensions ['colcon_pkg']
[2.207s] Level 1:colcon.colcon_core.package_identification:_identify(.) by extension 'colcon_pkg'
[2.207s] Level 1:colcon.colcon_core.package_identification:_identify(.) by extensions ['colcon_meta']
[2.207s] Level 1:colcon.colcon_core.package_identification:_identify(.) by extension 'colcon_meta'
[2.208s] Level 1:colcon.colcon_core.package_identification:_identify(.) by extensions ['ros']
[2.208s] Level 1:colcon.colcon_core.package_identification:_identify(.) by extension 'ros'
[2.332s] Level 1:colcon.colcon_core.package_identification:_identify(.) by extensions ['cmake', 'python']
[2.333s] Level 1:colcon.colcon_core.package_identification:_identify(.) by extension 'cmake'
[2.333s] Level 1:colcon.colcon_core.package_identification:_identify(.) by extension 'python'
[2.333s] Level 1:colcon.colcon_core.package_identification:_identify(.) by extensions ['python_setup_py']
[2.333s] Level 1:colcon.colcon_core.package_identification:_identify(.) by extension 'python_setup_py'
[2.334s] Level 1:colcon.colcon_core.package_identification:_identify(build) by extensions ['ignore', 'ignore_ament_install']
[2.334s] Level 1:colcon.colcon_core.package_identification:_identify(build) by extension 'ignore'
[2.334s] Level 1:colcon.colcon_core.package_identification:_identify(build) ignored
[2.335s] Level 1:colcon.colcon_core.package_identification:_identify(install) by extensions ['ignore', 'ignore_ament_install']
[2.335s] Level 1:colcon.colcon_core.package_identification:_identify(install) by extension 'ignore'
[2.335s] Level 1:colcon.colcon_core.package_identification:_identify(install) ignored
[2.336s] Level 1:colcon.colcon_core.package_identification:_identify(log) by extensions ['ignore', 'ignore_ament_install']
[2.336s] Level 1:colcon.colcon_core.package_identification:_identify(log) by extension 'ignore'
[2.336s] Level 1:colcon.colcon_core.package_identification:_identify(log) ignored
[2.337s] Level 1:colcon.colcon_core.package_identification:_identify(src) by extensions ['ignore', 'ignore_ament_install']
[2.337s] Level 1:colcon.colcon_core.package_identification:_identify(src) by extension 'ignore'
[2.337s] Level 1:colcon.colcon_core.package_identification:_identify(src) by extension 'ignore_ament_install'
[2.337s] Level 1:colcon.colcon_core.package_identification:_identify(src) by extensions ['colcon_pkg']
[2.337s] Level 1:colcon.colcon_core.package_identification:_identify(src) by extension 'colcon_pkg'
[2.338s] Level 1:colcon.colcon_core.package_identification:_identify(src) by extensions ['colcon_meta']
[2.338s] Level 1:colcon.colcon_core.package_identification:_identify(src) by extension 'colcon_meta'
[2.338s] Level 1:colcon.colcon_core.package_identification:_identify(src) by extensions ['ros']
[2.338s] Level 1:colcon.colcon_core.package_identification:_identify(src) by extension 'ros'
[2.338s] Level 1:colcon.colcon_core.package_identification:_identify(src) by extensions ['cmake', 'python']
[2.338s] Level 1:colcon.colcon_core.package_identification:_identify(src) by extension 'cmake'
[2.339s] Level 1:colcon.colcon_core.package_identification:_identify(src) by extension 'python'
[2.339s] Level 1:colcon.colcon_core.package_identification:_identify(src) by extensions ['python_setup_py']
[2.339s] Level 1:colcon.colcon_core.package_identification:_identify(src) by extension 'python_setup_py'
[2.339s] Level 1:colcon.colcon_core.package_identification:_identify(src/bau_ctrl) by extensions ['ignore', 'ignore_ament_install']
[2.340s] Level 1:colcon.colcon_core.package_identification:_identify(src/bau_ctrl) by extension 'ignore'
[2.340s] Level 1:colcon.colcon_core.package_identification:_identify(src/bau_ctrl) by extension 'ignore_ament_install'
[2.340s] Level 1:colcon.colcon_core.package_identification:_identify(src/bau_ctrl) by extensions ['colcon_pkg']
[2.340s] Level 1:colcon.colcon_core.package_identification:_identify(src/bau_ctrl) by extension 'colcon_pkg'
[2.340s] Level 1:colcon.colcon_core.package_identification:_identify(src/bau_ctrl) by extensions ['colcon_meta']
[2.341s] Level 1:colcon.colcon_core.package_identification:_identify(src/bau_ctrl) by extension 'colcon_meta'
[2.341s] Level 1:colcon.colcon_core.package_identification:_identify(src/bau_ctrl) by extensions ['ros']
[2.341s] Level 1:colcon.colcon_core.package_identification:_identify(src/bau_ctrl) by extension 'ros'
[2.354s] DEBUG:colcon.colcon_core.package_identification:Package 'src/bau_ctrl' with type 'ros.ament_cmake' and name 'bau_ctrl'
[2.356s] Level 1:colcon.colcon_core.package_identification:_identify(src/car_uart_node) by extensions ['ignore', 'ignore_ament_install']
[2.356s] Level 1:colcon.colcon_core.package_identification:_identify(src/car_uart_node) by extension 'ignore'
[2.356s] Level 1:colcon.colcon_core.package_identification:_identify(src/car_uart_node) by extension 'ignore_ament_install'
[2.357s] Level 1:colcon.colcon_core.package_identification:_identify(src/car_uart_node) by extensions ['colcon_pkg']
[2.357s] Level 1:colcon.colcon_core.package_identification:_identify(src/car_uart_node) by extension 'colcon_pkg'
[2.357s] Level 1:colcon.colcon_core.package_identification:_identify(src/car_uart_node) by extensions ['colcon_meta']
[2.357s] Level 1:colcon.colcon_core.package_identification:_identify(src/car_uart_node) by extension 'colcon_meta'
[2.357s] Level 1:colcon.colcon_core.package_identification:_identify(src/car_uart_node) by extensions ['ros']
[2.358s] Level 1:colcon.colcon_core.package_identification:_identify(src/car_uart_node) by extension 'ros'
[2.360s] DEBUG:colcon.colcon_core.package_identification:Package 'src/car_uart_node' with type 'ros.ament_cmake' and name 'car_uart_node'
[2.361s] Level 1:colcon.colcon_core.package_identification:_identify(src/lidar_reader) by extensions ['ignore', 'ignore_ament_install']
[2.361s] Level 1:colcon.colcon_core.package_identification:_identify(src/lidar_reader) by extension 'ignore'
[2.361s] Level 1:colcon.colcon_core.package_identification:_identify(src/lidar_reader) by extension 'ignore_ament_install'
[2.362s] Level 1:colcon.colcon_core.package_identification:_identify(src/lidar_reader) by extensions ['colcon_pkg']
[2.362s] Level 1:colcon.colcon_core.package_identification:_identify(src/lidar_reader) by extension 'colcon_pkg'
[2.362s] Level 1:colcon.colcon_core.package_identification:_identify(src/lidar_reader) by extensions ['colcon_meta']
[2.362s] Level 1:colcon.colcon_core.package_identification:_identify(src/lidar_reader) by extension 'colcon_meta'
[2.362s] Level 1:colcon.colcon_core.package_identification:_identify(src/lidar_reader) by extensions ['ros']
[2.362s] Level 1:colcon.colcon_core.package_identification:_identify(src/lidar_reader) by extension 'ros'
[2.366s] DEBUG:colcon.colcon_core.package_identification:Package 'src/lidar_reader' with type 'ros.ament_cmake' and name 'lidar_reader'
[2.367s] Level 1:colcon.colcon_core.package_identification:_identify(src/sys_dispatcher) by extensions ['ignore', 'ignore_ament_install']
[2.367s] Level 1:colcon.colcon_core.package_identification:_identify(src/sys_dispatcher) by extension 'ignore'
[2.367s] Level 1:colcon.colcon_core.package_identification:_identify(src/sys_dispatcher) by extension 'ignore_ament_install'
[2.367s] Level 1:colcon.colcon_core.package_identification:_identify(src/sys_dispatcher) by extensions ['colcon_pkg']
[2.368s] Level 1:colcon.colcon_core.package_identification:_identify(src/sys_dispatcher) by extension 'colcon_pkg'
[2.368s] Level 1:colcon.colcon_core.package_identification:_identify(src/sys_dispatcher) by extensions ['colcon_meta']
[2.368s] Level 1:colcon.colcon_core.package_identification:_identify(src/sys_dispatcher) by extension 'colcon_meta'
[2.368s] Level 1:colcon.colcon_core.package_identification:_identify(src/sys_dispatcher) by extensions ['ros']
[2.368s] Level 1:colcon.colcon_core.package_identification:_identify(src/sys_dispatcher) by extension 'ros'
[2.372s] DEBUG:colcon.colcon_core.package_identification:Package 'src/sys_dispatcher' with type 'ros.ament_cmake' and name 'sys_dispatcher'
[2.372s] Level 1:colcon.colcon_core.package_discovery:discover_packages(recursive) using defaults
[2.372s] Level 1:colcon.colcon_core.package_discovery:discover_packages(ignore) discover
[2.373s] Level 1:colcon.colcon_core.package_discovery:discover_packages(ignore) using defaults
[2.373s] Level 1:colcon.colcon_core.package_discovery:discover_packages(path) discover
[2.373s] Level 1:colcon.colcon_core.package_discovery:discover_packages(path) using defaults
[2.489s] Level 1:colcon.colcon_core.package_discovery:discover_packages(prefix_path) check parameters
[2.490s] Level 1:colcon.colcon_core.package_discovery:discover_packages(prefix_path) discover
[2.509s] DEBUG:colcon.colcon_installed_package_information.package_discovery:Found 5 installed packages in /home/zhangqi/ros2/ros2_pkgs/install
[2.522s] DEBUG:colcon.colcon_installed_package_information.package_discovery:Found 318 installed packages in /opt/ros/humble
[2.529s] Level 1:colcon.colcon_core.package_discovery:discover_packages(prefix_path) using defaults
[2.812s] Level 5:colcon.colcon_core.verb:set package 'bau_ctrl' build argument 'cmake_args' from command line to '['-DCOMMON_LIB_PATH=~/ros2/libs/', '-DCMAKE_EXPORT_COMPILE_COMMANDS=on']'
[2.813s] Level 5:colcon.colcon_core.verb:set package 'bau_ctrl' build argument 'cmake_target' from command line to 'None'
[2.813s] Level 5:colcon.colcon_core.verb:set package 'bau_ctrl' build argument 'cmake_target_skip_unavailable' from command line to 'False'
[2.813s] Level 5:colcon.colcon_core.verb:set package 'bau_ctrl' build argument 'cmake_clean_cache' from command line to 'False'
[2.813s] Level 5:colcon.colcon_core.verb:set package 'bau_ctrl' build argument 'cmake_clean_first' from command line to 'False'
[2.813s] Level 5:colcon.colcon_core.verb:set package 'bau_ctrl' build argument 'cmake_force_configure' from command line to 'False'
[2.813s] Level 5:colcon.colcon_core.verb:set package 'bau_ctrl' build argument 'ament_cmake_args' from command line to 'None'
[2.813s] Level 5:colcon.colcon_core.verb:set package 'bau_ctrl' build argument 'catkin_cmake_args' from command line to 'None'
[2.813s] Level 5:colcon.colcon_core.verb:set package 'bau_ctrl' build argument 'catkin_skip_building_tests' from command line to 'False'
[2.814s] DEBUG:colcon.colcon_core.verb:Building package 'bau_ctrl' with the following arguments: {'ament_cmake_args': None, 'build_base': '/home/zhangqi/ros2/ros2_pkgs/build/bau_ctrl', 'catkin_cmake_args': None, 'catkin_skip_building_tests': False, 'cmake_args': ['-DCOMMON_LIB_PATH=~/ros2/libs/', '-DCMAKE_EXPORT_COMPILE_COMMANDS=on'], 'cmake_clean_cache': False, 'cmake_clean_first': False, 'cmake_force_configure': False, 'cmake_target': None, 'cmake_target_skip_unavailable': False, 'install_base': '/home/zhangqi/ros2/ros2_pkgs/install/bau_ctrl', 'merge_install': False, 'path': '/home/zhangqi/ros2/ros2_pkgs/src/bau_ctrl', 'symlink_install': False, 'test_result_base': None}
[2.817s] Level 5:colcon.colcon_core.verb:set package 'car_uart_node' build argument 'cmake_args' from command line to '['-DCOMMON_LIB_PATH=~/ros2/libs/', '-DCMAKE_EXPORT_COMPILE_COMMANDS=on']'
[2.818s] Level 5:colcon.colcon_core.verb:set package 'car_uart_node' build argument 'cmake_target' from command line to 'None'
[2.818s] Level 5:colcon.colcon_core.verb:set package 'car_uart_node' build argument 'cmake_target_skip_unavailable' from command line to 'False'
[2.818s] Level 5:colcon.colcon_core.verb:set package 'car_uart_node' build argument 'cmake_clean_cache' from command line to 'False'
[2.818s] Level 5:colcon.colcon_core.verb:set package 'car_uart_node' build argument 'cmake_clean_first' from command line to 'False'
[2.818s] Level 5:colcon.colcon_core.verb:set package 'car_uart_node' build argument 'cmake_force_configure' from command line to 'False'
[2.818s] Level 5:colcon.colcon_core.verb:set package 'car_uart_node' build argument 'ament_cmake_args' from command line to 'None'
[2.818s] Level 5:colcon.colcon_core.verb:set package 'car_uart_node' build argument 'catkin_cmake_args' from command line to 'None'
[2.818s] Level 5:colcon.colcon_core.verb:set package 'car_uart_node' build argument 'catkin_skip_building_tests' from command line to 'False'
[2.818s] DEBUG:colcon.colcon_core.verb:Building package 'car_uart_node' with the following arguments: {'ament_cmake_args': None, 'build_base': '/home/zhangqi/ros2/ros2_pkgs/build/car_uart_node', 'catkin_cmake_args': None, 'catkin_skip_building_tests': False, 'cmake_args': ['-DCOMMON_LIB_PATH=~/ros2/libs/', '-DCMAKE_EXPORT_COMPILE_COMMANDS=on'], 'cmake_clean_cache': False, 'cmake_clean_first': False, 'cmake_force_configure': False, 'cmake_target': None, 'cmake_target_skip_unavailable': False, 'install_base': '/home/zhangqi/ros2/ros2_pkgs/install/car_uart_node', 'merge_install': False, 'path': '/home/zhangqi/ros2/ros2_pkgs/src/car_uart_node', 'symlink_install': False, 'test_result_base': None}
[2.822s] Level 5:colcon.colcon_core.verb:set package 'lidar_reader' build argument 'cmake_args' from command line to '['-DCOMMON_LIB_PATH=~/ros2/libs/', '-DCMAKE_EXPORT_COMPILE_COMMANDS=on']'
[2.822s] Level 5:colcon.colcon_core.verb:set package 'lidar_reader' build argument 'cmake_target' from command line to 'None'
[2.823s] Level 5:colcon.colcon_core.verb:set package 'lidar_reader' build argument 'cmake_target_skip_unavailable' from command line to 'False'
[2.823s] Level 5:colcon.colcon_core.verb:set package 'lidar_reader' build argument 'cmake_clean_cache' from command line to 'False'
[2.823s] Level 5:colcon.colcon_core.verb:set package 'lidar_reader' build argument 'cmake_clean_first' from command line to 'False'
[2.823s] Level 5:colcon.colcon_core.verb:set package 'lidar_reader' build argument 'cmake_force_configure' from command line to 'False'
[2.823s] Level 5:colcon.colcon_core.verb:set package 'lidar_reader' build argument 'ament_cmake_args' from command line to 'None'
[2.823s] Level 5:colcon.colcon_core.verb:set package 'lidar_reader' build argument 'catkin_cmake_args' from command line to 'None'
[2.823s] Level 5:colcon.colcon_core.verb:set package 'lidar_reader' build argument 'catkin_skip_building_tests' from command line to 'False'
[2.823s] DEBUG:colcon.colcon_core.verb:Building package 'lidar_reader' with the following arguments: {'ament_cmake_args': None, 'build_base': '/home/zhangqi/ros2/ros2_pkgs/build/lidar_reader', 'catkin_cmake_args': None, 'catkin_skip_building_tests': False, 'cmake_args': ['-DCOMMON_LIB_PATH=~/ros2/libs/', '-DCMAKE_EXPORT_COMPILE_COMMANDS=on'], 'cmake_clean_cache': False, 'cmake_clean_first': False, 'cmake_force_configure': False, 'cmake_target': None, 'cmake_target_skip_unavailable': False, 'install_base': '/home/zhangqi/ros2/ros2_pkgs/install/lidar_reader', 'merge_install': False, 'path': '/home/zhangqi/ros2/ros2_pkgs/src/lidar_reader', 'symlink_install': False, 'test_result_base': None}
[2.827s] Level 5:colcon.colcon_core.verb:set package 'sys_dispatcher' build argument 'cmake_args' from command line to '['-DCOMMON_LIB_PATH=~/ros2/libs/', '-DCMAKE_EXPORT_COMPILE_COMMANDS=on']'
[2.828s] Level 5:colcon.colcon_core.verb:set package 'sys_dispatcher' build argument 'cmake_target' from command line to 'None'
[2.828s] Level 5:colcon.colcon_core.verb:set package 'sys_dispatcher' build argument 'cmake_target_skip_unavailable' from command line to 'False'
[2.828s] Level 5:colcon.colcon_core.verb:set package 'sys_dispatcher' build argument 'cmake_clean_cache' from command line to 'False'
[2.828s] Level 5:colcon.colcon_core.verb:set package 'sys_dispatcher' build argument 'cmake_clean_first' from command line to 'False'
[2.828s] Level 5:colcon.colcon_core.verb:set package 'sys_dispatcher' build argument 'cmake_force_configure' from command line to 'False'
[2.828s] Level 5:colcon.colcon_core.verb:set package 'sys_dispatcher' build argument 'ament_cmake_args' from command line to 'None'
[2.828s] Level 5:colcon.colcon_core.verb:set package 'sys_dispatcher' build argument 'catkin_cmake_args' from command line to 'None'
[2.828s] Level 5:colcon.colcon_core.verb:set package 'sys_dispatcher' build argument 'catkin_skip_building_tests' from command line to 'False'
[2.828s] DEBUG:colcon.colcon_core.verb:Building package 'sys_dispatcher' with the following arguments: {'ament_cmake_args': None, 'build_base': '/home/zhangqi/ros2/ros2_pkgs/build/sys_dispatcher', 'catkin_cmake_args': None, 'catkin_skip_building_tests': False, 'cmake_args': ['-DCOMMON_LIB_PATH=~/ros2/libs/', '-DCMAKE_EXPORT_COMPILE_COMMANDS=on'], 'cmake_clean_cache': False, 'cmake_clean_first': False, 'cmake_force_configure': False, 'cmake_target': None, 'cmake_target_skip_unavailable': False, 'install_base': '/home/zhangqi/ros2/ros2_pkgs/install/sys_dispatcher', 'merge_install': False, 'path': '/home/zhangqi/ros2/ros2_pkgs/src/sys_dispatcher', 'symlink_install': False, 'test_result_base': None}
[2.831s] INFO:colcon.colcon_core.executor:Executing jobs using 'parallel' executor
[2.843s] DEBUG:colcon.colcon_parallel_executor.executor.parallel:run_until_complete
[2.844s] INFO:colcon.colcon_ros.task.ament_cmake.build:Building ROS package in '/home/zhangqi/ros2/ros2_pkgs/src/bau_ctrl' with build type 'ament_cmake'
[2.845s] INFO:colcon.colcon_cmake.task.cmake.build:Building CMake package in '/home/zhangqi/ros2/ros2_pkgs/src/bau_ctrl'
[2.873s] INFO:colcon.colcon_core.plugin_system:Skipping extension 'colcon_core.shell.bat': Not used on non-Windows systems
[2.874s] INFO:colcon.colcon_core.shell:Skip shell extension 'powershell' for command environment: Not usable outside of PowerShell
[2.874s] DEBUG:colcon.colcon_core.shell:Skip shell extension 'dsv' for command environment
[2.904s] INFO:colcon.colcon_ros.task.ament_cmake.build:Building ROS package in '/home/zhangqi/ros2/ros2_pkgs/src/car_uart_node' with build type 'ament_cmake'
[2.904s] INFO:colcon.colcon_cmake.task.cmake.build:Building CMake package in '/home/zhangqi/ros2/ros2_pkgs/src/car_uart_node'
[2.910s] INFO:colcon.colcon_core.shell:Skip shell extension 'powershell' for command environment: Not usable outside of PowerShell
[2.910s] DEBUG:colcon.colcon_core.shell:Skip shell extension 'dsv' for command environment
[2.937s] INFO:colcon.colcon_ros.task.ament_cmake.build:Building ROS package in '/home/zhangqi/ros2/ros2_pkgs/src/lidar_reader' with build type 'ament_cmake'
[2.937s] INFO:colcon.colcon_cmake.task.cmake.build:Building CMake package in '/home/zhangqi/ros2/ros2_pkgs/src/lidar_reader'
[2.943s] INFO:colcon.colcon_core.shell:Skip shell extension 'powershell' for command environment: Not usable outside of PowerShell
[2.944s] DEBUG:colcon.colcon_core.shell:Skip shell extension 'dsv' for command environment
[2.969s] INFO:colcon.colcon_ros.task.ament_cmake.build:Building ROS package in '/home/zhangqi/ros2/ros2_pkgs/src/sys_dispatcher' with build type 'ament_cmake'
[2.970s] INFO:colcon.colcon_cmake.task.cmake.build:Building CMake package in '/home/zhangqi/ros2/ros2_pkgs/src/sys_dispatcher'
[2.975s] INFO:colcon.colcon_core.shell:Skip shell extension 'powershell' for command environment: Not usable outside of PowerShell
[2.976s] DEBUG:colcon.colcon_core.shell:Skip shell extension 'dsv' for command environment
[3.022s] DEBUG:colcon.colcon_core.event_handler.log_command:Invoking command in '/home/zhangqi/ros2/ros2_pkgs/build/bau_ctrl': CMAKE_PREFIX_PATH=${CMAKE_PREFIX_PATH}:/opt/ros/humble /usr/bin/cmake --build /home/zhangqi/ros2/ros2_pkgs/build/bau_ctrl -- -j4 -l4
[3.065s] DEBUG:colcon.colcon_core.event_handler.log_command:Invoking command in '/home/zhangqi/ros2/ros2_pkgs/build/car_uart_node': CMAKE_PREFIX_PATH=${CMAKE_PREFIX_PATH}:/opt/ros/humble /usr/bin/cmake --build /home/zhangqi/ros2/ros2_pkgs/build/car_uart_node -- -j4 -l4
[3.092s] DEBUG:colcon.colcon_core.event_handler.log_command:Invoking command in '/home/zhangqi/ros2/ros2_pkgs/build/lidar_reader': CMAKE_PREFIX_PATH=${CMAKE_PREFIX_PATH}:/opt/ros/humble /usr/bin/cmake --build /home/zhangqi/ros2/ros2_pkgs/build/lidar_reader -- -j4 -l4
[3.135s] DEBUG:colcon.colcon_core.event_handler.log_command:Invoking command in '/home/zhangqi/ros2/ros2_pkgs/build/sys_dispatcher': CMAKE_PREFIX_PATH=${CMAKE_PREFIX_PATH}:/opt/ros/humble /usr/bin/cmake --build /home/zhangqi/ros2/ros2_pkgs/build/sys_dispatcher -- -j4 -l4
[4.348s] DEBUG:colcon.colcon_core.event_handler.log_command:Invoked command in '/home/zhangqi/ros2/ros2_pkgs/build/car_uart_node' returned '0': CMAKE_PREFIX_PATH=${CMAKE_PREFIX_PATH}:/opt/ros/humble /usr/bin/cmake --build /home/zhangqi/ros2/ros2_pkgs/build/car_uart_node -- -j4 -l4
[4.503s] DEBUG:colcon.colcon_core.event_handler.log_command:Invoking command in '/home/zhangqi/ros2/ros2_pkgs/build/car_uart_node': CMAKE_PREFIX_PATH=${CMAKE_PREFIX_PATH}:/opt/ros/humble /usr/bin/cmake --install /home/zhangqi/ros2/ros2_pkgs/build/car_uart_node
[4.552s] DEBUG:colcon.colcon_core.event_handler.log_command:Invoked command in '/home/zhangqi/ros2/ros2_pkgs/build/sys_dispatcher' returned '0': CMAKE_PREFIX_PATH=${CMAKE_PREFIX_PATH}:/opt/ros/humble /usr/bin/cmake --build /home/zhangqi/ros2/ros2_pkgs/build/sys_dispatcher -- -j4 -l4
[4.560s] DEBUG:colcon.colcon_core.event_handler.log_command:Invoked command in '/home/zhangqi/ros2/ros2_pkgs/build/lidar_reader' returned '0': CMAKE_PREFIX_PATH=${CMAKE_PREFIX_PATH}:/opt/ros/humble /usr/bin/cmake --build /home/zhangqi/ros2/ros2_pkgs/build/lidar_reader -- -j4 -l4
[4.587s] Level 1:colcon.colcon_core.environment:create_environment_scripts_only(car_uart_node)
[4.589s] DEBUG:colcon.colcon_core.event_handler.log_command:Invoked command in '/home/zhangqi/ros2/ros2_pkgs/build/car_uart_node' returned '0': CMAKE_PREFIX_PATH=${CMAKE_PREFIX_PATH}:/opt/ros/humble /usr/bin/cmake --install /home/zhangqi/ros2/ros2_pkgs/build/car_uart_node
[4.714s] Level 1:colcon.colcon_core.environment:checking '/home/zhangqi/ros2/ros2_pkgs/install/car_uart_node' for CMake module files
[4.721s] Level 1:colcon.colcon_core.environment:checking '/home/zhangqi/ros2/ros2_pkgs/install/car_uart_node' for CMake config files
[4.724s] Level 1:colcon.colcon_core.shell:create_environment_hook('car_uart_node', 'cmake_prefix_path')
[4.731s] INFO:colcon.colcon_core.shell:Creating environment hook '/home/zhangqi/ros2/ros2_pkgs/install/car_uart_node/share/car_uart_node/hook/cmake_prefix_path.ps1'
[4.803s] INFO:colcon.colcon_core.shell:Creating environment descriptor '/home/zhangqi/ros2/ros2_pkgs/install/car_uart_node/share/car_uart_node/hook/cmake_prefix_path.dsv'
[4.811s] INFO:colcon.colcon_core.shell:Creating environment hook '/home/zhangqi/ros2/ros2_pkgs/install/car_uart_node/share/car_uart_node/hook/cmake_prefix_path.sh'
[4.837s] Level 1:colcon.colcon_core.environment:checking '/home/zhangqi/ros2/ros2_pkgs/install/car_uart_node/bin'
[4.837s] Level 1:colcon.colcon_core.environment:checking '/home/zhangqi/ros2/ros2_pkgs/install/car_uart_node/lib/pkgconfig/car_uart_node.pc'
[4.839s] Level 1:colcon.colcon_core.environment:checking '/home/zhangqi/ros2/ros2_pkgs/install/car_uart_node/lib/python3.10/site-packages'
[4.840s] Level 1:colcon.colcon_core.environment:checking '/home/zhangqi/ros2/ros2_pkgs/install/car_uart_node/bin'
[4.849s] INFO:colcon.colcon_core.shell:Creating package script '/home/zhangqi/ros2/ros2_pkgs/install/car_uart_node/share/car_uart_node/package.ps1'
[4.858s] INFO:colcon.colcon_core.shell:Creating package descriptor '/home/zhangqi/ros2/ros2_pkgs/install/car_uart_node/share/car_uart_node/package.dsv'
[4.866s] INFO:colcon.colcon_core.shell:Creating package script '/home/zhangqi/ros2/ros2_pkgs/install/car_uart_node/share/car_uart_node/package.sh'
[4.882s] INFO:colcon.colcon_core.shell:Creating package script '/home/zhangqi/ros2/ros2_pkgs/install/car_uart_node/share/car_uart_node/package.bash'
[4.918s] INFO:colcon.colcon_core.shell:Creating package script '/home/zhangqi/ros2/ros2_pkgs/install/car_uart_node/share/car_uart_node/package.zsh'
[4.926s] Level 1:colcon.colcon_core.environment:create_file_with_runtime_dependencies(/home/zhangqi/ros2/ros2_pkgs/install/car_uart_node/share/colcon-core/packages/car_uart_node)
[4.953s] DEBUG:colcon.colcon_core.event_handler.log_command:Invoking command in '/home/zhangqi/ros2/ros2_pkgs/build/lidar_reader': CMAKE_PREFIX_PATH=${CMAKE_PREFIX_PATH}:/opt/ros/humble /usr/bin/cmake --install /home/zhangqi/ros2/ros2_pkgs/build/lidar_reader
[4.955s] DEBUG:colcon.colcon_core.event_handler.log_command:Invoking command in '/home/zhangqi/ros2/ros2_pkgs/build/sys_dispatcher': CMAKE_PREFIX_PATH=${CMAKE_PREFIX_PATH}:/opt/ros/humble /usr/bin/cmake --install /home/zhangqi/ros2/ros2_pkgs/build/sys_dispatcher
[5.045s] Level 1:colcon.colcon_core.environment:create_environment_scripts_only(car_uart_node)
[5.056s] Level 1:colcon.colcon_core.environment:checking '/home/zhangqi/ros2/ros2_pkgs/install/car_uart_node' for CMake module files
[5.064s] Level 1:colcon.colcon_core.environment:checking '/home/zhangqi/ros2/ros2_pkgs/install/car_uart_node' for CMake config files
[5.070s] Level 1:colcon.colcon_core.shell:create_environment_hook('car_uart_node', 'cmake_prefix_path')
[5.076s] INFO:colcon.colcon_core.shell:Creating environment hook '/home/zhangqi/ros2/ros2_pkgs/install/car_uart_node/share/car_uart_node/hook/cmake_prefix_path.ps1'
[5.078s] INFO:colcon.colcon_core.shell:Creating environment descriptor '/home/zhangqi/ros2/ros2_pkgs/install/car_uart_node/share/car_uart_node/hook/cmake_prefix_path.dsv'
[5.080s] INFO:colcon.colcon_core.shell:Creating environment hook '/home/zhangqi/ros2/ros2_pkgs/install/car_uart_node/share/car_uart_node/hook/cmake_prefix_path.sh'
[5.082s] Level 1:colcon.colcon_core.environment:checking '/home/zhangqi/ros2/ros2_pkgs/install/car_uart_node/bin'
[5.082s] Level 1:colcon.colcon_core.environment:checking '/home/zhangqi/ros2/ros2_pkgs/install/car_uart_node/lib/pkgconfig/car_uart_node.pc'
[5.083s] Level 1:colcon.colcon_core.environment:checking '/home/zhangqi/ros2/ros2_pkgs/install/car_uart_node/lib/python3.10/site-packages'
[5.085s] Level 1:colcon.colcon_core.environment:checking '/home/zhangqi/ros2/ros2_pkgs/install/car_uart_node/bin'
[5.090s] INFO:colcon.colcon_core.shell:Creating package script '/home/zhangqi/ros2/ros2_pkgs/install/car_uart_node/share/car_uart_node/package.ps1'
[5.093s] INFO:colcon.colcon_core.shell:Creating package descriptor '/home/zhangqi/ros2/ros2_pkgs/install/car_uart_node/share/car_uart_node/package.dsv'
[5.095s] INFO:colcon.colcon_core.shell:Creating package script '/home/zhangqi/ros2/ros2_pkgs/install/car_uart_node/share/car_uart_node/package.sh'
[5.097s] INFO:colcon.colcon_core.shell:Creating package script '/home/zhangqi/ros2/ros2_pkgs/install/car_uart_node/share/car_uart_node/package.bash'
[5.099s] INFO:colcon.colcon_core.shell:Creating package script '/home/zhangqi/ros2/ros2_pkgs/install/car_uart_node/share/car_uart_node/package.zsh'
[5.101s] Level 1:colcon.colcon_core.environment:create_file_with_runtime_dependencies(/home/zhangqi/ros2/ros2_pkgs/install/car_uart_node/share/colcon-core/packages/car_uart_node)
[5.105s] Level 1:colcon.colcon_core.environment:create_environment_scripts_only(sys_dispatcher)
[5.113s] Level 1:colcon.colcon_core.environment:checking '/home/zhangqi/ros2/ros2_pkgs/install/sys_dispatcher' for CMake module files
[5.115s] DEBUG:colcon.colcon_core.event_handler.log_command:Invoked command in '/home/zhangqi/ros2/ros2_pkgs/build/sys_dispatcher' returned '0': CMAKE_PREFIX_PATH=${CMAKE_PREFIX_PATH}:/opt/ros/humble /usr/bin/cmake --install /home/zhangqi/ros2/ros2_pkgs/build/sys_dispatcher
[5.117s] Level 1:colcon.colcon_core.environment:checking '/home/zhangqi/ros2/ros2_pkgs/install/sys_dispatcher' for CMake config files
[5.120s] Level 1:colcon.colcon_core.shell:create_environment_hook('sys_dispatcher', 'cmake_prefix_path')
[5.125s] INFO:colcon.colcon_core.shell:Creating environment hook '/home/zhangqi/ros2/ros2_pkgs/install/sys_dispatcher/share/sys_dispatcher/hook/cmake_prefix_path.ps1'
[5.127s] INFO:colcon.colcon_core.shell:Creating environment descriptor '/home/zhangqi/ros2/ros2_pkgs/install/sys_dispatcher/share/sys_dispatcher/hook/cmake_prefix_path.dsv'
[5.128s] INFO:colcon.colcon_core.shell:Creating environment hook '/home/zhangqi/ros2/ros2_pkgs/install/sys_dispatcher/share/sys_dispatcher/hook/cmake_prefix_path.sh'
[5.131s] Level 1:colcon.colcon_core.environment:checking '/home/zhangqi/ros2/ros2_pkgs/install/sys_dispatcher/lib'
[5.132s] Level 1:colcon.colcon_core.environment:checking '/home/zhangqi/ros2/ros2_pkgs/install/sys_dispatcher/bin'
[5.132s] Level 1:colcon.colcon_core.environment:checking '/home/zhangqi/ros2/ros2_pkgs/install/sys_dispatcher/lib/pkgconfig/sys_dispatcher.pc'
[5.133s] Level 1:colcon.colcon_core.environment:checking '/home/zhangqi/ros2/ros2_pkgs/install/sys_dispatcher/lib/python3.10/site-packages'
[5.134s] Level 1:colcon.colcon_core.environment:checking '/home/zhangqi/ros2/ros2_pkgs/install/sys_dispatcher/bin'
[5.140s] INFO:colcon.colcon_core.shell:Creating package script '/home/zhangqi/ros2/ros2_pkgs/install/sys_dispatcher/share/sys_dispatcher/package.ps1'
[5.142s] INFO:colcon.colcon_core.shell:Creating package descriptor '/home/zhangqi/ros2/ros2_pkgs/install/sys_dispatcher/share/sys_dispatcher/package.dsv'
[5.144s] INFO:colcon.colcon_core.shell:Creating package script '/home/zhangqi/ros2/ros2_pkgs/install/sys_dispatcher/share/sys_dispatcher/package.sh'
[5.145s] INFO:colcon.colcon_core.shell:Creating package script '/home/zhangqi/ros2/ros2_pkgs/install/sys_dispatcher/share/sys_dispatcher/package.bash'
[5.147s] INFO:colcon.colcon_core.shell:Creating package script '/home/zhangqi/ros2/ros2_pkgs/install/sys_dispatcher/share/sys_dispatcher/package.zsh'
[5.148s] Level 1:colcon.colcon_core.environment:create_file_with_runtime_dependencies(/home/zhangqi/ros2/ros2_pkgs/install/sys_dispatcher/share/colcon-core/packages/sys_dispatcher)
[5.153s] Level 1:colcon.colcon_core.environment:create_environment_scripts_only(lidar_reader)
[5.163s] Level 1:colcon.colcon_core.environment:checking '/home/zhangqi/ros2/ros2_pkgs/install/lidar_reader' for CMake module files
[5.164s] DEBUG:colcon.colcon_core.event_handler.log_command:Invoked command in '/home/zhangqi/ros2/ros2_pkgs/build/lidar_reader' returned '0': CMAKE_PREFIX_PATH=${CMAKE_PREFIX_PATH}:/opt/ros/humble /usr/bin/cmake --install /home/zhangqi/ros2/ros2_pkgs/build/lidar_reader
[5.167s] Level 1:colcon.colcon_core.environment:checking '/home/zhangqi/ros2/ros2_pkgs/install/lidar_reader' for CMake config files
[5.170s] Level 1:colcon.colcon_core.shell:create_environment_hook('lidar_reader', 'cmake_prefix_path')
[5.176s] INFO:colcon.colcon_core.shell:Creating environment hook '/home/zhangqi/ros2/ros2_pkgs/install/lidar_reader/share/lidar_reader/hook/cmake_prefix_path.ps1'
[5.178s] INFO:colcon.colcon_core.shell:Creating environment descriptor '/home/zhangqi/ros2/ros2_pkgs/install/lidar_reader/share/lidar_reader/hook/cmake_prefix_path.dsv'
[5.180s] INFO:colcon.colcon_core.shell:Creating environment hook '/home/zhangqi/ros2/ros2_pkgs/install/lidar_reader/share/lidar_reader/hook/cmake_prefix_path.sh'
[5.183s] Level 1:colcon.colcon_core.environment:checking '/home/zhangqi/ros2/ros2_pkgs/install/lidar_reader/lib'
[5.184s] Level 1:colcon.colcon_core.environment:checking '/home/zhangqi/ros2/ros2_pkgs/install/lidar_reader/bin'
[5.184s] Level 1:colcon.colcon_core.environment:checking '/home/zhangqi/ros2/ros2_pkgs/install/lidar_reader/lib/pkgconfig/lidar_reader.pc'
[5.185s] Level 1:colcon.colcon_core.environment:checking '/home/zhangqi/ros2/ros2_pkgs/install/lidar_reader/lib/python3.10/site-packages'
[5.186s] Level 1:colcon.colcon_core.environment:checking '/home/zhangqi/ros2/ros2_pkgs/install/lidar_reader/bin'
[5.192s] INFO:colcon.colcon_core.shell:Creating package script '/home/zhangqi/ros2/ros2_pkgs/install/lidar_reader/share/lidar_reader/package.ps1'
[5.195s] INFO:colcon.colcon_core.shell:Creating package descriptor '/home/zhangqi/ros2/ros2_pkgs/install/lidar_reader/share/lidar_reader/package.dsv'
[5.198s] INFO:colcon.colcon_core.shell:Creating package script '/home/zhangqi/ros2/ros2_pkgs/install/lidar_reader/share/lidar_reader/package.sh'
[5.200s] INFO:colcon.colcon_core.shell:Creating package script '/home/zhangqi/ros2/ros2_pkgs/install/lidar_reader/share/lidar_reader/package.bash'
[5.201s] INFO:colcon.colcon_core.shell:Creating package script '/home/zhangqi/ros2/ros2_pkgs/install/lidar_reader/share/lidar_reader/package.zsh'
[5.204s] Level 1:colcon.colcon_core.environment:create_file_with_runtime_dependencies(/home/zhangqi/ros2/ros2_pkgs/install/lidar_reader/share/colcon-core/packages/lidar_reader)
[5.290s] Level 1:colcon.colcon_core.environment:create_environment_scripts_only(sys_dispatcher)
[5.299s] Level 1:colcon.colcon_core.environment:checking '/home/zhangqi/ros2/ros2_pkgs/install/sys_dispatcher' for CMake module files
[5.302s] Level 1:colcon.colcon_core.environment:checking '/home/zhangqi/ros2/ros2_pkgs/install/sys_dispatcher' for CMake config files
[5.305s] Level 1:colcon.colcon_core.shell:create_environment_hook('sys_dispatcher', 'cmake_prefix_path')
[5.310s] INFO:colcon.colcon_core.shell:Creating environment hook '/home/zhangqi/ros2/ros2_pkgs/install/sys_dispatcher/share/sys_dispatcher/hook/cmake_prefix_path.ps1'
[5.313s] INFO:colcon.colcon_core.shell:Creating environment descriptor '/home/zhangqi/ros2/ros2_pkgs/install/sys_dispatcher/share/sys_dispatcher/hook/cmake_prefix_path.dsv'
[5.315s] INFO:colcon.colcon_core.shell:Creating environment hook '/home/zhangqi/ros2/ros2_pkgs/install/sys_dispatcher/share/sys_dispatcher/hook/cmake_prefix_path.sh'
[5.318s] Level 1:colcon.colcon_core.environment:checking '/home/zhangqi/ros2/ros2_pkgs/install/sys_dispatcher/lib'
[5.319s] Level 1:colcon.colcon_core.environment:checking '/home/zhangqi/ros2/ros2_pkgs/install/sys_dispatcher/bin'
[5.319s] Level 1:colcon.colcon_core.environment:checking '/home/zhangqi/ros2/ros2_pkgs/install/sys_dispatcher/lib/pkgconfig/sys_dispatcher.pc'
[5.320s] Level 1:colcon.colcon_core.environment:checking '/home/zhangqi/ros2/ros2_pkgs/install/sys_dispatcher/lib/python3.10/site-packages'
[5.321s] Level 1:colcon.colcon_core.environment:checking '/home/zhangqi/ros2/ros2_pkgs/install/sys_dispatcher/bin'
[5.327s] INFO:colcon.colcon_core.shell:Creating package script '/home/zhangqi/ros2/ros2_pkgs/install/sys_dispatcher/share/sys_dispatcher/package.ps1'
[5.330s] INFO:colcon.colcon_core.shell:Creating package descriptor '/home/zhangqi/ros2/ros2_pkgs/install/sys_dispatcher/share/sys_dispatcher/package.dsv'
[5.332s] INFO:colcon.colcon_core.shell:Creating package script '/home/zhangqi/ros2/ros2_pkgs/install/sys_dispatcher/share/sys_dispatcher/package.sh'
[5.335s] INFO:colcon.colcon_core.shell:Creating package script '/home/zhangqi/ros2/ros2_pkgs/install/sys_dispatcher/share/sys_dispatcher/package.bash'
[5.337s] INFO:colcon.colcon_core.shell:Creating package script '/home/zhangqi/ros2/ros2_pkgs/install/sys_dispatcher/share/sys_dispatcher/package.zsh'
[5.339s] Level 1:colcon.colcon_core.environment:create_file_with_runtime_dependencies(/home/zhangqi/ros2/ros2_pkgs/install/sys_dispatcher/share/colcon-core/packages/sys_dispatcher)
[5.351s] Level 1:colcon.colcon_core.environment:create_environment_scripts_only(lidar_reader)
[5.359s] Level 1:colcon.colcon_core.environment:checking '/home/zhangqi/ros2/ros2_pkgs/install/lidar_reader' for CMake module files
[5.362s] Level 1:colcon.colcon_core.environment:checking '/home/zhangqi/ros2/ros2_pkgs/install/lidar_reader' for CMake config files
[5.364s] Level 1:colcon.colcon_core.shell:create_environment_hook('lidar_reader', 'cmake_prefix_path')
[5.369s] INFO:colcon.colcon_core.shell:Creating environment hook '/home/zhangqi/ros2/ros2_pkgs/install/lidar_reader/share/lidar_reader/hook/cmake_prefix_path.ps1'
[5.371s] INFO:colcon.colcon_core.shell:Creating environment descriptor '/home/zhangqi/ros2/ros2_pkgs/install/lidar_reader/share/lidar_reader/hook/cmake_prefix_path.dsv'
[5.373s] INFO:colcon.colcon_core.shell:Creating environment hook '/home/zhangqi/ros2/ros2_pkgs/install/lidar_reader/share/lidar_reader/hook/cmake_prefix_path.sh'
[5.376s] Level 1:colcon.colcon_core.environment:checking '/home/zhangqi/ros2/ros2_pkgs/install/lidar_reader/lib'
[5.376s] Level 1:colcon.colcon_core.environment:checking '/home/zhangqi/ros2/ros2_pkgs/install/lidar_reader/bin'
[5.377s] Level 1:colcon.colcon_core.environment:checking '/home/zhangqi/ros2/ros2_pkgs/install/lidar_reader/lib/pkgconfig/lidar_reader.pc'
[5.377s] Level 1:colcon.colcon_core.environment:checking '/home/zhangqi/ros2/ros2_pkgs/install/lidar_reader/lib/python3.10/site-packages'
[5.378s] Level 1:colcon.colcon_core.environment:checking '/home/zhangqi/ros2/ros2_pkgs/install/lidar_reader/bin'
[5.384s] INFO:colcon.colcon_core.shell:Creating package script '/home/zhangqi/ros2/ros2_pkgs/install/lidar_reader/share/lidar_reader/package.ps1'
[5.386s] INFO:colcon.colcon_core.shell:Creating package descriptor '/home/zhangqi/ros2/ros2_pkgs/install/lidar_reader/share/lidar_reader/package.dsv'
[5.388s] INFO:colcon.colcon_core.shell:Creating package script '/home/zhangqi/ros2/ros2_pkgs/install/lidar_reader/share/lidar_reader/package.sh'
[5.390s] INFO:colcon.colcon_core.shell:Creating package script '/home/zhangqi/ros2/ros2_pkgs/install/lidar_reader/share/lidar_reader/package.bash'
[5.392s] INFO:colcon.colcon_core.shell:Creating package script '/home/zhangqi/ros2/ros2_pkgs/install/lidar_reader/share/lidar_reader/package.zsh'
[5.394s] Level 1:colcon.colcon_core.environment:create_file_with_runtime_dependencies(/home/zhangqi/ros2/ros2_pkgs/install/lidar_reader/share/colcon-core/packages/lidar_reader)
[45.784s] DEBUG:colcon.colcon_core.event_handler.log_command:Invoked command in '/home/zhangqi/ros2/ros2_pkgs/build/bau_ctrl' returned '0': CMAKE_PREFIX_PATH=${CMAKE_PREFIX_PATH}:/opt/ros/humble /usr/bin/cmake --build /home/zhangqi/ros2/ros2_pkgs/build/bau_ctrl -- -j4 -l4
[45.949s] DEBUG:colcon.colcon_core.event_handler.log_command:Invoking command in '/home/zhangqi/ros2/ros2_pkgs/build/bau_ctrl': CMAKE_PREFIX_PATH=${CMAKE_PREFIX_PATH}:/opt/ros/humble /usr/bin/cmake --install /home/zhangqi/ros2/ros2_pkgs/build/bau_ctrl
[46.022s] Level 1:colcon.colcon_core.environment:create_environment_scripts_only(bau_ctrl)
[46.030s] Level 1:colcon.colcon_core.environment:checking '/home/zhangqi/ros2/ros2_pkgs/install/bau_ctrl' for CMake module files
[46.032s] DEBUG:colcon.colcon_core.event_handler.log_command:Invoked command in '/home/zhangqi/ros2/ros2_pkgs/build/bau_ctrl' returned '0': CMAKE_PREFIX_PATH=${CMAKE_PREFIX_PATH}:/opt/ros/humble /usr/bin/cmake --install /home/zhangqi/ros2/ros2_pkgs/build/bau_ctrl
[46.035s] Level 1:colcon.colcon_core.environment:checking '/home/zhangqi/ros2/ros2_pkgs/install/bau_ctrl' for CMake config files
[46.038s] Level 1:colcon.colcon_core.shell:create_environment_hook('bau_ctrl', 'cmake_prefix_path')
[46.044s] INFO:colcon.colcon_core.shell:Creating environment hook '/home/zhangqi/ros2/ros2_pkgs/install/bau_ctrl/share/bau_ctrl/hook/cmake_prefix_path.ps1'
[46.046s] INFO:colcon.colcon_core.shell:Creating environment descriptor '/home/zhangqi/ros2/ros2_pkgs/install/bau_ctrl/share/bau_ctrl/hook/cmake_prefix_path.dsv'
[46.047s] INFO:colcon.colcon_core.shell:Creating environment hook '/home/zhangqi/ros2/ros2_pkgs/install/bau_ctrl/share/bau_ctrl/hook/cmake_prefix_path.sh'
[46.050s] Level 1:colcon.colcon_core.environment:checking '/home/zhangqi/ros2/ros2_pkgs/install/bau_ctrl/lib'
[46.050s] Level 1:colcon.colcon_core.environment:checking '/home/zhangqi/ros2/ros2_pkgs/install/bau_ctrl/bin'
[46.050s] Level 1:colcon.colcon_core.environment:checking '/home/zhangqi/ros2/ros2_pkgs/install/bau_ctrl/lib/pkgconfig/bau_ctrl.pc'
[46.051s] Level 1:colcon.colcon_core.environment:checking '/home/zhangqi/ros2/ros2_pkgs/install/bau_ctrl/lib/python3.10/site-packages'
[46.052s] Level 1:colcon.colcon_core.environment:checking '/home/zhangqi/ros2/ros2_pkgs/install/bau_ctrl/bin'
[46.057s] INFO:colcon.colcon_core.shell:Creating package script '/home/zhangqi/ros2/ros2_pkgs/install/bau_ctrl/share/bau_ctrl/package.ps1'
[46.059s] INFO:colcon.colcon_core.shell:Creating package descriptor '/home/zhangqi/ros2/ros2_pkgs/install/bau_ctrl/share/bau_ctrl/package.dsv'
[46.061s] INFO:colcon.colcon_core.shell:Creating package script '/home/zhangqi/ros2/ros2_pkgs/install/bau_ctrl/share/bau_ctrl/package.sh'
[46.063s] INFO:colcon.colcon_core.shell:Creating package script '/home/zhangqi/ros2/ros2_pkgs/install/bau_ctrl/share/bau_ctrl/package.bash'
[46.064s] INFO:colcon.colcon_core.shell:Creating package script '/home/zhangqi/ros2/ros2_pkgs/install/bau_ctrl/share/bau_ctrl/package.zsh'
[46.066s] Level 1:colcon.colcon_core.environment:create_file_with_runtime_dependencies(/home/zhangqi/ros2/ros2_pkgs/install/bau_ctrl/share/colcon-core/packages/bau_ctrl)
[46.220s] Level 1:colcon.colcon_core.environment:create_environment_scripts_only(bau_ctrl)
[46.227s] Level 1:colcon.colcon_core.environment:checking '/home/zhangqi/ros2/ros2_pkgs/install/bau_ctrl' for CMake module files
[46.230s] Level 1:colcon.colcon_core.environment:checking '/home/zhangqi/ros2/ros2_pkgs/install/bau_ctrl' for CMake config files
[46.232s] Level 1:colcon.colcon_core.shell:create_environment_hook('bau_ctrl', 'cmake_prefix_path')
[46.237s] INFO:colcon.colcon_core.shell:Creating environment hook '/home/zhangqi/ros2/ros2_pkgs/install/bau_ctrl/share/bau_ctrl/hook/cmake_prefix_path.ps1'
[46.239s] INFO:colcon.colcon_core.shell:Creating environment descriptor '/home/zhangqi/ros2/ros2_pkgs/install/bau_ctrl/share/bau_ctrl/hook/cmake_prefix_path.dsv'
[46.241s] INFO:colcon.colcon_core.shell:Creating environment hook '/home/zhangqi/ros2/ros2_pkgs/install/bau_ctrl/share/bau_ctrl/hook/cmake_prefix_path.sh'
[46.243s] Level 1:colcon.colcon_core.environment:checking '/home/zhangqi/ros2/ros2_pkgs/install/bau_ctrl/lib'
[46.243s] Level 1:colcon.colcon_core.environment:checking '/home/zhangqi/ros2/ros2_pkgs/install/bau_ctrl/bin'
[46.244s] Level 1:colcon.colcon_core.environment:checking '/home/zhangqi/ros2/ros2_pkgs/install/bau_ctrl/lib/pkgconfig/bau_ctrl.pc'
[46.244s] Level 1:colcon.colcon_core.environment:checking '/home/zhangqi/ros2/ros2_pkgs/install/bau_ctrl/lib/python3.10/site-packages'
[46.245s] Level 1:colcon.colcon_core.environment:checking '/home/zhangqi/ros2/ros2_pkgs/install/bau_ctrl/bin'
[46.250s] INFO:colcon.colcon_core.shell:Creating package script '/home/zhangqi/ros2/ros2_pkgs/install/bau_ctrl/share/bau_ctrl/package.ps1'
[46.252s] INFO:colcon.colcon_core.shell:Creating package descriptor '/home/zhangqi/ros2/ros2_pkgs/install/bau_ctrl/share/bau_ctrl/package.dsv'
[46.254s] INFO:colcon.colcon_core.shell:Creating package script '/home/zhangqi/ros2/ros2_pkgs/install/bau_ctrl/share/bau_ctrl/package.sh'
[46.256s] INFO:colcon.colcon_core.shell:Creating package script '/home/zhangqi/ros2/ros2_pkgs/install/bau_ctrl/share/bau_ctrl/package.bash'
[46.258s] INFO:colcon.colcon_core.shell:Creating package script '/home/zhangqi/ros2/ros2_pkgs/install/bau_ctrl/share/bau_ctrl/package.zsh'
[46.260s] Level 1:colcon.colcon_core.environment:create_file_with_runtime_dependencies(/home/zhangqi/ros2/ros2_pkgs/install/bau_ctrl/share/colcon-core/packages/bau_ctrl)
[46.261s] DEBUG:colcon.colcon_parallel_executor.executor.parallel:closing loop
[46.262s] DEBUG:colcon.colcon_parallel_executor.executor.parallel:loop closed
[46.263s] DEBUG:colcon.colcon_parallel_executor.executor.parallel:run_until_complete finished with '0'
[46.263s] DEBUG:colcon.colcon_core.event_reactor:joining thread
[46.290s] INFO:colcon.colcon_core.plugin_system:Skipping extension 'colcon_notification.desktop_notification.terminal_notifier': Not used on non-Darwin systems
[46.290s] INFO:colcon.colcon_core.plugin_system:Skipping extension 'colcon_notification.desktop_notification.win32': Not used on non-Windows systems
[46.290s] INFO:colcon.colcon_notification.desktop_notification:Sending desktop notification using 'notify2'
[46.360s] DEBUG:colcon.colcon_notification.desktop_notification.notify2:Failed to initialize notify2: org.freedesktop.DBus.Error.ServiceUnknown: The name org.freedesktop.Notifications was not provided by any .service files
[46.361s] DEBUG:colcon.colcon_core.event_reactor:joined thread
[46.368s] INFO:colcon.colcon_core.shell:Creating prefix script '/home/zhangqi/ros2/ros2_pkgs/install/local_setup.ps1'
[46.374s] INFO:colcon.colcon_core.shell:Creating prefix util module '/home/zhangqi/ros2/ros2_pkgs/install/_local_setup_util_ps1.py'
[46.382s] INFO:colcon.colcon_core.shell:Creating prefix chain script '/home/zhangqi/ros2/ros2_pkgs/install/setup.ps1'
[46.390s] INFO:colcon.colcon_core.shell:Creating prefix script '/home/zhangqi/ros2/ros2_pkgs/install/local_setup.sh'
[46.394s] INFO:colcon.colcon_core.shell:Creating prefix util module '/home/zhangqi/ros2/ros2_pkgs/install/_local_setup_util_sh.py'
[46.397s] INFO:colcon.colcon_core.shell:Creating prefix chain script '/home/zhangqi/ros2/ros2_pkgs/install/setup.sh'
[46.405s] INFO:colcon.colcon_core.shell:Creating prefix script '/home/zhangqi/ros2/ros2_pkgs/install/local_setup.bash'
[46.409s] INFO:colcon.colcon_core.shell:Creating prefix chain script '/home/zhangqi/ros2/ros2_pkgs/install/setup.bash'
[46.417s] INFO:colcon.colcon_core.shell:Creating prefix script '/home/zhangqi/ros2/ros2_pkgs/install/local_setup.zsh'
[46.420s] INFO:colcon.colcon_core.shell:Creating prefix chain script '/home/zhangqi/ros2/ros2_pkgs/install/setup.zsh'
