[0.106s] Invoking command in '/home/zhangqi/ros2/ros2_pkgs/build/sys_dispatcher': CMAKE_PREFIX_PATH=${CMAKE_PREFIX_PATH}:/opt/ros/humble /usr/bin/cmake /home/zhangqi/ros2/ros2_pkgs/src/sys_dispatcher -DCOMMON_LIB_PATH=~/ros2/libs/ -DCMAKE_EXPORT_COMPILE_COMMANDS=on -DCMAKE_INSTALL_PREFIX=/home/zhangqi/ros2/ros2_pkgs/install/sys_dispatcher
[0.438s] -- The C compiler identification is GNU 11.3.0
[0.766s] -- The CXX compiler identification is GNU 11.3.0
[0.796s] -- Detecting C compiler ABI info
[1.186s] -- Detecting C compiler ABI info - done
[1.224s] -- Check for working C compiler: /usr/bin/cc - skipped
[1.226s] -- Detecting C compile features
[1.229s] -- Detecting C compile features - done
[1.243s] -- Detecting CXX compiler ABI info
[1.679s] -- Detecting CXX compiler ABI info - done
[1.713s] -- Check for working CXX compiler: /usr/bin/c++ - skipped
[1.715s] -- Detecting CXX compile features
[1.717s] -- Detecting CXX compile features - done
[1.752s] -- Found ament_cmake: 1.3.3 (/opt/ros/humble/share/ament_cmake/cmake)
[3.013s] -- Found Python3: /usr/bin/python3.10 (found version "3.10.6") found components: Interpreter 
[3.813s] -- Found rclcpp: 16.0.3 (/opt/ros/humble/share/rclcpp/cmake)
[4.273s] -- Found rosidl_generator_c: 3.1.4 (/opt/ros/humble/share/rosidl_generator_c/cmake)
[4.340s] -- Found rosidl_adapter: 3.1.4 (/opt/ros/humble/share/rosidl_adapter/cmake)
[4.419s] -- Found rosidl_generator_cpp: 3.1.4 (/opt/ros/humble/share/rosidl_generator_cpp/cmake)
[4.526s] -- Using all available rosidl_typesupport_c: rosidl_typesupport_fastrtps_c;rosidl_typesupport_introspection_c
[4.692s] -- Using all available rosidl_typesupport_cpp: rosidl_typesupport_fastrtps_cpp;rosidl_typesupport_introspection_cpp
[5.213s] -- Found rmw_implementation_cmake: 6.1.1 (/opt/ros/humble/share/rmw_implementation_cmake/cmake)
[5.246s] -- Found rmw_fastrtps_cpp: 6.2.2 (/opt/ros/humble/share/rmw_fastrtps_cpp/cmake)
[5.956s] -- Found OpenSSL: /usr/lib/aarch64-linux-gnu/libcrypto.so (found version "3.0.2")  
[6.207s] -- Found FastRTPS: /opt/ros/humble/include  
[6.626s] -- Using RMW implementation 'rmw_fastrtps_cpp' as default
[6.731s] -- Looking for pthread.h
[7.093s] -- Looking for pthread.h - found
[7.095s] -- Performing Test CMAKE_HAVE_LIBC_PTHREAD
[7.452s] -- Performing Test CMAKE_HAVE_LIBC_PTHREAD - Success
[7.456s] -- Found Threads: TRUE  
[8.203s] -- Found sensor_msgs: 4.2.3 (/opt/ros/humble/share/sensor_msgs/cmake)
[8.743s] -- Found tf2_ros: 0.25.2 (/opt/ros/humble/share/tf2_ros/cmake)
[10.448s] -- Found ament_lint_auto: 0.12.5 (/opt/ros/humble/share/ament_lint_auto/cmake)
[10.996s] -- Added test 'cppcheck' to perform static code analysis on C / C++ code
[10.997s] -- Configured cppcheck include dirs: /home/zhangqi/ros2/ros2_pkgs/src/sys_dispatcher/include
[10.998s] -- Configured cppcheck exclude dirs and/or files: 
[11.001s] -- Added test 'flake8' to check Python code syntax and style conventions
[11.006s] -- Added test 'lint_cmake' to check CMake code style
[11.009s] -- Added test 'pep257' to check Python code against some of the docstring style conventions in PEP 257
[11.020s] -- Added test 'uncrustify' to check C / C++ code style
[11.020s] -- Configured uncrustify additional arguments: 
[11.024s] -- Added test 'xmllint' to check XML markup files
[11.036s] -- Configuring done
[11.116s] -- Generating done
[11.125s] -- Build files have been written to: /home/zhangqi/ros2/ros2_pkgs/build/sys_dispatcher
[11.179s] Invoked command in '/home/zhangqi/ros2/ros2_pkgs/build/sys_dispatcher' returned '0': CMAKE_PREFIX_PATH=${CMAKE_PREFIX_PATH}:/opt/ros/humble /usr/bin/cmake /home/zhangqi/ros2/ros2_pkgs/src/sys_dispatcher -DCOMMON_LIB_PATH=~/ros2/libs/ -DCMAKE_EXPORT_COMPILE_COMMANDS=on -DCMAKE_INSTALL_PREFIX=/home/zhangqi/ros2/ros2_pkgs/install/sys_dispatcher
[11.180s] Invoking command in '/home/zhangqi/ros2/ros2_pkgs/build/sys_dispatcher': CMAKE_PREFIX_PATH=${CMAKE_PREFIX_PATH}:/opt/ros/humble /usr/bin/cmake --build /home/zhangqi/ros2/ros2_pkgs/build/sys_dispatcher -- -j4 -l4
[11.288s] -- Found ament_cmake: 1.3.3 (/opt/ros/humble/share/ament_cmake/cmake)
[12.041s] -- Found rclcpp: 16.0.3 (/opt/ros/humble/share/rclcpp/cmake)
[12.220s] -- Found rosidl_generator_c: 3.1.4 (/opt/ros/humble/share/rosidl_generator_c/cmake)
[12.231s] -- Found rosidl_adapter: 3.1.4 (/opt/ros/humble/share/rosidl_adapter/cmake)
[12.258s] -- Found rosidl_generator_cpp: 3.1.4 (/opt/ros/humble/share/rosidl_generator_cpp/cmake)
[12.306s] -- Using all available rosidl_typesupport_c: rosidl_typesupport_fastrtps_c;rosidl_typesupport_introspection_c
[12.375s] -- Using all available rosidl_typesupport_cpp: rosidl_typesupport_fastrtps_cpp;rosidl_typesupport_introspection_cpp
[12.616s] -- Found rmw_implementation_cmake: 6.1.1 (/opt/ros/humble/share/rmw_implementation_cmake/cmake)
[12.623s] -- Found rmw_fastrtps_cpp: 6.2.2 (/opt/ros/humble/share/rmw_fastrtps_cpp/cmake)
[13.611s] -- Using RMW implementation 'rmw_fastrtps_cpp' as default
[14.251s] -- Found sensor_msgs: 4.2.3 (/opt/ros/humble/share/sensor_msgs/cmake)
[14.746s] -- Found tf2_ros: 0.25.2 (/opt/ros/humble/share/tf2_ros/cmake)
[16.162s] -- Found ament_lint_auto: 0.12.5 (/opt/ros/humble/share/ament_lint_auto/cmake)
[16.655s] -- Added test 'cppcheck' to perform static code analysis on C / C++ code
[16.656s] -- Configured cppcheck include dirs: /home/zhangqi/ros2/ros2_pkgs/src/sys_dispatcher/include
[16.657s] -- Configured cppcheck exclude dirs and/or files: 
[16.659s] -- Added test 'flake8' to check Python code syntax and style conventions
[16.665s] -- Added test 'lint_cmake' to check CMake code style
[16.667s] -- Added test 'pep257' to check Python code against some of the docstring style conventions in PEP 257
[16.681s] -- Added test 'uncrustify' to check C / C++ code style
[16.682s] -- Configured uncrustify additional arguments: 
[16.686s] -- Added test 'xmllint' to check XML markup files
[16.695s] -- Configuring done
[16.792s] -- Generating done
[16.807s] -- Build files have been written to: /home/zhangqi/ros2/ros2_pkgs/build/sys_dispatcher
[17.075s] gmake[2]: Warning: File '/home/zhangqi/ros2/ros2_pkgs/src/sys_dispatcher/src/sys_dispatcher.cc' has modification time 4147352 s in the future
[17.161s] [ 50%] [32mBuilding CXX object CMakeFiles/sys_dispatcher.dir/src/sys_dispatcher.cc.o[0m
[51.947s] [100%] [32m[1mLinking CXX executable sys_dispatcher[0m
[53.040s] gmake[2]: warning:  Clock skew detected.  Your build may be incomplete.
[53.073s] [100%] Built target sys_dispatcher
[53.113s] Invoked command in '/home/zhangqi/ros2/ros2_pkgs/build/sys_dispatcher' returned '0': CMAKE_PREFIX_PATH=${CMAKE_PREFIX_PATH}:/opt/ros/humble /usr/bin/cmake --build /home/zhangqi/ros2/ros2_pkgs/build/sys_dispatcher -- -j4 -l4
[53.240s] Invoking command in '/home/zhangqi/ros2/ros2_pkgs/build/sys_dispatcher': CMAKE_PREFIX_PATH=${CMAKE_PREFIX_PATH}:/opt/ros/humble /usr/bin/cmake --install /home/zhangqi/ros2/ros2_pkgs/build/sys_dispatcher
[53.267s] -- Install configuration: ""
[53.268s] -- Installing: /home/zhangqi/ros2/ros2_pkgs/install/sys_dispatcher/lib/sys_dispatcher/sys_dispatcher
[53.279s] -- Set runtime path of "/home/zhangqi/ros2/ros2_pkgs/install/sys_dispatcher/lib/sys_dispatcher/sys_dispatcher" to ""
[53.280s] -- Up-to-date: /home/zhangqi/ros2/ros2_pkgs/install/sys_dispatcher/share/sys_dispatcher//launch
[53.280s] -- Up-to-date: /home/zhangqi/ros2/ros2_pkgs/install/sys_dispatcher/share/sys_dispatcher//launch/sys_dispatcher_launch.py
[53.281s] -- Up-to-date: /home/zhangqi/ros2/ros2_pkgs/install/sys_dispatcher/share/sys_dispatcher//launch/.sys_dispatcher_launch.py.swp
[53.281s] -- Up-to-date: /home/zhangqi/ros2/ros2_pkgs/install/sys_dispatcher/share/sys_dispatcher//params
[53.282s] -- Up-to-date: /home/zhangqi/ros2/ros2_pkgs/install/sys_dispatcher/share/sys_dispatcher//params/nav2_params.yaml
[53.282s] -- Up-to-date: /home/zhangqi/ros2/ros2_pkgs/install/sys_dispatcher/share/sys_dispatcher//params/robot_localization_ekf.yaml
[53.283s] -- Installing: /home/zhangqi/ros2/ros2_pkgs/install/sys_dispatcher/share/ament_index/resource_index/package_run_dependencies/sys_dispatcher
[53.283s] -- Installing: /home/zhangqi/ros2/ros2_pkgs/install/sys_dispatcher/share/ament_index/resource_index/parent_prefix_path/sys_dispatcher
[53.285s] -- Up-to-date: /home/zhangqi/ros2/ros2_pkgs/install/sys_dispatcher/share/sys_dispatcher/environment/ament_prefix_path.sh
[53.285s] -- Installing: /home/zhangqi/ros2/ros2_pkgs/install/sys_dispatcher/share/sys_dispatcher/environment/ament_prefix_path.dsv
[53.287s] -- Up-to-date: /home/zhangqi/ros2/ros2_pkgs/install/sys_dispatcher/share/sys_dispatcher/environment/path.sh
[53.287s] -- Installing: /home/zhangqi/ros2/ros2_pkgs/install/sys_dispatcher/share/sys_dispatcher/environment/path.dsv
[53.288s] -- Installing: /home/zhangqi/ros2/ros2_pkgs/install/sys_dispatcher/share/sys_dispatcher/local_setup.bash
[53.290s] -- Installing: /home/zhangqi/ros2/ros2_pkgs/install/sys_dispatcher/share/sys_dispatcher/local_setup.sh
[53.291s] -- Installing: /home/zhangqi/ros2/ros2_pkgs/install/sys_dispatcher/share/sys_dispatcher/local_setup.zsh
[53.293s] -- Installing: /home/zhangqi/ros2/ros2_pkgs/install/sys_dispatcher/share/sys_dispatcher/local_setup.dsv
[53.294s] -- Installing: /home/zhangqi/ros2/ros2_pkgs/install/sys_dispatcher/share/sys_dispatcher/package.dsv
[53.296s] -- Installing: /home/zhangqi/ros2/ros2_pkgs/install/sys_dispatcher/share/ament_index/resource_index/packages/sys_dispatcher
[53.297s] -- Installing: /home/zhangqi/ros2/ros2_pkgs/install/sys_dispatcher/share/sys_dispatcher/cmake/sys_dispatcherConfig.cmake
[53.299s] -- Installing: /home/zhangqi/ros2/ros2_pkgs/install/sys_dispatcher/share/sys_dispatcher/cmake/sys_dispatcherConfig-version.cmake
[53.300s] -- Up-to-date: /home/zhangqi/ros2/ros2_pkgs/install/sys_dispatcher/share/sys_dispatcher/package.xml
[53.314s] Invoked command in '/home/zhangqi/ros2/ros2_pkgs/build/sys_dispatcher' returned '0': CMAKE_PREFIX_PATH=${CMAKE_PREFIX_PATH}:/opt/ros/humble /usr/bin/cmake --install /home/zhangqi/ros2/ros2_pkgs/build/sys_dispatcher
