gmake: Warning: File 'Makefile' has modification time 4240529 s in the future
gmake[1]: Warning: File 'CMakeFiles/Makefile2' has modification time 4240529 s in the future
gmake[2]: Warning: File 'CMakeFiles/bau_ctrl.dir/flags.make' has modification time 1088 s in the future
[35m[1mConsolidate compiler generated dependencies of target bau_ctrl[0m
gmake[2]: warning:  Clock skew detected.  Your build may be incomplete.
gmake[2]: Warning: File 'CMakeFiles/bau_ctrl.dir/flags.make' has modification time 1088 s in the future
gmake[2]: warning:  Clock skew detected.  Your build may be incomplete.
[100%] Built target bau_ctrl
gmake[1]: warning:  Clock skew detected.  Your build may be incomplete.
gmake: warning:  Clock skew detected.  Your build may be incomplete.
-- Install configuration: ""
-- Up-to-date: /home/zhangqi/ros2/ros2_pkgs/install/bau_ctrl/lib/bau_ctrl/bau_ctrl
-- Up-to-date: /home/zhangqi/ros2/ros2_pkgs/install/bau_ctrl/share/bau_ctrl//launch
-- Up-to-date: /home/zhangqi/ros2/ros2_pkgs/install/bau_ctrl/share/bau_ctrl//launch/bau_ctrl_launch.py
-- Up-to-date: /home/zhangqi/ros2/ros2_pkgs/install/bau_ctrl/share/ament_index/resource_index/package_run_dependencies/bau_ctrl
-- Up-to-date: /home/zhangqi/ros2/ros2_pkgs/install/bau_ctrl/share/ament_index/resource_index/parent_prefix_path/bau_ctrl
-- Up-to-date: /home/zhangqi/ros2/ros2_pkgs/install/bau_ctrl/share/bau_ctrl/environment/ament_prefix_path.sh
-- Up-to-date: /home/zhangqi/ros2/ros2_pkgs/install/bau_ctrl/share/bau_ctrl/environment/ament_prefix_path.dsv
-- Up-to-date: /home/zhangqi/ros2/ros2_pkgs/install/bau_ctrl/share/bau_ctrl/environment/path.sh
-- Up-to-date: /home/zhangqi/ros2/ros2_pkgs/install/bau_ctrl/share/bau_ctrl/environment/path.dsv
-- Up-to-date: /home/zhangqi/ros2/ros2_pkgs/install/bau_ctrl/share/bau_ctrl/local_setup.bash
-- Up-to-date: /home/zhangqi/ros2/ros2_pkgs/install/bau_ctrl/share/bau_ctrl/local_setup.sh
-- Up-to-date: /home/zhangqi/ros2/ros2_pkgs/install/bau_ctrl/share/bau_ctrl/local_setup.zsh
-- Up-to-date: /home/zhangqi/ros2/ros2_pkgs/install/bau_ctrl/share/bau_ctrl/local_setup.dsv
-- Installing: /home/zhangqi/ros2/ros2_pkgs/install/bau_ctrl/share/bau_ctrl/package.dsv
-- Up-to-date: /home/zhangqi/ros2/ros2_pkgs/install/bau_ctrl/share/ament_index/resource_index/packages/bau_ctrl
-- Up-to-date: /home/zhangqi/ros2/ros2_pkgs/install/bau_ctrl/share/bau_ctrl/cmake/bau_ctrlConfig.cmake
-- Up-to-date: /home/zhangqi/ros2/ros2_pkgs/install/bau_ctrl/share/bau_ctrl/cmake/bau_ctrlConfig-version.cmake
-- Up-to-date: /home/zhangqi/ros2/ros2_pkgs/install/bau_ctrl/share/bau_ctrl/package.xml
